ds factor = 4, patch size = 256
Found 1 groups:
  - 2019_L
Found 1 groups:
  - 2019_L
get metrics
HR
Get mask
Saved to patch_outputs/bone_mask_slices.png
BVF: 0.008385717868804932
TH_mean: 0.09010351908638374
SP_mean: nan
Trab number: 0.0930675955149477
LR
Get mask
Saved to patch_outputs/bone_mask_slices.png
BVF: 0.0011647939682006836
TH_mean: 0.8217209888939996
SP_mean: nan
Trab number: 0.0014175054354744487
SR
Get mask
Saved to patch_outputs/bone_mask_slices.png
BVF: 0.048510968685150146
TH_mean: 0.06008302017503207
SP_mean: 0.7281176909446466
Trab number: 0.807398971353794
add metrics
patches evaluated 1
patches evaluated 1
patches evaluated 1
patches evaluated 1
patches evaluated 1
patches evaluated 1
patches evaluated 1
patches evaluated 1
patches evaluated 1
patches evaluated 1
get metrics
HR
Get mask
Saved to patch_outputs/bone_mask_slices.png
BVF: 0.013377189636230469
TH_mean: 0.14369038868567918
SP_mean: 2.5584062711835767
Trab number: 0.09309731679752703
LR
Get mask
Saved to patch_outputs/bone_mask_slices.png
BVF: 0.003557920455932617
TH_mean: 1.2071801703218725
SP_mean: nan
Trab number: 0.002947298624847327
SR
Get mask
Saved to patch_outputs/bone_mask_slices.png
BVF: 0.05141419172286987
TH_mean: 0.07781256212877445
SP_mean: 0.9574143395158718
Trab number: 0.6607441050171682
add metrics
patches evaluated 2
patches evaluated 2
patches evaluated 2
patches evaluated 2
patches evaluated 2
patches evaluated 2
patches evaluated 2
patches evaluated 2
patches evaluated 2
patches evaluated 2
get metrics
HR
Get mask
Saved to patch_outputs/bone_mask_slices.png
BVF: 0.13051223754882812
TH_mean: 0.47897841947202563
SP_mean: 1.7343319223256284
Trab number: 0.27248041298539255
LR
Get mask
Saved to patch_outputs/bone_mask_slices.png
BVF: 0.10506141185760498
TH_mean: 2.7050686856070683
SP_mean: 11.893233272898154
Trab number: 0.03883872243858652
SR
Get mask
Saved to patch_outputs/bone_mask_slices.png
BVF: 0.18472599983215332
TH_mean: 0.37564653135536263
SP_mean: 0.6477279990316426
Trab number: 0.49175483975759654
add metrics
patches evaluated 3
patches evaluated 3
patches evaluated 3
patches evaluated 3
patches evaluated 3
patches evaluated 3
patches evaluated 3
patches evaluated 3
patches evaluated 3
patches evaluated 3
get metrics
HR
Get mask
Saved to patch_outputs/bone_mask_slices.png
BVF: 0.13390159606933594
TH_mean: 0.5321018547681552
SP_mean: 3.2278397344233776
Trab number: 0.2516465501284127
LR
Get mask
Saved to patch_outputs/bone_mask_slices.png
BVF: 0.12123006582260132
TH_mean: 2.6658536535455823
SP_mean: 28.109194215079803
Trab number: 0.04547513914027706
SR
Get mask
Saved to patch_outputs/bone_mask_slices.png
BVF: 0.1928531527519226
TH_mean: 0.43081186862390314
SP_mean: 0.7369728325318385
Trab number: 0.4476505101122981
add metrics
patches evaluated 4
patches evaluated 4
patches evaluated 4
patches evaluated 4
patches evaluated 4
patches evaluated 4
patches evaluated 4
patches evaluated 4
patches evaluated 4
patches evaluated 4
get metrics
HR
Get mask
Saved to patch_outputs/bone_mask_slices.png
BVF: 0.03683823347091675
TH_mean: 0.10393261627890947
SP_mean: 1.289669196250983
Trab number: 0.3544434345043246
LR
Get mask
Saved to patch_outputs/bone_mask_slices.png
BVF: 0.005243480205535889
TH_mean: 0.5930459730700801
SP_mean: nan
Trab number: 0.008841608313081435
SR
Get mask
Saved to patch_outputs/bone_mask_slices.png
BVF: 0.06482511758804321
TH_mean: 0.08584872971694339
SP_mean: 0.8848986275984575
Trab number: 0.7551086405329666
add metrics
patches evaluated 5
patches evaluated 5
patches evaluated 5
patches evaluated 5
patches evaluated 5
patches evaluated 5
patches evaluated 5
patches evaluated 5
patches evaluated 5
patches evaluated 5
get metrics
HR
Get mask
Saved to patch_outputs/bone_mask_slices.png
BVF: 0.056672632694244385
TH_mean: 0.132464494081995
SP_mean: 1.1892531616568394
Trab number: 0.42783262856206766
LR
Get mask
Saved to patch_outputs/bone_mask_slices.png
BVF: 0.017606794834136963
TH_mean: 0.7971808607597771
SP_mean: 12.987170481080929
Trab number: 0.022086324071248123
SR
Get mask
Saved to patch_outputs/bone_mask_slices.png
BVF: 0.11902683973312378
TH_mean: 0.11137759301656736
SP_mean: 0.6781629338219297
Trab number: 1.0686785062361566
add metrics
patches evaluated 6
patches evaluated 6
patches evaluated 6
patches evaluated 6
patches evaluated 6
patches evaluated 6
patches evaluated 6
patches evaluated 6
patches evaluated 6
patches evaluated 6
get metrics
HR
Get mask
Saved to patch_outputs/bone_mask_slices.png
BVF: 0.07245415449142456
TH_mean: 0.12788433519813383
SP_mean: 1.1350666806395058
Trab number: 0.5665600433326713
LR
Get mask
Saved to patch_outputs/bone_mask_slices.png
BVF: 0.022531092166900635
TH_mean: 0.6949619940433936
SP_mean: 9.83942008763178
Trab number: 0.03242061056578266
SR
Get mask
Saved to patch_outputs/bone_mask_slices.png
BVF: 0.12758785486221313
TH_mean: 0.11967514690228896
SP_mean: 0.635511299561598
Trab number: 1.0661182222436263
add metrics
patches evaluated 7
patches evaluated 7
patches evaluated 7
patches evaluated 7
patches evaluated 7
patches evaluated 7
patches evaluated 7
patches evaluated 7
patches evaluated 7
patches evaluated 7
get metrics
HR
Get mask
Saved to patch_outputs/bone_mask_slices.png
BVF: 0.09920978546142578
TH_mean: 0.1623381834489601
SP_mean: 1.0772121730705335
Trab number: 0.6111303166862023
LR
Get mask
Saved to patch_outputs/bone_mask_slices.png
BVF: 0.05105966329574585
TH_mean: 0.8961664457220987
SP_mean: 10.563184697306758
Trab number: 0.056975647257808015
SR
Get mask
Saved to patch_outputs/bone_mask_slices.png
BVF: 0.16993427276611328
TH_mean: 0.14422566842978235
SP_mean: 0.5049030800353397
Trab number: 1.1782526274013936
add metrics
patches evaluated 8
patches evaluated 8
patches evaluated 8
patches evaluated 8
patches evaluated 8
patches evaluated 8
patches evaluated 8
patches evaluated 8
patches evaluated 8
patches evaluated 8
get metrics
HR
Get mask
Saved to patch_outputs/bone_mask_slices.png
BVF: 0.01241368055343628
TH_mean: 0.08067718060807769
SP_mean: 2.037344594971684
Trab number: 0.15386854696547708
LR
Get mask
Saved to patch_outputs/bone_mask_slices.png
BVF: 0.00036412477493286133
TH_mean: 0.5733202711362717
SP_mean: nan
Trab number: 0.0006351158214085073
SR
Get mask
Saved to patch_outputs/bone_mask_slices.png
BVF: 0.05584371089935303
TH_mean: 0.06871445756745616
SP_mean: 0.9643178073084891
Trab number: 0.8126923048840475
add metrics
patches evaluated 9
patches evaluated 9
patches evaluated 9
patches evaluated 9
patches evaluated 9
patches evaluated 9
patches evaluated 9
patches evaluated 9
patches evaluated 9
patches evaluated 9
get metrics
HR
Get mask
Saved to patch_outputs/bone_mask_slices.png
BVF: 0.014052331447601318
TH_mean: 0.09667840587416074
SP_mean: 3.8773441749990334
Trab number: 0.14535129453719187
LR
Get mask
Saved to patch_outputs/bone_mask_slices.png
BVF: 0.0014380216598510742
TH_mean: 0.6825027481039667
SP_mean: nan
Trab number: 0.0021069829591836577
SR
Get mask
Saved to patch_outputs/bone_mask_slices.png
BVF: 0.0386204719543457
TH_mean: 0.06162416485845964
SP_mean: 1.098114414559059
Trab number: 0.6267098636233115
add metrics
patches evaluated 10
patches evaluated 10
patches evaluated 10
patches evaluated 10
patches evaluated 10
patches evaluated 10
patches evaluated 10
patches evaluated 10
patches evaluated 10
patches evaluated 10
get metrics
HR
Get mask
Saved to patch_outputs/bone_mask_slices.png
BVF: 0.23147696256637573
TH_mean: 0.21156075618836115
SP_mean: 0.7158245759510522
Trab number: 1.0941394176161972
LR
Get mask
Saved to patch_outputs/bone_mask_slices.png
BVF: 0.17614144086837769
TH_mean: 1.0638116449784305
SP_mean: 3.846308609969916
Trab number: 0.1655757780992791
SR
Get mask
Saved to patch_outputs/bone_mask_slices.png
BVF: 0.33253294229507446
TH_mean: 0.2161556135822985
SP_mean: 0.3946568691735026
Trab number: 1.5383960508083994
add metrics
patches evaluated 11
patches evaluated 11
patches evaluated 11
patches evaluated 11
patches evaluated 11
patches evaluated 11
patches evaluated 11
patches evaluated 11
patches evaluated 11
patches evaluated 11
get metrics
HR
Get mask
Saved to patch_outputs/bone_mask_slices.png
BVF: 0.0017420053482055664
TH_mean: 0.089312383666134
SP_mean: nan
Trab number: 0.019504633923079474
LR
Get mask
Saved to patch_outputs/bone_mask_slices.png
BVF: 0.00010508298873901367
TH_mean: 0.7249556603123584
SP_mean: nan
Trab number: 0.0001449509183689069
SR
Get mask
Saved to patch_outputs/bone_mask_slices.png
BVF: 0.04969155788421631
TH_mean: 0.06778660926599576
SP_mean: 1.988649986819639
Trab number: 0.7330586147070113
add metrics
patches evaluated 12
patches evaluated 12
patches evaluated 12
patches evaluated 12
patches evaluated 12
patches evaluated 12
patches evaluated 12
patches evaluated 12
patches evaluated 12
patches evaluated 12
get metrics
HR
Get mask
Saved to patch_outputs/bone_mask_slices.png
BVF: 0.09360688924789429
TH_mean: 0.127850005193398
SP_mean: 0.9485339696653727
Trab number: 0.7321617946459654
LR
Get mask
Saved to patch_outputs/bone_mask_slices.png
BVF: 0.029219746589660645
TH_mean: 0.7303310217895165
SP_mean: 8.709020592804585
Trab number: 0.04000890790324645
SR
Get mask
Saved to patch_outputs/bone_mask_slices.png
BVF: 0.15147554874420166
TH_mean: 0.12180012713304807
SP_mean: 0.582345293089394
Trab number: 1.2436403172119659
add metrics
patches evaluated 13
patches evaluated 13
patches evaluated 13
patches evaluated 13
Total patches included: 13

All values for metric: bone_volume_fraction
HR: [0.00838572 0.01337719 0.13051224 0.1339016  0.03683823 0.05667263
 0.07245415 0.09920979 0.01241368 0.01405233 0.23147696 0.00174201
 0.09360689]
LR: [1.16479397e-03 3.55792046e-03 1.05061412e-01 1.21230066e-01
 5.24348021e-03 1.76067948e-02 2.25310922e-02 5.10596633e-02 
 3.64124775e-04 1.43802166e-03 1.76141441e-01 1.05082989e-04
 2.92197466e-02]
SR: [0.04851097 0.05141419 0.184726   0.19285315 0.06482512 0.11902684
 0.12758785 0.16993427 0.05584371 0.03862047 0.33253294 0.04969156
 0.15147555]
Diff LR-HR: [-0.00722092 -0.00981927 -0.02545083 -0.01267153 -0.03159475 -0.03906584
 -0.04992306 -0.04815012 -0.01204956 -0.01261431 -0.05533552 -0.00163692
 -0.06438714]
Diff SR-HR: [0.04012525 0.038037   0.05421376 0.05895156 0.02798688 0.06235421
 0.0551337  0.07072449 0.04343003 0.02456814 0.10105598 0.04794955
 0.05786866]
[bone_volume_fraction]
  LR - HR: mean_diff = -0.0285, std_diff = 0.0210, MAE = 0.0285
  SR - HR: mean_diff = 0.0525, std_diff = 0.0198, MAE = 0.0525

All values for metric: trabecular_thickness_mean
HR: [0.09010352 0.14369039 0.47897842 0.53210185 0.10393262 0.13246449
 0.12788434 0.16233818 0.08067718 0.09667841 0.21156076 0.08931238
 0.12785001]
LR: [0.82172099 1.20718017 2.70506869 2.66585365 0.59304597 0.79718086
 0.69496199 0.89616645 0.57332027 0.68250275 1.06381164 0.72495566
 0.73033102]
SR: [0.06008302 0.07781256 0.37564653 0.43081187 0.08584873 0.11137759
 0.11967515 0.14422567 0.06871446 0.06162416 0.21615561 0.06778661
 0.12180013]
Diff LR-HR: [0.73161747 1.06348978 2.22609027 2.1337518  0.48911336 0.66471637
 0.56707766 0.73382826 0.49264309 0.58582434 0.85225089 0.63564328
 0.60248102]
Diff SR-HR: [-0.0300205  -0.06587783 -0.10333189 -0.10128999 -0.01808389 -0.0210869
 -0.00820919 -0.01811252 -0.01196272 -0.03505424  0.00459486 -0.02152577
 -0.00604988]
[trabecular_thickness_mean]
  LR - HR: mean_diff = 0.9060, std_diff = 0.5862, MAE = 0.9060
  SR - HR: mean_diff = -0.0335, std_diff = 0.0349, MAE = 0.0342

All values for metric: trabecular_thickness_std
HR: [0.05950306 0.1157973  0.31681517 0.25171455 0.04660608 0.07080413
 0.05514222 0.07404358 0.03698314 0.04626309 0.07868366 0.04254381
 0.05717361]
LR: [0.41230962 0.50483484 1.33252858 1.02263815 0.22930751 0.38870886
 0.26039554 0.35200195 0.19038361 0.26555175 0.36063535 0.2352153
 0.31369175]
SR: [0.04193379 0.07696741 0.31787168 0.30455117 0.04968186 0.06901356
 0.06178416 0.08732866 0.03850309 0.04223589 0.09165904 0.03858905
 0.06268748]
Diff LR-HR: [0.35280656 0.38903754 1.01571342 0.77092359 0.18270143 0.31790473
 0.20525332 0.27795837 0.15340047 0.21928866 0.28195169 0.1926715
 0.25651814]
Diff SR-HR: [-0.01756927 -0.03882989  0.00105652  0.05283661  0.00307578 -0.00179057
  0.00664194  0.01328508  0.00151994 -0.0040272   0.01297539 -0.00395475
  0.00551386]
[trabecular_thickness_std]
  LR - HR: mean_diff = 0.3551, std_diff = 0.2534, MAE = 0.3551
  SR - HR: mean_diff = 0.0024, std_diff = 0.0204, MAE = 0.0125

All values for metric: trabecular_spacing_mean
HR: [       nan 2.55840627 1.73433192 3.22783973 1.2896692  1.18925316
 1.13506668 1.07721217 2.03734459 3.87734417 0.71582458        nan
 0.94853397]
LR: [        nan         nan 11.89323327 28.10919422         nan 12.98717048
  9.83942009 10.5631847          nan         nan  3.84630861         nan
  8.70902059]
SR: [0.72811769 0.95741434 0.647728   0.73697283 0.88489863 0.67816293
 0.6355113  0.50490308 0.96431781 1.09811441 0.39465687 1.98864999
 0.58234529]
Diff LR-HR: [        nan         nan 10.15890135 24.88135448         nan 11.79791732
  8.70435341  9.48597252         nan         nan  3.13048403         nan
  7.76048662]
Diff SR-HR: [        nan -1.60099193 -1.08660392 -2.4908669  -0.40477057 -0.51109023
 -0.49955538 -0.57230909 -1.07302679 -2.77922976 -0.32116771         nan
 -0.36618868]
[trabecular_spacing_mean]
  LR - HR: mean_diff = 10.8456, std_diff = 6.7559, MAE = 10.8456
  SR - HR: mean_diff = -1.0642, std_diff = 0.8721, MAE = 1.0642

All values for metric: trabecular_spacing_std
HR: [       nan 0.90354179 0.82565996 1.62360849 0.34888224 0.43034152
 0.46366215 0.42223177 0.56924984 1.87622106 0.23212225        nan
 0.39568632]
LR: [        nan         nan  5.39348244 15.87145964         nan  6.16622927
  3.98727831  7.83655926         nan         nan  1.60540809         nan
  4.90074779]
SR: [0.27359134 0.45891386 0.28138732 0.3907122  0.30028739 0.39827967
 0.30584094 0.24567391 0.43226076 0.46167421 0.1749534  1.92598149
 0.28017286]
Diff LR-HR: [        nan         nan  4.56782248 14.24785114         nan  5.73588775
  3.52361616  7.41432748         nan         nan  1.37328584         nan
  4.50506147]
Diff SR-HR: [        nan -0.44462794 -0.54427265 -1.23289629 -0.04859485 -0.03206185
 -0.1578212  -0.17655787 -0.13698908 -1.41454685 -0.05716885         nan
 -0.11551346]
[trabecular_spacing_std]
  LR - HR: mean_diff = 5.9097, std_diff = 4.1204, MAE = 5.9097
  SR - HR: mean_diff = -0.3965, std_diff = 0.4879, MAE = 0.3965

All values for metric: trabecular_number
HR: [0.0930676  0.09309732 0.27248041 0.25164655 0.35444343 0.42783263
 0.56656004 0.61113032 0.15386855 0.14535129 1.09413942 0.01950463
 0.73216179]
LR: [1.41750544e-03 2.94729862e-03 3.88387224e-02 4.54751391e-02
 8.84160831e-03 2.20863241e-02 3.24206106e-02 5.69756473e-02
 6.35115821e-04 2.10698296e-03 1.65575778e-01 1.44950918e-04
 4.00089079e-02]
SR: [0.80739897 0.66074411 0.49175484 0.44765051 0.75510864 1.06867851
 1.06611822 1.17825263 0.8126923  0.62670986 1.53839605 0.73305861
 1.24364032]
Diff LR-HR: [-0.09165009 -0.09015002 -0.23364169 -0.20617141 -0.34560183 -0.4057463
 -0.53413943 -0.55415467 -0.15323343 -0.14324431 -0.92856364 -0.01935968
 -0.69215289]
Diff SR-HR: [0.71433138 0.56764679 0.21927443 0.19600396 0.40066521 0.64084588
 0.49955818 0.56712231 0.65882376 0.48135857 0.44425663 0.71355398
 0.51147852]
[trabecular_number]
  LR - HR: mean_diff = -0.3383, std_diff = 0.2720, MAE = 0.3383
  SR - HR: mean_diff = 0.5088, std_diff = 0.1657, MAE = 0.5088
