ds factor = 4, patch size = 256
Found 1 groups:
  - 2019_L
Found 1 groups:
  - 2019_L
Starting loop
Get batch
Have patches
3D volume
get metrics
add metrics
patches evaluated 1
Get batch
Have patches
3D volume
get metrics
add metrics
patches evaluated 2
Get batch
Have patches
3D volume
get metrics
add metrics
patches evaluated 3
Get batch
Have patches
3D volume
get metrics
add metrics
patches evaluated 4
Get batch
Have patches
3D volume
get metrics
add metrics
patches evaluated 5
Get batch
Have patches
3D volume
get metrics
add metrics
patches evaluated 6
Get batch
Have patches
3D volume
get metrics
add metrics
patches evaluated 7
Get batch
Have patches
3D volume
get metrics
add metrics
patches evaluated 8
Get batch
Have patches
3D volume
get metrics
add metrics
patches evaluated 9
Get batch
Have patches
3D volume
get metrics
add metrics
patches evaluated 10
Get batch
Have patches
3D volume
get metrics
