Found 4 groups:
  - 1955_L
  - 1956_L
  - 1996_R
  - 2005_L
Found 1 groups:
  - 2007_L
Found 1 groups:
  - 2019_L
Input shape: torch.Size([1, 1, 256, 256])
Output shape: torch.Size([1, 1, 256, 256])
Starting Epoch 0...
Starting Epoch 1...
Starting Epoch 2...
Starting Epoch 3...
Starting Epoch 4...
Starting Epoch 5...
Starting Epoch 6...
Starting Epoch 7...
Starting Epoch 8...
Starting Epoch 9...
Starting Epoch 10...
Starting Epoch 11...
Starting Epoch 12...
Starting Epoch 13...
Starting Epoch 14...
Starting Epoch 15...
Starting Epoch 16...
Starting Epoch 17...
Starting Epoch 18...
Starting Epoch 19...
Starting Epoch 20...
Starting Epoch 21...
Starting Epoch 22...
Starting Epoch 23...
Starting Epoch 24...
Starting Epoch 25...
Starting Epoch 26...
Starting Epoch 27...
Starting Epoch 28...
Starting Epoch 29...
Starting Epoch 30...
Starting Epoch 31...
Starting Epoch 32...
Starting Epoch 33...
Starting Epoch 34...
Starting Epoch 35...
Starting Epoch 36...
Starting Epoch 37...
Starting Epoch 38...
Starting Epoch 39...
Starting Epoch 40...
Starting Epoch 41...
Starting Epoch 42...
Starting Epoch 43...
Starting Epoch 44...
Starting Epoch 45...
Starting Epoch 46...
Starting Epoch 47...
Starting Epoch 48...
Starting Epoch 49...
Starting Epoch 50...
Starting Epoch 51...
Starting Epoch 52...
Starting Epoch 53...
Starting Epoch 54...
Starting Epoch 55...
Starting Epoch 56...
Starting Epoch 57...
Starting Epoch 58...
Starting Epoch 59...
Starting Epoch 60...
Starting Epoch 61...
Starting Epoch 62...
Starting Epoch 63...
Starting Epoch 64...
Starting Epoch 65...
Starting Epoch 66...
Starting Epoch 67...
Starting Epoch 68...
Starting Epoch 69...
Starting Epoch 70...
