Original volume shape: (5670, 4608, 4608), chunks: (128, 512, 512)
Found 1 groups:
  - 2019_L
Starting inference over full volume...
10 patches processed
Total voxels written: 163840 / 120394874880 (0.00%)
20 patches processed
Total voxels written: 327680 / 120394874880 (0.00%)
30 patches processed
Total voxels written: 491520 / 120394874880 (0.00%)
40 patches processed
Total voxels written: 655360 / 120394874880 (0.00%)
50 patches processed
Total voxels written: 819200 / 120394874880 (0.00%)
60 patches processed
Total voxels written: 983040 / 120394874880 (0.00%)
70 patches processed
Total voxels written: 1146880 / 120394874880 (0.00%)
80 patches processed
Total voxels written: 1310720 / 120394874880 (0.00%)
90 patches processed
Total voxels written: 1474560 / 120394874880 (0.00%)
100 patches processed
Total voxels written: 1638400 / 120394874880 (0.00%)
110 patches processed
Total voxels written: 1802240 / 120394874880 (0.00%)
120 patches processed
Total voxels written: 1966080 / 120394874880 (0.00%)
130 patches processed
Total voxels written: 2129920 / 120394874880 (0.00%)
140 patches processed
Total voxels written: 2293760 / 120394874880 (0.00%)
150 patches processed
Total voxels written: 2457600 / 120394874880 (0.00%)
160 patches processed
Total voxels written: 2621440 / 120394874880 (0.00%)
170 patches processed
Total voxels written: 2785280 / 120394874880 (0.00%)
180 patches processed
Total voxels written: 2949120 / 120394874880 (0.00%)
190 patches processed
Total voxels written: 3112960 / 120394874880 (0.00%)
200 patches processed
Total voxels written: 3276800 / 120394874880 (0.00%)
210 patches processed
Total voxels written: 3440640 / 120394874880 (0.00%)
220 patches processed
Total voxels written: 3604480 / 120394874880 (0.00%)
230 patches processed
Total voxels written: 3768320 / 120394874880 (0.00%)
240 patches processed
Total voxels written: 3932160 / 120394874880 (0.00%)
250 patches processed
Total voxels written: 4096000 / 120394874880 (0.00%)
260 patches processed
Total voxels written: 4259840 / 120394874880 (0.00%)
270 patches processed
Total voxels written: 4423680 / 120394874880 (0.00%)
280 patches processed
Total voxels written: 4587520 / 120394874880 (0.00%)
290 patches processed
Total voxels written: 4751360 / 120394874880 (0.00%)
300 patches processed
Total voxels written: 4915200 / 120394874880 (0.00%)
310 patches processed
Total voxels written: 5079040 / 120394874880 (0.00%)
