Found 1 groups:
  - 2019_L
Found 1 groups:
  - 2019_L
Total patches attempted: 132
Total patches included: 84
Excluded (empty or mostly air): 48
Excluded (metric computation failed): 0
Saved per-patch metrics to: stat_outputs/trabecular_metrics_ds6.csv

All values for metric: bone_volume_fraction
HR: [0.00838572 0.00033051 0.02025521 0.00263375 0.00066406 0.02327651
 0.05677426 0.01329267 0.00848597 0.03028578 0.01666129 0.11112636
 0.03004497 0.04051495 0.01938981 0.03331465 0.01337719 0.1560964
 0.0373019  0.05195415 0.04638857 0.01695156 0.02683449 0.03732908
 0.13051224 0.07721341 0.0587303  0.0201388  0.05830079 0.03423965
 0.0171051  0.01624072 0.03930175 0.1339016  0.07443202 0.03068829
 0.02532053 0.02707994 0.04099256 0.0203985  0.02149129 0.02018738
 0.03738219 0.03683823 0.01497674 0.0632633  0.02685803 0.035667
 0.03339255 0.02360719 0.03192693 0.02467459 0.05667263 0.02666414
 0.0319674  0.04874802 0.17629844 0.04142386 0.01148081 0.03312886
 0.0739302  0.06767559 0.05583638 0.082425   0.05205262 0.01679426
 0.01802826 0.03650212 0.02262551 0.08988935 0.0456661  0.06159204
 0.17714524 0.24964517 0.17037934 0.20114022 0.20579529 0.20420796
 0.10814142 0.09020907 0.09360689 0.23210275 0.13487226 0.12174505]
LR: [0.19909447 0.459867   0.05771703 0.28884506 0.36903077 0.10053968
 0.1647405  0.08387393 0.13271487 0.14371961 0.14144582 0.13615793
 0.12862098 0.13661861 0.13780808 0.15570134 0.15363812 0.17853016
 0.20187306 0.15742916 0.18413717 0.19392979 0.18117499 0.19260591
 0.15136027 0.08968174 0.22054654 0.21200126 0.19670129 0.17428607
 0.2116462  0.20726246 0.20572948 0.16062957 0.13285458 0.16259086
 0.22058868 0.24154097 0.21129757 0.16081768 0.22425342 0.1860497
 0.21505696 0.23585868 0.14925838 0.06901348 0.158966   0.25463921
 0.2099818  0.19972062 0.22684324 0.20265871 0.23064107 0.20297348
 0.21311271 0.26554757 0.28936487 0.14795303 0.17228967 0.16960275
 0.27426147 0.25500578 0.29737937 0.22159499 0.20494306 0.17150688
 0.18895656 0.22255599 0.21922338 0.27042419 0.20651907 0.20772743
 0.32778871 0.38262689 0.34647191 0.36866856 0.36016595 0.35259515
 0.30241328 0.28173721 0.30074179 0.39285809 0.30939263 0.32005268]
SR: [0.0075472  0.00033706 0.02090275 0.00301355 0.00106436 0.02511394
 0.06203252 0.01525879 0.01003319 0.03356063 0.01904738 0.11971545
 0.03493828 0.04498303 0.02281982 0.03868455 0.01594752 0.16616887
 0.04657501 0.05814338 0.05111927 0.02131075 0.03058457 0.04472655
 0.14018983 0.08358365 0.07169801 0.02592129 0.06654429 0.03945607
 0.02148068 0.01903856 0.04456753 0.142986   0.08030784 0.03469223
 0.03152698 0.03515935 0.04777944 0.02336812 0.02716017 0.02460027
 0.04347908 0.04494011 0.01673418 0.06892049 0.03017461 0.04339844
 0.03908408 0.02760768 0.03933179 0.03160459 0.06364703 0.03331983
 0.03921932 0.05734289 0.19623291 0.04850119 0.01329488 0.03742224
 0.08591443 0.0751605  0.06625682 0.09355742 0.06187147 0.02294254
 0.02291477 0.04296398 0.02975512 0.10600674 0.05363864 0.07397419
 0.19888288 0.27421665 0.18746465 0.22047514 0.23236531 0.22746837
 0.12467688 0.10118192 0.10535097 0.26009303 0.15513498 0.13701916]

All values for metric: trabecular_thickness_mean
HR: [0.09010352 0.05419844 0.1662891  0.08573051 0.06677687 0.17052154
 0.17669951 0.13180258 0.14770942 0.13328421 0.10378688 0.42290727
 0.19543191 0.15522769 0.1325429  0.13103472 0.14369039 0.51527794
 0.14210734 0.16910076 0.13036587 0.09802955 0.11149314 0.12970738
 0.47897842 0.46298071 0.14645863 0.10034285 0.14758305 0.10800503
 0.08967    0.08925387 0.11431444 0.53210185 0.26276263 0.12073566
 0.09256499 0.09504346 0.12032677 0.09822902 0.09213006 0.1079207
 0.1163503  0.10393262 0.09893675 0.77198085 0.11122543 0.10013445
 0.10350064 0.08998847 0.1018978  0.09633475 0.13246449 0.10291768
 0.10578006 0.11112631 0.21610922 0.13997685 0.0844922  0.11283803
 0.12309135 0.12735131 0.10244387 0.149021   0.12741114 0.09059916
 0.0896679  0.10952165 0.09811204 0.13658661 0.12022908 0.13837821
 0.17775103 0.20909986 0.16443459 0.17916689 0.1882359  0.19104517
 0.13725483 0.131745   0.12785001 0.18842442 0.16396459 0.14184814]
LR: [0.3344792  0.31745392 0.41532093 0.30102346 0.29871577 0.38007866
 0.42214503 0.34616466 0.3225317  0.37038836 0.34655213 0.87773
 0.38392187 0.37078605 0.33953252 0.35271927 0.34098023 0.97009257
 0.36852902 0.37211981 0.35206512 0.33354877 0.34489007 0.35884493
 0.80105287 0.88749315 0.38184409 0.33917379 0.3640148  0.33925352
 0.3292747  0.33023172 0.3297623  0.86780164 0.49328948 0.34147912
 0.34786871 0.33970586 0.34917104 0.33366175 0.32618074 0.33405222
 0.33727172 0.34214822 0.32546213 1.10997334 0.33779237 0.34479001
 0.33871012 0.33275592 0.33762568 0.33541071 0.36212206 0.33509114
 0.34787741 0.35686418 0.42759732 0.35661682 0.32873847 0.33561133
 0.38409736 0.36481139 0.3548021  0.37592512 0.35195538 0.33376572
 0.33242858 0.34487532 0.35221131 0.36354495 0.35035767 0.38057595
 0.39648253 0.4191785  0.38409417 0.4010815  0.39843149 0.42076226
 0.36722293 0.3839699  0.37111557 0.37885543 0.37992568 0.36460051]
SR: [0.098468   0.06628023 0.17275256 0.09005749 0.07120822 0.15521188
 0.17939321 0.13175077 0.14631502 0.1305756  0.10836731 0.50900672
 0.19414182 0.15525094 0.13491288 0.13193449 0.1433217  0.59576218
 0.14191866 0.1683563  0.1286217  0.09969508 0.11237817 0.12908713
 0.52274802 0.56849819 0.14877807 0.10062138 0.1490123  0.11209451
 0.09359131 0.09325218 0.11455399 0.58644031 0.27071792 0.12200223
 0.0942727  0.09489682 0.12224889 0.1039856  0.09418752 0.10940232
 0.11572836 0.1039198  0.102951   0.76713526 0.11312864 0.09940843
 0.1075505  0.09369946 0.10589627 0.09970974 0.13058631 0.10469443
 0.10787856 0.10820573 0.22562575 0.14638261 0.09078524 0.11613437
 0.12771283 0.12844601 0.10435849 0.15449913 0.13107316 0.09609454
 0.09376221 0.11007336 0.09919787 0.14304361 0.12585915 0.14585768
 0.18488211 0.21959657 0.1702849  0.18534067 0.1968058  0.2028587
 0.14414477 0.1369911  0.13419829 0.1956219  0.1680443  0.14566078]

All values for metric: trabecular_thickness_std
HR: [0.05950306 0.02125471 0.08792543 0.03878623 0.02426223 0.11824167
 0.15119285 0.07777458 0.09922965 0.07459033 0.0502847  0.37661414
 0.15099144 0.08778863 0.07931325 0.0714975  0.1157973  0.2980118
 0.10670157 0.10351248 0.07736999 0.04788829 0.05853363 0.08223249
 0.31681517 0.39305219 0.08257    0.05498833 0.08446355 0.04610169
 0.04042726 0.0387213  0.05418422 0.25171455 0.20413089 0.062877
 0.04362622 0.0433216  0.06297315 0.04501105 0.0417595  0.06255337
 0.05686851 0.04660608 0.04568238 0.81501171 0.05012811 0.04509774
 0.04853112 0.03844427 0.04714617 0.04259292 0.07080413 0.04409661
 0.04586045 0.05165274 0.09724647 0.07111447 0.03389202 0.05357728
 0.05382455 0.0675985  0.03734954 0.06471687 0.06357218 0.04108147
 0.0403105  0.05593066 0.04631882 0.05838837 0.05511333 0.05827799
 0.07108696 0.07423702 0.05926514 0.06728578 0.06875686 0.08016387
 0.05753955 0.05698375 0.05717361 0.06229592 0.08686663 0.05489378]
LR: [0.16077077 0.12626354 0.13129332 0.14085402 0.10147182 0.14258992
 0.27326101 0.13404458 0.13111335 0.14479147 0.12268054 0.63880534
 0.1925677  0.16006801 0.11883092 0.11541235 0.14411526 0.45348847
 0.13815779 0.1479037  0.10571116 0.09352339 0.10618336 0.12291316
 0.40186969 0.71204328 0.14325607 0.09795818 0.12810259 0.0892198
 0.08990482 0.09192735 0.09383494 0.30562306 0.29638842 0.11504994
 0.10161794 0.09219608 0.10807977 0.09310896 0.08269976 0.10500828
 0.09615214 0.09055926 0.10714979 0.93393622 0.10276584 0.09348073
 0.09425842 0.08818195 0.08978637 0.0871259  0.13393776 0.10036361
 0.11483377 0.11032637 0.16431301 0.14093116 0.10177309 0.10063775
 0.13960558 0.1262686  0.10494154 0.12023995 0.10654286 0.10907233
 0.09257761 0.11560748 0.12383842 0.10269446 0.10382079 0.1330654
 0.14236367 0.14215778 0.10789327 0.12857688 0.12879881 0.14668309
 0.11708082 0.14674057 0.12380489 0.0935572  0.13461294 0.10517645]
SR: [0.05929811 0.03311798 0.09428783 0.03931781 0.03119361 0.10144626
 0.1508387  0.07777706 0.10026312 0.07241854 0.05394904 0.4936995
 0.15607801 0.08839812 0.08097044 0.07323602 0.11770106 0.35082177
 0.10590193 0.10209604 0.06289539 0.04879714 0.05744558 0.07714468
 0.34987901 0.51205456 0.08762301 0.05454856 0.08510735 0.04791605
 0.0437101  0.04213434 0.05325797 0.27596165 0.21329617 0.06200968
 0.04562208 0.0431813  0.06519457 0.04680261 0.04324294 0.06290064
 0.05649018 0.04672202 0.04507442 0.84049967 0.05085397 0.04499488
 0.05229113 0.04103388 0.04883999 0.04217387 0.0670858  0.04699384
 0.04797048 0.05156337 0.1063636  0.07500511 0.03824715 0.05730665
 0.05775756 0.06412187 0.03997994 0.06706716 0.06208867 0.04303671
 0.04164834 0.05275505 0.04823609 0.06101222 0.05801043 0.0685388
 0.07756224 0.08640947 0.06311704 0.07339965 0.07634119 0.08850399
 0.06217335 0.06084486 0.06200175 0.06721491 0.08950383 0.05717681]

All values for metric: trabecular_spacing_mean
HR: [       nan        nan        nan        nan        nan        nan
 2.5212573         nan        nan        nan        nan 2.19020096
        nan 1.77351409        nan        nan        nan 2.08806193
        nan 1.47965067 1.32454878        nan        nan        nan
 1.73433192 1.6374004  1.46115313        nan 1.29480235        nan
        nan        nan        nan 3.22783973 1.62076985        nan
        nan        nan 1.42407954        nan        nan        nan
        nan        nan        nan 1.63513303        nan        nan
        nan        nan        nan        nan 1.18925316        nan
        nan 1.3582347  0.8511485  1.63020353        nan        nan
 1.08869008 1.04962944 1.17404932 1.17926884 1.38046338        nan
        nan        nan        nan 0.99703751 1.32286766 1.87604488
 0.69976821 0.64079112 0.74871796 0.68553592 0.70159635 0.69761702
 0.82380967 0.9446824  0.94853397 0.62078741 0.81831526 0.79319788]
LR: [0.71683491 0.30856425 4.58319569 0.43963715 0.36342271 2.01975453
 1.76573052 2.07723937 1.03861293 1.17518132 1.31264331 2.96205299
 1.58354573 1.47383108 1.12901126 1.1512744  1.01673001 3.78839343
 1.16367975 1.25038736 1.06976761 0.91500448 1.0102624  1.13119314
 2.33994537 2.27829112 1.21688493 0.88200624 1.11164809 1.08656901
 0.81255522 0.82793488 0.83658418 5.31272372 1.75544986 1.06079934
 1.00776852 0.80693171 1.00207398 1.11484312 0.80042133 0.96463362
 0.84283809 0.85912281 1.09697737 2.70257427 1.06193631 0.77756456
 0.95779421 0.93332174 0.86764965 0.9017759  0.87907752 0.87939282
 0.89778727 0.86441891 0.90466088 1.13084919 0.99126469 1.03126063
 0.84150643 0.84360865 0.77841074 1.06755958 1.02347953 1.06980456
 0.98892227 0.88743002 0.88702841 0.85260247 0.95458491 1.50846304
 0.7257687  0.69354687 0.75398078 0.70043475 0.7088458  0.75812621
 0.74085749 0.80756484 0.81640461 0.61881595 0.77543924 0.71821682]
SR: [       nan        nan        nan        nan        nan        nan
 2.24539974        nan        nan        nan        nan 2.09558125
        nan 1.70678277        nan        nan        nan 2.11155955
 1.41154223 1.41570368 1.26759895        nan        nan 1.49465916
 1.63144626 1.58862348 1.32150871        nan 1.23793125        nan
        nan        nan 1.21740573 3.12695344 1.60463127        nan
        nan        nan 1.30654193        nan        nan        nan
 1.19445226 1.19579671        nan 1.64408531        nan 1.12761488
        nan        nan        nan        nan 1.12842382        nan
        nan 1.2710682  0.7926066  1.49502336        nan        nan
 0.97867564 1.00851351 1.04365963 1.09082057 1.23827589        nan
        nan 1.27941012        nan 0.90272383 1.2215211  1.81093679
 0.65171128 0.5902337  0.69773309 0.63392057 0.6417319  0.6579143
 0.75644878 0.8609995  0.8824755  0.56110003 0.75104808 0.72710429]

All values for metric: trabecular_spacing_std
HR: [       nan        nan        nan        nan        nan        nan
 2.23135667        nan        nan        nan        nan 1.38543625
        nan 0.65367448        nan        nan        nan 1.13417791
        nan 0.41210035 0.29001844        nan        nan        nan
 0.82565996 0.75196639 0.49631149        nan 0.28568676        nan
        nan        nan        nan 1.62360849 0.81231466        nan
        nan        nan 0.46785257        nan        nan        nan
        nan        nan        nan 0.55790675        nan        nan
        nan        nan        nan        nan 0.43034152        nan
        nan 0.6082265  0.26741393 0.6737107         nan        nan
 0.45590459 0.34927503 0.51624433 0.36195947 0.47250315        nan
        nan        nan        nan 0.32056252 0.41869741 1.21485626
 0.18948679 0.20935526 0.23836271 0.20214657 0.19286046 0.21562537
 0.2435477  0.30904346 0.39568632 0.15780929 0.22404118 0.19743416]
LR: [0.23816198 0.07375964 2.10050051 0.119633   0.08899885 1.15333151
 1.38120894 0.9611136  0.28860094 0.30972748 0.60126543 1.54089503
 0.63318667 0.61081761 0.27703804 0.32473216 0.29929874 2.10970382
 0.33629951 0.32929997 0.25845781 0.25215052 0.26534746 0.38694015
 0.99873016 1.03265076 0.44549882 0.24535629 0.30174025 0.26203624
 0.20883445 0.20178845 0.22541588 2.81718105 0.95350767 0.27947014
 0.30554354 0.22707773 0.27920233 0.25894115 0.2051974  0.3072729
 0.20475888 0.26257781 0.35333161 1.13648344 0.25978919 0.19588432
 0.25795553 0.23332613 0.2741964  0.2396004  0.29087103 0.24761723
 0.27300578 0.34327744 0.30656621 0.3527387  0.36386155 0.2665092
 0.34364052 0.26818175 0.28019992 0.3542308  0.34616802 0.35130854
 0.32465721 0.23648045 0.31816638 0.28021405 0.29545046 0.9588723
 0.21734779 0.24159303 0.28087068 0.22118661 0.21607323 0.25543535
 0.23636738 0.24347914 0.34079037 0.17850473 0.24257932 0.20669551]
SR: [       nan        nan        nan        nan        nan        nan
 1.9359851         nan        nan        nan        nan 1.34002644
        nan 0.65876165        nan        nan        nan 1.22411818
 0.34246875 0.41129883 0.2770462         nan        nan 0.53197292
 0.79199844 0.78238376 0.45990126        nan 0.29957509        nan
        nan        nan 0.37910612 1.60101533 0.86981009        nan
        nan        nan 0.39233535        nan        nan        nan
 0.29885065 0.40903361        nan 0.60889194        nan 0.29691561
        nan        nan        nan        nan 0.42214318        nan
        nan 0.66294338 0.26116534 0.54495686        nan        nan
 0.41114956 0.35306719 0.41304477 0.32756684 0.40108073        nan
        nan 0.41468713        nan 0.28640833 0.37484063 1.26680387
 0.19278661 0.19805145 0.22657468 0.19361371 0.18842161 0.22337626
 0.21524248 0.26502361 0.3627432  0.14967498 0.22039912 0.18279834]

All values for metric: trabecular_number
HR: [0.0930676  0.0060981  0.12180719 0.03072127 0.00994439 0.13650186
 0.321304   0.10085288 0.05745045 0.22722704 0.16053365 0.26276768
 0.15373627 0.26100334 0.14629081 0.25424288 0.09309732 0.30293631
 0.262491   0.30723783 0.35583366 0.17292296 0.24068287 0.28779455
 0.27248041 0.16677456 0.40100268 0.2006999  0.39503718 0.31701903
 0.19075613 0.18196092 0.34380393 0.25164655 0.28326713 0.25417749
 0.27354326 0.28492164 0.34067696 0.20766264 0.2332712  0.18705751
 0.32128997 0.35444343 0.15137691 0.08194931 0.24147385 0.35619112
 0.32263131 0.26233576 0.31332306 0.2561339  0.42783263 0.2590822
 0.30220632 0.43867214 0.81578397 0.29593362 0.1358801  0.29359656
 0.60061249 0.53140868 0.54504365 0.55310994 0.40854053 0.18536888
 0.20105588 0.33328683 0.23060886 0.65811244 0.37982574 0.44509929
 0.99659192 1.19390404 1.03615267 1.12264174 1.09328394 1.06889882
 0.78788794 0.68472477 0.73216179 1.23180825 0.82256943 0.85827738]
LR: [0.59523723 1.44861023 0.1389697  0.95954334 1.23539099 0.26452336
 0.39024622 0.24229489 0.41147852 0.38802411 0.40815163 0.15512507
 0.33501864 0.36845673 0.40587596 0.44143134 0.45057781 0.18403414
 0.54778064 0.42306041 0.52302019 0.5814136  0.52531229 0.53673856
 0.18895167 0.10105063 0.57758271 0.62505203 0.54036618 0.51373399
 0.64276484 0.62762735 0.62387206 0.18509941 0.26932377 0.47613705
 0.63411475 0.71102975 0.6051406  0.48197818 0.68751274 0.55694795
 0.63763708 0.6893465  0.45860443 0.0621758  0.47060271 0.73853417
 0.61994545 0.60020155 0.67187792 0.60421062 0.63691526 0.60572621
 0.61260866 0.74411384 0.67672284 0.41487958 0.52409342 0.50535466
 0.71404155 0.69900716 0.83815563 0.58946576 0.58229841 0.51385409
 0.56841249 0.64532306 0.62242004 0.74385351 0.5894521  0.54582386
 0.82674188 0.91280181 0.90204938 0.91918615 0.90395955 0.83799139
 0.82351416 0.73374816 0.81037234 1.03696042 0.8143504  0.87781744]
SR: [0.07664622 0.00508544 0.12099823 0.03346253 0.01494715 0.16180424
 0.3457908  0.11581556 0.06857252 0.25702071 0.17576684 0.23519425
 0.17996264 0.28974401 0.16914484 0.29321026 0.11127081 0.27891812
 0.32818102 0.34535909 0.39743891 0.21375925 0.2721576  0.34648341
 0.26817859 0.14702536 0.48191248 0.25761209 0.44656912 0.35198932
 0.22951574 0.20416207 0.38905257 0.24382021 0.29664768 0.28435732
 0.33442326 0.37050083 0.39083743 0.22472458 0.28836269 0.22486057
 0.3756995  0.43244998 0.16254512 0.08984138 0.26672834 0.43656701
 0.36340208 0.29464076 0.37141811 0.3169659  0.48739438 0.31825792
 0.36355063 0.52994317 0.86972747 0.33133167 0.14644315 0.32223224
 0.67271576 0.58515251 0.6348963  0.60555305 0.47203768 0.2387497
 0.24439234 0.39032135 0.2999572  0.74107987 0.42617988 0.50716692
 1.0757281  1.2487292  1.10088827 1.18956693 1.18068324 1.12131435
 0.8649421  0.73860219 0.78503962 1.32957015 0.92317905 0.94067295]

All values for metric: position
HR: [[[2048 2304]
  [2560 2816]
  [2048 2304]]

 [[2048 2304]
  [2816 3072]
  [2048 2304]]

 [[2048 2304]
  [2816 3072]
  [2304 2560]]

 [[2304 2560]
  [2560 2816]
  [2048 2304]]

 [[2304 2560]
  [2816 3072]
  [2048 2304]]

 [[2304 2560]
  [2816 3072]
  [2304 2560]]

 [[2560 2816]
  [2304 2560]
  [1792 2048]]

 [[2560 2816]
  [2560 2816]
  [2048 2304]]

 [[2560 2816]
  [2816 3072]
  [2048 2304]]

 [[2560 2816]
  [2816 3072]
  [2304 2560]]

 [[2816 3072]
  [2304 2560]
  [1792 2048]]

 [[2816 3072]
  [2304 2560]
  [2048 2304]]

 [[2816 3072]
  [2560 2816]
  [1792 2048]]

 [[2816 3072]
  [2560 2816]
  [2048 2304]]

 [[2816 3072]
  [2816 3072]
  [2048 2304]]

 [[2816 3072]
  [2816 3072]
  [2304 2560]]

 [[3072 3328]
  [2304 2560]
  [1792 2048]]

 [[3072 3328]
  [2304 2560]
  [2048 2304]]

 [[3072 3328]
  [2560 2816]
  [1792 2048]]

 [[3072 3328]
  [2560 2816]
  [2048 2304]]

 [[3072 3328]
  [2560 2816]
  [2304 2560]]

 [[3072 3328]
  [2816 3072]
  [2048 2304]]

 [[3072 3328]
  [2816 3072]
  [2304 2560]]

 [[3328 3584]
  [2304 2560]
  [1792 2048]]

 [[3328 3584]
  [2304 2560]
  [2048 2304]]

 [[3328 3584]
  [2304 2560]
  [2304 2560]]

 [[3328 3584]
  [2560 2816]
  [1792 2048]]

 [[3328 3584]
  [2816 3072]
  [1792 2048]]

 [[3328 3584]
  [2560 2816]
  [2048 2304]]

 [[3328 3584]
  [2560 2816]
  [2304 2560]]

 [[3328 3584]
  [2816 3072]
  [2048 2304]]

 [[3328 3584]
  [2816 3072]
  [2304 2560]]

 [[3328 3584]
  [3072 3328]
  [2048 2304]]

 [[3584 3840]
  [2048 2304]
  [2048 2304]]

 [[3584 3840]
  [2304 2560]
  [2048 2304]]

 [[3584 3840]
  [2304 2560]
  [2304 2560]]

 [[3584 3840]
  [2560 2816]
  [1792 2048]]

 [[3584 3840]
  [2816 3072]
  [1792 2048]]

 [[3584 3840]
  [2560 2816]
  [2048 2304]]

 [[3584 3840]
  [2560 2816]
  [2304 2560]]

 [[3584 3840]
  [2816 3072]
  [2048 2304]]

 [[3584 3840]
  [2816 3072]
  [2304 2560]]

 [[3584 3840]
  [3072 3328]
  [2048 2304]]

 [[3584 3840]
  [3072 3328]
  [2304 2560]]

 [[3840 4096]
  [2048 2304]
  [2304 2560]]

 [[3840 4096]
  [2304 2560]
  [2048 2304]]

 [[3840 4096]
  [2304 2560]
  [2304 2560]]

 [[3840 4096]
  [2816 3072]
  [1792 2048]]

 [[3840 4096]
  [2560 2816]
  [2048 2304]]

 [[3840 4096]
  [2560 2816]
  [2304 2560]]

 [[3840 4096]
  [2816 3072]
  [2048 2304]]

 [[3840 4096]
  [2816 3072]
  [2304 2560]]

 [[3840 4096]
  [3072 3328]
  [1792 2048]]

 [[3840 4096]
  [3072 3328]
  [2048 2304]]

 [[3840 4096]
  [3072 3328]
  [2304 2560]]

 [[3840 4096]
  [3328 3584]
  [2304 2560]]

 [[4096 4352]
  [1536 1792]
  [2304 2560]]

 [[4096 4352]
  [1792 2048]
  [2304 2560]]

 [[4096 4352]
  [2048 2304]
  [2304 2560]]

 [[4096 4352]
  [2304 2560]
  [2304 2560]]

 [[4096 4352]
  [2816 3072]
  [1792 2048]]

 [[4096 4352]
  [3072 3328]
  [1792 2048]]

 [[4352 4608]
  [ 768 1024]
  [2304 2560]]

 [[4352 4608]
  [1536 1792]
  [2560 2816]]

 [[4352 4608]
  [1792 2048]
  [2560 2816]]

 [[4352 4608]
  [2048 2304]
  [2560 2816]]

 [[4352 4608]
  [2304 2560]
  [2560 2816]]

 [[4352 4608]
  [2560 2816]
  [2560 2816]]

 [[4352 4608]
  [3072 3328]
  [1792 2048]]

 [[4608 4864]
  [1536 1792]
  [2560 2816]]

 [[4608 4864]
  [1792 2048]
  [2560 2816]]

 [[4864 5120]
  [ 768 1024]
  [2304 2560]]

 [[4864 5120]
  [1024 1280]
  [2048 2304]]

 [[4864 5120]
  [1024 1280]
  [2304 2560]]

 [[4864 5120]
  [1280 1536]
  [2048 2304]]

 [[4864 5120]
  [1280 1536]
  [2304 2560]]

 [[4864 5120]
  [1024 1280]
  [2560 2816]]

 [[4864 5120]
  [1280 1536]
  [2560 2816]]

 [[4864 5120]
  [1280 1536]
  [2816 3072]]

 [[4864 5120]
  [1536 1792]
  [2304 2560]]

 [[4864 5120]
  [1536 1792]
  [2560 2816]]

 [[5120 5376]
  [1024 1280]
  [2304 2560]]

 [[5120 5376]
  [1280 1536]
  [2304 2560]]

 [[5120 5376]
  [1280 1536]
  [2560 2816]]]
LR: [[[2048 2304]
  [2560 2816]
  [2048 2304]]

 [[2048 2304]
  [2816 3072]
  [2048 2304]]

 [[2048 2304]
  [2816 3072]
  [2304 2560]]

 [[2304 2560]
  [2560 2816]
  [2048 2304]]

 [[2304 2560]
  [2816 3072]
  [2048 2304]]

 [[2304 2560]
  [2816 3072]
  [2304 2560]]

 [[2560 2816]
  [2304 2560]
  [1792 2048]]

 [[2560 2816]
  [2560 2816]
  [2048 2304]]

 [[2560 2816]
  [2816 3072]
  [2048 2304]]

 [[2560 2816]
  [2816 3072]
  [2304 2560]]

 [[2816 3072]
  [2304 2560]
  [1792 2048]]

 [[2816 3072]
  [2304 2560]
  [2048 2304]]

 [[2816 3072]
  [2560 2816]
  [1792 2048]]

 [[2816 3072]
  [2560 2816]
  [2048 2304]]

 [[2816 3072]
  [2816 3072]
  [2048 2304]]

 [[2816 3072]
  [2816 3072]
  [2304 2560]]

 [[3072 3328]
  [2304 2560]
  [1792 2048]]

 [[3072 3328]
  [2304 2560]
  [2048 2304]]

 [[3072 3328]
  [2560 2816]
  [1792 2048]]

 [[3072 3328]
  [2560 2816]
  [2048 2304]]

 [[3072 3328]
  [2560 2816]
  [2304 2560]]

 [[3072 3328]
  [2816 3072]
  [2048 2304]]

 [[3072 3328]
  [2816 3072]
  [2304 2560]]

 [[3328 3584]
  [2304 2560]
  [1792 2048]]

 [[3328 3584]
  [2304 2560]
  [2048 2304]]

 [[3328 3584]
  [2304 2560]
  [2304 2560]]

 [[3328 3584]
  [2560 2816]
  [1792 2048]]

 [[3328 3584]
  [2816 3072]
  [1792 2048]]

 [[3328 3584]
  [2560 2816]
  [2048 2304]]

 [[3328 3584]
  [2560 2816]
  [2304 2560]]

 [[3328 3584]
  [2816 3072]
  [2048 2304]]

 [[3328 3584]
  [2816 3072]
  [2304 2560]]

 [[3328 3584]
  [3072 3328]
  [2048 2304]]

 [[3584 3840]
  [2048 2304]
  [2048 2304]]

 [[3584 3840]
  [2304 2560]
  [2048 2304]]

 [[3584 3840]
  [2304 2560]
  [2304 2560]]

 [[3584 3840]
  [2560 2816]
  [1792 2048]]

 [[3584 3840]
  [2816 3072]
  [1792 2048]]

 [[3584 3840]
  [2560 2816]
  [2048 2304]]

 [[3584 3840]
  [2560 2816]
  [2304 2560]]

 [[3584 3840]
  [2816 3072]
  [2048 2304]]

 [[3584 3840]
  [2816 3072]
  [2304 2560]]

 [[3584 3840]
  [3072 3328]
  [2048 2304]]

 [[3584 3840]
  [3072 3328]
  [2304 2560]]

 [[3840 4096]
  [2048 2304]
  [2304 2560]]

 [[3840 4096]
  [2304 2560]
  [2048 2304]]

 [[3840 4096]
  [2304 2560]
  [2304 2560]]

 [[3840 4096]
  [2816 3072]
  [1792 2048]]

 [[3840 4096]
  [2560 2816]
  [2048 2304]]

 [[3840 4096]
  [2560 2816]
  [2304 2560]]

 [[3840 4096]
  [2816 3072]
  [2048 2304]]

 [[3840 4096]
  [2816 3072]
  [2304 2560]]

 [[3840 4096]
  [3072 3328]
  [1792 2048]]

 [[3840 4096]
  [3072 3328]
  [2048 2304]]

 [[3840 4096]
  [3072 3328]
  [2304 2560]]

 [[3840 4096]
  [3328 3584]
  [2304 2560]]

 [[4096 4352]
  [1536 1792]
  [2304 2560]]

 [[4096 4352]
  [1792 2048]
  [2304 2560]]

 [[4096 4352]
  [2048 2304]
  [2304 2560]]

 [[4096 4352]
  [2304 2560]
  [2304 2560]]

 [[4096 4352]
  [2816 3072]
  [1792 2048]]

 [[4096 4352]
  [3072 3328]
  [1792 2048]]

 [[4352 4608]
  [ 768 1024]
  [2304 2560]]

 [[4352 4608]
  [1536 1792]
  [2560 2816]]

 [[4352 4608]
  [1792 2048]
  [2560 2816]]

 [[4352 4608]
  [2048 2304]
  [2560 2816]]

 [[4352 4608]
  [2304 2560]
  [2560 2816]]

 [[4352 4608]
  [2560 2816]
  [2560 2816]]

 [[4352 4608]
  [3072 3328]
  [1792 2048]]

 [[4608 4864]
  [1536 1792]
  [2560 2816]]

 [[4608 4864]
  [1792 2048]
  [2560 2816]]

 [[4864 5120]
  [ 768 1024]
  [2304 2560]]

 [[4864 5120]
  [1024 1280]
  [2048 2304]]

 [[4864 5120]
  [1024 1280]
  [2304 2560]]

 [[4864 5120]
  [1280 1536]
  [2048 2304]]

 [[4864 5120]
  [1280 1536]
  [2304 2560]]

 [[4864 5120]
  [1024 1280]
  [2560 2816]]

 [[4864 5120]
  [1280 1536]
  [2560 2816]]

 [[4864 5120]
  [1280 1536]
  [2816 3072]]

 [[4864 5120]
  [1536 1792]
  [2304 2560]]

 [[4864 5120]
  [1536 1792]
  [2560 2816]]

 [[5120 5376]
  [1024 1280]
  [2304 2560]]

 [[5120 5376]
  [1280 1536]
  [2304 2560]]

 [[5120 5376]
  [1280 1536]
  [2560 2816]]]
SR: [[[2048 2304]
  [2560 2816]
  [2048 2304]]

 [[2048 2304]
  [2816 3072]
  [2048 2304]]

 [[2048 2304]
  [2816 3072]
  [2304 2560]]

 [[2304 2560]
  [2560 2816]
  [2048 2304]]

 [[2304 2560]
  [2816 3072]
  [2048 2304]]

 [[2304 2560]
  [2816 3072]
  [2304 2560]]

 [[2560 2816]
  [2304 2560]
  [1792 2048]]

 [[2560 2816]
  [2560 2816]
  [2048 2304]]

 [[2560 2816]
  [2816 3072]
  [2048 2304]]

 [[2560 2816]
  [2816 3072]
  [2304 2560]]

 [[2816 3072]
  [2304 2560]
  [1792 2048]]

 [[2816 3072]
  [2304 2560]
  [2048 2304]]

 [[2816 3072]
  [2560 2816]
  [1792 2048]]

 [[2816 3072]
  [2560 2816]
  [2048 2304]]

 [[2816 3072]
  [2816 3072]
  [2048 2304]]

 [[2816 3072]
  [2816 3072]
  [2304 2560]]

 [[3072 3328]
  [2304 2560]
  [1792 2048]]

 [[3072 3328]
  [2304 2560]
  [2048 2304]]

 [[3072 3328]
  [2560 2816]
  [1792 2048]]

 [[3072 3328]
  [2560 2816]
  [2048 2304]]

 [[3072 3328]
  [2560 2816]
  [2304 2560]]

 [[3072 3328]
  [2816 3072]
  [2048 2304]]

 [[3072 3328]
  [2816 3072]
  [2304 2560]]

 [[3328 3584]
  [2304 2560]
  [1792 2048]]

 [[3328 3584]
  [2304 2560]
  [2048 2304]]

 [[3328 3584]
  [2304 2560]
  [2304 2560]]

 [[3328 3584]
  [2560 2816]
  [1792 2048]]

 [[3328 3584]
  [2816 3072]
  [1792 2048]]

 [[3328 3584]
  [2560 2816]
  [2048 2304]]

 [[3328 3584]
  [2560 2816]
  [2304 2560]]

 [[3328 3584]
  [2816 3072]
  [2048 2304]]

 [[3328 3584]
  [2816 3072]
  [2304 2560]]

 [[3328 3584]
  [3072 3328]
  [2048 2304]]

 [[3584 3840]
  [2048 2304]
  [2048 2304]]

 [[3584 3840]
  [2304 2560]
  [2048 2304]]

 [[3584 3840]
  [2304 2560]
  [2304 2560]]

 [[3584 3840]
  [2560 2816]
  [1792 2048]]

 [[3584 3840]
  [2816 3072]
  [1792 2048]]

 [[3584 3840]
  [2560 2816]
  [2048 2304]]

 [[3584 3840]
  [2560 2816]
  [2304 2560]]

 [[3584 3840]
  [2816 3072]
  [2048 2304]]

 [[3584 3840]
  [2816 3072]
  [2304 2560]]

 [[3584 3840]
  [3072 3328]
  [2048 2304]]

 [[3584 3840]
  [3072 3328]
  [2304 2560]]

 [[3840 4096]
  [2048 2304]
  [2304 2560]]

 [[3840 4096]
  [2304 2560]
  [2048 2304]]

 [[3840 4096]
  [2304 2560]
  [2304 2560]]

 [[3840 4096]
  [2816 3072]
  [1792 2048]]

 [[3840 4096]
  [2560 2816]
  [2048 2304]]

 [[3840 4096]
  [2560 2816]
  [2304 2560]]

 [[3840 4096]
  [2816 3072]
  [2048 2304]]

 [[3840 4096]
  [2816 3072]
  [2304 2560]]

 [[3840 4096]
  [3072 3328]
  [1792 2048]]

 [[3840 4096]
  [3072 3328]
  [2048 2304]]

 [[3840 4096]
  [3072 3328]
  [2304 2560]]

 [[3840 4096]
  [3328 3584]
  [2304 2560]]

 [[4096 4352]
  [1536 1792]
  [2304 2560]]

 [[4096 4352]
  [1792 2048]
  [2304 2560]]

 [[4096 4352]
  [2048 2304]
  [2304 2560]]

 [[4096 4352]
  [2304 2560]
  [2304 2560]]

 [[4096 4352]
  [2816 3072]
  [1792 2048]]

 [[4096 4352]
  [3072 3328]
  [1792 2048]]

 [[4352 4608]
  [ 768 1024]
  [2304 2560]]

 [[4352 4608]
  [1536 1792]
  [2560 2816]]

 [[4352 4608]
  [1792 2048]
  [2560 2816]]

 [[4352 4608]
  [2048 2304]
  [2560 2816]]

 [[4352 4608]
  [2304 2560]
  [2560 2816]]

 [[4352 4608]
  [2560 2816]
  [2560 2816]]

 [[4352 4608]
  [3072 3328]
  [1792 2048]]

 [[4608 4864]
  [1536 1792]
  [2560 2816]]

 [[4608 4864]
  [1792 2048]
  [2560 2816]]

 [[4864 5120]
  [ 768 1024]
  [2304 2560]]

 [[4864 5120]
  [1024 1280]
  [2048 2304]]

 [[4864 5120]
  [1024 1280]
  [2304 2560]]

 [[4864 5120]
  [1280 1536]
  [2048 2304]]

 [[4864 5120]
  [1280 1536]
  [2304 2560]]

 [[4864 5120]
  [1024 1280]
  [2560 2816]]

 [[4864 5120]
  [1280 1536]
  [2560 2816]]

 [[4864 5120]
  [1280 1536]
  [2816 3072]]

 [[4864 5120]
  [1536 1792]
  [2304 2560]]

 [[4864 5120]
  [1536 1792]
  [2560 2816]]

 [[5120 5376]
  [1024 1280]
  [2304 2560]]

 [[5120 5376]
  [1280 1536]
  [2304 2560]]

 [[5120 5376]
  [1280 1536]
  [2560 2816]]]

All values for metric: patch_idx
HR: [ 0  1  2  3  4  5  6  7  8  9 10 11 12 13 14 15 16 17 18 19 20 21 22 23
 24 25 26 27 28 29 30 31 32 33 34 35 36 37 38 39 40 41 42 43 44 45 46 47
 48 49 50 51 52 53 54 55 56 57 58 59 60 61 62 63 64 65 66 67 68 69 70 71
 72 73 74 75 76 77 78 79 80 81 82 83]
LR: [ 0  1  2  3  4  5  6  7  8  9 10 11 12 13 14 15 16 17 18 19 20 21 22 23
 24 25 26 27 28 29 30 31 32 33 34 35 36 37 38 39 40 41 42 43 44 45 46 47
 48 49 50 51 52 53 54 55 56 57 58 59 60 61 62 63 64 65 66 67 68 69 70 71
 72 73 74 75 76 77 78 79 80 81 82 83]
SR: [ 0  1  2  3  4  5  6  7  8  9 10 11 12 13 14 15 16 17 18 19 20 21 22 23
 24 25 26 27 28 29 30 31 32 33 34 35 36 37 38 39 40 41 42 43 44 45 46 47
 48 49 50 51 52 53 54 55 56 57 58 59 60 61 62 63 64 65 66 67 68 69 70 71
 72 73 74 75 76 77 78 79 80 81 82 83]
