ds factor = 4, patch size = 256
Found 1 groups:
  - 2019_L
Found 1 groups:
  - 2019_L
Total patches included: 116
Saved per-patch metrics to: stat_outputs/all_patch_metrics.csv

All values for metric: bone_volume_fraction
HR: [0.00838572 0.00033051 0.02025521 0.00263375 0.00066406 0.02327651
 0.05677426 0.01329267 0.00848597 0.03028578 0.01337719 0.1560964
 0.0373019  0.05195415 0.04638857 0.01695156 0.02683449 0.03732908
 0.13051224 0.07721341 0.0587303  0.0201388  0.05830079 0.03423965
 0.0171051  0.01624072 0.03930175 0.1339016  0.07443202 0.03068829
 0.02532053 0.02707994 0.04099256 0.0203985  0.02149129 0.02018738
 0.03738219 0.03683823 0.01497674 0.0632633  0.02685803 0.035667
 0.03339255 0.02360719 0.03192693 0.02467459 0.05667263 0.02666414
 0.0319674  0.04874802 0.17629844 0.04142386 0.01148081 0.03312886
 0.0739302  0.04892457 0.07245415 0.03637493 0.03831029 0.06767559
 0.04479611 0.04266042 0.05583638 0.15223777 0.09920979 0.20079941
 0.23629308 0.07955837 0.14582419 0.1293366  0.15204507 0.031012
 0.082425   0.05205262 0.01241368 0.01946014 0.01679426 0.01802826
 0.06182623 0.113617   0.07063365 0.03650212 0.02262551 0.01405233
 0.00468808 0.10310119 0.08386272 0.06018472 0.21380997 0.21592098
 0.1522513  0.22599828 0.23147696 0.14878416 0.16015291 0.07900125
 0.08081496 0.09239733 0.04194146 0.08988935 0.0456661  0.00559026
 0.00174201 0.06159204 0.17714524 0.24964517 0.17037934 0.20114022
 0.20579529 0.20420796 0.10814142 0.09020907 0.09360689 0.23210275
 0.13487226 0.12174505]
LR: [1.16479397e-03 0.00000000e+00 9.80722904e-03 2.74419785e-04
 0.00000000e+00 9.32550430e-03 2.65533328e-02 4.36657667e-03
 2.43848562e-03 9.13268328e-03 3.55792046e-03 1.35526299e-01
 1.10808015e-02 2.27892399e-02 1.29810572e-02 2.08556652e-03
 4.98670340e-03 1.05592608e-02 1.05061412e-01 5.19519448e-02
 2.19144821e-02 2.62254477e-03 2.10839510e-02 6.43640757e-03
 1.14196539e-03 1.18559599e-03 8.88478756e-03 1.21230066e-01
 4.67681289e-02 7.34663010e-03 2.54213810e-03 2.38239765e-03
 1.01948380e-02 2.63196230e-03 1.57904625e-03 3.04406881e-03
 8.08018446e-03 5.24348021e-03 1.93393230e-03 4.03914452e-02
 5.62596321e-03 3.81058455e-03 5.44589758e-03 2.02840567e-03
 3.92848253e-03 2.33125687e-03 1.76067948e-02 3.45867872e-03
 5.13350964e-03 9.61929560e-03 1.26497626e-01 1.61938667e-02
 4.25577164e-04 7.27170706e-03 2.13224888e-02 9.46730375e-03
 2.25310922e-02 6.76238537e-03 8.51428509e-03 1.95226073e-02
 1.03207231e-02 1.04877949e-02 7.77721405e-03 8.94467235e-02
 5.10596633e-02 1.39211893e-01 1.79589093e-01 3.18463445e-02
 9.05559063e-02 6.48547411e-02 9.07035470e-02 9.50497389e-03
 3.68185639e-02 1.49963498e-02 3.64124775e-04 2.03877687e-03
 1.37978792e-03 1.52999163e-03 1.58737302e-02 5.91275692e-02
 2.63751149e-02 6.96611404e-03 2.64906883e-03 1.43802166e-03
 7.91728497e-04 4.75551486e-02 3.48786712e-02 1.96788907e-02
 1.47885978e-01 1.59152210e-01 8.70447159e-02 1.67573869e-01
 1.76141441e-01 7.74783492e-02 1.04338169e-01 3.10639739e-02
 2.64573693e-02 3.57065797e-02 7.77989626e-03 3.29807997e-02
 1.18752122e-02 2.34484673e-04 1.05082989e-04 2.57101655e-02
 1.07971311e-01 1.90777421e-01 9.72989798e-02 1.26493096e-01
 1.41280234e-01 1.34616554e-01 4.05902863e-02 3.13521624e-02
 2.92197466e-02 1.62084997e-01 6.64548278e-02 5.15755415e-02]
SR: [0.04851097 0.04144907 0.06931865 0.04034108 0.03303057 0.05182534
 0.09420961 0.03421146 0.03384328 0.1003142  0.05141419 0.21984553
 0.08058357 0.08872086 0.08583814 0.04500133 0.07106823 0.06500351
 0.184726   0.12835693 0.08949214 0.05979609 0.10304147 0.08444273
 0.06136179 0.05483645 0.07704926 0.19285315 0.1096139  0.06984323
 0.09191561 0.05976176 0.09911728 0.05017531 0.05045682 0.04369968
 0.08525687 0.06482512 0.07015139 0.13207769 0.06952357 0.09414124
 0.08676577 0.06680667 0.07547975 0.06765044 0.11902684 0.08189774
 0.0842948  0.11692244 0.25647867 0.0690068  0.03750092 0.06337106
 0.1436134  0.08676934 0.12758785 0.06581771 0.07298517 0.11823791
 0.08863485 0.08671832 0.10474014 0.21620369 0.16993427 0.27791172
 0.29590601 0.16341376 0.2103886  0.20534015 0.19724476 0.07802653
 0.12360156 0.12035304 0.05584371 0.06574339 0.03486234 0.04107535
 0.10254669 0.18145603 0.11529976 0.08614761 0.09591228 0.03862047
 0.03753316 0.18367583 0.14985192 0.11276358 0.3177864  0.28764135
 0.23328847 0.30361855 0.33253294 0.23088443 0.22895795 0.12748611
 0.11901081 0.14726782 0.0826031  0.13535321 0.09946328 0.04258198
 0.04969156 0.11079097 0.27866995 0.36327553 0.23704785 0.24961495
 0.31392801 0.27348191 0.17234045 0.18213445 0.15147555 0.34136075
 0.19778526 0.18484896]

All values for metric: trabecular_thickness_mean
HR: [0.09010352 0.05419844 0.1662891  0.08573051 0.06677687 0.17052154
 0.17669951 0.13180258 0.14770942 0.13328421 0.14369039 0.51527794
 0.14210734 0.16910076 0.13036587 0.09802955 0.11149314 0.12970738
 0.47897842 0.46298071 0.14645863 0.10034285 0.14758305 0.10800503
 0.08967    0.08925387 0.11431444 0.53210185 0.26276263 0.12073566
 0.09256499 0.09504346 0.12032677 0.09822902 0.09213006 0.1079207
 0.1163503  0.10393262 0.09893675 0.77198085 0.11122543 0.10013445
 0.10350064 0.08998847 0.1018978  0.09633475 0.13246449 0.10291768
 0.10578006 0.11112631 0.21610922 0.13997685 0.0844922  0.11283803
 0.12309135 0.10578471 0.12788434 0.10691169 0.11713436 0.12735131
 0.11211227 0.11974606 0.10244387 0.16525134 0.16233818 0.19566084
 0.2151144  0.14160669 0.18035462 0.16139867 0.17749521 0.14637415
 0.149021   0.12741114 0.08067718 0.09289298 0.09059916 0.0896679
 0.11631282 0.24570891 0.13503956 0.10952165 0.09811204 0.09667841
 0.10378908 0.15338232 0.16094391 0.13040341 0.1849348  0.20217254
 0.17022375 0.21181022 0.21156076 0.15800907 0.18836555 0.13783981
 0.13233714 0.15116428 0.1095309  0.13658661 0.12022908 0.08549843
 0.08931238 0.13837821 0.17775103 0.20909986 0.16443459 0.17916689
 0.1882359  0.19104517 0.13725483 0.131745   0.12785001 0.18842442
 0.16396459 0.14184814]
LR: [0.82172099        nan 0.90722791 0.46105227        nan 1.09134838
 1.16235001 0.82728231 1.09625601 0.84149332 1.20718017 2.93093653
 1.05726805 1.00892609 0.80692216 0.65420264 0.72250752 0.89346378
 2.70506869 3.21886954 0.9108646  0.72077539 0.89777667 0.60610223
 0.53465155 0.54137254 0.65950707 2.66585365 1.55037354 0.77154777
 0.58848111 0.58685253 0.7487202  0.60046999 0.58250587 0.8011791
 0.68361395 0.59304597 0.5768395  4.59415095 0.63802136 0.61391229
 0.63477345 0.5537656  0.6098065  0.58721959 0.79718086 0.59307048
 0.62818173 0.65805823 1.11158335 0.83278656 0.51076848 0.67547137
 0.68914142 0.614114   0.69496199 0.58678531 0.82533101 0.7596733
 0.63970156 0.72991363 0.50230244 0.82576269 0.89616645 0.9797736
 1.05237643 0.77798579 0.89775361 0.83662151 0.91593458 1.1298276
 0.7985677  0.73644316 0.57332027 0.48382281 0.55780151 0.52230448
 0.64408939 1.77401362 0.71239439 0.68701587 0.65172316 0.68250275
 0.75923949 0.91440867 1.10589028 0.78752254 0.91800636 1.03327101
 0.86941021 1.09359168 1.06381164 0.81386419 0.9764088  0.73963793
 0.73659029 0.9061935  0.68420729 0.74157439 0.68747669 0.53983194
 0.72495566 0.76246409 0.9388002  1.05587296 0.82794875 0.9195419
 0.94136658 1.02480398 0.75872476 0.74857603 0.73033102 0.90671945
 0.8824361  0.73191684]
SR: [0.06008302 0.04780874 0.0960474  0.05142384 0.04901702 0.10705883
 0.13727018 0.073699   0.06366933 0.10069686 0.07781256 0.4357626
 0.10300367 0.13325864 0.10484909 0.08145996 0.08183605 0.09935369
 0.37564653 0.3446455  0.12007004 0.06401293 0.11719822 0.07629076
 0.0608514  0.07487071 0.09892887 0.43081187 0.20117745 0.09894609
 0.08175381 0.07790444 0.10048252 0.06505189 0.06827498 0.0807915
 0.11947651 0.08584873 0.07826709 0.42742183 0.08522991 0.09129986
 0.08816402 0.0809956  0.085414   0.06919644 0.11137759 0.08614929
 0.08196896 0.09367207 0.20697725 0.10392019 0.0604587  0.09118844
 0.10924736 0.08926333 0.11967515 0.07717049 0.08896249 0.12142752
 0.09690382 0.10229537 0.09224821 0.16026923 0.14422567 0.19720485
 0.21709099 0.12517648 0.17190357 0.15760838 0.17238041 0.09998763
 0.12774773 0.11292443 0.06871446 0.07938676 0.076093   0.07261524
 0.1076512  0.21185528 0.11472393 0.1002628  0.07907108 0.06162416
 0.05530356 0.14574655 0.13978697 0.10409595 0.19244592 0.19651322
 0.17055383 0.21374363 0.21615561 0.15297152 0.18152961 0.127836
 0.12129566 0.13478784 0.10120511 0.13343231 0.10357556 0.05885607
 0.06778661 0.1154468  0.17497478 0.21409333 0.15885384 0.17730755
 0.19015459 0.19044852 0.12565152 0.13418787 0.12180013 0.20527499
 0.14718005 0.13399791]

All values for metric: trabecular_thickness_std
HR: [0.05950306 0.02125471 0.08792543 0.03878623 0.02426223 0.11824167
 0.15119285 0.07777458 0.09922965 0.07459033 0.1157973  0.2980118
 0.10670157 0.10351248 0.07736999 0.04788829 0.05853363 0.08223249
 0.31681517 0.39305219 0.08257    0.05498833 0.08446355 0.04610169
 0.04042726 0.0387213  0.05418422 0.25171455 0.20413089 0.062877
 0.04362622 0.0433216  0.06297315 0.04501105 0.0417595  0.06255337
 0.05686851 0.04660608 0.04568238 0.81501171 0.05012811 0.04509774
 0.04853112 0.03844427 0.04714617 0.04259292 0.07080413 0.04409661
 0.04586045 0.05165274 0.09724647 0.07111447 0.03389202 0.05357728
 0.05382455 0.04783633 0.05514222 0.04399336 0.06933041 0.0675985
 0.04684753 0.05656449 0.03734954 0.06027656 0.07404358 0.07466186
 0.07528341 0.06233199 0.06890325 0.06791477 0.06949081 0.10693561
 0.06471687 0.06357218 0.03698314 0.03928623 0.04108147 0.0403105
 0.04974482 0.24190976 0.05298623 0.05593066 0.04631882 0.04626309
 0.05815982 0.07787238 0.10678287 0.05979462 0.06548386 0.07445496
 0.06780102 0.07908908 0.07868366 0.05954978 0.07570109 0.05600615
 0.05978796 0.08497057 0.0538819  0.05838837 0.05511333 0.03752621
 0.04254381 0.05827799 0.07108696 0.07423702 0.05926514 0.06728578
 0.06875686 0.08016387 0.05753955 0.05698375 0.05717361 0.06229592
 0.08686663 0.05489378]
LR: [0.41230962        nan 0.41228925 0.15939497        nan 0.57467231
 0.88872921 0.35074135 0.33987685 0.36069864 0.50483484 1.39100507
 0.56586961 0.46646627 0.47737437 0.22387047 0.2877899  0.38815732
 1.33252858 1.93695784 0.40953308 0.29949537 0.39706385 0.2306534
 0.17653781 0.17889328 0.25379801 1.02263815 0.96213891 0.30460717
 0.24020652 0.23252908 0.2926067  0.19923105 0.18736374 0.38158384
 0.25248933 0.22930751 0.23545079 3.32962722 0.27913362 0.26055287
 0.24031033 0.20662074 0.24691615 0.21920899 0.38870886 0.20930403
 0.24477972 0.26731988 0.47190479 0.33490945 0.22052369 0.27360394
 0.28452075 0.27019797 0.26039554 0.20151842 0.38641256 0.38698498
 0.22363781 0.30791752 0.1773131  0.28231268 0.35200195 0.3421208
 0.33568847 0.28953777 0.3082088  0.30509005 0.32658336 0.49401303
 0.30186344 0.30211589 0.19038361 0.17288212 0.23729297 0.19947499
 0.25248603 1.44517279 0.24467391 0.29128739 0.30938703 0.26555175
 0.30524961 0.43434984 0.61984253 0.31898355 0.31114467 0.35595221
 0.3187558  0.37340637 0.36063535 0.27389546 0.34191149 0.26208548
 0.30063642 0.455104   0.28749844 0.26733518 0.2479787  0.18748546
 0.2352153  0.27300473 0.34618582 0.3708238  0.279424   0.33078808
 0.3382967  0.39658173 0.30117939 0.26875581 0.31369175 0.28163062
 0.45637365 0.24801542]
SR: [0.04193379 0.02665155 0.0773372  0.032507   0.02625877 0.09430051
 0.1365006  0.06691799 0.06120712 0.06522738 0.07696741 0.34519715
 0.08544377 0.09877782 0.07157695 0.04725458 0.05687628 0.07169826
 0.31787168 0.3882253  0.0814354  0.04711878 0.07366276 0.05097612
 0.0399989  0.04715789 0.05523906 0.30455117 0.19690038 0.05938635
 0.05076734 0.04356442 0.05863972 0.04349307 0.04293967 0.05540908
 0.07762134 0.04968186 0.04812048 0.67486178 0.0554618  0.04902444
 0.05350438 0.04655629 0.04784216 0.04318206 0.06901356 0.04702381
 0.05056758 0.05514853 0.10714191 0.07255036 0.03851948 0.05816951
 0.06064877 0.05252114 0.06178416 0.04704887 0.06267543 0.06983403
 0.05384944 0.05946216 0.04432311 0.07151545 0.08732866 0.08788477
 0.08844205 0.07190613 0.08031961 0.0809093  0.08028948 0.08818272
 0.07313078 0.06871379 0.03850309 0.04660269 0.04492236 0.04636693
 0.05583884 0.24121871 0.0648587  0.05545375 0.04670979 0.04223589
 0.04096281 0.08621187 0.0937709  0.06428413 0.08177524 0.08734598
 0.07830139 0.09394848 0.09165904 0.07008683 0.08999959 0.07179801
 0.06525812 0.08607386 0.05718419 0.06466189 0.0604467  0.03218967
 0.03858905 0.06734783 0.07972066 0.08989243 0.06992286 0.07439223
 0.08342419 0.09093951 0.06389727 0.06389967 0.06268748 0.07703737
 0.08497619 0.06066296]

All values for metric: trabecular_spacing_mean
HR: [       nan        nan        nan        nan        nan        nan
 2.5212573         nan        nan        nan        nan 2.08806193
        nan 1.47965067 1.32454878        nan        nan        nan
 1.73433192 1.6374004  1.46115313        nan 1.29480235        nan
        nan        nan        nan 3.22783973 1.62076985        nan
        nan        nan 1.42407954        nan        nan        nan
        nan        nan        nan 1.63513303        nan        nan
        nan        nan        nan        nan 1.18925316        nan
        nan 1.3582347  0.8511485  1.63020353        nan        nan
 1.08869008 1.25577531 1.13506668        nan        nan 1.04962944
 1.5053929  1.68652456 1.17404932 1.010662   1.07721217 0.7543721
 0.71876905 1.10143578 0.95138861 0.84993136 0.86042256        nan
 1.17926884 1.38046338        nan        nan        nan        nan
 1.22224173 1.41476612 2.29788296        nan        nan        nan
        nan 1.13502306 1.30604742 1.30990201 0.68711821 0.73310824
 0.79950252 0.71770651 0.71582458 0.75090422 0.89872742 1.06820203
 0.96005434 0.91514022 1.22978332 0.99703751 1.32286766        nan
        nan 1.87604488 0.69976821 0.64079112 0.74871796 0.68553592
 0.70159635 0.69761702 0.82380967 0.9446824  0.94853397 0.62078741
 0.81831526 0.79319788]
LR: [        nan         nan         nan         nan         nan         nan
         nan         nan         nan         nan         nan 21.87122114
         nan         nan         nan         nan         nan         nan
 11.89323327 13.61020451         nan         nan         nan         nan
         nan         nan         nan 28.10919422 16.57984353         nan
         nan         nan         nan         nan         nan         nan
         nan         nan         nan 22.13146013         nan         nan
         nan         nan         nan         nan         nan         nan
         nan         nan  4.87836662         nan         nan         nan
         nan         nan         nan         nan         nan         nan
         nan         nan         nan  6.81987871 10.5631847   4.05620244
  3.65049506         nan  5.09384529  5.57107726  5.72512269         nan
         nan         nan         nan         nan         nan         nan
         nan 11.85885668         nan         nan         nan         nan
         nan 11.78189166         nan         nan  3.65553866  4.36097016
  4.92872641  4.02275931  3.84630861  4.8520179   5.73816277         nan
         nan         nan         nan         nan         nan         nan
         nan         nan  4.30241425  3.32482148  4.45093106  3.98891058
  3.63480733  4.5698886   6.7183364          nan         nan  3.10158564
  5.39096275  5.9420221 ]
SR: [0.72811769 0.79419775 1.03956429 0.86393751        nan 1.25503128
 0.82408605        nan        nan 0.66443774 0.95741434 0.53423434
 0.85596426 0.82783852 0.73317002 1.11951286 0.72302241 0.93517264
 0.647728   0.8219269  0.76677689 0.83259128 0.779285   0.68572159
 0.75645308 0.91008102 0.7379367  0.73697283 0.80553726 0.87775337
 0.71014831 0.91444281 0.72128968 0.80774081 0.84347912 1.01128979
 0.77163496 0.88489863 0.83764712 0.56140038 0.85803595 0.63418199
 0.68487732 0.86377251 0.72858674 0.83113783 0.67816293 0.73780295
 0.63331749 0.54667418 0.48187535 0.92330084        nan 0.84515914
 0.48398935 0.75856715 0.6355113  0.90678049 0.80949603 0.66988387
 0.71138732 0.91853261 0.59226345 0.52495766 0.50490308 0.45173888
 0.47464464 0.54878278 0.57004634 0.50764363 0.59874452 0.68448832
 0.62142768 0.60741846 0.96431781 0.86157801        nan 0.95741612
 0.80280903 0.52941524 0.73968771 0.83532688 0.61714148        nan
        nan 0.56327978 0.5748544  0.63490365 0.35857081 0.45077379
 0.49042079 0.45363553 0.39465687 0.40906348 0.49042623 0.65069374
 0.6525677  0.57483548 0.72214884 0.6714528  0.66733103 0.90443536
 1.98864999 0.75471707 0.35932559 0.30688872 0.45737602 0.49590226
 0.36782929 0.42018434 0.46188654 0.53680477 0.58234529 0.38032151
 0.48847487 0.48356779]

All values for metric: trabecular_spacing_std
HR: [       nan        nan        nan        nan        nan        nan
 2.23135667        nan        nan        nan        nan 1.13417791
        nan 0.41210035 0.29001844        nan        nan        nan
 0.82565996 0.75196639 0.49631149        nan 0.28568676        nan
        nan        nan        nan 1.62360849 0.81231466        nan
        nan        nan 0.46785257        nan        nan        nan
        nan        nan        nan 0.55790675        nan        nan
        nan        nan        nan        nan 0.43034152        nan
        nan 0.6082265  0.26741393 0.6737107         nan        nan
 0.45590459 0.42526589 0.46366215        nan        nan 0.34927503
 0.637119   0.73829582 0.51624433 0.67475892 0.42223177 0.2261419
 0.22649761 0.35438119 0.31677369 0.22156542 0.29124969        nan
 0.36195947 0.47250315        nan        nan        nan        nan
 0.48561551 1.01598829 1.69356994        nan        nan        nan
        nan 0.67018085 0.7714951  0.54010228 0.20047857 0.25488366
 0.19964039 0.23091185 0.23212225 0.20673432 0.30082215 0.32699823
 0.22859317 0.22065846 0.33850264 0.32056252 0.41869741        nan
        nan 1.21485626 0.18948679 0.20935526 0.23836271 0.20214657
 0.19286046 0.21562537 0.2435477  0.30904346 0.39568632 0.15780929
 0.22404118 0.19743416]
LR: [        nan         nan         nan         nan         nan         nan
         nan         nan         nan         nan         nan 14.11416655
         nan         nan         nan         nan         nan         nan
  5.39348244  5.27761861         nan         nan         nan         nan
         nan         nan         nan 15.87145964 10.04822877         nan
         nan         nan         nan         nan         nan         nan
         nan         nan         nan 12.47641264         nan         nan
         nan         nan         nan         nan         nan         nan
         nan         nan  2.21890044         nan         nan         nan
         nan         nan         nan         nan         nan         nan
         nan         nan         nan  6.07276227  7.83655926  1.51102039
  1.3212422          nan  1.81362108  2.16850488  3.13116996         nan
         nan         nan         nan         nan         nan         nan
         nan  7.25043928         nan         nan         nan         nan
         nan  7.33621694         nan         nan  1.34258091  2.50192033
  2.06564664  1.65242001  1.60540809  2.02347552  3.01803985         nan
         nan         nan         nan         nan         nan         nan
         nan         nan  1.51409799  1.11732192  2.08906198  1.5485119
  1.13695229  2.24320464  3.41536588         nan         nan  0.78511601
  2.26158977  2.54396821]
SR: [0.27359134 0.27394017 0.94827327 0.57987628        nan 0.66324557
 0.29640895        nan        nan 0.35735789 0.45891386 0.24771307
 0.37397424 0.28934432 0.33415664 0.42075988 0.30230958 0.36348046
 0.28138732 0.38699582 0.29911575 0.30597357 0.30946083 0.24891488
 0.40528794 0.33582358 0.25625718 0.3907122  0.34780993 0.36454772
 0.35380661 0.34379773 0.29406322 0.22324422 0.37214226 0.41173146
 0.25699015 0.30028739 0.43851501 0.21131037 0.34560631 0.23659209
 0.30984731 0.48340264 0.28824065 0.4283675  0.39827967 0.29707934
 0.2583895  0.24589156 0.18741038 0.41914273        nan 0.29341319
 0.1943483  0.29398512 0.30584094 0.39917534 0.33341121 0.26537007
 0.25843612 0.49966287 0.2079818  0.24150715 0.24567391 0.20386837
 0.20203046 0.33850392 0.26449598 0.27178764 0.25578766 0.30280806
 0.19411842 0.24832172 0.43226076 0.34973142        nan 0.31195778
 0.3796825  0.24514748 0.52737066 0.37658262 0.3427919         nan
        nan 0.28568598 0.24554022 0.3025534  0.14807559 0.21109093
 0.20784242 0.18623323 0.1749534  0.15018214 0.22621919 0.27069423
 0.22791841 0.19306848 0.24455898 0.26427803 0.32149713 0.39784027
 1.92598149 0.41324677 0.13330624 0.12698841 0.19553358 0.19413438
 0.15307201 0.17027059 0.17398215 0.21627929 0.28017286 0.16098489
 0.2314703  0.1671994 ]

All values for metric: trabecular_number
HR: [0.0930676  0.0060981  0.12180719 0.03072127 0.00994439 0.13650186
 0.321304   0.10085288 0.05745045 0.22722704 0.09309732 0.30293631
 0.262491   0.30723783 0.35583366 0.17292296 0.24068287 0.28779455
 0.27248041 0.16677456 0.40100268 0.2006999  0.39503718 0.31701903
 0.19075613 0.18196092 0.34380393 0.25164655 0.28326713 0.25417749
 0.27354326 0.28492164 0.34067696 0.20766264 0.2332712  0.18705751
 0.32128997 0.35444343 0.15137691 0.08194931 0.24147385 0.35619112
 0.32263131 0.26233576 0.31332306 0.2561339  0.42783263 0.2590822
 0.30220632 0.43867214 0.81578397 0.29593362 0.1358801  0.29359656
 0.60061249 0.46249185 0.56656004 0.34023339 0.32706279 0.53140868
 0.39956472 0.35625737 0.54504365 0.92124985 0.61113032 1.02626262
 1.09845306 0.56182637 0.80854149 0.80134856 0.85661505 0.21186801
 0.55310994 0.40854053 0.15386855 0.20948991 0.18536888 0.20105588
 0.53155128 0.4624049  0.52305895 0.33328683 0.23060886 0.14535129
 0.04516934 0.67218435 0.52106801 0.46152719 1.156137   1.06800354
 0.89441867 1.06698478 1.09413942 0.94161783 0.850224   0.5731381
 0.61067482 0.61123785 0.38291902 0.65811244 0.37982574 0.06538436
 0.01950463 0.44509929 0.99659192 1.19390404 1.03615267 1.12264174
 1.09328394 1.06889882 0.78788794 0.68472477 0.73216179 1.23180825
 0.82256943 0.85827738]
LR: [1.41750544e-03 0.00000000e+00 1.08101051e-02 5.95203202e-04
 0.00000000e+00 8.54493809e-03 2.28445240e-02 5.27821837e-03
 2.22437606e-03 1.08529481e-02 2.94729862e-03 4.62399299e-02
 1.04805980e-02 2.25876208e-02 1.60871244e-02 3.18795187e-03
 6.90193978e-03 1.18183424e-02 3.88387224e-02 1.61398106e-02
 2.40589899e-02 3.63850489e-03 2.34846280e-02 1.06193432e-02
 2.13590587e-03 2.18998176e-03 1.34718609e-02 4.54751391e-02
 3.01657166e-02 9.52193814e-03 4.31982954e-03 4.05961892e-03
 1.36163524e-02 4.38317045e-03 2.71078171e-03 3.79948606e-03
 1.18198062e-02 8.84160831e-03 3.35263503e-03 8.79192817e-03
 8.81782899e-03 6.20705043e-03 8.57927756e-03 3.66293185e-03
 6.44217886e-03 3.96999168e-03 2.20863241e-02 5.83181736e-03
 8.17201355e-03 1.46176967e-02 1.13799498e-01 1.94453988e-02
 8.33209522e-04 1.07653817e-02 3.09406575e-02 1.54161992e-02
 3.24206106e-02 1.15244627e-02 1.03162065e-02 2.56986881e-02
 1.61336531e-02 1.43685422e-02 1.54831301e-02 1.08320131e-01
 5.69756473e-02 1.42085777e-01 1.70651002e-01 4.09343522e-02
 1.00869443e-01 7.75198103e-02 9.90284120e-02 8.41276483e-03
 4.61057513e-02 2.03632142e-02 6.35115821e-04 4.21389160e-03
 2.47361810e-03 2.92930977e-03 2.46452286e-02 3.33298283e-02
 3.70231931e-02 1.01396698e-02 4.06471489e-03 2.10698296e-03
 1.04279151e-03 5.20064496e-02 3.15389979e-02 2.49883523e-02
 1.61094721e-01 1.54027557e-01 1.00119270e-01 1.53232575e-01
 1.65575778e-01 9.51981308e-02 1.06859103e-01 4.19988925e-02
 3.59187051e-02 3.94028204e-02 1.13706713e-02 4.44740275e-02
 1.72736216e-02 4.34366056e-04 1.44950918e-04 3.37198377e-02
 1.15009893e-01 1.80682172e-01 1.17518120e-01 1.37560992e-01
 1.50079934e-01 1.31358343e-01 5.34980381e-02 4.18824021e-02
 4.00089079e-02 1.78759809e-01 7.53083742e-02 7.04663955e-02]
SR: [0.80739897 0.86697678 0.72171297 0.78448206 0.67385922 0.48408285
 0.68630791 0.46420518 0.53154762 0.9961999  0.66074411 0.50450758
 0.78233687 0.66577941 0.81868273 0.55243493 0.86842205 0.65426372
 0.49175484 0.37243177 0.74533284 0.93412533 0.8792068  1.10685399
 1.00838753 0.73241523 0.77883488 0.44765051 0.54486175 0.70587158
 1.12429747 0.76711625 0.98641316 0.77131206 0.7390236  0.54089456
 0.71358691 0.75510864 0.89630764 0.30901017 0.81571805 1.03112148
 0.9841403  0.82481861 0.88369292 0.97765772 1.06867851 0.95064896
 1.02837463 1.24821025 1.23916357 0.66403651 0.62027333 0.6949462
 1.31457094 0.97206031 1.06611822 0.85288705 0.82040388 0.97373244
 0.91466823 0.84772481 1.13541658 1.34900312 1.17825263 1.40925401
 1.36305059 1.30546702 1.22387566 1.30285046 1.1442412  0.78036185
 0.96754404 1.06578389 0.8126923  0.82814048 0.45815437 0.5656574
 0.95258292 0.85650937 1.0050193  0.85921802 1.21298806 0.62670986
 0.67867536 1.26024129 1.07200202 1.08326584 1.65130235 1.46372514
 1.36782899 1.42048001 1.53839605 1.50932952 1.26127057 0.99726299
 0.98116293 1.09258983 0.81619489 1.01439603 0.96029685 0.72349332
 0.73305861 0.95967116 1.59262929 1.69680915 1.4922387  1.40780781
 1.65090948 1.4359886  1.37157471 1.35730936 1.24364032 1.66294366
 1.34383196 1.37949144]

All values for metric: position
HR: [[[2048 2304]
  [2560 2816]
  [2048 2304]]

 [[2048 2304]
  [2816 3072]
  [2048 2304]]

 [[2048 2304]
  [2816 3072]
  [2304 2560]]

 [[2304 2560]
  [2560 2816]
  [2048 2304]]

 [[2304 2560]
  [2816 3072]
  [2048 2304]]

 [[2304 2560]
  [2816 3072]
  [2304 2560]]

 [[2560 2816]
  [2304 2560]
  [1792 2048]]

 [[2560 2816]
  [2560 2816]
  [2048 2304]]

 [[2560 2816]
  [2816 3072]
  [2048 2304]]

 [[2560 2816]
  [2816 3072]
  [2304 2560]]

 [[3072 3328]
  [2304 2560]
  [1792 2048]]

 [[3072 3328]
  [2304 2560]
  [2048 2304]]

 [[3072 3328]
  [2560 2816]
  [1792 2048]]

 [[3072 3328]
  [2560 2816]
  [2048 2304]]

 [[3072 3328]
  [2560 2816]
  [2304 2560]]

 [[3072 3328]
  [2816 3072]
  [2048 2304]]

 [[3072 3328]
  [2816 3072]
  [2304 2560]]

 [[3328 3584]
  [2304 2560]
  [1792 2048]]

 [[3328 3584]
  [2304 2560]
  [2048 2304]]

 [[3328 3584]
  [2304 2560]
  [2304 2560]]

 [[3328 3584]
  [2560 2816]
  [1792 2048]]

 [[3328 3584]
  [2816 3072]
  [1792 2048]]

 [[3328 3584]
  [2560 2816]
  [2048 2304]]

 [[3328 3584]
  [2560 2816]
  [2304 2560]]

 [[3328 3584]
  [2816 3072]
  [2048 2304]]

 [[3328 3584]
  [2816 3072]
  [2304 2560]]

 [[3328 3584]
  [3072 3328]
  [2048 2304]]

 [[3584 3840]
  [2048 2304]
  [2048 2304]]

 [[3584 3840]
  [2304 2560]
  [2048 2304]]

 [[3584 3840]
  [2304 2560]
  [2304 2560]]

 [[3584 3840]
  [2560 2816]
  [1792 2048]]

 [[3584 3840]
  [2816 3072]
  [1792 2048]]

 [[3584 3840]
  [2560 2816]
  [2048 2304]]

 [[3584 3840]
  [2560 2816]
  [2304 2560]]

 [[3584 3840]
  [2816 3072]
  [2048 2304]]

 [[3584 3840]
  [2816 3072]
  [2304 2560]]

 [[3584 3840]
  [3072 3328]
  [2048 2304]]

 [[3584 3840]
  [3072 3328]
  [2304 2560]]

 [[3840 4096]
  [2048 2304]
  [2304 2560]]

 [[3840 4096]
  [2304 2560]
  [2048 2304]]

 [[3840 4096]
  [2304 2560]
  [2304 2560]]

 [[3840 4096]
  [2816 3072]
  [1792 2048]]

 [[3840 4096]
  [2560 2816]
  [2048 2304]]

 [[3840 4096]
  [2560 2816]
  [2304 2560]]

 [[3840 4096]
  [2816 3072]
  [2048 2304]]

 [[3840 4096]
  [2816 3072]
  [2304 2560]]

 [[3840 4096]
  [3072 3328]
  [1792 2048]]

 [[3840 4096]
  [3072 3328]
  [2048 2304]]

 [[3840 4096]
  [3072 3328]
  [2304 2560]]

 [[3840 4096]
  [3328 3584]
  [2304 2560]]

 [[4096 4352]
  [1536 1792]
  [2304 2560]]

 [[4096 4352]
  [1792 2048]
  [2304 2560]]

 [[4096 4352]
  [2048 2304]
  [2304 2560]]

 [[4096 4352]
  [2304 2560]
  [2304 2560]]

 [[4096 4352]
  [2816 3072]
  [1792 2048]]

 [[4096 4352]
  [2560 2816]
  [2304 2560]]

 [[4096 4352]
  [2816 3072]
  [2048 2304]]

 [[4096 4352]
  [2816 3072]
  [2304 2560]]

 [[4096 4352]
  [2560 2816]
  [2560 2816]]

 [[4096 4352]
  [3072 3328]
  [1792 2048]]

 [[4096 4352]
  [3072 3328]
  [2048 2304]]

 [[4096 4352]
  [3072 3328]
  [2304 2560]]

 [[4352 4608]
  [ 768 1024]
  [2304 2560]]

 [[4352 4608]
  [1024 1280]
  [2048 2304]]

 [[4352 4608]
  [1024 1280]
  [2304 2560]]

 [[4352 4608]
  [1280 1536]
  [2048 2304]]

 [[4352 4608]
  [1280 1536]
  [2304 2560]]

 [[4352 4608]
  [1024 1280]
  [2560 2816]]

 [[4352 4608]
  [1280 1536]
  [2560 2816]]

 [[4352 4608]
  [1536 1792]
  [2048 2304]]

 [[4352 4608]
  [1536 1792]
  [2304 2560]]

 [[4352 4608]
  [1792 2048]
  [2304 2560]]

 [[4352 4608]
  [1536 1792]
  [2560 2816]]

 [[4352 4608]
  [1792 2048]
  [2560 2816]]

 [[4352 4608]
  [2048 2304]
  [2304 2560]]

 [[4352 4608]
  [2304 2560]
  [2304 2560]]

 [[4352 4608]
  [2048 2304]
  [2560 2816]]

 [[4352 4608]
  [2304 2560]
  [2560 2816]]

 [[4352 4608]
  [2560 2816]
  [2304 2560]]

 [[4352 4608]
  [2816 3072]
  [2048 2304]]

 [[4352 4608]
  [2816 3072]
  [2304 2560]]

 [[4352 4608]
  [2560 2816]
  [2560 2816]]

 [[4352 4608]
  [3072 3328]
  [1792 2048]]

 [[4352 4608]
  [3072 3328]
  [2048 2304]]

 [[4352 4608]
  [3072 3328]
  [2304 2560]]

 [[4608 4864]
  [ 768 1024]
  [2048 2304]]

 [[4608 4864]
  [ 768 1024]
  [2304 2560]]

 [[4608 4864]
  [ 768 1024]
  [2560 2816]]

 [[4608 4864]
  [1024 1280]
  [2048 2304]]

 [[4608 4864]
  [1024 1280]
  [2304 2560]]

 [[4608 4864]
  [1280 1536]
  [2048 2304]]

 [[4608 4864]
  [1280 1536]
  [2304 2560]]

 [[4608 4864]
  [1024 1280]
  [2560 2816]]

 [[4608 4864]
  [1024 1280]
  [2816 3072]]

 [[4608 4864]
  [1280 1536]
  [2560 2816]]

 [[4608 4864]
  [1280 1536]
  [2816 3072]]

 [[4608 4864]
  [1536 1792]
  [2048 2304]]

 [[4608 4864]
  [1536 1792]
  [2304 2560]]

 [[4608 4864]
  [1792 2048]
  [2304 2560]]

 [[4608 4864]
  [1536 1792]
  [2560 2816]]

 [[4608 4864]
  [1792 2048]
  [2560 2816]]

 [[4608 4864]
  [3072 3328]
  [2048 2304]]

 [[4608 4864]
  [3072 3328]
  [2304 2560]]

 [[4864 5120]
  [ 768 1024]
  [2304 2560]]

 [[4864 5120]
  [1024 1280]
  [2048 2304]]

 [[4864 5120]
  [1024 1280]
  [2304 2560]]

 [[4864 5120]
  [1280 1536]
  [2048 2304]]

 [[4864 5120]
  [1280 1536]
  [2304 2560]]

 [[4864 5120]
  [1024 1280]
  [2560 2816]]

 [[4864 5120]
  [1280 1536]
  [2560 2816]]

 [[4864 5120]
  [1280 1536]
  [2816 3072]]

 [[4864 5120]
  [1536 1792]
  [2304 2560]]

 [[4864 5120]
  [1536 1792]
  [2560 2816]]

 [[5120 5376]
  [1024 1280]
  [2304 2560]]

 [[5120 5376]
  [1280 1536]
  [2304 2560]]

 [[5120 5376]
  [1280 1536]
  [2560 2816]]]
LR: [[[2048 2304]
  [2560 2816]
  [2048 2304]]

 [[2048 2304]
  [2816 3072]
  [2048 2304]]

 [[2048 2304]
  [2816 3072]
  [2304 2560]]

 [[2304 2560]
  [2560 2816]
  [2048 2304]]

 [[2304 2560]
  [2816 3072]
  [2048 2304]]

 [[2304 2560]
  [2816 3072]
  [2304 2560]]

 [[2560 2816]
  [2304 2560]
  [1792 2048]]

 [[2560 2816]
  [2560 2816]
  [2048 2304]]

 [[2560 2816]
  [2816 3072]
  [2048 2304]]

 [[2560 2816]
  [2816 3072]
  [2304 2560]]

 [[3072 3328]
  [2304 2560]
  [1792 2048]]

 [[3072 3328]
  [2304 2560]
  [2048 2304]]

 [[3072 3328]
  [2560 2816]
  [1792 2048]]

 [[3072 3328]
  [2560 2816]
  [2048 2304]]

 [[3072 3328]
  [2560 2816]
  [2304 2560]]

 [[3072 3328]
  [2816 3072]
  [2048 2304]]

 [[3072 3328]
  [2816 3072]
  [2304 2560]]

 [[3328 3584]
  [2304 2560]
  [1792 2048]]

 [[3328 3584]
  [2304 2560]
  [2048 2304]]

 [[3328 3584]
  [2304 2560]
  [2304 2560]]

 [[3328 3584]
  [2560 2816]
  [1792 2048]]

 [[3328 3584]
  [2816 3072]
  [1792 2048]]

 [[3328 3584]
  [2560 2816]
  [2048 2304]]

 [[3328 3584]
  [2560 2816]
  [2304 2560]]

 [[3328 3584]
  [2816 3072]
  [2048 2304]]

 [[3328 3584]
  [2816 3072]
  [2304 2560]]

 [[3328 3584]
  [3072 3328]
  [2048 2304]]

 [[3584 3840]
  [2048 2304]
  [2048 2304]]

 [[3584 3840]
  [2304 2560]
  [2048 2304]]

 [[3584 3840]
  [2304 2560]
  [2304 2560]]

 [[3584 3840]
  [2560 2816]
  [1792 2048]]

 [[3584 3840]
  [2816 3072]
  [1792 2048]]

 [[3584 3840]
  [2560 2816]
  [2048 2304]]

 [[3584 3840]
  [2560 2816]
  [2304 2560]]

 [[3584 3840]
  [2816 3072]
  [2048 2304]]

 [[3584 3840]
  [2816 3072]
  [2304 2560]]

 [[3584 3840]
  [3072 3328]
  [2048 2304]]

 [[3584 3840]
  [3072 3328]
  [2304 2560]]

 [[3840 4096]
  [2048 2304]
  [2304 2560]]

 [[3840 4096]
  [2304 2560]
  [2048 2304]]

 [[3840 4096]
  [2304 2560]
  [2304 2560]]

 [[3840 4096]
  [2816 3072]
  [1792 2048]]

 [[3840 4096]
  [2560 2816]
  [2048 2304]]

 [[3840 4096]
  [2560 2816]
  [2304 2560]]

 [[3840 4096]
  [2816 3072]
  [2048 2304]]

 [[3840 4096]
  [2816 3072]
  [2304 2560]]

 [[3840 4096]
  [3072 3328]
  [1792 2048]]

 [[3840 4096]
  [3072 3328]
  [2048 2304]]

 [[3840 4096]
  [3072 3328]
  [2304 2560]]

 [[3840 4096]
  [3328 3584]
  [2304 2560]]

 [[4096 4352]
  [1536 1792]
  [2304 2560]]

 [[4096 4352]
  [1792 2048]
  [2304 2560]]

 [[4096 4352]
  [2048 2304]
  [2304 2560]]

 [[4096 4352]
  [2304 2560]
  [2304 2560]]

 [[4096 4352]
  [2816 3072]
  [1792 2048]]

 [[4096 4352]
  [2560 2816]
  [2304 2560]]

 [[4096 4352]
  [2816 3072]
  [2048 2304]]

 [[4096 4352]
  [2816 3072]
  [2304 2560]]

 [[4096 4352]
  [2560 2816]
  [2560 2816]]

 [[4096 4352]
  [3072 3328]
  [1792 2048]]

 [[4096 4352]
  [3072 3328]
  [2048 2304]]

 [[4096 4352]
  [3072 3328]
  [2304 2560]]

 [[4352 4608]
  [ 768 1024]
  [2304 2560]]

 [[4352 4608]
  [1024 1280]
  [2048 2304]]

 [[4352 4608]
  [1024 1280]
  [2304 2560]]

 [[4352 4608]
  [1280 1536]
  [2048 2304]]

 [[4352 4608]
  [1280 1536]
  [2304 2560]]

 [[4352 4608]
  [1024 1280]
  [2560 2816]]

 [[4352 4608]
  [1280 1536]
  [2560 2816]]

 [[4352 4608]
  [1536 1792]
  [2048 2304]]

 [[4352 4608]
  [1536 1792]
  [2304 2560]]

 [[4352 4608]
  [1792 2048]
  [2304 2560]]

 [[4352 4608]
  [1536 1792]
  [2560 2816]]

 [[4352 4608]
  [1792 2048]
  [2560 2816]]

 [[4352 4608]
  [2048 2304]
  [2304 2560]]

 [[4352 4608]
  [2304 2560]
  [2304 2560]]

 [[4352 4608]
  [2048 2304]
  [2560 2816]]

 [[4352 4608]
  [2304 2560]
  [2560 2816]]

 [[4352 4608]
  [2560 2816]
  [2304 2560]]

 [[4352 4608]
  [2816 3072]
  [2048 2304]]

 [[4352 4608]
  [2816 3072]
  [2304 2560]]

 [[4352 4608]
  [2560 2816]
  [2560 2816]]

 [[4352 4608]
  [3072 3328]
  [1792 2048]]

 [[4352 4608]
  [3072 3328]
  [2048 2304]]

 [[4352 4608]
  [3072 3328]
  [2304 2560]]

 [[4608 4864]
  [ 768 1024]
  [2048 2304]]

 [[4608 4864]
  [ 768 1024]
  [2304 2560]]

 [[4608 4864]
  [ 768 1024]
  [2560 2816]]

 [[4608 4864]
  [1024 1280]
  [2048 2304]]

 [[4608 4864]
  [1024 1280]
  [2304 2560]]

 [[4608 4864]
  [1280 1536]
  [2048 2304]]

 [[4608 4864]
  [1280 1536]
  [2304 2560]]

 [[4608 4864]
  [1024 1280]
  [2560 2816]]

 [[4608 4864]
  [1024 1280]
  [2816 3072]]

 [[4608 4864]
  [1280 1536]
  [2560 2816]]

 [[4608 4864]
  [1280 1536]
  [2816 3072]]

 [[4608 4864]
  [1536 1792]
  [2048 2304]]

 [[4608 4864]
  [1536 1792]
  [2304 2560]]

 [[4608 4864]
  [1792 2048]
  [2304 2560]]

 [[4608 4864]
  [1536 1792]
  [2560 2816]]

 [[4608 4864]
  [1792 2048]
  [2560 2816]]

 [[4608 4864]
  [3072 3328]
  [2048 2304]]

 [[4608 4864]
  [3072 3328]
  [2304 2560]]

 [[4864 5120]
  [ 768 1024]
  [2304 2560]]

 [[4864 5120]
  [1024 1280]
  [2048 2304]]

 [[4864 5120]
  [1024 1280]
  [2304 2560]]

 [[4864 5120]
  [1280 1536]
  [2048 2304]]

 [[4864 5120]
  [1280 1536]
  [2304 2560]]

 [[4864 5120]
  [1024 1280]
  [2560 2816]]

 [[4864 5120]
  [1280 1536]
  [2560 2816]]

 [[4864 5120]
  [1280 1536]
  [2816 3072]]

 [[4864 5120]
  [1536 1792]
  [2304 2560]]

 [[4864 5120]
  [1536 1792]
  [2560 2816]]

 [[5120 5376]
  [1024 1280]
  [2304 2560]]

 [[5120 5376]
  [1280 1536]
  [2304 2560]]

 [[5120 5376]
  [1280 1536]
  [2560 2816]]]
SR: [[[2048 2304]
  [2560 2816]
  [2048 2304]]

 [[2048 2304]
  [2816 3072]
  [2048 2304]]

 [[2048 2304]
  [2816 3072]
  [2304 2560]]

 [[2304 2560]
  [2560 2816]
  [2048 2304]]

 [[2304 2560]
  [2816 3072]
  [2048 2304]]

 [[2304 2560]
  [2816 3072]
  [2304 2560]]

 [[2560 2816]
  [2304 2560]
  [1792 2048]]

 [[2560 2816]
  [2560 2816]
  [2048 2304]]

 [[2560 2816]
  [2816 3072]
  [2048 2304]]

 [[2560 2816]
  [2816 3072]
  [2304 2560]]

 [[3072 3328]
  [2304 2560]
  [1792 2048]]

 [[3072 3328]
  [2304 2560]
  [2048 2304]]

 [[3072 3328]
  [2560 2816]
  [1792 2048]]

 [[3072 3328]
  [2560 2816]
  [2048 2304]]

 [[3072 3328]
  [2560 2816]
  [2304 2560]]

 [[3072 3328]
  [2816 3072]
  [2048 2304]]

 [[3072 3328]
  [2816 3072]
  [2304 2560]]

 [[3328 3584]
  [2304 2560]
  [1792 2048]]

 [[3328 3584]
  [2304 2560]
  [2048 2304]]

 [[3328 3584]
  [2304 2560]
  [2304 2560]]

 [[3328 3584]
  [2560 2816]
  [1792 2048]]

 [[3328 3584]
  [2816 3072]
  [1792 2048]]

 [[3328 3584]
  [2560 2816]
  [2048 2304]]

 [[3328 3584]
  [2560 2816]
  [2304 2560]]

 [[3328 3584]
  [2816 3072]
  [2048 2304]]

 [[3328 3584]
  [2816 3072]
  [2304 2560]]

 [[3328 3584]
  [3072 3328]
  [2048 2304]]

 [[3584 3840]
  [2048 2304]
  [2048 2304]]

 [[3584 3840]
  [2304 2560]
  [2048 2304]]

 [[3584 3840]
  [2304 2560]
  [2304 2560]]

 [[3584 3840]
  [2560 2816]
  [1792 2048]]

 [[3584 3840]
  [2816 3072]
  [1792 2048]]

 [[3584 3840]
  [2560 2816]
  [2048 2304]]

 [[3584 3840]
  [2560 2816]
  [2304 2560]]

 [[3584 3840]
  [2816 3072]
  [2048 2304]]

 [[3584 3840]
  [2816 3072]
  [2304 2560]]

 [[3584 3840]
  [3072 3328]
  [2048 2304]]

 [[3584 3840]
  [3072 3328]
  [2304 2560]]

 [[3840 4096]
  [2048 2304]
  [2304 2560]]

 [[3840 4096]
  [2304 2560]
  [2048 2304]]

 [[3840 4096]
  [2304 2560]
  [2304 2560]]

 [[3840 4096]
  [2816 3072]
  [1792 2048]]

 [[3840 4096]
  [2560 2816]
  [2048 2304]]

 [[3840 4096]
  [2560 2816]
  [2304 2560]]

 [[3840 4096]
  [2816 3072]
  [2048 2304]]

 [[3840 4096]
  [2816 3072]
  [2304 2560]]

 [[3840 4096]
  [3072 3328]
  [1792 2048]]

 [[3840 4096]
  [3072 3328]
  [2048 2304]]

 [[3840 4096]
  [3072 3328]
  [2304 2560]]

 [[3840 4096]
  [3328 3584]
  [2304 2560]]

 [[4096 4352]
  [1536 1792]
  [2304 2560]]

 [[4096 4352]
  [1792 2048]
  [2304 2560]]

 [[4096 4352]
  [2048 2304]
  [2304 2560]]

 [[4096 4352]
  [2304 2560]
  [2304 2560]]

 [[4096 4352]
  [2816 3072]
  [1792 2048]]

 [[4096 4352]
  [2560 2816]
  [2304 2560]]

 [[4096 4352]
  [2816 3072]
  [2048 2304]]

 [[4096 4352]
  [2816 3072]
  [2304 2560]]

 [[4096 4352]
  [2560 2816]
  [2560 2816]]

 [[4096 4352]
  [3072 3328]
  [1792 2048]]

 [[4096 4352]
  [3072 3328]
  [2048 2304]]

 [[4096 4352]
  [3072 3328]
  [2304 2560]]

 [[4352 4608]
  [ 768 1024]
  [2304 2560]]

 [[4352 4608]
  [1024 1280]
  [2048 2304]]

 [[4352 4608]
  [1024 1280]
  [2304 2560]]

 [[4352 4608]
  [1280 1536]
  [2048 2304]]

 [[4352 4608]
  [1280 1536]
  [2304 2560]]

 [[4352 4608]
  [1024 1280]
  [2560 2816]]

 [[4352 4608]
  [1280 1536]
  [2560 2816]]

 [[4352 4608]
  [1536 1792]
  [2048 2304]]

 [[4352 4608]
  [1536 1792]
  [2304 2560]]

 [[4352 4608]
  [1792 2048]
  [2304 2560]]

 [[4352 4608]
  [1536 1792]
  [2560 2816]]

 [[4352 4608]
  [1792 2048]
  [2560 2816]]

 [[4352 4608]
  [2048 2304]
  [2304 2560]]

 [[4352 4608]
  [2304 2560]
  [2304 2560]]

 [[4352 4608]
  [2048 2304]
  [2560 2816]]

 [[4352 4608]
  [2304 2560]
  [2560 2816]]

 [[4352 4608]
  [2560 2816]
  [2304 2560]]

 [[4352 4608]
  [2816 3072]
  [2048 2304]]

 [[4352 4608]
  [2816 3072]
  [2304 2560]]

 [[4352 4608]
  [2560 2816]
  [2560 2816]]

 [[4352 4608]
  [3072 3328]
  [1792 2048]]

 [[4352 4608]
  [3072 3328]
  [2048 2304]]

 [[4352 4608]
  [3072 3328]
  [2304 2560]]

 [[4608 4864]
  [ 768 1024]
  [2048 2304]]

 [[4608 4864]
  [ 768 1024]
  [2304 2560]]

 [[4608 4864]
  [ 768 1024]
  [2560 2816]]

 [[4608 4864]
  [1024 1280]
  [2048 2304]]

 [[4608 4864]
  [1024 1280]
  [2304 2560]]

 [[4608 4864]
  [1280 1536]
  [2048 2304]]

 [[4608 4864]
  [1280 1536]
  [2304 2560]]

 [[4608 4864]
  [1024 1280]
  [2560 2816]]

 [[4608 4864]
  [1024 1280]
  [2816 3072]]

 [[4608 4864]
  [1280 1536]
  [2560 2816]]

 [[4608 4864]
  [1280 1536]
  [2816 3072]]

 [[4608 4864]
  [1536 1792]
  [2048 2304]]

 [[4608 4864]
  [1536 1792]
  [2304 2560]]

 [[4608 4864]
  [1792 2048]
  [2304 2560]]

 [[4608 4864]
  [1536 1792]
  [2560 2816]]

 [[4608 4864]
  [1792 2048]
  [2560 2816]]

 [[4608 4864]
  [3072 3328]
  [2048 2304]]

 [[4608 4864]
  [3072 3328]
  [2304 2560]]

 [[4864 5120]
  [ 768 1024]
  [2304 2560]]

 [[4864 5120]
  [1024 1280]
  [2048 2304]]

 [[4864 5120]
  [1024 1280]
  [2304 2560]]

 [[4864 5120]
  [1280 1536]
  [2048 2304]]

 [[4864 5120]
  [1280 1536]
  [2304 2560]]

 [[4864 5120]
  [1024 1280]
  [2560 2816]]

 [[4864 5120]
  [1280 1536]
  [2560 2816]]

 [[4864 5120]
  [1280 1536]
  [2816 3072]]

 [[4864 5120]
  [1536 1792]
  [2304 2560]]

 [[4864 5120]
  [1536 1792]
  [2560 2816]]

 [[5120 5376]
  [1024 1280]
  [2304 2560]]

 [[5120 5376]
  [1280 1536]
  [2304 2560]]

 [[5120 5376]
  [1280 1536]
  [2560 2816]]]

All values for metric: patch_idx
HR: [  0   1   2   3   4   5   6   7   8   9  10  11  12  13  14  15  16  17
  18  19  20  21  22  23  24  25  26  27  28  29  30  31  32  33  34  35
  36  37  38  39  40  41  42  43  44  45  46  47  48  49  50  51  52  53
  54  55  56  57  58  59  60  61  62  63  64  65  66  67  68  69  70  71
  72  73  74  75  76  77  78  79  80  81  82  83  84  85  86  87  88  89
  90  91  92  93  94  95  96  97  98  99 100 101 102 103 104 105 106 107
 108 109 110 111 112 113 114 115]
LR: [  0   1   2   3   4   5   6   7   8   9  10  11  12  13  14  15  16  17
  18  19  20  21  22  23  24  25  26  27  28  29  30  31  32  33  34  35
  36  37  38  39  40  41  42  43  44  45  46  47  48  49  50  51  52  53
  54  55  56  57  58  59  60  61  62  63  64  65  66  67  68  69  70  71
  72  73  74  75  76  77  78  79  80  81  82  83  84  85  86  87  88  89
  90  91  92  93  94  95  96  97  98  99 100 101 102 103 104 105 106 107
 108 109 110 111 112 113 114 115]
SR: [  0   1   2   3   4   5   6   7   8   9  10  11  12  13  14  15  16  17
  18  19  20  21  22  23  24  25  26  27  28  29  30  31  32  33  34  35
  36  37  38  39  40  41  42  43  44  45  46  47  48  49  50  51  52  53
  54  55  56  57  58  59  60  61  62  63  64  65  66  67  68  69  70  71
  72  73  74  75  76  77  78  79  80  81  82  83  84  85  86  87  88  89
  90  91  92  93  94  95  96  97  98  99 100 101 102 103 104 105 106 107
 108 109 110 111 112 113 114 115]
