Processing patches: 0it [00:00, ?it/s]Processing patches: 0it [00:22, ?it/s]
Traceback (most recent call last):
  File "/usr/terminus/data-xrm-01/stamplab/users/mwahlin/2025/trab_master/supertrab/scripts/stat_eval.py", line 138, in <module>
    main(
  File "/usr/terminus/data-xrm-01/stamplab/users/mwahlin/2025/trab_master/supertrab/scripts/stat_eval.py", line 74, in main
    sr_images = generate_dps_sr_images(model, scheduler, lr_images, target_size=image_size, downsample_factor=downsample_factor, device=device)
  File "/usr/terminus/data-xrm-01/stamplab/users/mwahlin/2025/trab_master/supertrab/supertrab/inferance_utils.py", line 53, in generate_dps_sr_images
    eps_theta = model(model_input, timesteps).sample
  File "/usr/terminus/data-xrm-01/stamplab/users/mwahlin/mamba/envs/ML_env/lib/python3.10/site-packages/torch/nn/modules/module.py", line 1736, in _wrapped_call_impl
    return self._call_impl(*args, **kwargs)
  File "/usr/terminus/data-xrm-01/stamplab/users/mwahlin/mamba/envs/ML_env/lib/python3.10/site-packages/torch/nn/modules/module.py", line 1747, in _call_impl
    return forward_call(*args, **kwargs)
  File "/usr/terminus/data-xrm-01/stamplab/users/mwahlin/mamba/envs/ML_env/lib/python3.10/site-packages/diffusers/models/unets/unet_2d.py", line 336, in forward
    sample = upsample_block(sample, res_samples, emb)
  File "/usr/terminus/data-xrm-01/stamplab/users/mwahlin/mamba/envs/ML_env/lib/python3.10/site-packages/torch/nn/modules/module.py", line 1736, in _wrapped_call_impl
    return self._call_impl(*args, **kwargs)
  File "/usr/terminus/data-xrm-01/stamplab/users/mwahlin/mamba/envs/ML_env/lib/python3.10/site-packages/torch/nn/modules/module.py", line 1747, in _call_impl
    return forward_call(*args, **kwargs)
  File "/usr/terminus/data-xrm-01/stamplab/users/mwahlin/mamba/envs/ML_env/lib/python3.10/site-packages/diffusers/models/unets/unet_2d_blocks.py", line 2740, in forward
    hidden_states = resnet(hidden_states, temb)
  File "/usr/terminus/data-xrm-01/stamplab/users/mwahlin/mamba/envs/ML_env/lib/python3.10/site-packages/torch/nn/modules/module.py", line 1736, in _wrapped_call_impl
    return self._call_impl(*args, **kwargs)
  File "/usr/terminus/data-xrm-01/stamplab/users/mwahlin/mamba/envs/ML_env/lib/python3.10/site-packages/torch/nn/modules/module.py", line 1747, in _call_impl
    return forward_call(*args, **kwargs)
  File "/usr/terminus/data-xrm-01/stamplab/users/mwahlin/mamba/envs/ML_env/lib/python3.10/site-packages/diffusers/models/resnet.py", line 371, in forward
    output_tensor = (input_tensor + hidden_states) / self.output_scale_factor
torch.OutOfMemoryError: CUDA out of memory. Tried to allocate 64.00 MiB. GPU 0 has a total capacity of 47.54 GiB of which 19.25 MiB is free. Including non-PyTorch memory, this process has 47.51 GiB memory in use. Of the allocated memory 47.13 GiB is allocated by PyTorch, and 71.43 MiB is reserved by PyTorch but unallocated. If reserved but unallocated memory is large try setting PYTORCH_CUDA_ALLOC_CONF=expandable_segments:True to avoid fragmentation.  See documentation for Memory Management  (https://pytorch.org/docs/stable/notes/cuda.html#environment-variables)
