Loading part_1...
Loading part_2_split...
  - /usr/terminus/data-xrm-01/stamplab/RESTORE/supertrab.zarr/2019_L/sr_volume_256_10_200ep_given_QCT/part_2_split/part_1
  - /usr/terminus/data-xrm-01/stamplab/RESTORE/supertrab.zarr/2019_L/sr_volume_256_10_200ep_given_QCT/part_2_split/part_2
  - /usr/terminus/data-xrm-01/stamplab/RESTORE/supertrab.zarr/2019_L/sr_volume_256_10_200ep_given_QCT/part_2_split/part_3
  - /usr/terminus/data-xrm-01/stamplab/RESTORE/supertrab.zarr/2019_L/sr_volume_256_10_200ep_given_QCT/part_2_split/part_4
  - /usr/terminus/data-xrm-01/stamplab/RESTORE/supertrab.zarr/2019_L/sr_volume_256_10_200ep_given_QCT/part_2_split/part_5
  - /usr/terminus/data-xrm-01/stamplab/RESTORE/supertrab.zarr/2019_L/sr_volume_256_10_200ep_given_QCT/part_2_split/part_6
  - /usr/terminus/data-xrm-01/stamplab/RESTORE/supertrab.zarr/2019_L/sr_volume_256_10_200ep_given_QCT/part_2_split/part_7
  - /usr/terminus/data-xrm-01/stamplab/RESTORE/supertrab.zarr/2019_L/sr_volume_256_10_200ep_given_QCT/part_2_split/part_8
  - /usr/terminus/data-xrm-01/stamplab/RESTORE/supertrab.zarr/2019_L/sr_volume_256_10_200ep_given_QCT/part_2_split/part_9
  - /usr/terminus/data-xrm-01/stamplab/RESTORE/supertrab.zarr/2019_L/sr_volume_256_10_200ep_given_QCT/part_2_split/part_10
  - /usr/terminus/data-xrm-01/stamplab/RESTORE/supertrab.zarr/2019_L/sr_volume_256_10_200ep_given_QCT/part_2_split/part_11
  - /usr/terminus/data-xrm-01/stamplab/RESTORE/supertrab.zarr/2019_L/sr_volume_256_10_200ep_given_QCT/part_2_split/part_12
  - /usr/terminus/data-xrm-01/stamplab/RESTORE/supertrab.zarr/2019_L/sr_volume_256_10_200ep_given_QCT/part_2_split/part_13
  - /usr/terminus/data-xrm-01/stamplab/RESTORE/supertrab.zarr/2019_L/sr_volume_256_10_200ep_given_QCT/part_2_split/part_14
  - /usr/terminus/data-xrm-01/stamplab/RESTORE/supertrab.zarr/2019_L/sr_volume_256_10_200ep_given_QCT/part_2_split/part_15
  - /usr/terminus/data-xrm-01/stamplab/RESTORE/supertrab.zarr/2019_L/sr_volume_256_10_200ep_given_QCT/part_2_split/part_16
Saving reassembled volume to: /usr/terminus/data-xrm-01/stamplab/RESTORE/supertrab.zarr/2019_L/sr_volume_256_10_200ep_given_QCT/reassembled
Done reassembling.
