ds factor = 4, patch size = 256
Found 1 groups:
  - 2019_L
Found 1 groups:
  - 2019_L
Total patches included: 116
Saved per-patch metrics to: stat_outputs/all_patch_metrics_ds4_otsu.csv

All values for metric: bone_volume_fraction
HR: [0.00838572 0.00033051 0.02025521 0.00263375 0.00066406 0.02327651
 0.05677426 0.01329267 0.00848597 0.03028578 0.01337719 0.1560964
 0.0373019  0.05195415 0.04638857 0.01695156 0.02683449 0.03732908
 0.13051224 0.07721341 0.0587303  0.0201388  0.05830079 0.03423965
 0.0171051  0.01624072 0.03930175 0.1339016  0.07443202 0.03068829
 0.02532053 0.02707994 0.04099256 0.0203985  0.02149129 0.02018738
 0.03738219 0.03683823 0.01497674 0.0632633  0.02685803 0.035667
 0.03339255 0.02360719 0.03192693 0.02467459 0.05667263 0.02666414
 0.0319674  0.04874802 0.17629844 0.04142386 0.01148081 0.03312886
 0.0739302  0.04892457 0.07245415 0.03637493 0.03831029 0.06767559
 0.04479611 0.04266042 0.05583638 0.15223777 0.09920979 0.20079941
 0.23629308 0.07955837 0.14582419 0.1293366  0.15204507 0.031012
 0.082425   0.05205262 0.01241368 0.01946014 0.01679426 0.01802826
 0.06182623 0.113617   0.07063365 0.03650212 0.02262551 0.01405233
 0.00468808 0.10310119 0.08386272 0.06018472 0.21380997 0.21592098
 0.1522513  0.22599828 0.23147696 0.14878416 0.16015291 0.07900125
 0.08081496 0.09239733 0.04194146 0.08988935 0.0456661  0.00559026
 0.00174201 0.06159204 0.17714524 0.24964517 0.17037934 0.20114022
 0.20579529 0.20420796 0.10814142 0.09020907 0.09360689 0.23210275
 0.13487226 0.12174505]
LR: [0.20302224 0.44601661 0.05496025 0.31362647 0.39314473 0.08827406
 0.15338218 0.07135487 0.10612822 0.12681013 0.13108206 0.17815429
 0.17878634 0.14447802 0.15498757 0.16258514 0.15801328 0.16784137
 0.15197116 0.1009379  0.20343405 0.18444085 0.18038028 0.152071
 0.17948955 0.17058778 0.18336731 0.15567434 0.13109112 0.14109278
 0.18972105 0.21510077 0.18196851 0.13533938 0.19493854 0.15957594
 0.19166523 0.20886004 0.1286419  0.07926643 0.13677669 0.21848595
 0.1846599  0.169038   0.20057166 0.17445105 0.20696169 0.1792078
 0.18494654 0.23688281 0.2685768  0.13891232 0.14439362 0.14771938
 0.24775147 0.20458221 0.23502398 0.18032205 0.18860376 0.23250782
 0.19875628 0.18971205 0.2617054  0.29588354 0.21716928 0.31908149
 0.35012764 0.2210449  0.26488817 0.27006179 0.28379524 0.15590918
 0.20429641 0.18294871 0.17628837 0.15300852 0.14495176 0.15927827
 0.23180193 0.2409392  0.21181554 0.19773459 0.19969249 0.14620632
 0.13050824 0.25896418 0.22403681 0.2209031  0.34721541 0.33160728
 0.28211004 0.33458948 0.34430248 0.31387925 0.27481943 0.22233552
 0.23188293 0.23586166 0.20073491 0.24141479 0.18137956 0.15602356
 0.23357725 0.18965405 0.31093723 0.36514294 0.31944758 0.34058326
 0.33703285 0.33576035 0.27985227 0.26248598 0.27148271 0.36994517
 0.28335702 0.28758556]
SR: [0.04851097 0.04144907 0.06931865 0.04034108 0.03303057 0.05182534
 0.09420961 0.03421146 0.03384328 0.1003142  0.05141419 0.21984553
 0.08058357 0.08872086 0.08583814 0.04500133 0.07106823 0.06500351
 0.184726   0.12835693 0.08949214 0.05979609 0.10304147 0.08444273
 0.06136179 0.05483645 0.07704926 0.19285315 0.1096139  0.06984323
 0.09191561 0.05976176 0.09911728 0.05017531 0.05045682 0.04369968
 0.08525687 0.06482512 0.07015139 0.13207769 0.06952357 0.09414124
 0.08676577 0.06680667 0.07547975 0.06765044 0.11902684 0.08189774
 0.0842948  0.11692244 0.25647867 0.0690068  0.03750092 0.06337106
 0.1436134  0.08676934 0.12758785 0.06581771 0.07298517 0.11823791
 0.08863485 0.08671832 0.10474014 0.21620369 0.16993427 0.27791172
 0.29590601 0.16341376 0.2103886  0.20534015 0.19724476 0.07802653
 0.12360156 0.12035304 0.05584371 0.06574339 0.03486234 0.04107535
 0.10254669 0.18145603 0.11529976 0.08614761 0.09591228 0.03862047
 0.03753316 0.18367583 0.14985192 0.11276358 0.3177864  0.28764135
 0.23328847 0.30361855 0.33253294 0.23088443 0.22895795 0.12748611
 0.11901081 0.14726782 0.0826031  0.13535321 0.09946328 0.04258198
 0.04969156 0.11079097 0.27866995 0.36327553 0.23704785 0.24961495
 0.31392801 0.27348191 0.17234045 0.18213445 0.15147555 0.34136075
 0.19778526 0.18484896]

All values for metric: trabecular_thickness_mean
HR: [0.09010352 0.05419844 0.1662891  0.08573051 0.06677687 0.17052154
 0.17669951 0.13180258 0.14770942 0.13328421 0.14369039 0.51527794
 0.14210734 0.16910076 0.13036587 0.09802955 0.11149314 0.12970738
 0.47897842 0.46298071 0.14645863 0.10034285 0.14758305 0.10800503
 0.08967    0.08925387 0.11431444 0.53210185 0.26276263 0.12073566
 0.09256499 0.09504346 0.12032677 0.09822902 0.09213006 0.1079207
 0.1163503  0.10393262 0.09893675 0.77198085 0.11122543 0.10013445
 0.10350064 0.08998847 0.1018978  0.09633475 0.13246449 0.10291768
 0.10578006 0.11112631 0.21610922 0.13997685 0.0844922  0.11283803
 0.12309135 0.10578471 0.12788434 0.10691169 0.11713436 0.12735131
 0.11211227 0.11974606 0.10244387 0.16525134 0.16233818 0.19566084
 0.2151144  0.14160669 0.18035462 0.16139867 0.17749521 0.14637415
 0.149021   0.12741114 0.08067718 0.09289298 0.09059916 0.0896679
 0.11631282 0.24570891 0.13503956 0.10952165 0.09811204 0.09667841
 0.10378908 0.15338232 0.16094391 0.13040341 0.1849348  0.20217254
 0.17022375 0.21181022 0.21156076 0.15800907 0.18836555 0.13783981
 0.13233714 0.15116428 0.1095309  0.13658661 0.12022908 0.08549843
 0.08931238 0.13837821 0.17775103 0.20909986 0.16443459 0.17916689
 0.1882359  0.19104517 0.13725483 0.131745   0.12785001 0.18842442
 0.16396459 0.14184814]
LR: [1.06257757 0.95898744 1.40580496 0.94897831 0.95634738 1.31439925
 1.41897919 1.12543592 1.07930381 1.22887708 1.12919785 3.24182367
 1.2084868  1.254262   1.18450292 1.10059137 1.14600478 1.17856429
 2.75987207 2.91708962 1.25330543 1.12080753 1.21833979 1.13111605
 1.08369058 1.08320405 1.10551175 3.03795128 1.6502442  1.13478799
 1.12721628 1.13002697 1.14136328 1.09657446 1.08876201 1.10926998
 1.13030034 1.1291041  1.09140972 3.34926075 1.12405165 1.14140331
 1.11766328 1.09531934 1.12057104 1.11126531 1.20341596 1.11546533
 1.13688824 1.18128726 1.44198945 1.19050108 1.10590192 1.11400761
 1.23986139 1.14071883 1.21998536 1.14809776 1.15130233 1.20770462
 1.20940683 1.22086577 1.14992458 1.29260643 1.28131935 1.36748331
 1.43908239 1.22349068 1.32346546 1.28556801 1.37572462 1.18142933
 1.26047743 1.17596249 1.06666998 1.08302713 1.09611375 1.08216265
 1.20237839 1.7364319  1.29414635 1.14720403 1.16684996 1.16124226
 1.11302579 1.29074585 1.28610202 1.2071793  1.32519246 1.43590638
 1.28753658 1.47716141 1.42120889 1.27218573 1.37287344 1.23561539
 1.19305789 1.24705871 1.14852579 1.2088998  1.15781372 1.07607235
 1.0261967  1.24765349 1.32168126 1.41269147 1.2868639  1.34046615
 1.34475523 1.41461878 1.21180451 1.25084999 1.2175746  1.30708969
 1.26608587 1.20300464]
SR: [0.06008302 0.04780874 0.0960474  0.05142384 0.04901702 0.10705883
 0.13727018 0.073699   0.06366933 0.10069686 0.07781256 0.4357626
 0.10300367 0.13325864 0.10484909 0.08145996 0.08183605 0.09935369
 0.37564653 0.3446455  0.12007004 0.06401293 0.11719822 0.07629076
 0.0608514  0.07487071 0.09892887 0.43081187 0.20117745 0.09894609
 0.08175381 0.07790444 0.10048252 0.06505189 0.06827498 0.0807915
 0.11947651 0.08584873 0.07826709 0.42742183 0.08522991 0.09129986
 0.08816402 0.0809956  0.085414   0.06919644 0.11137759 0.08614929
 0.08196896 0.09367207 0.20697725 0.10392019 0.0604587  0.09118844
 0.10924736 0.08926333 0.11967515 0.07717049 0.08896249 0.12142752
 0.09690382 0.10229537 0.09224821 0.16026923 0.14422567 0.19720485
 0.21709099 0.12517648 0.17190357 0.15760838 0.17238041 0.09998763
 0.12774773 0.11292443 0.06871446 0.07938676 0.076093   0.07261524
 0.1076512  0.21185528 0.11472393 0.1002628  0.07907108 0.06162416
 0.05530356 0.14574655 0.13978697 0.10409595 0.19244592 0.19651322
 0.17055383 0.21374363 0.21615561 0.15297152 0.18152961 0.127836
 0.12129566 0.13478784 0.10120511 0.13343231 0.10357556 0.05885607
 0.06778661 0.1154468  0.17497478 0.21409333 0.15885384 0.17730755
 0.19015459 0.19044852 0.12565152 0.13418787 0.12180013 0.20527499
 0.14718005 0.13399791]

All values for metric: trabecular_thickness_std
HR: [0.05950306 0.02125471 0.08792543 0.03878623 0.02426223 0.11824167
 0.15119285 0.07777458 0.09922965 0.07459033 0.1157973  0.2980118
 0.10670157 0.10351248 0.07736999 0.04788829 0.05853363 0.08223249
 0.31681517 0.39305219 0.08257    0.05498833 0.08446355 0.04610169
 0.04042726 0.0387213  0.05418422 0.25171455 0.20413089 0.062877
 0.04362622 0.0433216  0.06297315 0.04501105 0.0417595  0.06255337
 0.05686851 0.04660608 0.04568238 0.81501171 0.05012811 0.04509774
 0.04853112 0.03844427 0.04714617 0.04259292 0.07080413 0.04409661
 0.04586045 0.05165274 0.09724647 0.07111447 0.03389202 0.05357728
 0.05382455 0.04783633 0.05514222 0.04399336 0.06933041 0.0675985
 0.04684753 0.05656449 0.03734954 0.06027656 0.07404358 0.07466186
 0.07528341 0.06233199 0.06890325 0.06791477 0.06949081 0.10693561
 0.06471687 0.06357218 0.03698314 0.03928623 0.04108147 0.0403105
 0.04974482 0.24190976 0.05298623 0.05593066 0.04631882 0.04626309
 0.05815982 0.07787238 0.10678287 0.05979462 0.06548386 0.07445496
 0.06780102 0.07908908 0.07868366 0.05954978 0.07570109 0.05600615
 0.05978796 0.08497057 0.0538819  0.05838837 0.05511333 0.03752621
 0.04254381 0.05827799 0.07108696 0.07423702 0.05926514 0.06728578
 0.06875686 0.08016387 0.05753955 0.05698375 0.05717361 0.06229592
 0.08686663 0.05489378]
LR: [0.54921075 0.40280856 0.47456841 0.4588826  0.35589185 0.59569177
 1.00015931 0.43727845 0.4395579  0.47709252 0.47409265 1.67087011
 0.4814497  0.51464726 0.40456711 0.31431078 0.35070553 0.42914262
 1.55289156 2.48254034 0.47312679 0.32760791 0.438913   0.29918803
 0.30155297 0.30660013 0.32003436 1.18846707 1.05481881 0.36436589
 0.32077891 0.29727502 0.35696133 0.30750393 0.2817836  0.35647245
 0.32535378 0.30275097 0.35620394 3.31946362 0.34643169 0.31131692
 0.31475596 0.28843225 0.29869804 0.29008504 0.44844475 0.31595804
 0.34891165 0.38270948 0.55118218 0.47274112 0.37464199 0.34485923
 0.42404226 0.32903376 0.36683348 0.3428379  0.41960484 0.40128025
 0.3971561  0.39693648 0.31316068 0.35000428 0.47482383 0.42188849
 0.39605366 0.39165463 0.37712386 0.4033744  0.42110388 0.52544001
 0.40309627 0.36673453 0.29745241 0.2998577  0.31573927 0.30017433
 0.36916654 1.47450643 0.38151884 0.36887175 0.38320798 0.39023065
 0.50395751 0.49930822 0.63358394 0.41589286 0.3707749  0.46320333
 0.39610369 0.47590583 0.42806098 0.35102084 0.44546123 0.3944985
 0.35467089 0.46301989 0.33238526 0.34728623 0.34363962 0.33444963
 0.45306096 0.41365753 0.44371425 0.43998948 0.35032537 0.41334362
 0.40519867 0.49070778 0.36467932 0.42612624 0.37957511 0.32555466
 0.45355096 0.33022733]
SR: [0.04193379 0.02665155 0.0773372  0.032507   0.02625877 0.09430051
 0.1365006  0.06691799 0.06120712 0.06522738 0.07696741 0.34519715
 0.08544377 0.09877782 0.07157695 0.04725458 0.05687628 0.07169826
 0.31787168 0.3882253  0.0814354  0.04711878 0.07366276 0.05097612
 0.0399989  0.04715789 0.05523906 0.30455117 0.19690038 0.05938635
 0.05076734 0.04356442 0.05863972 0.04349307 0.04293967 0.05540908
 0.07762134 0.04968186 0.04812048 0.67486178 0.0554618  0.04902444
 0.05350438 0.04655629 0.04784216 0.04318206 0.06901356 0.04702381
 0.05056758 0.05514853 0.10714191 0.07255036 0.03851948 0.05816951
 0.06064877 0.05252114 0.06178416 0.04704887 0.06267543 0.06983403
 0.05384944 0.05946216 0.04432311 0.07151545 0.08732866 0.08788477
 0.08844205 0.07190613 0.08031961 0.0809093  0.08028948 0.08818272
 0.07313078 0.06871379 0.03850309 0.04660269 0.04492236 0.04636693
 0.05583884 0.24121871 0.0648587  0.05545375 0.04670979 0.04223589
 0.04096281 0.08621187 0.0937709  0.06428413 0.08177524 0.08734598
 0.07830139 0.09394848 0.09165904 0.07008683 0.08999959 0.07179801
 0.06525812 0.08607386 0.05718419 0.06466189 0.0604467  0.03218967
 0.03858905 0.06734783 0.07972066 0.08989243 0.06992286 0.07439223
 0.08342419 0.09093951 0.06389727 0.06389967 0.06268748 0.07703737
 0.08497619 0.06066296]

All values for metric: trabecular_spacing_mean
HR: [       nan        nan        nan        nan        nan        nan
 2.5212573         nan        nan        nan        nan 2.08806193
        nan 1.47965067 1.32454878        nan        nan        nan
 1.73433192 1.6374004  1.46115313        nan 1.29480235        nan
        nan        nan        nan 3.22783973 1.62076985        nan
        nan        nan 1.42407954        nan        nan        nan
        nan        nan        nan 1.63513303        nan        nan
        nan        nan        nan        nan 1.18925316        nan
        nan 1.3582347  0.8511485  1.63020353        nan        nan
 1.08869008 1.25577531 1.13506668        nan        nan 1.04962944
 1.5053929  1.68652456 1.17404932 1.010662   1.07721217 0.7543721
 0.71876905 1.10143578 0.95138861 0.84993136 0.86042256        nan
 1.17926884 1.38046338        nan        nan        nan        nan
 1.22224173 1.41476612 2.29788296        nan        nan        nan
        nan 1.13502306 1.30604742 1.30990201 0.68711821 0.73310824
 0.79950252 0.71770651 0.71582458 0.75090422 0.89872742 1.06820203
 0.96005434 0.91514022 1.22978332 0.99703751 1.32286766        nan
        nan 1.87604488 0.69976821 0.64079112 0.74871796 0.68553592
 0.70159635 0.69761702 0.82380967 0.9446824  0.94853397 0.62078741
 0.81831526 0.79319788]
LR: [ 2.27421519  0.97735877 15.19037223  1.31969285  1.10326741  7.28025404
  5.73989635  7.67225926  4.29736164  4.45718689  4.0533669  10.61351172
  4.36731934  4.5577396   4.13042797  3.53676111  3.81661671  4.18573663
  7.79419663  6.83529032  4.31630792  3.29173334  4.03595938  4.10590748
  3.12165583  3.22168655  3.14013004 20.08404536  5.7862546   4.02052966
  3.78748266  3.04669119  3.77008868  4.20358955  3.0594855   3.5861515
  3.17766349  3.1918852   4.09344056  7.53997269  4.07370362  3.01158839
  3.59453352  3.60393432  3.20382809  3.43749399  3.27171588  3.28732797
  3.40086476  3.14940599  3.31416195  4.01359245  3.8751381   3.88969627
  3.12733556  3.49207188  3.25047183  3.55885839  3.37873258  3.14779154
  3.67145989  3.92558987  2.87583905  3.59226739  3.53182078  2.89534217
  2.81881864  3.43285645  3.45168784  3.02387968  3.20487938  3.57820038
  3.82992751  3.70881562  3.15161434  3.83746365  4.01365029  3.72974089
  3.41760297  4.15288855  5.4475032   3.35550743  3.24902608  4.38253533
  3.82804441  3.44109265  3.75021944  3.23133305  2.64738985  2.94235869
  2.95911713  2.89614778  2.81822173  2.64795271  3.38188864  3.3859412
  3.08718112  3.06639168  3.21585942  3.16691401  3.56822397  3.55893454
  2.03149716  5.00948258  2.65317731  2.55059487  2.79145183  2.65004905
  2.67698714  2.7534161   2.6930265   2.91569492  2.89690339  2.35306317
  2.90496703  2.71042604]
SR: [0.72811769 0.79419775 1.03956429 0.86393751        nan 1.25503128
 0.82408605        nan        nan 0.66443774 0.95741434 0.53423434
 0.85596426 0.82783852 0.73317002 1.11951286 0.72302241 0.93517264
 0.647728   0.8219269  0.76677689 0.83259128 0.779285   0.68572159
 0.75645308 0.91008102 0.7379367  0.73697283 0.80553726 0.87775337
 0.71014831 0.91444281 0.72128968 0.80774081 0.84347912 1.01128979
 0.77163496 0.88489863 0.83764712 0.56140038 0.85803595 0.63418199
 0.68487732 0.86377251 0.72858674 0.83113783 0.67816293 0.73780295
 0.63331749 0.54667418 0.48187535 0.92330084        nan 0.84515914
 0.48398935 0.75856715 0.6355113  0.90678049 0.80949603 0.66988387
 0.71138732 0.91853261 0.59226345 0.52495766 0.50490308 0.45173888
 0.47464464 0.54878278 0.57004634 0.50764363 0.59874452 0.68448832
 0.62142768 0.60741846 0.96431781 0.86157801        nan 0.95741612
 0.80280903 0.52941524 0.73968771 0.83532688 0.61714148        nan
        nan 0.56327978 0.5748544  0.63490365 0.35857081 0.45077379
 0.49042079 0.45363553 0.39465687 0.40906348 0.49042623 0.65069374
 0.6525677  0.57483548 0.72214884 0.6714528  0.66733103 0.90443536
 1.98864999 0.75471707 0.35932559 0.30688872 0.45737602 0.49590226
 0.36782929 0.42018434 0.46188654 0.53680477 0.58234529 0.38032151
 0.48847487 0.48356779]

All values for metric: trabecular_spacing_std
HR: [       nan        nan        nan        nan        nan        nan
 2.23135667        nan        nan        nan        nan 1.13417791
        nan 0.41210035 0.29001844        nan        nan        nan
 0.82565996 0.75196639 0.49631149        nan 0.28568676        nan
        nan        nan        nan 1.62360849 0.81231466        nan
        nan        nan 0.46785257        nan        nan        nan
        nan        nan        nan 0.55790675        nan        nan
        nan        nan        nan        nan 0.43034152        nan
        nan 0.6082265  0.26741393 0.6737107         nan        nan
 0.45590459 0.42526589 0.46366215        nan        nan 0.34927503
 0.637119   0.73829582 0.51624433 0.67475892 0.42223177 0.2261419
 0.22649761 0.35438119 0.31677369 0.22156542 0.29124969        nan
 0.36195947 0.47250315        nan        nan        nan        nan
 0.48561551 1.01598829 1.69356994        nan        nan        nan
        nan 0.67018085 0.7714951  0.54010228 0.20047857 0.25488366
 0.19964039 0.23091185 0.23212225 0.20673432 0.30082215 0.32699823
 0.22859317 0.22065846 0.33850264 0.32056252 0.41869741        nan
        nan 1.21485626 0.18948679 0.20935526 0.23836271 0.20214657
 0.19286046 0.21562537 0.2435477  0.30904346 0.39568632 0.15780929
 0.22404118 0.19743416]
LR: [ 0.85265847  0.24139935  7.65838828  0.36623722  0.28756787  4.17113652
  4.23466602  3.82308864  1.30364027  1.26745757  1.34720733  6.36005317
  1.33703234  1.25984142  1.04727033  0.99831805  1.05069496  1.44706383
  3.87922286  3.31087504  1.67003886  0.9150476   1.07086016  1.07033278
  0.7883037   0.80551885  0.81249459 12.25454604  3.12975214  1.10140596
  1.19608194  0.84760336  1.0721847   1.03542007  0.80553881  1.12040623
  0.7776956   0.94684443  1.3445809   3.31281044  1.0746789   0.77532952
  1.02508332  0.93358834  0.97384205  0.92629993  1.02779694  0.91125013
  1.07305195  1.15791116  1.07722044  1.18944557  1.41493793  1.01126789
  1.28107624  1.1062463   1.22573371  1.02695565  0.96905214  1.08281862
  1.35528839  1.50096899  0.99992154  2.44386824  1.21333751  0.92925287
  0.95107707  1.05036884  1.20775241  0.86926096  1.19182102  1.06058862
  1.24713826  1.25290793  0.94972907  1.05569675  1.39487088  1.27703597
  1.22089154  2.49453267  3.65625747  0.95023154  1.21817338  1.90142973
  1.32820332  1.76762434  1.95308865  1.00139566  0.85346073  1.07891548
  0.81534506  0.95788537  0.9491487   0.77403029  1.17623009  1.10052975
  0.75534556  0.81796706  0.93613196  1.00595155  1.12344555  1.4385357
  0.78013429  3.18736252  0.78515251  0.859705    0.95026562  0.83051721
  0.80373535  0.88837645  0.78896852  0.84495676  1.03367753  0.64805743
  0.87743601  0.7194119 ]
SR: [0.27359134 0.27394017 0.94827327 0.57987628        nan 0.66324557
 0.29640895        nan        nan 0.35735789 0.45891386 0.24771307
 0.37397424 0.28934432 0.33415664 0.42075988 0.30230958 0.36348046
 0.28138732 0.38699582 0.29911575 0.30597357 0.30946083 0.24891488
 0.40528794 0.33582358 0.25625718 0.3907122  0.34780993 0.36454772
 0.35380661 0.34379773 0.29406322 0.22324422 0.37214226 0.41173146
 0.25699015 0.30028739 0.43851501 0.21131037 0.34560631 0.23659209
 0.30984731 0.48340264 0.28824065 0.4283675  0.39827967 0.29707934
 0.2583895  0.24589156 0.18741038 0.41914273        nan 0.29341319
 0.1943483  0.29398512 0.30584094 0.39917534 0.33341121 0.26537007
 0.25843612 0.49966287 0.2079818  0.24150715 0.24567391 0.20386837
 0.20203046 0.33850392 0.26449598 0.27178764 0.25578766 0.30280806
 0.19411842 0.24832172 0.43226076 0.34973142        nan 0.31195778
 0.3796825  0.24514748 0.52737066 0.37658262 0.3427919         nan
        nan 0.28568598 0.24554022 0.3025534  0.14807559 0.21109093
 0.20784242 0.18623323 0.1749534  0.15018214 0.22621919 0.27069423
 0.22791841 0.19306848 0.24455898 0.26427803 0.32149713 0.39784027
 1.92598149 0.41324677 0.13330624 0.12698841 0.19553358 0.19413438
 0.15307201 0.17027059 0.17398215 0.21627929 0.28017286 0.16098489
 0.2314703  0.1671994 ]

All values for metric: trabecular_number
HR: [0.0930676  0.0060981  0.12180719 0.03072127 0.00994439 0.13650186
 0.321304   0.10085288 0.05745045 0.22722704 0.09309732 0.30293631
 0.262491   0.30723783 0.35583366 0.17292296 0.24068287 0.28779455
 0.27248041 0.16677456 0.40100268 0.2006999  0.39503718 0.31701903
 0.19075613 0.18196092 0.34380393 0.25164655 0.28326713 0.25417749
 0.27354326 0.28492164 0.34067696 0.20766264 0.2332712  0.18705751
 0.32128997 0.35444343 0.15137691 0.08194931 0.24147385 0.35619112
 0.32263131 0.26233576 0.31332306 0.2561339  0.42783263 0.2590822
 0.30220632 0.43867214 0.81578397 0.29593362 0.1358801  0.29359656
 0.60061249 0.46249185 0.56656004 0.34023339 0.32706279 0.53140868
 0.39956472 0.35625737 0.54504365 0.92124985 0.61113032 1.02626262
 1.09845306 0.56182637 0.80854149 0.80134856 0.85661505 0.21186801
 0.55310994 0.40854053 0.15386855 0.20948991 0.18536888 0.20105588
 0.53155128 0.4624049  0.52305895 0.33328683 0.23060886 0.14535129
 0.04516934 0.67218435 0.52106801 0.46152719 1.156137   1.06800354
 0.89441867 1.06698478 1.09413942 0.94161783 0.850224   0.5731381
 0.61067482 0.61123785 0.38291902 0.65811244 0.37982574 0.06538436
 0.01950463 0.44509929 0.99659192 1.19390404 1.03615267 1.12264174
 1.09328394 1.06889882 0.78788794 0.68472477 0.73216179 1.23180825
 0.82256943 0.85827738]
LR: [0.19106581 0.46509119 0.03909522 0.33048855 0.41108988 0.06715925
 0.10809333 0.06340198 0.09833025 0.10319188 0.11608423 0.05495496
 0.14794232 0.11518967 0.13084609 0.14772525 0.13788187 0.14241173
 0.05506457 0.03460226 0.16231801 0.16456068 0.14805417 0.13444332
 0.16562805 0.15748444 0.16586645 0.0512432  0.07943741 0.12433404
 0.16830936 0.19035012 0.15943084 0.12342015 0.17904605 0.14385672
 0.16957018 0.18497855 0.11786765 0.02366684 0.12168185 0.19141871
 0.16521962 0.15432759 0.17899058 0.15698416 0.17197852 0.16065744
 0.16267785 0.20052938 0.18625435 0.11668391 0.13056639 0.13260177
 0.19982191 0.179345   0.19264492 0.15706158 0.16381775 0.19252044
 0.16434195 0.1553914  0.22758484 0.22890458 0.1694888  0.23333483
 0.24329923 0.18066741 0.2001474  0.21007196 0.20628782 0.13196657
 0.16207859 0.15557359 0.16526983 0.14127857 0.13224153 0.14718515
 0.19278617 0.13875534 0.16367201 0.17236219 0.1711381  0.1259051
 0.11725536 0.20063143 0.17419832 0.18299113 0.26201131 0.23093935
 0.21910837 0.22650841 0.24226029 0.24672439 0.20017827 0.1799391
 0.19436017 0.18913437 0.17477615 0.19969793 0.15665694 0.14499356
 0.2276145  0.15200859 0.23525886 0.25847324 0.24823727 0.25407823
 0.25062766 0.23735041 0.23093846 0.20984609 0.22297008 0.28302967
 0.22380553 0.23905607]
SR: [0.80739897 0.86697678 0.72171297 0.78448206 0.67385922 0.48408285
 0.68630791 0.46420518 0.53154762 0.9961999  0.66074411 0.50450758
 0.78233687 0.66577941 0.81868273 0.55243493 0.86842205 0.65426372
 0.49175484 0.37243177 0.74533284 0.93412533 0.8792068  1.10685399
 1.00838753 0.73241523 0.77883488 0.44765051 0.54486175 0.70587158
 1.12429747 0.76711625 0.98641316 0.77131206 0.7390236  0.54089456
 0.71358691 0.75510864 0.89630764 0.30901017 0.81571805 1.03112148
 0.9841403  0.82481861 0.88369292 0.97765772 1.06867851 0.95064896
 1.02837463 1.24821025 1.23916357 0.66403651 0.62027333 0.6949462
 1.31457094 0.97206031 1.06611822 0.85288705 0.82040388 0.97373244
 0.91466823 0.84772481 1.13541658 1.34900312 1.17825263 1.40925401
 1.36305059 1.30546702 1.22387566 1.30285046 1.1442412  0.78036185
 0.96754404 1.06578389 0.8126923  0.82814048 0.45815437 0.5656574
 0.95258292 0.85650937 1.0050193  0.85921802 1.21298806 0.62670986
 0.67867536 1.26024129 1.07200202 1.08326584 1.65130235 1.46372514
 1.36782899 1.42048001 1.53839605 1.50932952 1.26127057 0.99726299
 0.98116293 1.09258983 0.81619489 1.01439603 0.96029685 0.72349332
 0.73305861 0.95967116 1.59262929 1.69680915 1.4922387  1.40780781
 1.65090948 1.4359886  1.37157471 1.35730936 1.24364032 1.66294366
 1.34383196 1.37949144]

All values for metric: position
HR: [[[2048 2304]
  [2560 2816]
  [2048 2304]]

 [[2048 2304]
  [2816 3072]
  [2048 2304]]

 [[2048 2304]
  [2816 3072]
  [2304 2560]]

 [[2304 2560]
  [2560 2816]
  [2048 2304]]

 [[2304 2560]
  [2816 3072]
  [2048 2304]]

 [[2304 2560]
  [2816 3072]
  [2304 2560]]

 [[2560 2816]
  [2304 2560]
  [1792 2048]]

 [[2560 2816]
  [2560 2816]
  [2048 2304]]

 [[2560 2816]
  [2816 3072]
  [2048 2304]]

 [[2560 2816]
  [2816 3072]
  [2304 2560]]

 [[3072 3328]
  [2304 2560]
  [1792 2048]]

 [[3072 3328]
  [2304 2560]
  [2048 2304]]

 [[3072 3328]
  [2560 2816]
  [1792 2048]]

 [[3072 3328]
  [2560 2816]
  [2048 2304]]

 [[3072 3328]
  [2560 2816]
  [2304 2560]]

 [[3072 3328]
  [2816 3072]
  [2048 2304]]

 [[3072 3328]
  [2816 3072]
  [2304 2560]]

 [[3328 3584]
  [2304 2560]
  [1792 2048]]

 [[3328 3584]
  [2304 2560]
  [2048 2304]]

 [[3328 3584]
  [2304 2560]
  [2304 2560]]

 [[3328 3584]
  [2560 2816]
  [1792 2048]]

 [[3328 3584]
  [2816 3072]
  [1792 2048]]

 [[3328 3584]
  [2560 2816]
  [2048 2304]]

 [[3328 3584]
  [2560 2816]
  [2304 2560]]

 [[3328 3584]
  [2816 3072]
  [2048 2304]]

 [[3328 3584]
  [2816 3072]
  [2304 2560]]

 [[3328 3584]
  [3072 3328]
  [2048 2304]]

 [[3584 3840]
  [2048 2304]
  [2048 2304]]

 [[3584 3840]
  [2304 2560]
  [2048 2304]]

 [[3584 3840]
  [2304 2560]
  [2304 2560]]

 [[3584 3840]
  [2560 2816]
  [1792 2048]]

 [[3584 3840]
  [2816 3072]
  [1792 2048]]

 [[3584 3840]
  [2560 2816]
  [2048 2304]]

 [[3584 3840]
  [2560 2816]
  [2304 2560]]

 [[3584 3840]
  [2816 3072]
  [2048 2304]]

 [[3584 3840]
  [2816 3072]
  [2304 2560]]

 [[3584 3840]
  [3072 3328]
  [2048 2304]]

 [[3584 3840]
  [3072 3328]
  [2304 2560]]

 [[3840 4096]
  [2048 2304]
  [2304 2560]]

 [[3840 4096]
  [2304 2560]
  [2048 2304]]

 [[3840 4096]
  [2304 2560]
  [2304 2560]]

 [[3840 4096]
  [2816 3072]
  [1792 2048]]

 [[3840 4096]
  [2560 2816]
  [2048 2304]]

 [[3840 4096]
  [2560 2816]
  [2304 2560]]

 [[3840 4096]
  [2816 3072]
  [2048 2304]]

 [[3840 4096]
  [2816 3072]
  [2304 2560]]

 [[3840 4096]
  [3072 3328]
  [1792 2048]]

 [[3840 4096]
  [3072 3328]
  [2048 2304]]

 [[3840 4096]
  [3072 3328]
  [2304 2560]]

 [[3840 4096]
  [3328 3584]
  [2304 2560]]

 [[4096 4352]
  [1536 1792]
  [2304 2560]]

 [[4096 4352]
  [1792 2048]
  [2304 2560]]

 [[4096 4352]
  [2048 2304]
  [2304 2560]]

 [[4096 4352]
  [2304 2560]
  [2304 2560]]

 [[4096 4352]
  [2816 3072]
  [1792 2048]]

 [[4096 4352]
  [2560 2816]
  [2304 2560]]

 [[4096 4352]
  [2816 3072]
  [2048 2304]]

 [[4096 4352]
  [2816 3072]
  [2304 2560]]

 [[4096 4352]
  [2560 2816]
  [2560 2816]]

 [[4096 4352]
  [3072 3328]
  [1792 2048]]

 [[4096 4352]
  [3072 3328]
  [2048 2304]]

 [[4096 4352]
  [3072 3328]
  [2304 2560]]

 [[4352 4608]
  [ 768 1024]
  [2304 2560]]

 [[4352 4608]
  [1024 1280]
  [2048 2304]]

 [[4352 4608]
  [1024 1280]
  [2304 2560]]

 [[4352 4608]
  [1280 1536]
  [2048 2304]]

 [[4352 4608]
  [1280 1536]
  [2304 2560]]

 [[4352 4608]
  [1024 1280]
  [2560 2816]]

 [[4352 4608]
  [1280 1536]
  [2560 2816]]

 [[4352 4608]
  [1536 1792]
  [2048 2304]]

 [[4352 4608]
  [1536 1792]
  [2304 2560]]

 [[4352 4608]
  [1792 2048]
  [2304 2560]]

 [[4352 4608]
  [1536 1792]
  [2560 2816]]

 [[4352 4608]
  [1792 2048]
  [2560 2816]]

 [[4352 4608]
  [2048 2304]
  [2304 2560]]

 [[4352 4608]
  [2304 2560]
  [2304 2560]]

 [[4352 4608]
  [2048 2304]
  [2560 2816]]

 [[4352 4608]
  [2304 2560]
  [2560 2816]]

 [[4352 4608]
  [2560 2816]
  [2304 2560]]

 [[4352 4608]
  [2816 3072]
  [2048 2304]]

 [[4352 4608]
  [2816 3072]
  [2304 2560]]

 [[4352 4608]
  [2560 2816]
  [2560 2816]]

 [[4352 4608]
  [3072 3328]
  [1792 2048]]

 [[4352 4608]
  [3072 3328]
  [2048 2304]]

 [[4352 4608]
  [3072 3328]
  [2304 2560]]

 [[4608 4864]
  [ 768 1024]
  [2048 2304]]

 [[4608 4864]
  [ 768 1024]
  [2304 2560]]

 [[4608 4864]
  [ 768 1024]
  [2560 2816]]

 [[4608 4864]
  [1024 1280]
  [2048 2304]]

 [[4608 4864]
  [1024 1280]
  [2304 2560]]

 [[4608 4864]
  [1280 1536]
  [2048 2304]]

 [[4608 4864]
  [1280 1536]
  [2304 2560]]

 [[4608 4864]
  [1024 1280]
  [2560 2816]]

 [[4608 4864]
  [1024 1280]
  [2816 3072]]

 [[4608 4864]
  [1280 1536]
  [2560 2816]]

 [[4608 4864]
  [1280 1536]
  [2816 3072]]

 [[4608 4864]
  [1536 1792]
  [2048 2304]]

 [[4608 4864]
  [1536 1792]
  [2304 2560]]

 [[4608 4864]
  [1792 2048]
  [2304 2560]]

 [[4608 4864]
  [1536 1792]
  [2560 2816]]

 [[4608 4864]
  [1792 2048]
  [2560 2816]]

 [[4608 4864]
  [3072 3328]
  [2048 2304]]

 [[4608 4864]
  [3072 3328]
  [2304 2560]]

 [[4864 5120]
  [ 768 1024]
  [2304 2560]]

 [[4864 5120]
  [1024 1280]
  [2048 2304]]

 [[4864 5120]
  [1024 1280]
  [2304 2560]]

 [[4864 5120]
  [1280 1536]
  [2048 2304]]

 [[4864 5120]
  [1280 1536]
  [2304 2560]]

 [[4864 5120]
  [1024 1280]
  [2560 2816]]

 [[4864 5120]
  [1280 1536]
  [2560 2816]]

 [[4864 5120]
  [1280 1536]
  [2816 3072]]

 [[4864 5120]
  [1536 1792]
  [2304 2560]]

 [[4864 5120]
  [1536 1792]
  [2560 2816]]

 [[5120 5376]
  [1024 1280]
  [2304 2560]]

 [[5120 5376]
  [1280 1536]
  [2304 2560]]

 [[5120 5376]
  [1280 1536]
  [2560 2816]]]
LR: [[[2048 2304]
  [2560 2816]
  [2048 2304]]

 [[2048 2304]
  [2816 3072]
  [2048 2304]]

 [[2048 2304]
  [2816 3072]
  [2304 2560]]

 [[2304 2560]
  [2560 2816]
  [2048 2304]]

 [[2304 2560]
  [2816 3072]
  [2048 2304]]

 [[2304 2560]
  [2816 3072]
  [2304 2560]]

 [[2560 2816]
  [2304 2560]
  [1792 2048]]

 [[2560 2816]
  [2560 2816]
  [2048 2304]]

 [[2560 2816]
  [2816 3072]
  [2048 2304]]

 [[2560 2816]
  [2816 3072]
  [2304 2560]]

 [[3072 3328]
  [2304 2560]
  [1792 2048]]

 [[3072 3328]
  [2304 2560]
  [2048 2304]]

 [[3072 3328]
  [2560 2816]
  [1792 2048]]

 [[3072 3328]
  [2560 2816]
  [2048 2304]]

 [[3072 3328]
  [2560 2816]
  [2304 2560]]

 [[3072 3328]
  [2816 3072]
  [2048 2304]]

 [[3072 3328]
  [2816 3072]
  [2304 2560]]

 [[3328 3584]
  [2304 2560]
  [1792 2048]]

 [[3328 3584]
  [2304 2560]
  [2048 2304]]

 [[3328 3584]
  [2304 2560]
  [2304 2560]]

 [[3328 3584]
  [2560 2816]
  [1792 2048]]

 [[3328 3584]
  [2816 3072]
  [1792 2048]]

 [[3328 3584]
  [2560 2816]
  [2048 2304]]

 [[3328 3584]
  [2560 2816]
  [2304 2560]]

 [[3328 3584]
  [2816 3072]
  [2048 2304]]

 [[3328 3584]
  [2816 3072]
  [2304 2560]]

 [[3328 3584]
  [3072 3328]
  [2048 2304]]

 [[3584 3840]
  [2048 2304]
  [2048 2304]]

 [[3584 3840]
  [2304 2560]
  [2048 2304]]

 [[3584 3840]
  [2304 2560]
  [2304 2560]]

 [[3584 3840]
  [2560 2816]
  [1792 2048]]

 [[3584 3840]
  [2816 3072]
  [1792 2048]]

 [[3584 3840]
  [2560 2816]
  [2048 2304]]

 [[3584 3840]
  [2560 2816]
  [2304 2560]]

 [[3584 3840]
  [2816 3072]
  [2048 2304]]

 [[3584 3840]
  [2816 3072]
  [2304 2560]]

 [[3584 3840]
  [3072 3328]
  [2048 2304]]

 [[3584 3840]
  [3072 3328]
  [2304 2560]]

 [[3840 4096]
  [2048 2304]
  [2304 2560]]

 [[3840 4096]
  [2304 2560]
  [2048 2304]]

 [[3840 4096]
  [2304 2560]
  [2304 2560]]

 [[3840 4096]
  [2816 3072]
  [1792 2048]]

 [[3840 4096]
  [2560 2816]
  [2048 2304]]

 [[3840 4096]
  [2560 2816]
  [2304 2560]]

 [[3840 4096]
  [2816 3072]
  [2048 2304]]

 [[3840 4096]
  [2816 3072]
  [2304 2560]]

 [[3840 4096]
  [3072 3328]
  [1792 2048]]

 [[3840 4096]
  [3072 3328]
  [2048 2304]]

 [[3840 4096]
  [3072 3328]
  [2304 2560]]

 [[3840 4096]
  [3328 3584]
  [2304 2560]]

 [[4096 4352]
  [1536 1792]
  [2304 2560]]

 [[4096 4352]
  [1792 2048]
  [2304 2560]]

 [[4096 4352]
  [2048 2304]
  [2304 2560]]

 [[4096 4352]
  [2304 2560]
  [2304 2560]]

 [[4096 4352]
  [2816 3072]
  [1792 2048]]

 [[4096 4352]
  [2560 2816]
  [2304 2560]]

 [[4096 4352]
  [2816 3072]
  [2048 2304]]

 [[4096 4352]
  [2816 3072]
  [2304 2560]]

 [[4096 4352]
  [2560 2816]
  [2560 2816]]

 [[4096 4352]
  [3072 3328]
  [1792 2048]]

 [[4096 4352]
  [3072 3328]
  [2048 2304]]

 [[4096 4352]
  [3072 3328]
  [2304 2560]]

 [[4352 4608]
  [ 768 1024]
  [2304 2560]]

 [[4352 4608]
  [1024 1280]
  [2048 2304]]

 [[4352 4608]
  [1024 1280]
  [2304 2560]]

 [[4352 4608]
  [1280 1536]
  [2048 2304]]

 [[4352 4608]
  [1280 1536]
  [2304 2560]]

 [[4352 4608]
  [1024 1280]
  [2560 2816]]

 [[4352 4608]
  [1280 1536]
  [2560 2816]]

 [[4352 4608]
  [1536 1792]
  [2048 2304]]

 [[4352 4608]
  [1536 1792]
  [2304 2560]]

 [[4352 4608]
  [1792 2048]
  [2304 2560]]

 [[4352 4608]
  [1536 1792]
  [2560 2816]]

 [[4352 4608]
  [1792 2048]
  [2560 2816]]

 [[4352 4608]
  [2048 2304]
  [2304 2560]]

 [[4352 4608]
  [2304 2560]
  [2304 2560]]

 [[4352 4608]
  [2048 2304]
  [2560 2816]]

 [[4352 4608]
  [2304 2560]
  [2560 2816]]

 [[4352 4608]
  [2560 2816]
  [2304 2560]]

 [[4352 4608]
  [2816 3072]
  [2048 2304]]

 [[4352 4608]
  [2816 3072]
  [2304 2560]]

 [[4352 4608]
  [2560 2816]
  [2560 2816]]

 [[4352 4608]
  [3072 3328]
  [1792 2048]]

 [[4352 4608]
  [3072 3328]
  [2048 2304]]

 [[4352 4608]
  [3072 3328]
  [2304 2560]]

 [[4608 4864]
  [ 768 1024]
  [2048 2304]]

 [[4608 4864]
  [ 768 1024]
  [2304 2560]]

 [[4608 4864]
  [ 768 1024]
  [2560 2816]]

 [[4608 4864]
  [1024 1280]
  [2048 2304]]

 [[4608 4864]
  [1024 1280]
  [2304 2560]]

 [[4608 4864]
  [1280 1536]
  [2048 2304]]

 [[4608 4864]
  [1280 1536]
  [2304 2560]]

 [[4608 4864]
  [1024 1280]
  [2560 2816]]

 [[4608 4864]
  [1024 1280]
  [2816 3072]]

 [[4608 4864]
  [1280 1536]
  [2560 2816]]

 [[4608 4864]
  [1280 1536]
  [2816 3072]]

 [[4608 4864]
  [1536 1792]
  [2048 2304]]

 [[4608 4864]
  [1536 1792]
  [2304 2560]]

 [[4608 4864]
  [1792 2048]
  [2304 2560]]

 [[4608 4864]
  [1536 1792]
  [2560 2816]]

 [[4608 4864]
  [1792 2048]
  [2560 2816]]

 [[4608 4864]
  [3072 3328]
  [2048 2304]]

 [[4608 4864]
  [3072 3328]
  [2304 2560]]

 [[4864 5120]
  [ 768 1024]
  [2304 2560]]

 [[4864 5120]
  [1024 1280]
  [2048 2304]]

 [[4864 5120]
  [1024 1280]
  [2304 2560]]

 [[4864 5120]
  [1280 1536]
  [2048 2304]]

 [[4864 5120]
  [1280 1536]
  [2304 2560]]

 [[4864 5120]
  [1024 1280]
  [2560 2816]]

 [[4864 5120]
  [1280 1536]
  [2560 2816]]

 [[4864 5120]
  [1280 1536]
  [2816 3072]]

 [[4864 5120]
  [1536 1792]
  [2304 2560]]

 [[4864 5120]
  [1536 1792]
  [2560 2816]]

 [[5120 5376]
  [1024 1280]
  [2304 2560]]

 [[5120 5376]
  [1280 1536]
  [2304 2560]]

 [[5120 5376]
  [1280 1536]
  [2560 2816]]]
SR: [[[2048 2304]
  [2560 2816]
  [2048 2304]]

 [[2048 2304]
  [2816 3072]
  [2048 2304]]

 [[2048 2304]
  [2816 3072]
  [2304 2560]]

 [[2304 2560]
  [2560 2816]
  [2048 2304]]

 [[2304 2560]
  [2816 3072]
  [2048 2304]]

 [[2304 2560]
  [2816 3072]
  [2304 2560]]

 [[2560 2816]
  [2304 2560]
  [1792 2048]]

 [[2560 2816]
  [2560 2816]
  [2048 2304]]

 [[2560 2816]
  [2816 3072]
  [2048 2304]]

 [[2560 2816]
  [2816 3072]
  [2304 2560]]

 [[3072 3328]
  [2304 2560]
  [1792 2048]]

 [[3072 3328]
  [2304 2560]
  [2048 2304]]

 [[3072 3328]
  [2560 2816]
  [1792 2048]]

 [[3072 3328]
  [2560 2816]
  [2048 2304]]

 [[3072 3328]
  [2560 2816]
  [2304 2560]]

 [[3072 3328]
  [2816 3072]
  [2048 2304]]

 [[3072 3328]
  [2816 3072]
  [2304 2560]]

 [[3328 3584]
  [2304 2560]
  [1792 2048]]

 [[3328 3584]
  [2304 2560]
  [2048 2304]]

 [[3328 3584]
  [2304 2560]
  [2304 2560]]

 [[3328 3584]
  [2560 2816]
  [1792 2048]]

 [[3328 3584]
  [2816 3072]
  [1792 2048]]

 [[3328 3584]
  [2560 2816]
  [2048 2304]]

 [[3328 3584]
  [2560 2816]
  [2304 2560]]

 [[3328 3584]
  [2816 3072]
  [2048 2304]]

 [[3328 3584]
  [2816 3072]
  [2304 2560]]

 [[3328 3584]
  [3072 3328]
  [2048 2304]]

 [[3584 3840]
  [2048 2304]
  [2048 2304]]

 [[3584 3840]
  [2304 2560]
  [2048 2304]]

 [[3584 3840]
  [2304 2560]
  [2304 2560]]

 [[3584 3840]
  [2560 2816]
  [1792 2048]]

 [[3584 3840]
  [2816 3072]
  [1792 2048]]

 [[3584 3840]
  [2560 2816]
  [2048 2304]]

 [[3584 3840]
  [2560 2816]
  [2304 2560]]

 [[3584 3840]
  [2816 3072]
  [2048 2304]]

 [[3584 3840]
  [2816 3072]
  [2304 2560]]

 [[3584 3840]
  [3072 3328]
  [2048 2304]]

 [[3584 3840]
  [3072 3328]
  [2304 2560]]

 [[3840 4096]
  [2048 2304]
  [2304 2560]]

 [[3840 4096]
  [2304 2560]
  [2048 2304]]

 [[3840 4096]
  [2304 2560]
  [2304 2560]]

 [[3840 4096]
  [2816 3072]
  [1792 2048]]

 [[3840 4096]
  [2560 2816]
  [2048 2304]]

 [[3840 4096]
  [2560 2816]
  [2304 2560]]

 [[3840 4096]
  [2816 3072]
  [2048 2304]]

 [[3840 4096]
  [2816 3072]
  [2304 2560]]

 [[3840 4096]
  [3072 3328]
  [1792 2048]]

 [[3840 4096]
  [3072 3328]
  [2048 2304]]

 [[3840 4096]
  [3072 3328]
  [2304 2560]]

 [[3840 4096]
  [3328 3584]
  [2304 2560]]

 [[4096 4352]
  [1536 1792]
  [2304 2560]]

 [[4096 4352]
  [1792 2048]
  [2304 2560]]

 [[4096 4352]
  [2048 2304]
  [2304 2560]]

 [[4096 4352]
  [2304 2560]
  [2304 2560]]

 [[4096 4352]
  [2816 3072]
  [1792 2048]]

 [[4096 4352]
  [2560 2816]
  [2304 2560]]

 [[4096 4352]
  [2816 3072]
  [2048 2304]]

 [[4096 4352]
  [2816 3072]
  [2304 2560]]

 [[4096 4352]
  [2560 2816]
  [2560 2816]]

 [[4096 4352]
  [3072 3328]
  [1792 2048]]

 [[4096 4352]
  [3072 3328]
  [2048 2304]]

 [[4096 4352]
  [3072 3328]
  [2304 2560]]

 [[4352 4608]
  [ 768 1024]
  [2304 2560]]

 [[4352 4608]
  [1024 1280]
  [2048 2304]]

 [[4352 4608]
  [1024 1280]
  [2304 2560]]

 [[4352 4608]
  [1280 1536]
  [2048 2304]]

 [[4352 4608]
  [1280 1536]
  [2304 2560]]

 [[4352 4608]
  [1024 1280]
  [2560 2816]]

 [[4352 4608]
  [1280 1536]
  [2560 2816]]

 [[4352 4608]
  [1536 1792]
  [2048 2304]]

 [[4352 4608]
  [1536 1792]
  [2304 2560]]

 [[4352 4608]
  [1792 2048]
  [2304 2560]]

 [[4352 4608]
  [1536 1792]
  [2560 2816]]

 [[4352 4608]
  [1792 2048]
  [2560 2816]]

 [[4352 4608]
  [2048 2304]
  [2304 2560]]

 [[4352 4608]
  [2304 2560]
  [2304 2560]]

 [[4352 4608]
  [2048 2304]
  [2560 2816]]

 [[4352 4608]
  [2304 2560]
  [2560 2816]]

 [[4352 4608]
  [2560 2816]
  [2304 2560]]

 [[4352 4608]
  [2816 3072]
  [2048 2304]]

 [[4352 4608]
  [2816 3072]
  [2304 2560]]

 [[4352 4608]
  [2560 2816]
  [2560 2816]]

 [[4352 4608]
  [3072 3328]
  [1792 2048]]

 [[4352 4608]
  [3072 3328]
  [2048 2304]]

 [[4352 4608]
  [3072 3328]
  [2304 2560]]

 [[4608 4864]
  [ 768 1024]
  [2048 2304]]

 [[4608 4864]
  [ 768 1024]
  [2304 2560]]

 [[4608 4864]
  [ 768 1024]
  [2560 2816]]

 [[4608 4864]
  [1024 1280]
  [2048 2304]]

 [[4608 4864]
  [1024 1280]
  [2304 2560]]

 [[4608 4864]
  [1280 1536]
  [2048 2304]]

 [[4608 4864]
  [1280 1536]
  [2304 2560]]

 [[4608 4864]
  [1024 1280]
  [2560 2816]]

 [[4608 4864]
  [1024 1280]
  [2816 3072]]

 [[4608 4864]
  [1280 1536]
  [2560 2816]]

 [[4608 4864]
  [1280 1536]
  [2816 3072]]

 [[4608 4864]
  [1536 1792]
  [2048 2304]]

 [[4608 4864]
  [1536 1792]
  [2304 2560]]

 [[4608 4864]
  [1792 2048]
  [2304 2560]]

 [[4608 4864]
  [1536 1792]
  [2560 2816]]

 [[4608 4864]
  [1792 2048]
  [2560 2816]]

 [[4608 4864]
  [3072 3328]
  [2048 2304]]

 [[4608 4864]
  [3072 3328]
  [2304 2560]]

 [[4864 5120]
  [ 768 1024]
  [2304 2560]]

 [[4864 5120]
  [1024 1280]
  [2048 2304]]

 [[4864 5120]
  [1024 1280]
  [2304 2560]]

 [[4864 5120]
  [1280 1536]
  [2048 2304]]

 [[4864 5120]
  [1280 1536]
  [2304 2560]]

 [[4864 5120]
  [1024 1280]
  [2560 2816]]

 [[4864 5120]
  [1280 1536]
  [2560 2816]]

 [[4864 5120]
  [1280 1536]
  [2816 3072]]

 [[4864 5120]
  [1536 1792]
  [2304 2560]]

 [[4864 5120]
  [1536 1792]
  [2560 2816]]

 [[5120 5376]
  [1024 1280]
  [2304 2560]]

 [[5120 5376]
  [1280 1536]
  [2304 2560]]

 [[5120 5376]
  [1280 1536]
  [2560 2816]]]

All values for metric: patch_idx
HR: [  0   1   2   3   4   5   6   7   8   9  10  11  12  13  14  15  16  17
  18  19  20  21  22  23  24  25  26  27  28  29  30  31  32  33  34  35
  36  37  38  39  40  41  42  43  44  45  46  47  48  49  50  51  52  53
  54  55  56  57  58  59  60  61  62  63  64  65  66  67  68  69  70  71
  72  73  74  75  76  77  78  79  80  81  82  83  84  85  86  87  88  89
  90  91  92  93  94  95  96  97  98  99 100 101 102 103 104 105 106 107
 108 109 110 111 112 113 114 115]
LR: [  0   1   2   3   4   5   6   7   8   9  10  11  12  13  14  15  16  17
  18  19  20  21  22  23  24  25  26  27  28  29  30  31  32  33  34  35
  36  37  38  39  40  41  42  43  44  45  46  47  48  49  50  51  52  53
  54  55  56  57  58  59  60  61  62  63  64  65  66  67  68  69  70  71
  72  73  74  75  76  77  78  79  80  81  82  83  84  85  86  87  88  89
  90  91  92  93  94  95  96  97  98  99 100 101 102 103 104 105 106 107
 108 109 110 111 112 113 114 115]
SR: [  0   1   2   3   4   5   6   7   8   9  10  11  12  13  14  15  16  17
  18  19  20  21  22  23  24  25  26  27  28  29  30  31  32  33  34  35
  36  37  38  39  40  41  42  43  44  45  46  47  48  49  50  51  52  53
  54  55  56  57  58  59  60  61  62  63  64  65  66  67  68  69  70  71
  72  73  74  75  76  77  78  79  80  81  82  83  84  85  86  87  88  89
  90  91  92  93  94  95  96  97  98  99 100 101 102 103 104 105 106 107
 108 109 110 111 112 113 114 115]
