Found 1 groups:
  - 2019_L
Found 1 groups:
  - 2019_L
Patch discarded for spacing: BV/TV too low (< 0.04)
Patch discarded for spacing: BV/TV too low (< 0.04)
Patch discarded for spacing: BV/TV too low (< 0.04)
Patch discarded for spacing: BV/TV too low (< 0.04)
Patch discarded for spacing: BV/TV too low (< 0.04)
Patch discarded for spacing: BV/TV too low (< 0.04)
Patch discarded for spacing: BV/TV too low (< 0.04)
Patch discarded for spacing: BV/TV too low (< 0.04)
Patch discarded for spacing: BV/TV too low (< 0.04)
Patch discarded for spacing: BV/TV too low (< 0.04)
Patch discarded for spacing: BV/TV too low (< 0.04)
Patch discarded for spacing: BV/TV too low (< 0.04)
Patch discarded for spacing: BV/TV too low (< 0.04)
Patch discarded for spacing: BV/TV too low (< 0.04)
Patch discarded for spacing: BV/TV too low (< 0.04)
Patch discarded for spacing: BV/TV too low (< 0.04)
Patch discarded for spacing: BV/TV too low (< 0.04)
Patch discarded for spacing: BV/TV too low (< 0.04)
Patch discarded for spacing: BV/TV too low (< 0.04)
Patch discarded for spacing: BV/TV too low (< 0.04)
Patch discarded for spacing: BV/TV too low (< 0.04)
Patch discarded for spacing: BV/TV too low (< 0.04)
Patch discarded for spacing: BV/TV too low (< 0.04)
Patch discarded for spacing: BV/TV too low (< 0.04)
Patch discarded for spacing: BV/TV too low (< 0.04)
Patch discarded for spacing: BV/TV too low (< 0.04)
Patch discarded for spacing: BV/TV too low (< 0.04)
Patch discarded for spacing: BV/TV too low (< 0.04)
Patch discarded for spacing: BV/TV too low (< 0.04)
Patch discarded for spacing: BV/TV too low (< 0.04)
Patch discarded for spacing: BV/TV too low (< 0.04)
Patch discarded for spacing: BV/TV too low (< 0.04)
Patch discarded for spacing: BV/TV too low (< 0.04)
Patch discarded for spacing: BV/TV too low (< 0.04)
Patch discarded for spacing: BV/TV too low (< 0.04)
Patch discarded for spacing: BV/TV too low (< 0.04)
Patch discarded for spacing: BV/TV too low (< 0.04)
Patch discarded for spacing: BV/TV too low (< 0.04)
Patch discarded for spacing: BV/TV too low (< 0.04)
Patch discarded for spacing: BV/TV too low (< 0.04)
Patch discarded for spacing: BV/TV too low (< 0.04)
Patch discarded for spacing: BV/TV too low (< 0.04)
Patch discarded for spacing: BV/TV too low (< 0.04)
Patch discarded for spacing: BV/TV too low (< 0.04)
Patch discarded for spacing: BV/TV too low (< 0.04)
Patch discarded for spacing: BV/TV too low (< 0.04)
Patch discarded for spacing: BV/TV too low (< 0.04)
Patch discarded for spacing: BV/TV too low (< 0.04)
Patch discarded for spacing: BV/TV too low (< 0.04)
Patch discarded for spacing: BV/TV too low (< 0.04)
Patch discarded for spacing: BV/TV too low (< 0.04)
Patch discarded for spacing: BV/TV too low (< 0.04)
Patch discarded for spacing: BV/TV too low (< 0.04)
Patch discarded for spacing: BV/TV too low (< 0.04)
Patch discarded for spacing: BV/TV too low (< 0.04)
Patch discarded for spacing: BV/TV too low (< 0.04)
Patch discarded for spacing: BV/TV too low (< 0.04)
Patch discarded for spacing: BV/TV too low (< 0.04)
Patch discarded for spacing: BV/TV too low (< 0.04)
Patch discarded for spacing: BV/TV too low (< 0.04)
Patch discarded for spacing: BV/TV too low (< 0.04)
Patch discarded for spacing: BV/TV too low (< 0.04)
Patch discarded for spacing: BV/TV too low (< 0.04)
Patch discarded for spacing: BV/TV too low (< 0.04)
Patch discarded for spacing: BV/TV too low (< 0.04)
Patch discarded for spacing: BV/TV too low (< 0.04)
Patch discarded for spacing: BV/TV too low (< 0.04)
Patch discarded for spacing: BV/TV too low (< 0.04)
Patch discarded for spacing: BV/TV too low (< 0.04)
Patch discarded for spacing: BV/TV too low (< 0.04)
Patch discarded for spacing: BV/TV too low (< 0.04)
Patch discarded for spacing: BV/TV too low (< 0.04)
Patch discarded for spacing: BV/TV too low (< 0.04)
Patch discarded for spacing: BV/TV too low (< 0.04)
Patch discarded for spacing: BV/TV too low (< 0.04)
Patch discarded for spacing: BV/TV too low (< 0.04)
Patch discarded for spacing: BV/TV too low (< 0.04)
Patch discarded for spacing: BV/TV too low (< 0.04)
Patch discarded for spacing: BV/TV too low (< 0.04)
Patch discarded for spacing: BV/TV too low (< 0.04)
Patch discarded for spacing: BV/TV too low (< 0.04)
Patch discarded for spacing: BV/TV too low (< 0.04)
Patch discarded for spacing: BV/TV too low (< 0.04)
Patch discarded for spacing: BV/TV too low (< 0.04)
Patch discarded for spacing: BV/TV too low (< 0.04)
Patch discarded for spacing: BV/TV too low (< 0.04)
Patch discarded for spacing: BV/TV too low (< 0.04)
Patch discarded for spacing: BV/TV too low (< 0.04)
Patch discarded for spacing: BV/TV too low (< 0.04)
Patch discarded for spacing: BV/TV too low (< 0.04)
Patch discarded for spacing: BV/TV too low (< 0.04)
Patch discarded for spacing: BV/TV too low (< 0.04)
Patch discarded for spacing: BV/TV too low (< 0.04)
Patch discarded for spacing: BV/TV too low (< 0.04)
Patch discarded for spacing: BV/TV too low (< 0.04)
Patch discarded for spacing: BV/TV too low (< 0.04)
Patch discarded for spacing: BV/TV too low (< 0.04)
Patch discarded for spacing: BV/TV too low (< 0.04)
Patch discarded for spacing: BV/TV too low (< 0.04)
Patch discarded for spacing: BV/TV too low (< 0.04)
Patch discarded for spacing: BV/TV too low (< 0.04)
Patch discarded for spacing: BV/TV too low (< 0.04)
Patch discarded for spacing: BV/TV too low (< 0.04)
Patch discarded for spacing: BV/TV too low (< 0.04)
Patch discarded for spacing: BV/TV too low (< 0.04)
Patch discarded for spacing: BV/TV too low (< 0.04)
Patch discarded for spacing: BV/TV too low (< 0.04)
Patch discarded for spacing: BV/TV too low (< 0.04)
Patch discarded for spacing: BV/TV too low (< 0.04)
Patch discarded for spacing: BV/TV too low (< 0.04)
Patch discarded for spacing: BV/TV too low (< 0.04)
Patch discarded for spacing: BV/TV too low (< 0.04)
Patch discarded for spacing: BV/TV too low (< 0.04)
Patch discarded for spacing: BV/TV too low (< 0.04)
Patch discarded for spacing: BV/TV too low (< 0.04)
Patch discarded for spacing: BV/TV too low (< 0.04)
Patch discarded for spacing: BV/TV too low (< 0.04)
Patch discarded for spacing: BV/TV too low (< 0.04)
Patch discarded for spacing: BV/TV too low (< 0.04)
Patch discarded for spacing: BV/TV too low (< 0.04)
Patch discarded for spacing: BV/TV too low (< 0.04)
Patch discarded for spacing: BV/TV too low (< 0.04)
Patch discarded for spacing: BV/TV too low (< 0.04)
Patch discarded for spacing: BV/TV too low (< 0.04)
Patch discarded for spacing: BV/TV too low (< 0.04)
Patch discarded for spacing: BV/TV too low (< 0.04)
Patch discarded for spacing: BV/TV too low (< 0.04)
Patch discarded for spacing: BV/TV too low (< 0.04)
Patch discarded for spacing: BV/TV too low (< 0.04)
Patch discarded for spacing: BV/TV too low (< 0.04)
Patch discarded for spacing: BV/TV too low (< 0.04)
Patch discarded for spacing: BV/TV too low (< 0.04)
Patch discarded for spacing: BV/TV too low (< 0.04)
Patch discarded for spacing: BV/TV too low (< 0.04)
Patch discarded for spacing: BV/TV too low (< 0.04)
Total patches attempted: 132
Total patches included: 119
Excluded (empty or mostly air, empty slices): 13
Excluded (metric computation failed): 0
Saved per-patch metrics to: stat_outputs/trabecular_metrics_ds10_200ep.csv

All values for metric: bone_volume_fraction
HR: [0.00838572 0.00033051 0.02025521 0.05677426 0.01329267 0.00848597
 0.03028578 0.01666129 0.11112636 0.03004497 0.04051495 0.01938981
 0.03331465 0.01337719 0.1560964  0.0373019  0.05195415 0.04638857
 0.01695156 0.02683449 0.03732908 0.13051224 0.07721341 0.0587303
 0.0201388  0.05830079 0.03423965 0.0171051  0.01624072 0.03930175
 0.1339016  0.07443202 0.03068829 0.02532053 0.02707994 0.04099256
 0.0203985  0.02149129 0.02018738 0.03738219 0.03683823 0.01497674
 0.0632633  0.02685803 0.035667   0.03339255 0.02360719 0.03192693
 0.02467459 0.05667263 0.02666414 0.0319674  0.04874802 0.17629844
 0.04142386 0.01148081 0.03312886 0.0739302  0.04892457 0.07245415
 0.03637493 0.03831029 0.06767559 0.04479611 0.04266042 0.05583638
 0.15223777 0.09920979 0.20079941 0.23629308 0.07955837 0.14582419
 0.1293366  0.15204507 0.031012   0.082425   0.05205262 0.01241368
 0.01946014 0.01679426 0.01802826 0.06182623 0.113617   0.07063365
 0.03650212 0.02262551 0.01405233 0.00468808 0.10310119 0.08386272
 0.06018472 0.21380997 0.21592098 0.1522513  0.22599828 0.23147696
 0.14878416 0.16015291 0.07900125 0.08081496 0.09239733 0.04194146
 0.08988935 0.0456661  0.00559026 0.00174201 0.06159204 0.17714524
 0.24964517 0.17037934 0.20114022 0.20579529 0.20420796 0.10814142
 0.09020907 0.09360689 0.23210275 0.13487226 0.12174505]
LR: [0.27568012 0.44648355 0.08211166 0.18814546 0.11604404 0.21714813
 0.17364728 0.17898852 0.1366716  0.14099264 0.15682495 0.17653793
 0.19640881 0.20902658 0.18229365 0.22555935 0.17217451 0.21537232
 0.25159389 0.23321241 0.212125   0.15103823 0.07250023 0.25118476
 0.23942935 0.22546291 0.22132391 0.25499988 0.2606321  0.23703283
 0.16973948 0.13901991 0.19768882 0.27014154 0.27183759 0.23849857
 0.19850922 0.27659798 0.22898829 0.24416304 0.27706093 0.2047295
 0.06140476 0.21041173 0.27888143 0.25361699 0.24814099 0.27014196
 0.25551844 0.2376287  0.24226636 0.2464503  0.28198856 0.30739254
 0.15585166 0.24434435 0.20558089 0.28128558 0.25350583 0.28622204
 0.23687625 0.23381698 0.27483231 0.24976987 0.23455513 0.31527412
 0.36433345 0.25250673 0.36273056 0.40503687 0.25944179 0.32565922
 0.32190317 0.34015942 0.16182822 0.26139897 0.24307573 0.25984919
 0.23264658 0.23909253 0.23638254 0.27469349 0.25380105 0.27847242
 0.25871503 0.24486476 0.21173906 0.21490324 0.291062   0.25063545
 0.25267273 0.40330446 0.38065147 0.33079773 0.37673444 0.39276421
 0.36195195 0.32286799 0.26330054 0.27479172 0.26780283 0.25871259
 0.30056512 0.22519487 0.24991536 0.33041286 0.23777926 0.33314353
 0.39640868 0.36787653 0.37890708 0.36842108 0.37102991 0.31150466
 0.28216124 0.32546157 0.40955853 0.32316649 0.33305126]
SR: [0.01195002 0.04537988 0.15657753 0.03654605 0.00794208 0.0246622
 0.00649822 0.01344019 0.11923289 0.05798668 0.0218932  0.01320738
 0.01534063 0.01473707 0.16579634 0.0251531  0.05472624 0.00985378
 0.02504295 0.01301658 0.01052302 0.11253697 0.05765158 0.02192962
 0.00516367 0.01899683 0.00363225 0.01040649 0.02196944 0.00695848
 0.17649066 0.06481969 0.0098331  0.00226587 0.00093442 0.0093773
 0.00686556 0.00574714 0.0375666  0.00398844 0.00242203 0.00928432
 0.0473935  0.00517642 0.0012694  0.00594842 0.00264072 0.00598329
 0.00484532 0.0104664  0.00182974 0.00553173 0.00625354 0.11220205
 0.01801282 0.0035854  0.00392443 0.01250559 0.00932318 0.01659352
 0.00526994 0.00748318 0.00629717 0.00952482 0.01194668 0.0031479
 0.04629558 0.03716016 0.10383868 0.15040469 0.02400184 0.09816736
 0.03848386 0.07300735 0.01277292 0.07799006 0.01425821 0.0001896
 0.00185585 0.00172877 0.00086838 0.01316822 0.089324   0.070364
 0.00343555 0.00344539 0.00420165 0.04040104 0.03193104 0.02641517
 0.04480141 0.05223805 0.08927929 0.04277873 0.13465583 0.11107701
 0.04479706 0.08627266 0.02251816 0.00856519 0.01867402 0.00242728
 0.02195537 0.00528473 0.01087779 0.01496553 0.06786329 0.05389076
 0.134251   0.0272845  0.06827223 0.07179844 0.08183241 0.02021176
 0.02471113 0.01344711 0.05339915 0.03245515 0.02176273]

All values for metric: trabecular_thickness_mean
HR: [0.09010352 0.05419844 0.1662891  0.17669951 0.13180258 0.14770942
 0.13328421 0.10378688 0.42290727 0.19543191 0.15522769 0.1325429
 0.13103472 0.14369039 0.51527794 0.14210734 0.16910076 0.13036587
 0.09802955 0.11149314 0.12970738 0.47897842 0.46298071 0.14645863
 0.10034285 0.14758305 0.10800503 0.08967    0.08925387 0.11431444
 0.53210185 0.26276263 0.12073566 0.09256499 0.09504346 0.12032677
 0.09822902 0.09213006 0.1079207  0.1163503  0.10393262 0.09893675
 0.77198085 0.11122543 0.10013445 0.10350064 0.08998847 0.1018978
 0.09633475 0.13246449 0.10291768 0.10578006 0.11112631 0.21610922
 0.13997685 0.0844922  0.11283803 0.12309135 0.10578471 0.12788434
 0.10691169 0.11713436 0.12735131 0.11211227 0.11974606 0.10244387
 0.16525134 0.16233818 0.19566084 0.2151144  0.14160669 0.18035462
 0.16139867 0.17749521 0.14637415 0.149021   0.12741114 0.08067718
 0.09289298 0.09059916 0.0896679  0.11631282 0.24570891 0.13503956
 0.10952165 0.09811204 0.09667841 0.10378908 0.15338232 0.16094391
 0.13040341 0.1849348  0.20217254 0.17022375 0.21181022 0.21156076
 0.15800907 0.18836555 0.13783981 0.13233714 0.15116428 0.1095309
 0.13658661 0.12022908 0.08549843 0.08931238 0.13837821 0.17775103
 0.20909986 0.16443459 0.17916689 0.1882359  0.19104517 0.13725483
 0.131745   0.12785001 0.18842442 0.16396459 0.14184814]
LR: [0.51008236 0.51393354 0.57496437 0.59841957 0.4886194  0.45586894
 0.52427802 0.50402704 1.03211603 0.51899255 0.50895949 0.46885901
 0.49998145 0.48276657 1.11417457 0.50884811 0.50176338 0.47139673
 0.47740293 0.48164161 0.49660277 0.92918653 1.43568381 0.52737809
 0.47818382 0.4864304  0.48165034 0.46623263 0.47013401 0.45728261
 1.01960021 0.62263706 0.47349551 0.50092724 0.47867027 0.48291419
 0.46494478 0.46233312 0.46989568 0.4655072  0.48038854 0.46842343
 1.35470305 0.47485431 0.47233963 0.48164183 0.48510567 0.47541939
 0.46918794 0.50081853 0.46661011 0.48358075 0.49884998 0.56138586
 0.49697449 0.47397694 0.46975508 0.53110327 0.48990821 0.50470011
 0.49395165 0.50404934 0.50417261 0.52239766 0.53299838 0.50671266
 0.53413056 0.53557766 0.53028095 0.54998868 0.50399654 0.52811943
 0.51364412 0.54806453 0.51383129 0.52657454 0.4856672  0.46796787
 0.47362066 0.48211064 0.4719679  0.52424994 0.69574428 0.56179171
 0.47732872 0.51325175 0.52605816 0.52701203 0.55305765 0.53952518
 0.51854439 0.52928937 0.56267462 0.51419938 0.59828475 0.55647785
 0.52012041 0.55470955 0.52566143 0.4860323  0.5016221  0.47640038
 0.4916869  0.47585982 0.48547404 0.50541759 0.53782049 0.52781079
 0.54552241 0.51773438 0.53171747 0.51393633 0.57118344 0.5028466
 0.54843603 0.52017951 0.4885061  0.5102423  0.49326269]
SR: [0.05666006 0.06851115 0.12661576 0.18748664 0.1363694  0.06817117
 0.09530939 0.0562106  0.86377741 0.16590502 0.2167793  0.07097535
 0.07845309 0.08326749 0.93153858 0.09299289 0.16527665 0.09344461
 0.06351623 0.06125917 0.10008268 0.71768166 1.38541902 0.10834834
 0.06900038 0.12294619 0.07053245 0.05870414 0.06159428 0.07452773
 0.82489703 0.38737787 0.12794079 0.06592945 0.05534925 0.09018697
 0.05746886 0.06321599 0.079386   0.09814289 0.07183597 0.05704794
 1.10177879 0.07616111 0.06276232 0.07386607 0.06396232 0.06197014
 0.05800413 0.10123838 0.06844564 0.1044524  0.08187597 0.26783123
 0.09278217 0.05704769 0.09200493 0.09115961 0.07808276 0.07904401
 0.06376328 0.10056739 0.09813682 0.07948254 0.098006   0.06005644
 0.11612022 0.13342196 0.14026648 0.15439178 0.11452152 0.12827145
 0.10129861 0.11990034 0.22648821 0.10930117 0.08025244 0.05127119
 0.07344151 0.09105789 0.07256    0.07713781 0.45310144 0.09207048
 0.08292389 0.07728028 0.05903057 0.06803632 0.13351998 0.19904561
 0.09659701 0.1009625  0.12572892 0.1090544  0.2092284  0.1430886
 0.10305144 0.15322447 0.08478253 0.07726093 0.25365232 0.06183316
 0.07390384 0.07759568 0.0551732  0.06636811 0.09959946 0.13194093
 0.16764951 0.09201558 0.10560639 0.11103494 0.15967716 0.09023721
 0.10767761 0.09159457 0.09512328 0.19789341 0.08600926]

All values for metric: trabecular_thickness_std
HR: [0.05950306 0.02125471 0.08792543 0.15119285 0.07777458 0.09922965
 0.07459033 0.0502847  0.37661414 0.15099144 0.08778863 0.07931325
 0.0714975  0.1157973  0.2980118  0.10670157 0.10351248 0.07736999
 0.04788829 0.05853363 0.08223249 0.31681517 0.39305219 0.08257
 0.05498833 0.08446355 0.04610169 0.04042726 0.0387213  0.05418422
 0.25171455 0.20413089 0.062877   0.04362622 0.0433216  0.06297315
 0.04501105 0.0417595  0.06255337 0.05686851 0.04660608 0.04568238
 0.81501171 0.05012811 0.04509774 0.04853112 0.03844427 0.04714617
 0.04259292 0.07080413 0.04409661 0.04586045 0.05165274 0.09724647
 0.07111447 0.03389202 0.05357728 0.05382455 0.04783633 0.05514222
 0.04399336 0.06933041 0.0675985  0.04684753 0.05656449 0.03734954
 0.06027656 0.07404358 0.07466186 0.07528341 0.06233199 0.06890325
 0.06791477 0.06949081 0.10693561 0.06471687 0.06357218 0.03698314
 0.03928623 0.04108147 0.0403105  0.04974482 0.24190976 0.05298623
 0.05593066 0.04631882 0.04626309 0.05815982 0.07787238 0.10678287
 0.05979462 0.06548386 0.07445496 0.06780102 0.07908908 0.07868366
 0.05954978 0.07570109 0.05600615 0.05978796 0.08497057 0.0538819
 0.05838837 0.05511333 0.03752621 0.04254381 0.05827799 0.07108696
 0.07423702 0.05926514 0.06728578 0.06875686 0.08016387 0.05753955
 0.05698375 0.05717361 0.06229592 0.08686663 0.05489378]
LR: [0.20937076 0.17167121 0.18904081 0.38040895 0.18547135 0.15885244
 0.19973186 0.1783408  0.65070716 0.21741316 0.18838969 0.14038273
 0.15623568 0.18370227 0.46128023 0.16603061 0.17042866 0.11947311
 0.12975446 0.13389455 0.15651536 0.39263099 1.17182658 0.16970837
 0.13995909 0.14160684 0.13277125 0.124494   0.13204035 0.1238417
 0.30376964 0.33275376 0.14001524 0.13610118 0.13586972 0.1332622
 0.12123609 0.11335211 0.13657044 0.12528877 0.11946057 0.14437706
 0.93203336 0.13099074 0.1206378  0.13151535 0.14203081 0.12363081
 0.12086779 0.17437103 0.13445919 0.16768413 0.16010644 0.21271982
 0.17316075 0.14084343 0.13220461 0.18112666 0.1393573  0.14203666
 0.15224541 0.18470607 0.15759228 0.16712092 0.18210692 0.14822082
 0.15319041 0.19452886 0.1566962  0.14445663 0.15822418 0.1464335
 0.16194121 0.16059852 0.26245088 0.17224158 0.1307712  0.13017148
 0.1279186  0.14008744 0.1361989  0.18084548 0.47091329 0.16036289
 0.13335544 0.20260418 0.19259847 0.32403763 0.19527111 0.2242519
 0.17716927 0.14969073 0.16609737 0.15044526 0.20887001 0.16664798
 0.14422374 0.17383983 0.19165262 0.13184041 0.17644819 0.12119027
 0.12828416 0.13256359 0.15091384 0.19605166 0.16699632 0.17972903
 0.17914832 0.13920519 0.17379705 0.1622771  0.18962678 0.15777848
 0.22186697 0.16695478 0.11112035 0.16800436 0.13481614]
SR: [0.02952001 0.04179162 0.10917035 0.22390017 0.12647381 0.05265964
 0.06224881 0.028418   0.53449853 0.21892461 0.18816559 0.041892
 0.05108802 0.07324762 0.380891   0.08353447 0.18014335 0.06393356
 0.03551391 0.03144611 0.05470861 0.33832963 0.67626537 0.07177941
 0.04189955 0.09120705 0.03854029 0.03069511 0.03265465 0.03952943
 0.34849675 0.29520999 0.09495912 0.0323553  0.0262732  0.06307705
 0.02967711 0.03476717 0.05740879 0.06074232 0.0373909  0.02894708
 0.85865731 0.04191531 0.03159013 0.03694527 0.03453262 0.03362047
 0.03069806 0.06393083 0.03735158 0.09206411 0.04762461 0.23038148
 0.0548273  0.02732037 0.04888452 0.08106959 0.04274574 0.04689273
 0.03112275 0.06356069 0.06174876 0.04487137 0.08770228 0.03047012
 0.08987753 0.09683815 0.10523086 0.1184299  0.07363941 0.09289451
 0.06615711 0.07957086 0.15825506 0.08749005 0.05650876 0.02277981
 0.03620573 0.04812947 0.03901128 0.03976039 0.55262217 0.05382152
 0.04683202 0.04106776 0.0305702  0.04365045 0.11846595 0.19124298
 0.08502932 0.06027054 0.10385383 0.07620105 0.17988603 0.1099964
 0.07361465 0.12048337 0.05382061 0.04585976 0.28434261 0.03022516
 0.0395377  0.04193375 0.02709647 0.03651037 0.07477887 0.08493983
 0.14212885 0.05273089 0.06363845 0.0731952  0.15286289 0.05865936
 0.06368549 0.05567629 0.05621983 0.21958549 0.04550007]

All values for metric: trabecular_spacing_mean
HR: [       nan        nan        nan 2.5212573         nan        nan
        nan        nan 2.19020096        nan 1.77351409        nan
        nan        nan 2.08806193        nan 1.47965067 1.32454878
        nan        nan        nan 1.73433192 1.6374004  1.46115313
        nan 1.29480235        nan        nan        nan        nan
 3.22783973 1.62076985        nan        nan        nan 1.42407954
        nan        nan        nan        nan        nan        nan
 1.63513303        nan        nan        nan        nan        nan
        nan 1.18925316        nan        nan 1.3582347  0.8511485
 1.63020353        nan        nan 1.08869008 1.25577531 1.13506668
        nan        nan 1.04962944 1.5053929  1.68652456 1.17404932
 1.010662   1.07721217 0.7543721  0.71876905 1.10143578 0.95138861
 0.84993136 0.86042256        nan 1.17926884 1.38046338        nan
        nan        nan        nan 1.22224173 1.41476612 2.29788296
        nan        nan        nan        nan 1.13502306 1.30604742
 1.30990201 0.68711821 0.73310824 0.79950252 0.71770651 0.71582458
 0.75090422 0.89872742 1.06820203 0.96005434 0.91514022 1.22978332
 0.99703751 1.32286766        nan        nan 1.87604488 0.69976821
 0.64079112 0.74871796 0.68553592 0.70159635 0.69761702 0.82380967
 0.9446824  0.94853397 0.62078741 0.81831526 0.79319788]
LR: [0.79116929 0.52017919 2.7408493  2.19283577 1.59953238 0.86147212
 1.20707231 1.26819716 3.79246355 1.6763853  1.51439333 1.08894668
 1.17981025 0.95248443 4.90613566 1.16510023 1.31075372 1.10227332
 0.87694617 0.97291004 1.16346562 2.83286662 2.93689282 1.26574251
 0.92188052 1.13753092 1.03323603 0.83728188 0.82561851 0.90907209
 6.90238651 1.89524688 1.06688445 1.01672241 0.85943666 1.0589275
 1.06192973 0.80013816 0.95410211 0.90748687 0.88770413 1.01711908
 4.29811227 1.03059864 0.82867322 0.96860113 0.92482924 0.88043552
 0.88437971 1.01574478 0.89769021 0.93211188 0.96900793 0.98583379
 1.30275751 0.88436204 1.03970261 0.95782049 1.03912869 0.99606831
 1.03217427 1.0087684  0.92796593 1.09531029 1.25423115 0.8939004
 1.12000518 1.1284617  0.84730236 0.80771586 1.00262335 0.98125895
 0.8555508  0.9574252  1.19898796 1.13754    1.10201904 0.84845515
 0.97995905 0.99511292 0.96233874 1.06497537 1.53754884 1.79750387
 0.91507436 1.02484752 1.2368841  0.92019015 1.18643811 1.38240264
 1.04636917 0.76168498 0.9348879  0.84890701 0.86077341 0.84418001
 0.78158028 1.0206147  0.98722266 0.87780876 0.89510165 0.90855318
 0.91198202 1.04822072 0.90042467 0.68801882 1.56686352 0.81607444
 0.75757556 0.85855122 0.80343276 0.76656134 0.86970012 0.8350529
 0.95964704 0.90949065 0.6579332  0.85118856 0.80805552]
SR: [       nan 2.70225744 1.81672037        nan        nan        nan
        nan        nan 4.57687808 1.42869746        nan        nan
        nan        nan 5.14207952        nan 1.83012605        nan
        nan        nan        nan 3.13112397 5.25791374        nan
        nan        nan        nan        nan        nan        nan
 2.12036912 3.83070209        nan        nan        nan        nan
        nan        nan        nan        nan        nan        nan
 6.49322416        nan        nan        nan        nan        nan
        nan        nan        nan        nan        nan 2.01879405
        nan        nan        nan        nan        nan        nan
        nan        nan        nan        nan        nan        nan
 3.23751929        nan 1.5178816  1.02200082        nan 1.26965385
        nan 2.43710235        nan 1.40786454        nan        nan
        nan        nan        nan        nan 2.6885655  2.36545021
        nan        nan        nan 2.15330503        nan        nan
 1.98449797 1.97073966 1.82927365 2.23384578 1.47591784 1.22476896
 2.39020351 1.99773511        nan        nan        nan        nan
        nan        nan        nan        nan 2.36737384 2.81281765
 1.26184885        nan 2.03221464 1.47113881 2.66946637        nan
        nan        nan 1.60138253        nan        nan]

All values for metric: trabecular_spacing_std
HR: [       nan        nan        nan 2.23135667        nan        nan
        nan        nan 1.38543625        nan 0.65367448        nan
        nan        nan 1.13417791        nan 0.41210035 0.29001844
        nan        nan        nan 0.82565996 0.75196639 0.49631149
        nan 0.28568676        nan        nan        nan        nan
 1.62360849 0.81231466        nan        nan        nan 0.46785257
        nan        nan        nan        nan        nan        nan
 0.55790675        nan        nan        nan        nan        nan
        nan 0.43034152        nan        nan 0.6082265  0.26741393
 0.6737107         nan        nan 0.45590459 0.42526589 0.46366215
        nan        nan 0.34927503 0.637119   0.73829582 0.51624433
 0.67475892 0.42223177 0.2261419  0.22649761 0.35438119 0.31677369
 0.22156542 0.29124969        nan 0.36195947 0.47250315        nan
        nan        nan        nan 0.48561551 1.01598829 1.69356994
        nan        nan        nan        nan 0.67018085 0.7714951
 0.54010228 0.20047857 0.25488366 0.19964039 0.23091185 0.23212225
 0.20673432 0.30082215 0.32699823 0.22859317 0.22065846 0.33850264
 0.32056252 0.41869741        nan        nan 1.21485626 0.18948679
 0.20935526 0.23836271 0.20214657 0.19286046 0.21562537 0.2435477
 0.30904346 0.39568632 0.15780929 0.22404118 0.19743416]
LR: [0.22999219 0.12774405 0.9927686  1.95971055 0.53140261 0.21506594
 0.33827838 0.54609841 2.04243402 0.61690162 0.55628841 0.26809967
 0.41534742 0.26990739 2.87600572 0.32629563 0.36902277 0.29929289
 0.25138118 0.27989324 0.37462234 1.16158458 1.25480976 0.47514738
 0.25672208 0.33500562 0.26790427 0.22204641 0.2156325  0.2609842
 3.83151233 0.91322104 0.30048699 0.32225184 0.25912588 0.36568562
 0.24490939 0.22302938 0.28329496 0.23635157 0.27010928 0.33416552
 2.40659734 0.26715811 0.22025224 0.28288763 0.25022832 0.26734524
 0.24370083 0.34302814 0.24643999 0.27733919 0.40196178 0.35491879
 0.42052798 0.28163059 0.29134564 0.34443682 0.38625478 0.40039293
 0.32653367 0.32976965 0.28600915 0.4264247  0.45927283 0.35082173
 0.81576062 0.48248489 0.31571028 0.29824436 0.32856588 0.36239789
 0.27707346 0.39271249 0.37884466 0.3919185  0.37321774 0.25810636
 0.28098772 0.34583269 0.30317382 0.42553111 0.90313404 1.1832473
 0.25695928 0.3689308  0.49883212 0.26618406 0.60513566 0.89993805
 0.35132407 0.27568923 0.44129851 0.26411042 0.29720418 0.3128714
 0.2468179  0.36184422 0.30883208 0.22741571 0.25054395 0.28111015
 0.32192332 0.37361675 0.31107351 0.19617781 0.86744328 0.25681328
 0.26007597 0.35820698 0.34681311 0.24831329 0.33536147 0.29027334
 0.33233847 0.40505475 0.19503656 0.27393422 0.24511055]
SR: [       nan 1.68188533 1.45017955        nan        nan        nan
        nan        nan 2.02368463 0.58488532        nan        nan
        nan        nan 3.03475464        nan 0.72353676        nan
        nan        nan        nan 1.30855646 2.14711044        nan
        nan        nan        nan        nan        nan        nan
 0.79602827 1.88826157        nan        nan        nan        nan
        nan        nan        nan        nan        nan        nan
 3.80871371        nan        nan        nan        nan        nan
        nan        nan        nan        nan        nan 1.75759377
        nan        nan        nan        nan        nan        nan
        nan        nan        nan        nan        nan        nan
 2.39125041        nan 0.8994156  0.50698132        nan 0.5597222
        nan 1.49444258        nan 0.6212782         nan        nan
        nan        nan        nan        nan 2.00951066 1.33422223
        nan        nan        nan 1.16245194        nan        nan
 1.05010665 0.96488943 1.28277852 0.92640577 0.80253459 0.56613701
 1.10261934 1.23005521        nan        nan        nan        nan
        nan        nan        nan        nan 1.6726157  1.50854457
 0.72114056        nan 1.25614914 0.56393076 1.94559859        nan
        nan        nan 0.63568597        nan        nan]

All values for metric: trabecular_number
HR: [0.0930676  0.0060981  0.12180719 0.321304   0.10085288 0.05745045
 0.22722704 0.16053365 0.26276768 0.15373627 0.26100334 0.14629081
 0.25424288 0.09309732 0.30293631 0.262491   0.30723783 0.35583366
 0.17292296 0.24068287 0.28779455 0.27248041 0.16677456 0.40100268
 0.2006999  0.39503718 0.31701903 0.19075613 0.18196092 0.34380393
 0.25164655 0.28326713 0.25417749 0.27354326 0.28492164 0.34067696
 0.20766264 0.2332712  0.18705751 0.32128997 0.35444343 0.15137691
 0.08194931 0.24147385 0.35619112 0.32263131 0.26233576 0.31332306
 0.2561339  0.42783263 0.2590822  0.30220632 0.43867214 0.81578397
 0.29593362 0.1358801  0.29359656 0.60061249 0.46249185 0.56656004
 0.34023339 0.32706279 0.53140868 0.39956472 0.35625737 0.54504365
 0.92124985 0.61113032 1.02626262 1.09845306 0.56182637 0.80854149
 0.80134856 0.85661505 0.21186801 0.55310994 0.40854053 0.15386855
 0.20948991 0.18536888 0.20105588 0.53155128 0.4624049  0.52305895
 0.33328683 0.23060886 0.14535129 0.04516934 0.67218435 0.52106801
 0.46152719 1.156137   1.06800354 0.89441867 1.06698478 1.09413942
 0.94161783 0.850224   0.5731381  0.61067482 0.61123785 0.38291902
 0.65811244 0.37982574 0.06538436 0.01950463 0.44509929 0.99659192
 1.19390404 1.03615267 1.12264174 1.09328394 1.06889882 0.78788794
 0.68472477 0.73216179 1.23180825 0.82256943 0.85827738]
LR: [0.54046199 0.86875737 0.14281173 0.31440392 0.23749373 0.47633894
 0.33121221 0.35511689 0.13241884 0.27166602 0.30812855 0.37652669
 0.39283219 0.43297649 0.16361319 0.44327443 0.34313886 0.45688124
 0.52700533 0.4842032  0.42715228 0.16254888 0.05049874 0.47628972
 0.50070568 0.46350498 0.45951158 0.546937   0.55437831 0.51835085
 0.16647651 0.22327599 0.41750938 0.53928299 0.56790156 0.4938736
 0.42695224 0.59826555 0.48731729 0.52450969 0.57674341 0.43706076
 0.0453271  0.44310797 0.59042564 0.52656761 0.51151946 0.56821822
 0.5445972  0.47448064 0.51920512 0.5096363  0.56527729 0.54756017
 0.31360093 0.51551949 0.4376342  0.52962502 0.51745576 0.56711309
 0.47955351 0.46387717 0.54511551 0.4781221  0.44006724 0.62219507
 0.6821056  0.47146614 0.68403469 0.73644582 0.51476899 0.61663933
 0.62670468 0.62065577 0.31494427 0.49641399 0.50049855 0.55527144
 0.49120869 0.49592875 0.50084454 0.52397429 0.36479071 0.49568625
 0.54200601 0.4770851  0.40250124 0.40777672 0.52627786 0.46454819
 0.4872731  0.76197348 0.67650372 0.6433258  0.62969086 0.70580385
 0.69590029 0.58204873 0.50089377 0.56537748 0.53387367 0.54305706
 0.61129374 0.47323784 0.51478625 0.65374231 0.4421164  0.63117984
 0.72665884 0.71055071 0.71260981 0.71686132 0.649581   0.61948249
 0.51448341 0.62567164 0.83838981 0.63335887 0.6752006 ]
SR: [0.21090722 0.66237218 1.23663539 0.19492616 0.05823946 0.36176871
 0.06818025 0.23910424 0.1380366  0.34951731 0.10099305 0.18608399
 0.19553885 0.17698467 0.17798118 0.27048413 0.33111903 0.10545049
 0.39427638 0.21248381 0.10514328 0.15680625 0.0416131  0.20239924
 0.07483538 0.15451341 0.05149753 0.17727018 0.35667986 0.09336772
 0.21395478 0.16732937 0.07685663 0.03436811 0.01688229 0.10397622
 0.11946576 0.09091275 0.47321446 0.04063916 0.03371618 0.16274589
 0.04301544 0.06796678 0.02022551 0.08052986 0.04128562 0.09655122
 0.08353408 0.10338368 0.0267328  0.05295932 0.07637822 0.41892818
 0.19414098 0.06284914 0.04265456 0.13718346 0.11940125 0.20992755
 0.08264859 0.07440965 0.06416726 0.1198354  0.12189741 0.05241569
 0.39868666 0.27851605 0.74029578 0.9741755  0.20958363 0.76530952
 0.37990509 0.60890024 0.05639551 0.71353357 0.17766694 0.00369803
 0.02526977 0.01898543 0.01196775 0.17071027 0.19713907 0.76424063
 0.04143019 0.044583   0.07117754 0.59381576 0.23914805 0.13270913
 0.46379709 0.5174005  0.71009354 0.39226963 0.64358295 0.77628133
 0.43470582 0.5630475  0.26559904 0.11086053 0.07362052 0.03925531
 0.29708023 0.06810594 0.1971571  0.22549284 0.68136197 0.40844615
 0.80078372 0.29652047 0.64647822 0.64662931 0.51248664 0.22398471
 0.22949184 0.14681117 0.56136777 0.16400317 0.25302773]

All values for metric: position
HR: [[[2048 2304]
  [2560 2816]
  [2048 2304]]

 [[2048 2304]
  [2816 3072]
  [2048 2304]]

 [[2048 2304]
  [2816 3072]
  [2304 2560]]

 [[2560 2816]
  [2304 2560]
  [1792 2048]]

 [[2560 2816]
  [2560 2816]
  [2048 2304]]

 [[2560 2816]
  [2816 3072]
  [2048 2304]]

 [[2560 2816]
  [2816 3072]
  [2304 2560]]

 [[2816 3072]
  [2304 2560]
  [1792 2048]]

 [[2816 3072]
  [2304 2560]
  [2048 2304]]

 [[2816 3072]
  [2560 2816]
  [1792 2048]]

 [[2816 3072]
  [2560 2816]
  [2048 2304]]

 [[2816 3072]
  [2816 3072]
  [2048 2304]]

 [[2816 3072]
  [2816 3072]
  [2304 2560]]

 [[3072 3328]
  [2304 2560]
  [1792 2048]]

 [[3072 3328]
  [2304 2560]
  [2048 2304]]

 [[3072 3328]
  [2560 2816]
  [1792 2048]]

 [[3072 3328]
  [2560 2816]
  [2048 2304]]

 [[3072 3328]
  [2560 2816]
  [2304 2560]]

 [[3072 3328]
  [2816 3072]
  [2048 2304]]

 [[3072 3328]
  [2816 3072]
  [2304 2560]]

 [[3328 3584]
  [2304 2560]
  [1792 2048]]

 [[3328 3584]
  [2304 2560]
  [2048 2304]]

 [[3328 3584]
  [2304 2560]
  [2304 2560]]

 [[3328 3584]
  [2560 2816]
  [1792 2048]]

 [[3328 3584]
  [2816 3072]
  [1792 2048]]

 [[3328 3584]
  [2560 2816]
  [2048 2304]]

 [[3328 3584]
  [2560 2816]
  [2304 2560]]

 [[3328 3584]
  [2816 3072]
  [2048 2304]]

 [[3328 3584]
  [2816 3072]
  [2304 2560]]

 [[3328 3584]
  [3072 3328]
  [2048 2304]]

 [[3584 3840]
  [2048 2304]
  [2048 2304]]

 [[3584 3840]
  [2304 2560]
  [2048 2304]]

 [[3584 3840]
  [2304 2560]
  [2304 2560]]

 [[3584 3840]
  [2560 2816]
  [1792 2048]]

 [[3584 3840]
  [2816 3072]
  [1792 2048]]

 [[3584 3840]
  [2560 2816]
  [2048 2304]]

 [[3584 3840]
  [2560 2816]
  [2304 2560]]

 [[3584 3840]
  [2816 3072]
  [2048 2304]]

 [[3584 3840]
  [2816 3072]
  [2304 2560]]

 [[3584 3840]
  [3072 3328]
  [2048 2304]]

 [[3584 3840]
  [3072 3328]
  [2304 2560]]

 [[3840 4096]
  [2048 2304]
  [2304 2560]]

 [[3840 4096]
  [2304 2560]
  [2048 2304]]

 [[3840 4096]
  [2304 2560]
  [2304 2560]]

 [[3840 4096]
  [2816 3072]
  [1792 2048]]

 [[3840 4096]
  [2560 2816]
  [2048 2304]]

 [[3840 4096]
  [2560 2816]
  [2304 2560]]

 [[3840 4096]
  [2816 3072]
  [2048 2304]]

 [[3840 4096]
  [2816 3072]
  [2304 2560]]

 [[3840 4096]
  [3072 3328]
  [1792 2048]]

 [[3840 4096]
  [3072 3328]
  [2048 2304]]

 [[3840 4096]
  [3072 3328]
  [2304 2560]]

 [[3840 4096]
  [3328 3584]
  [2304 2560]]

 [[4096 4352]
  [1536 1792]
  [2304 2560]]

 [[4096 4352]
  [1792 2048]
  [2304 2560]]

 [[4096 4352]
  [2048 2304]
  [2304 2560]]

 [[4096 4352]
  [2304 2560]
  [2304 2560]]

 [[4096 4352]
  [2816 3072]
  [1792 2048]]

 [[4096 4352]
  [2560 2816]
  [2304 2560]]

 [[4096 4352]
  [2816 3072]
  [2048 2304]]

 [[4096 4352]
  [2816 3072]
  [2304 2560]]

 [[4096 4352]
  [2560 2816]
  [2560 2816]]

 [[4096 4352]
  [3072 3328]
  [1792 2048]]

 [[4096 4352]
  [3072 3328]
  [2048 2304]]

 [[4096 4352]
  [3072 3328]
  [2304 2560]]

 [[4352 4608]
  [ 768 1024]
  [2304 2560]]

 [[4352 4608]
  [1024 1280]
  [2048 2304]]

 [[4352 4608]
  [1024 1280]
  [2304 2560]]

 [[4352 4608]
  [1280 1536]
  [2048 2304]]

 [[4352 4608]
  [1280 1536]
  [2304 2560]]

 [[4352 4608]
  [1024 1280]
  [2560 2816]]

 [[4352 4608]
  [1280 1536]
  [2560 2816]]

 [[4352 4608]
  [1536 1792]
  [2048 2304]]

 [[4352 4608]
  [1536 1792]
  [2304 2560]]

 [[4352 4608]
  [1792 2048]
  [2304 2560]]

 [[4352 4608]
  [1536 1792]
  [2560 2816]]

 [[4352 4608]
  [1792 2048]
  [2560 2816]]

 [[4352 4608]
  [2048 2304]
  [2304 2560]]

 [[4352 4608]
  [2304 2560]
  [2304 2560]]

 [[4352 4608]
  [2048 2304]
  [2560 2816]]

 [[4352 4608]
  [2304 2560]
  [2560 2816]]

 [[4352 4608]
  [2560 2816]
  [2304 2560]]

 [[4352 4608]
  [2816 3072]
  [2048 2304]]

 [[4352 4608]
  [2816 3072]
  [2304 2560]]

 [[4352 4608]
  [2560 2816]
  [2560 2816]]

 [[4352 4608]
  [3072 3328]
  [1792 2048]]

 [[4352 4608]
  [3072 3328]
  [2048 2304]]

 [[4352 4608]
  [3072 3328]
  [2304 2560]]

 [[4608 4864]
  [ 768 1024]
  [2048 2304]]

 [[4608 4864]
  [ 768 1024]
  [2304 2560]]

 [[4608 4864]
  [ 768 1024]
  [2560 2816]]

 [[4608 4864]
  [1024 1280]
  [2048 2304]]

 [[4608 4864]
  [1024 1280]
  [2304 2560]]

 [[4608 4864]
  [1280 1536]
  [2048 2304]]

 [[4608 4864]
  [1280 1536]
  [2304 2560]]

 [[4608 4864]
  [1024 1280]
  [2560 2816]]

 [[4608 4864]
  [1024 1280]
  [2816 3072]]

 [[4608 4864]
  [1280 1536]
  [2560 2816]]

 [[4608 4864]
  [1280 1536]
  [2816 3072]]

 [[4608 4864]
  [1536 1792]
  [2048 2304]]

 [[4608 4864]
  [1536 1792]
  [2304 2560]]

 [[4608 4864]
  [1792 2048]
  [2304 2560]]

 [[4608 4864]
  [1536 1792]
  [2560 2816]]

 [[4608 4864]
  [1792 2048]
  [2560 2816]]

 [[4608 4864]
  [3072 3328]
  [2048 2304]]

 [[4608 4864]
  [3072 3328]
  [2304 2560]]

 [[4864 5120]
  [ 768 1024]
  [2304 2560]]

 [[4864 5120]
  [1024 1280]
  [2048 2304]]

 [[4864 5120]
  [1024 1280]
  [2304 2560]]

 [[4864 5120]
  [1280 1536]
  [2048 2304]]

 [[4864 5120]
  [1280 1536]
  [2304 2560]]

 [[4864 5120]
  [1024 1280]
  [2560 2816]]

 [[4864 5120]
  [1280 1536]
  [2560 2816]]

 [[4864 5120]
  [1280 1536]
  [2816 3072]]

 [[4864 5120]
  [1536 1792]
  [2304 2560]]

 [[4864 5120]
  [1536 1792]
  [2560 2816]]

 [[5120 5376]
  [1024 1280]
  [2304 2560]]

 [[5120 5376]
  [1280 1536]
  [2304 2560]]

 [[5120 5376]
  [1280 1536]
  [2560 2816]]]
LR: [[[2048 2304]
  [2560 2816]
  [2048 2304]]

 [[2048 2304]
  [2816 3072]
  [2048 2304]]

 [[2048 2304]
  [2816 3072]
  [2304 2560]]

 [[2560 2816]
  [2304 2560]
  [1792 2048]]

 [[2560 2816]
  [2560 2816]
  [2048 2304]]

 [[2560 2816]
  [2816 3072]
  [2048 2304]]

 [[2560 2816]
  [2816 3072]
  [2304 2560]]

 [[2816 3072]
  [2304 2560]
  [1792 2048]]

 [[2816 3072]
  [2304 2560]
  [2048 2304]]

 [[2816 3072]
  [2560 2816]
  [1792 2048]]

 [[2816 3072]
  [2560 2816]
  [2048 2304]]

 [[2816 3072]
  [2816 3072]
  [2048 2304]]

 [[2816 3072]
  [2816 3072]
  [2304 2560]]

 [[3072 3328]
  [2304 2560]
  [1792 2048]]

 [[3072 3328]
  [2304 2560]
  [2048 2304]]

 [[3072 3328]
  [2560 2816]
  [1792 2048]]

 [[3072 3328]
  [2560 2816]
  [2048 2304]]

 [[3072 3328]
  [2560 2816]
  [2304 2560]]

 [[3072 3328]
  [2816 3072]
  [2048 2304]]

 [[3072 3328]
  [2816 3072]
  [2304 2560]]

 [[3328 3584]
  [2304 2560]
  [1792 2048]]

 [[3328 3584]
  [2304 2560]
  [2048 2304]]

 [[3328 3584]
  [2304 2560]
  [2304 2560]]

 [[3328 3584]
  [2560 2816]
  [1792 2048]]

 [[3328 3584]
  [2816 3072]
  [1792 2048]]

 [[3328 3584]
  [2560 2816]
  [2048 2304]]

 [[3328 3584]
  [2560 2816]
  [2304 2560]]

 [[3328 3584]
  [2816 3072]
  [2048 2304]]

 [[3328 3584]
  [2816 3072]
  [2304 2560]]

 [[3328 3584]
  [3072 3328]
  [2048 2304]]

 [[3584 3840]
  [2048 2304]
  [2048 2304]]

 [[3584 3840]
  [2304 2560]
  [2048 2304]]

 [[3584 3840]
  [2304 2560]
  [2304 2560]]

 [[3584 3840]
  [2560 2816]
  [1792 2048]]

 [[3584 3840]
  [2816 3072]
  [1792 2048]]

 [[3584 3840]
  [2560 2816]
  [2048 2304]]

 [[3584 3840]
  [2560 2816]
  [2304 2560]]

 [[3584 3840]
  [2816 3072]
  [2048 2304]]

 [[3584 3840]
  [2816 3072]
  [2304 2560]]

 [[3584 3840]
  [3072 3328]
  [2048 2304]]

 [[3584 3840]
  [3072 3328]
  [2304 2560]]

 [[3840 4096]
  [2048 2304]
  [2304 2560]]

 [[3840 4096]
  [2304 2560]
  [2048 2304]]

 [[3840 4096]
  [2304 2560]
  [2304 2560]]

 [[3840 4096]
  [2816 3072]
  [1792 2048]]

 [[3840 4096]
  [2560 2816]
  [2048 2304]]

 [[3840 4096]
  [2560 2816]
  [2304 2560]]

 [[3840 4096]
  [2816 3072]
  [2048 2304]]

 [[3840 4096]
  [2816 3072]
  [2304 2560]]

 [[3840 4096]
  [3072 3328]
  [1792 2048]]

 [[3840 4096]
  [3072 3328]
  [2048 2304]]

 [[3840 4096]
  [3072 3328]
  [2304 2560]]

 [[3840 4096]
  [3328 3584]
  [2304 2560]]

 [[4096 4352]
  [1536 1792]
  [2304 2560]]

 [[4096 4352]
  [1792 2048]
  [2304 2560]]

 [[4096 4352]
  [2048 2304]
  [2304 2560]]

 [[4096 4352]
  [2304 2560]
  [2304 2560]]

 [[4096 4352]
  [2816 3072]
  [1792 2048]]

 [[4096 4352]
  [2560 2816]
  [2304 2560]]

 [[4096 4352]
  [2816 3072]
  [2048 2304]]

 [[4096 4352]
  [2816 3072]
  [2304 2560]]

 [[4096 4352]
  [2560 2816]
  [2560 2816]]

 [[4096 4352]
  [3072 3328]
  [1792 2048]]

 [[4096 4352]
  [3072 3328]
  [2048 2304]]

 [[4096 4352]
  [3072 3328]
  [2304 2560]]

 [[4352 4608]
  [ 768 1024]
  [2304 2560]]

 [[4352 4608]
  [1024 1280]
  [2048 2304]]

 [[4352 4608]
  [1024 1280]
  [2304 2560]]

 [[4352 4608]
  [1280 1536]
  [2048 2304]]

 [[4352 4608]
  [1280 1536]
  [2304 2560]]

 [[4352 4608]
  [1024 1280]
  [2560 2816]]

 [[4352 4608]
  [1280 1536]
  [2560 2816]]

 [[4352 4608]
  [1536 1792]
  [2048 2304]]

 [[4352 4608]
  [1536 1792]
  [2304 2560]]

 [[4352 4608]
  [1792 2048]
  [2304 2560]]

 [[4352 4608]
  [1536 1792]
  [2560 2816]]

 [[4352 4608]
  [1792 2048]
  [2560 2816]]

 [[4352 4608]
  [2048 2304]
  [2304 2560]]

 [[4352 4608]
  [2304 2560]
  [2304 2560]]

 [[4352 4608]
  [2048 2304]
  [2560 2816]]

 [[4352 4608]
  [2304 2560]
  [2560 2816]]

 [[4352 4608]
  [2560 2816]
  [2304 2560]]

 [[4352 4608]
  [2816 3072]
  [2048 2304]]

 [[4352 4608]
  [2816 3072]
  [2304 2560]]

 [[4352 4608]
  [2560 2816]
  [2560 2816]]

 [[4352 4608]
  [3072 3328]
  [1792 2048]]

 [[4352 4608]
  [3072 3328]
  [2048 2304]]

 [[4352 4608]
  [3072 3328]
  [2304 2560]]

 [[4608 4864]
  [ 768 1024]
  [2048 2304]]

 [[4608 4864]
  [ 768 1024]
  [2304 2560]]

 [[4608 4864]
  [ 768 1024]
  [2560 2816]]

 [[4608 4864]
  [1024 1280]
  [2048 2304]]

 [[4608 4864]
  [1024 1280]
  [2304 2560]]

 [[4608 4864]
  [1280 1536]
  [2048 2304]]

 [[4608 4864]
  [1280 1536]
  [2304 2560]]

 [[4608 4864]
  [1024 1280]
  [2560 2816]]

 [[4608 4864]
  [1024 1280]
  [2816 3072]]

 [[4608 4864]
  [1280 1536]
  [2560 2816]]

 [[4608 4864]
  [1280 1536]
  [2816 3072]]

 [[4608 4864]
  [1536 1792]
  [2048 2304]]

 [[4608 4864]
  [1536 1792]
  [2304 2560]]

 [[4608 4864]
  [1792 2048]
  [2304 2560]]

 [[4608 4864]
  [1536 1792]
  [2560 2816]]

 [[4608 4864]
  [1792 2048]
  [2560 2816]]

 [[4608 4864]
  [3072 3328]
  [2048 2304]]

 [[4608 4864]
  [3072 3328]
  [2304 2560]]

 [[4864 5120]
  [ 768 1024]
  [2304 2560]]

 [[4864 5120]
  [1024 1280]
  [2048 2304]]

 [[4864 5120]
  [1024 1280]
  [2304 2560]]

 [[4864 5120]
  [1280 1536]
  [2048 2304]]

 [[4864 5120]
  [1280 1536]
  [2304 2560]]

 [[4864 5120]
  [1024 1280]
  [2560 2816]]

 [[4864 5120]
  [1280 1536]
  [2560 2816]]

 [[4864 5120]
  [1280 1536]
  [2816 3072]]

 [[4864 5120]
  [1536 1792]
  [2304 2560]]

 [[4864 5120]
  [1536 1792]
  [2560 2816]]

 [[5120 5376]
  [1024 1280]
  [2304 2560]]

 [[5120 5376]
  [1280 1536]
  [2304 2560]]

 [[5120 5376]
  [1280 1536]
  [2560 2816]]]
SR: [[[2048 2304]
  [2560 2816]
  [2048 2304]]

 [[2048 2304]
  [2816 3072]
  [2048 2304]]

 [[2048 2304]
  [2816 3072]
  [2304 2560]]

 [[2560 2816]
  [2304 2560]
  [1792 2048]]

 [[2560 2816]
  [2560 2816]
  [2048 2304]]

 [[2560 2816]
  [2816 3072]
  [2048 2304]]

 [[2560 2816]
  [2816 3072]
  [2304 2560]]

 [[2816 3072]
  [2304 2560]
  [1792 2048]]

 [[2816 3072]
  [2304 2560]
  [2048 2304]]

 [[2816 3072]
  [2560 2816]
  [1792 2048]]

 [[2816 3072]
  [2560 2816]
  [2048 2304]]

 [[2816 3072]
  [2816 3072]
  [2048 2304]]

 [[2816 3072]
  [2816 3072]
  [2304 2560]]

 [[3072 3328]
  [2304 2560]
  [1792 2048]]

 [[3072 3328]
  [2304 2560]
  [2048 2304]]

 [[3072 3328]
  [2560 2816]
  [1792 2048]]

 [[3072 3328]
  [2560 2816]
  [2048 2304]]

 [[3072 3328]
  [2560 2816]
  [2304 2560]]

 [[3072 3328]
  [2816 3072]
  [2048 2304]]

 [[3072 3328]
  [2816 3072]
  [2304 2560]]

 [[3328 3584]
  [2304 2560]
  [1792 2048]]

 [[3328 3584]
  [2304 2560]
  [2048 2304]]

 [[3328 3584]
  [2304 2560]
  [2304 2560]]

 [[3328 3584]
  [2560 2816]
  [1792 2048]]

 [[3328 3584]
  [2816 3072]
  [1792 2048]]

 [[3328 3584]
  [2560 2816]
  [2048 2304]]

 [[3328 3584]
  [2560 2816]
  [2304 2560]]

 [[3328 3584]
  [2816 3072]
  [2048 2304]]

 [[3328 3584]
  [2816 3072]
  [2304 2560]]

 [[3328 3584]
  [3072 3328]
  [2048 2304]]

 [[3584 3840]
  [2048 2304]
  [2048 2304]]

 [[3584 3840]
  [2304 2560]
  [2048 2304]]

 [[3584 3840]
  [2304 2560]
  [2304 2560]]

 [[3584 3840]
  [2560 2816]
  [1792 2048]]

 [[3584 3840]
  [2816 3072]
  [1792 2048]]

 [[3584 3840]
  [2560 2816]
  [2048 2304]]

 [[3584 3840]
  [2560 2816]
  [2304 2560]]

 [[3584 3840]
  [2816 3072]
  [2048 2304]]

 [[3584 3840]
  [2816 3072]
  [2304 2560]]

 [[3584 3840]
  [3072 3328]
  [2048 2304]]

 [[3584 3840]
  [3072 3328]
  [2304 2560]]

 [[3840 4096]
  [2048 2304]
  [2304 2560]]

 [[3840 4096]
  [2304 2560]
  [2048 2304]]

 [[3840 4096]
  [2304 2560]
  [2304 2560]]

 [[3840 4096]
  [2816 3072]
  [1792 2048]]

 [[3840 4096]
  [2560 2816]
  [2048 2304]]

 [[3840 4096]
  [2560 2816]
  [2304 2560]]

 [[3840 4096]
  [2816 3072]
  [2048 2304]]

 [[3840 4096]
  [2816 3072]
  [2304 2560]]

 [[3840 4096]
  [3072 3328]
  [1792 2048]]

 [[3840 4096]
  [3072 3328]
  [2048 2304]]

 [[3840 4096]
  [3072 3328]
  [2304 2560]]

 [[3840 4096]
  [3328 3584]
  [2304 2560]]

 [[4096 4352]
  [1536 1792]
  [2304 2560]]

 [[4096 4352]
  [1792 2048]
  [2304 2560]]

 [[4096 4352]
  [2048 2304]
  [2304 2560]]

 [[4096 4352]
  [2304 2560]
  [2304 2560]]

 [[4096 4352]
  [2816 3072]
  [1792 2048]]

 [[4096 4352]
  [2560 2816]
  [2304 2560]]

 [[4096 4352]
  [2816 3072]
  [2048 2304]]

 [[4096 4352]
  [2816 3072]
  [2304 2560]]

 [[4096 4352]
  [2560 2816]
  [2560 2816]]

 [[4096 4352]
  [3072 3328]
  [1792 2048]]

 [[4096 4352]
  [3072 3328]
  [2048 2304]]

 [[4096 4352]
  [3072 3328]
  [2304 2560]]

 [[4352 4608]
  [ 768 1024]
  [2304 2560]]

 [[4352 4608]
  [1024 1280]
  [2048 2304]]

 [[4352 4608]
  [1024 1280]
  [2304 2560]]

 [[4352 4608]
  [1280 1536]
  [2048 2304]]

 [[4352 4608]
  [1280 1536]
  [2304 2560]]

 [[4352 4608]
  [1024 1280]
  [2560 2816]]

 [[4352 4608]
  [1280 1536]
  [2560 2816]]

 [[4352 4608]
  [1536 1792]
  [2048 2304]]

 [[4352 4608]
  [1536 1792]
  [2304 2560]]

 [[4352 4608]
  [1792 2048]
  [2304 2560]]

 [[4352 4608]
  [1536 1792]
  [2560 2816]]

 [[4352 4608]
  [1792 2048]
  [2560 2816]]

 [[4352 4608]
  [2048 2304]
  [2304 2560]]

 [[4352 4608]
  [2304 2560]
  [2304 2560]]

 [[4352 4608]
  [2048 2304]
  [2560 2816]]

 [[4352 4608]
  [2304 2560]
  [2560 2816]]

 [[4352 4608]
  [2560 2816]
  [2304 2560]]

 [[4352 4608]
  [2816 3072]
  [2048 2304]]

 [[4352 4608]
  [2816 3072]
  [2304 2560]]

 [[4352 4608]
  [2560 2816]
  [2560 2816]]

 [[4352 4608]
  [3072 3328]
  [1792 2048]]

 [[4352 4608]
  [3072 3328]
  [2048 2304]]

 [[4352 4608]
  [3072 3328]
  [2304 2560]]

 [[4608 4864]
  [ 768 1024]
  [2048 2304]]

 [[4608 4864]
  [ 768 1024]
  [2304 2560]]

 [[4608 4864]
  [ 768 1024]
  [2560 2816]]

 [[4608 4864]
  [1024 1280]
  [2048 2304]]

 [[4608 4864]
  [1024 1280]
  [2304 2560]]

 [[4608 4864]
  [1280 1536]
  [2048 2304]]

 [[4608 4864]
  [1280 1536]
  [2304 2560]]

 [[4608 4864]
  [1024 1280]
  [2560 2816]]

 [[4608 4864]
  [1024 1280]
  [2816 3072]]

 [[4608 4864]
  [1280 1536]
  [2560 2816]]

 [[4608 4864]
  [1280 1536]
  [2816 3072]]

 [[4608 4864]
  [1536 1792]
  [2048 2304]]

 [[4608 4864]
  [1536 1792]
  [2304 2560]]

 [[4608 4864]
  [1792 2048]
  [2304 2560]]

 [[4608 4864]
  [1536 1792]
  [2560 2816]]

 [[4608 4864]
  [1792 2048]
  [2560 2816]]

 [[4608 4864]
  [3072 3328]
  [2048 2304]]

 [[4608 4864]
  [3072 3328]
  [2304 2560]]

 [[4864 5120]
  [ 768 1024]
  [2304 2560]]

 [[4864 5120]
  [1024 1280]
  [2048 2304]]

 [[4864 5120]
  [1024 1280]
  [2304 2560]]

 [[4864 5120]
  [1280 1536]
  [2048 2304]]

 [[4864 5120]
  [1280 1536]
  [2304 2560]]

 [[4864 5120]
  [1024 1280]
  [2560 2816]]

 [[4864 5120]
  [1280 1536]
  [2560 2816]]

 [[4864 5120]
  [1280 1536]
  [2816 3072]]

 [[4864 5120]
  [1536 1792]
  [2304 2560]]

 [[4864 5120]
  [1536 1792]
  [2560 2816]]

 [[5120 5376]
  [1024 1280]
  [2304 2560]]

 [[5120 5376]
  [1280 1536]
  [2304 2560]]

 [[5120 5376]
  [1280 1536]
  [2560 2816]]]

All values for metric: patch_idx
HR: [  0   1   2   3   4   5   6   7   8   9  10  11  12  13  14  15  16  17
  18  19  20  21  22  23  24  25  26  27  28  29  30  31  32  33  34  35
  36  37  38  39  40  41  42  43  44  45  46  47  48  49  50  51  52  53
  54  55  56  57  58  59  60  61  62  63  64  65  66  67  68  69  70  71
  72  73  74  75  76  77  78  79  80  81  82  83  84  85  86  87  88  89
  90  91  92  93  94  95  96  97  98  99 100 101 102 103 104 105 106 107
 108 109 110 111 112 113 114 115 116 117 118]
LR: [  0   1   2   3   4   5   6   7   8   9  10  11  12  13  14  15  16  17
  18  19  20  21  22  23  24  25  26  27  28  29  30  31  32  33  34  35
  36  37  38  39  40  41  42  43  44  45  46  47  48  49  50  51  52  53
  54  55  56  57  58  59  60  61  62  63  64  65  66  67  68  69  70  71
  72  73  74  75  76  77  78  79  80  81  82  83  84  85  86  87  88  89
  90  91  92  93  94  95  96  97  98  99 100 101 102 103 104 105 106 107
 108 109 110 111 112 113 114 115 116 117 118]
SR: [  0   1   2   3   4   5   6   7   8   9  10  11  12  13  14  15  16  17
  18  19  20  21  22  23  24  25  26  27  28  29  30  31  32  33  34  35
  36  37  38  39  40  41  42  43  44  45  46  47  48  49  50  51  52  53
  54  55  56  57  58  59  60  61  62  63  64  65  66  67  68  69  70  71
  72  73  74  75  76  77  78  79  80  81  82  83  84  85  86  87  88  89
  90  91  92  93  94  95  96  97  98  99 100 101 102 103 104 105 106 107
 108 109 110 111 112 113 114 115 116 117 118]
