Continuing training from checkpoint, epoch 50. New total epochs: 100
Found 4 groups:
  - 1955_L
  - 1956_L
  - 1996_R
  - 2005_L
Found 1 groups:
  - 2007_L
Found 1 groups:
  - 2019_L
Starting Epoch 50...
Starting Epoch 51...
Starting Epoch 52...
Starting Epoch 53...
Starting Epoch 54...
Starting Epoch 55...
Starting Epoch 56...
Starting Epoch 57...
Starting Epoch 58...
Starting Epoch 59...
Starting Epoch 60...
Starting Epoch 61...
Starting Epoch 62...
Starting Epoch 63...
Starting Epoch 64...
Starting Epoch 65...
Starting Epoch 66...
Starting Epoch 67...
Starting Epoch 68...
Starting Epoch 69...
Starting Epoch 70...
Starting Epoch 71...
Starting Epoch 72...
Starting Epoch 73...
Starting Epoch 74...
Starting Epoch 75...
Starting Epoch 76...
Starting Epoch 77...
Starting Epoch 78...
Starting Epoch 79...
Starting Epoch 80...
Starting Epoch 81...
Starting Epoch 82...
Starting Epoch 83...
Starting Epoch 84...
Starting Epoch 85...
Starting Epoch 86...
Starting Epoch 87...
Starting Epoch 88...
Starting Epoch 89...
Starting Epoch 90...
Starting Epoch 91...
Starting Epoch 92...
Starting Epoch 93...
Starting Epoch 94...
Starting Epoch 95...
Starting Epoch 96...
Starting Epoch 97...
Starting Epoch 98...
Starting Epoch 99...
[1;34mwandb[0m: 
[1;34mwandb[0m: 🚀 View run [33msupertrab_ddpm_128px_ds10_100ep_v4[0m at: [34mhttps://wandb.ai/mwahlin-eth-z-rich/supertrab/runs/r9awnt8n[0m
[1;34mwandb[0m: Find logs at: [1;35m../../../../../../tmp/wandb/run-20250514_160943-r9awnt8n/logs[0m
