Found 6 groups:
  - 1955_L
  - 1956_L
  - 1996_R
  - 2005_L
  - 2007_L
  - 2019_L
Input shape: torch.Size([1, 1, 128, 128])
Output shape: torch.Size([1, 1, 128, 128])
Starting Epoch 0...
Starting Epoch 1...
Starting Epoch 2...
Starting Epoch 3...
Starting Epoch 4...
Starting Epoch 5...
Starting Epoch 6...
Starting Epoch 7...
Starting Epoch 8...
Starting Epoch 9...
Starting Epoch 10...
Starting Epoch 11...
Starting Epoch 12...
Starting Epoch 13...
Starting Epoch 14...
Starting Epoch 15...
Starting Epoch 16...
Starting Epoch 17...
Starting Epoch 18...
Starting Epoch 19...
Starting Epoch 20...
Starting Epoch 21...
Starting Epoch 22...
Starting Epoch 23...
Starting Epoch 24...
Starting Epoch 25...
Starting Epoch 26...
Starting Epoch 27...
Starting Epoch 28...
Starting Epoch 29...
Starting Epoch 30...
Starting Epoch 31...
Starting Epoch 32...
Starting Epoch 33...
Starting Epoch 34...
Starting Epoch 35...
Starting Epoch 36...
Starting Epoch 37...
Starting Epoch 38...
Starting Epoch 39...
Starting Epoch 40...
Starting Epoch 41...
Starting Epoch 42...
Starting Epoch 43...
Starting Epoch 44...
Starting Epoch 45...
Starting Epoch 46...
Starting Epoch 47...
Starting Epoch 48...
Starting Epoch 49...
[1;34mwandb[0m: 
[1;34mwandb[0m: 🚀 View run [33msnowy-star-8[0m at: [34mhttps://wandb.ai/mwahlin-eth-z-rich/supertrab/runs/9g8is2vv[0m
[1;34mwandb[0m: Find logs at: [1;35m../../../../../../usr/terminus/data-xrm-01/stamplab/users/mwahlin/2025/trab_master/supertrab/wandb/run-20250423_195458-9g8is2vv/logs[0m
