Found volume for part 0: shape=(2835, 4608, 4608), chunks=(128, 512, 512)
Found 1 groups:
  - 2019_L
Part 0: 3363 patches

Found volume for part 1: shape=(177, 4608, 4608), chunks=(128, 512, 512)
Found 1 groups:
  - 2019_L
Part 1: 1416 patches

Found volume for part 2: shape=(177, 4608, 4608), chunks=(98, 512, 512)
Found 1 groups:
  - 2019_L
Part 2: 1680 patches

Found volume for part 3: shape=(177, 4608, 4608), chunks=(128, 512, 512)
Found 1 groups:
  - 2019_L
Part 3: 1947 patches

Found volume for part 4: shape=(177, 4608, 4608), chunks=(109, 512, 512)
Found 1 groups:
  - 2019_L
Part 4: 2124 patches

Found volume for part 5: shape=(177, 4608, 4608), chunks=(117, 512, 512)
Found 1 groups:
  - 2019_L
Part 5: 2035 patches

Found volume for part 6: shape=(177, 4608, 4608), chunks=(128, 512, 512)
Found 1 groups:
  - 2019_L
Part 6: 2300 patches

Found volume for part 7: shape=(177, 4608, 4608), chunks=(90, 512, 512)
Found 1 groups:
  - 2019_L
Part 7: 2655 patches

Found volume for part 8: shape=(177, 4608, 4608), chunks=(128, 512, 512)
Found 1 groups:
  - 2019_L
Part 8: 3360 patches

Found volume for part 9: shape=(177, 4608, 4608), chunks=(120, 512, 512)
Found 1 groups:
  - 2019_L
Part 9: 4246 patches

Found volume for part 10: shape=(177, 4608, 4608), chunks=(106, 512, 512)
Found 1 groups:
  - 2019_L
Part 10: 4955 patches

Found volume for part 11: shape=(177, 4608, 4608), chunks=(128, 512, 512)
Found 1 groups:
  - 2019_L
Part 11: 4332 patches

Found volume for part 12: shape=(177, 4608, 4608), chunks=(101, 512, 512)
Found 1 groups:
  - 2019_L
Part 12: 3097 patches

Found volume for part 13: shape=(177, 4608, 4608), chunks=(125, 512, 512)
Found 1 groups:
  - 2019_L
Part 13: 2034 patches

Found volume for part 14: shape=(177, 4608, 4608), chunks=(128, 512, 512)
Found 1 groups:
  - 2019_L
Part 14: 1416 patches

Found volume for part 15: shape=(177, 4608, 4608), chunks=(95, 512, 512)
Found 1 groups:
  - 2019_L
Part 15: 353 patches

Found volume for part 16: shape=(180, 4608, 4608), chunks=(128, 512, 512)
Found 1 groups:
  - 2019_L
Part 16: 0 patches

Found 1 groups:
  - 2019_L
EXCEPTION in __iter__: '2019_L/image/reassembled_HR'
