The following values were not passed to `accelerate launch` and had defaults used instead:
	`--num_processes` was set to a value of `1`
	`--num_machines` was set to a value of `1`
	`--mixed_precision` was set to a value of `'no'`
	`--dynamo_backend` was set to a value of `'no'`
To avoid this warning pass in values for each of the problematic parameters or run `accelerate config`.
wandb: Using wandb-core as the SDK backend.  Please refer to https://wandb.me/wandb-core for more information.
wandb: Currently logged in as: mwahlin (mwahlin-eth-z-rich) to https://api.wandb.ai. Use `wandb login --relogin` to force relogin
wandb: Tracking run with wandb version 0.19.7
wandb: Run data is saved locally in /usr/terminus/data-xrm-01/stamplab/users/mwahlin/2025/trab_master/supertrab/wandb/run-20250502_201126-gl6a8uy1
wandb: Run `wandb offline` to turn off syncing.
wandb: Syncing run supertrab_ddpm_128px_ds4_50ep_v3
wandb: ⭐️ View project at https://wandb.ai/mwahlin-eth-z-rich/supertrab
wandb: 🚀 View run at https://wandb.ai/mwahlin-eth-z-rich/supertrab/runs/gl6a8uy1
Traceback (most recent call last):
  File "/usr/terminus/data-xrm-01/stamplab/users/mwahlin/mamba/envs/ML_env/lib/python3.10/site-packages/wandb/sdk/artifacts/artifact.py", line 1592, in _add_local_file
    shutil.copyfile(path, staging_path)
  File "/usr/terminus/data-xrm-01/stamplab/users/mwahlin/mamba/envs/ML_env/lib/python3.10/shutil.py", line 256, in copyfile
    with open(dst, 'wb') as fdst:
OSError: [Errno 122] Disk quota exceeded

During handling of the above exception, another exception occurred:

Traceback (most recent call last):
  File "/usr/terminus/data-xrm-01/stamplab/users/mwahlin/2025/trab_master/supertrab/scripts/train_diffusion_model_2D.py", line 133, in <module>
    main()
  File "/usr/terminus/data-xrm-01/stamplab/users/mwahlin/2025/trab_master/supertrab/scripts/train_diffusion_model_2D.py", line 126, in main
    train_loop_2D_diffusion(config, model, noise_scheduler, optimizer, train_dataloader, val_dataloader, lr_scheduler, steps_per_epoch)
  File "/home/mwahlin/myterminus/2025/trab_master/supertrab/supertrab/training_utils.py", line 348, in train_loop_2D_diffusion
    artifact.add_file(weights_path)
  File "/usr/terminus/data-xrm-01/stamplab/users/mwahlin/mamba/envs/ML_env/lib/python3.10/site-packages/wandb/sdk/artifacts/_validators.py", line 115, in wrapper
    return method(self, *args, **kwargs)
  File "/usr/terminus/data-xrm-01/stamplab/users/mwahlin/mamba/envs/ML_env/lib/python3.10/site-packages/wandb/sdk/artifacts/artifact.py", line 1327, in add_file
    return self._add_local_file(
  File "/usr/terminus/data-xrm-01/stamplab/users/mwahlin/mamba/envs/ML_env/lib/python3.10/site-packages/wandb/sdk/artifacts/artifact.py", line 1590, in _add_local_file
    with tempfile.NamedTemporaryFile(dir=get_staging_dir(), delete=False) as f:
  File "/usr/terminus/data-xrm-01/stamplab/users/mwahlin/mamba/envs/ML_env/lib/python3.10/tempfile.py", line 517, in __exit__
    result = self.file.__exit__(exc, value, tb)
OSError: [Errno 122] Disk quota exceeded
Traceback (most recent call last):
  File "/usr/terminus/data-xrm-01/stamplab/users/mwahlin/mamba/envs/ML_env/lib/python3.10/site-packages/wandb/sdk/artifacts/artifact.py", line 1592, in _add_local_file
    shutil.copyfile(path, staging_path)
  File "/usr/terminus/data-xrm-01/stamplab/users/mwahlin/mamba/envs/ML_env/lib/python3.10/shutil.py", line 256, in copyfile
    with open(dst, 'wb') as fdst:
OSError: [Errno 122] Disk quota exceeded

During handling of the above exception, another exception occurred:

Traceback (most recent call last):
  File "/usr/terminus/data-xrm-01/stamplab/users/mwahlin/2025/trab_master/supertrab/scripts/train_diffusion_model_2D.py", line 133, in <module>
    main()
  File "/usr/terminus/data-xrm-01/stamplab/users/mwahlin/2025/trab_master/supertrab/scripts/train_diffusion_model_2D.py", line 126, in main
    train_loop_2D_diffusion(config, model, noise_scheduler, optimizer, train_dataloader, val_dataloader, lr_scheduler, steps_per_epoch)
  File "/home/mwahlin/myterminus/2025/trab_master/supertrab/supertrab/training_utils.py", line 348, in train_loop_2D_diffusion
    artifact.add_file(weights_path)
  File "/usr/terminus/data-xrm-01/stamplab/users/mwahlin/mamba/envs/ML_env/lib/python3.10/site-packages/wandb/sdk/artifacts/_validators.py", line 115, in wrapper
    return method(self, *args, **kwargs)
  File "/usr/terminus/data-xrm-01/stamplab/users/mwahlin/mamba/envs/ML_env/lib/python3.10/site-packages/wandb/sdk/artifacts/artifact.py", line 1327, in add_file
    return self._add_local_file(
  File "/usr/terminus/data-xrm-01/stamplab/users/mwahlin/mamba/envs/ML_env/lib/python3.10/site-packages/wandb/sdk/artifacts/artifact.py", line 1590, in _add_local_file
    with tempfile.NamedTemporaryFile(dir=get_staging_dir(), delete=False) as f:
  File "/usr/terminus/data-xrm-01/stamplab/users/mwahlin/mamba/envs/ML_env/lib/python3.10/tempfile.py", line 517, in __exit__
    result = self.file.__exit__(exc, value, tb)
OSError: [Errno 122] Disk quota exceeded
Traceback (most recent call last):
  File "/usr/terminus/data-xrm-01/stamplab/users/mwahlin/mamba/envs/ML_env/bin/accelerate", line 8, in <module>
    sys.exit(main())
  File "/usr/terminus/data-xrm-01/stamplab/users/mwahlin/mamba/envs/ML_env/lib/python3.10/site-packages/accelerate/commands/accelerate_cli.py", line 48, in main
    args.func(args)
  File "/usr/terminus/data-xrm-01/stamplab/users/mwahlin/mamba/envs/ML_env/lib/python3.10/site-packages/accelerate/commands/launch.py", line 1194, in launch_command
    simple_launcher(args)
  File "/usr/terminus/data-xrm-01/stamplab/users/mwahlin/mamba/envs/ML_env/lib/python3.10/site-packages/accelerate/commands/launch.py", line 780, in simple_launcher
    raise subprocess.CalledProcessError(returncode=process.returncode, cmd=cmd)
subprocess.CalledProcessError: Command '['/usr/terminus/data-xrm-01/stamplab/users/mwahlin/mamba/envs/ML_env/bin/python3.10', '/usr/terminus/data-xrm-01/stamplab/users/mwahlin/2025/trab_master/supertrab/scripts/train_diffusion_model_2D.py']' returned non-zero exit status 1.
