Original volume shape: (5670, 4608, 4608), chunks: (128, 512, 512)
Found 1 groups:
  - 2019_L
Starting inference over full volume...
32 patches processed
Total voxels written: 524288 / 120394874880 (0.00%)
64 patches processed
Total voxels written: 1048576 / 120394874880 (0.00%)
96 patches processed
Total voxels written: 1572864 / 120394874880 (0.00%)
128 patches processed
Total voxels written: 2097152 / 120394874880 (0.00%)
160 patches processed
Total voxels written: 2621440 / 120394874880 (0.00%)
192 patches processed
Total voxels written: 3145728 / 120394874880 (0.00%)
224 patches processed
Total voxels written: 3670016 / 120394874880 (0.00%)
256 patches processed
Total voxels written: 4194304 / 120394874880 (0.00%)
288 patches processed
Total voxels written: 4718592 / 120394874880 (0.00%)
320 patches processed
Total voxels written: 5242880 / 120394874880 (0.00%)
352 patches processed
Total voxels written: 5767168 / 120394874880 (0.00%)
384 patches processed
Total voxels written: 6291456 / 120394874880 (0.01%)
416 patches processed
Total voxels written: 6815744 / 120394874880 (0.01%)
448 patches processed
Total voxels written: 7340032 / 120394874880 (0.01%)
480 patches processed
Total voxels written: 7864320 / 120394874880 (0.01%)
512 patches processed
Total voxels written: 8388608 / 120394874880 (0.01%)
544 patches processed
Total voxels written: 8912896 / 120394874880 (0.01%)
576 patches processed
Total voxels written: 9437184 / 120394874880 (0.01%)
608 patches processed
Total voxels written: 9961472 / 120394874880 (0.01%)
640 patches processed
Total voxels written: 10485760 / 120394874880 (0.01%)
672 patches processed
Total voxels written: 11010048 / 120394874880 (0.01%)
704 patches processed
Total voxels written: 11534336 / 120394874880 (0.01%)
736 patches processed
Total voxels written: 12058624 / 120394874880 (0.01%)
768 patches processed
Total voxels written: 12582912 / 120394874880 (0.01%)
800 patches processed
Total voxels written: 13107200 / 120394874880 (0.01%)
832 patches processed
Total voxels written: 13631488 / 120394874880 (0.01%)
864 patches processed
Total voxels written: 14155776 / 120394874880 (0.01%)
896 patches processed
Total voxels written: 14680064 / 120394874880 (0.01%)
928 patches processed
Total voxels written: 15204352 / 120394874880 (0.01%)
960 patches processed
Total voxels written: 15728640 / 120394874880 (0.01%)
992 patches processed
Total voxels written: 16252928 / 120394874880 (0.01%)
1024 patches processed
Total voxels written: 16777216 / 120394874880 (0.01%)
1056 patches processed
Total voxels written: 17301504 / 120394874880 (0.01%)
1088 patches processed
Total voxels written: 17825792 / 120394874880 (0.01%)
1120 patches processed
Total voxels written: 18350080 / 120394874880 (0.02%)
1152 patches processed
Total voxels written: 18874368 / 120394874880 (0.02%)
1184 patches processed
Total voxels written: 19398656 / 120394874880 (0.02%)
1216 patches processed
Total voxels written: 19922944 / 120394874880 (0.02%)
1248 patches processed
Total voxels written: 20447232 / 120394874880 (0.02%)
1280 patches processed
Total voxels written: 20971520 / 120394874880 (0.02%)
1312 patches processed
Total voxels written: 21495808 / 120394874880 (0.02%)
1344 patches processed
Total voxels written: 22020096 / 120394874880 (0.02%)
1376 patches processed
Total voxels written: 22544384 / 120394874880 (0.02%)
1408 patches processed
Total voxels written: 23068672 / 120394874880 (0.02%)
