The following values were not passed to `accelerate launch` and had defaults used instead:
	`--num_processes` was set to a value of `1`
	`--num_machines` was set to a value of `1`
	`--mixed_precision` was set to a value of `'no'`
	`--dynamo_backend` was set to a value of `'no'`
To avoid this warning pass in values for each of the problematic parameters or run `accelerate config`.
wandb: Using wandb-core as the SDK backend.  Please refer to https://wandb.me/wandb-core for more information.
wandb: WARNING Path /home/mwahlin/myterminus/2025/trab_master/supertrab/wandb_data/run_logs/wandb/ wasn't writable, using system temp directory
wandb: Currently logged in as: mwahlin (mwahlin-eth-z-rich) to https://api.wandb.ai. Use `wandb login --relogin` to force relogin
wandb: WARNING Path /home/mwahlin/myterminus/2025/trab_master/supertrab/wandb_data/run_logs/wandb/ wasn't writable, using system temp directory.
wandb: Tracking run with wandb version 0.19.7
wandb: Run data is saved locally in /tmp/wandb/run-20250723_215024-husdpwim
wandb: Run `wandb offline` to turn off syncing.
wandb: Syncing run supertrab_ddpm_256px_ds10_100ep_pure_QCT
wandb: ⭐️ View project at https://wandb.ai/mwahlin-eth-z-rich/supertrab
wandb: 🚀 View run at https://wandb.ai/mwahlin-eth-z-rich/supertrab/runs/husdpwim
/usr/terminus/data-xrm-01/stamplab/users/mwahlin/mamba/envs/ML_env/lib/python3.10/site-packages/torchvision/models/_utils.py:208: UserWarning: The parameter 'pretrained' is deprecated since 0.13 and may be removed in the future, please use 'weights' instead.
  warnings.warn(
/usr/terminus/data-xrm-01/stamplab/users/mwahlin/mamba/envs/ML_env/lib/python3.10/site-packages/torchvision/models/_utils.py:223: UserWarning: Arguments other than a weight enum or `None` for 'weights' are deprecated since 0.13 and may be removed in the future. The current behavior is equivalent to passing `weights=VGG16_Weights.IMAGENET1K_V1`. You can also use `weights=VGG16_Weights.DEFAULT` to get the most up-to-date weights.
  warnings.warn(msg)
/usr/terminus/data-xrm-01/stamplab/users/mwahlin/mamba/envs/ML_env/lib/python3.10/site-packages/lpips/lpips.py:107: FutureWarning: You are using `torch.load` with `weights_only=False` (the current default value), which uses the default pickle module implicitly. It is possible to construct malicious pickle data which will execute arbitrary code during unpickling (See https://github.com/pytorch/pytorch/blob/main/SECURITY.md#untrusted-models for more details). In a future release, the default value for `weights_only` will be flipped to `True`. This limits the functions that could be executed during unpickling. Arbitrary objects will no longer be allowed to be loaded via this mode unless they are explicitly allowlisted by the user via `torch.serialization.add_safe_globals`. We recommend you start setting `weights_only=True` for any use case where you don't have full control of the loaded file. Please open an issue on GitHub for any issues related to this experimental feature.
  self.load_state_dict(torch.load(model_path, map_location='cpu'), strict=False)
