Found 1 groups:
  - 2019_L
Dataloader created
Loaded patch dtype: float32, shape: (128, 128), min: -1379.0, max: 8382.0
After norm: torch.float32, shape: torch.Size([128, 128]), min: -0.021042190492153168, max: 0.1279011219739914
Loaded patch dtype: float32, shape: (128, 128), min: -473.0, max: 8433.0
After norm: torch.float32, shape: torch.Size([128, 128]), min: -0.007217517588287592, max: 0.1286793351173401
Loaded patch dtype: float32, shape: (128, 128), min: -332.0, max: 8365.0
After norm: torch.float32, shape: torch.Size([128, 128]), min: -0.005065995268523693, max: 0.1276417225599289
Loaded patch dtype: float32, shape: (128, 128), min: -1078.0, max: 6186.0
After norm: torch.float32, shape: torch.Size([128, 128]), min: -0.016449226066470146, max: 0.0943923071026802
Loaded patch dtype: float32, shape: (128, 128), min: -1002.0, max: 7237.0
After norm: torch.float32, shape: torch.Size([128, 128]), min: -0.015289540402591228, max: 0.1104295402765274
Loaded patch dtype: float32, shape: (128, 128), min: -645.0, max: 6001.0
After norm: torch.float32, shape: torch.Size([128, 128]), min: -0.009842068888247013, max: 0.09156939387321472
Loaded patch dtype: float32, shape: (128, 128), min: -1562.0, max: 6081.0
After norm: torch.float32, shape: torch.Size([128, 128]), min: -0.0238345917314291, max: 0.09279011189937592
Loaded patch dtype: float32, shape: (128, 128), min: -1171.0, max: 8490.0
After norm: torch.float32, shape: torch.Size([128, 128]), min: -0.017868313938379288, max: 0.12954910099506378
Loaded patch dtype: float32, shape: (128, 128), min: -1099.0, max: 6433.0
After norm: torch.float32, shape: torch.Size([128, 128]), min: -0.016769664362072945, max: 0.09816128760576248
Loaded patch dtype: float32, shape: (128, 128), min: -1371.0, max: 9836.0
After norm: torch.float32, shape: torch.Size([128, 128]), min: -0.02092011831700802, max: 0.15008774399757385
Loaded patch dtype: float32, shape: (128, 128), min: -852.0, max: 8824.0
After norm: torch.float32, shape: torch.Size([128, 128]), min: -0.013000686652958393, max: 0.13464561104774475
Loaded patch dtype: float32, shape: (128, 128), min: -1061.0, max: 6343.0
After norm: torch.float32, shape: torch.Size([128, 128]), min: -0.016189822927117348, max: 0.09678797423839569
Loaded patch dtype: float32, shape: (128, 128), min: -1639.0, max: 7618.0
After norm: torch.float32, shape: torch.Size([128, 128]), min: -0.025009537115693092, max: 0.11624322831630707
Loaded patch dtype: float32, shape: (128, 128), min: -533.0, max: 7519.0
After norm: torch.float32, shape: torch.Size([128, 128]), min: -0.008133058436214924, max: 0.11473258584737778
Loaded patch dtype: float32, shape: (128, 128), min: -1446.0, max: 7602.0
After norm: torch.float32, shape: torch.Size([128, 128]), min: -0.02206454612314701, max: 0.11599908769130707
Loaded patch dtype: float32, shape: (128, 128), min: -772.0, max: 7974.0
After norm: torch.float32, shape: torch.Size([128, 128]), min: -0.0117799649015069, max: 0.12167543917894363
run inferance
Trabecular metrics per image:

Image 1 - min: -0.021042190492153168, max: 0.1279011219739914
1
Threshold: 0.4733201265335083
Threshold: 0.454532265663147
Threshold: 0.04665735736489296
Image 2 - min: -0.007217517588287592, max: 0.1286793351173401
2
Threshold: 0.41628772020339966
Threshold: 0.44298380613327026
Threshold: 0.05298259109258652
Image 3 - min: -0.005065995268523693, max: 0.1276417225599289
3
Threshold: 0.4192492961883545
Threshold: 0.3656480312347412
Threshold: 0.043458323925733566
Image 4 - min: -0.016449226066470146, max: 0.0943923071026802
4
Threshold: 0.3990011215209961
Threshold: 0.41952475905418396
Threshold: 0.030051544308662415
Image 5 - min: -0.015289540402591228, max: 0.1104295402765274
5
Threshold: 0.43031907081604004
Threshold: 0.44593268632888794
Threshold: 0.04077271372079849
Image 6 - min: -0.009842068888247013, max: 0.09156939387321472
6
Threshold: 0.397344172000885
Threshold: 0.44707193970680237
Threshold: 0.03549615293741226
Image 7 - min: -0.0238345917314291, max: 0.09279011189937592
7
Threshold: 0.448839008808136
Threshold: 0.4457733631134033
Threshold: 0.028153598308563232
Image 8 - min: -0.017868313938379288, max: 0.12954910099506378
8
Threshold: 0.5244865417480469
Threshold: 0.48550736904144287
Threshold: 0.05370393022894859
