ds factor = 8, patch size = 256
Found 1 groups:
  - 2019_L
Found 1 groups:
  - 2019_L
Total patches included: 122
Saved per-patch metrics to: stat_outputs/all_patch_metrics_ds8_otsu.csv

All values for metric: bone_volume_fraction
HR: [0.00838572 0.00033051 0.02025521 0.00263375 0.00066406 0.02327651
 0.05677426 0.01329267 0.00848597 0.03028578 0.01666129 0.11112636
 0.03004497 0.04051495 0.01938981 0.03331465 0.01337719 0.1560964
 0.0373019  0.05195415 0.04638857 0.01695156 0.02683449 0.03732908
 0.13051224 0.07721341 0.0587303  0.0201388  0.05830079 0.03423965
 0.0171051  0.01624072 0.03930175 0.1339016  0.07443202 0.03068829
 0.02532053 0.02707994 0.04099256 0.0203985  0.02149129 0.02018738
 0.03738219 0.03683823 0.01497674 0.0632633  0.02685803 0.035667
 0.03339255 0.02360719 0.03192693 0.02467459 0.05667263 0.02666414
 0.0319674  0.04874802 0.17629844 0.04142386 0.01148081 0.03312886
 0.0739302  0.04892457 0.07245415 0.03637493 0.03831029 0.06767559
 0.04479611 0.04266042 0.05583638 0.15223777 0.09920979 0.20079941
 0.23629308 0.07955837 0.14582419 0.1293366  0.15204507 0.031012
 0.082425   0.05205262 0.01241368 0.01946014 0.01679426 0.01802826
 0.06182623 0.113617   0.07063365 0.03650212 0.02262551 0.01405233
 0.00468808 0.10310119 0.08386272 0.06018472 0.21380997 0.21592098
 0.1522513  0.22599828 0.23147696 0.14878416 0.16015291 0.07900125
 0.08081496 0.09239733 0.04194146 0.08988935 0.0456661  0.00559026
 0.00174201 0.06159204 0.17714524 0.24964517 0.17037934 0.20114022
 0.20579529 0.20420796 0.10814142 0.09020907 0.09360689 0.23210275
 0.13487226 0.12174505]
LR: [0.23961306 0.463521   0.07423466 0.32486546 0.37260377 0.11478668
 0.17144394 0.09843123 0.16655397 0.16026139 0.16057378 0.14040232
 0.1356293  0.15307027 0.16539502 0.18551624 0.17604297 0.17968106
 0.22102487 0.1655677  0.20334321 0.22297674 0.2122345  0.20698398
 0.14543849 0.08324039 0.23697513 0.23924279 0.21897709 0.19853747
 0.24595302 0.23709631 0.22183973 0.16074169 0.13270265 0.1817283
 0.25039172 0.26414776 0.22928876 0.18653178 0.2515443  0.21829987
 0.23035353 0.26409513 0.18514436 0.06068587 0.18388093 0.27239949
 0.23028553 0.23035949 0.25798041 0.23040807 0.23682219 0.22758776
 0.23269176 0.29287994 0.29814798 0.15568793 0.20570582 0.19057298
 0.28423554 0.25175655 0.27507079 0.22143406 0.22315007 0.26532942
 0.23124886 0.2329644  0.30692786 0.34964514 0.25272298 0.36251688
 0.39255476 0.25726926 0.31007957 0.31061864 0.32454628 0.16850352
 0.24031627 0.22051841 0.24372655 0.20479941 0.20384139 0.21042722
 0.27750736 0.25443006 0.26177329 0.23764241 0.24414533 0.19049996
 0.18526042 0.29193801 0.25665617 0.24608296 0.39312327 0.37229413
 0.32420301 0.37065393 0.38177323 0.35260481 0.31099904 0.26046336
 0.27368528 0.26563096 0.25380361 0.29316592 0.21994412 0.22291744
 0.27945286 0.22405833 0.33752686 0.39854324 0.36162478 0.37445152
 0.38199162 0.36511248 0.31751221 0.29493797 0.31323802 0.41172367
 0.32084966 0.32991737]
SR: [0.00781149 0.00059932 0.02293813 0.00313455 0.00113678 0.02604038
 0.06436568 0.01546949 0.00948566 0.03436756 0.01961052 0.12352508
 0.03487492 0.04587132 0.0219363  0.0371657  0.01568854 0.16875541
 0.0453468  0.05765069 0.05141503 0.01938498 0.02981448 0.04366744
 0.14132947 0.08360249 0.07033396 0.02363682 0.06625646 0.03794056
 0.0203675  0.01827317 0.04339063 0.14337772 0.08092391 0.03282553
 0.03167844 0.03242975 0.04723102 0.02231961 0.02529752 0.02334255
 0.04289246 0.04332364 0.01489562 0.06633937 0.02920556 0.04383487
 0.03883368 0.02580881 0.03713179 0.02800971 0.06329066 0.03098547
 0.03760594 0.05742872 0.19918996 0.0457083  0.01211178 0.0366959
 0.08527011 0.05473858 0.08260804 0.04126698 0.04205817 0.07557547
 0.05150205 0.04938239 0.06820738 0.17385459 0.11226869 0.22825271
 0.26262802 0.09175926 0.1651246  0.14741254 0.1745128  0.03603953
 0.09382826 0.06196111 0.01682371 0.02304083 0.0211919  0.02205312
 0.07149571 0.12985039 0.08277708 0.04270869 0.02843416 0.0192042
 0.0064441  0.121387   0.0942232  0.07158625 0.2464177  0.24177104
 0.17472923 0.25456226 0.25863296 0.17214632 0.1829527  0.09176594
 0.09152955 0.10443091 0.05096787 0.10473698 0.05307561 0.00898468
 0.00270557 0.07290709 0.20492786 0.28529352 0.19534874 0.23195261
 0.23487478 0.2313168  0.12441653 0.10196078 0.1097765  0.26702994
 0.15675277 0.13960963]

All values for metric: trabecular_thickness_mean
HR: [0.09010352 0.05419844 0.1662891  0.08573051 0.06677687 0.17052154
 0.17669951 0.13180258 0.14770942 0.13328421 0.10378688 0.42290727
 0.19543191 0.15522769 0.1325429  0.13103472 0.14369039 0.51527794
 0.14210734 0.16910076 0.13036587 0.09802955 0.11149314 0.12970738
 0.47897842 0.46298071 0.14645863 0.10034285 0.14758305 0.10800503
 0.08967    0.08925387 0.11431444 0.53210185 0.26276263 0.12073566
 0.09256499 0.09504346 0.12032677 0.09822902 0.09213006 0.1079207
 0.1163503  0.10393262 0.09893675 0.77198085 0.11122543 0.10013445
 0.10350064 0.08998847 0.1018978  0.09633475 0.13246449 0.10291768
 0.10578006 0.11112631 0.21610922 0.13997685 0.0844922  0.11283803
 0.12309135 0.10578471 0.12788434 0.10691169 0.11713436 0.12735131
 0.11211227 0.11974606 0.10244387 0.16525134 0.16233818 0.19566084
 0.2151144  0.14160669 0.18035462 0.16139867 0.17749521 0.14637415
 0.149021   0.12741114 0.08067718 0.09289298 0.09059916 0.0896679
 0.11631282 0.24570891 0.13503956 0.10952165 0.09811204 0.09667841
 0.10378908 0.15338232 0.16094391 0.13040341 0.1849348  0.20217254
 0.17022375 0.21181022 0.21156076 0.15800907 0.18836555 0.13783981
 0.13233714 0.15116428 0.1095309  0.13658661 0.12022908 0.08549843
 0.08931238 0.13837821 0.17775103 0.20909986 0.16443459 0.17916689
 0.1882359  0.19104517 0.13725483 0.131745   0.12785001 0.18842442
 0.16396459 0.14184814]
LR: [0.40547332 0.40461181 0.49148929 0.38043997 0.37503689 0.45417774
 0.50315633 0.40041933 0.37366207 0.43807694 0.40817114 0.96689337
 0.43477006 0.43007766 0.39521127 0.41651662 0.39562373 1.02101552
 0.425084   0.42521947 0.40528081 0.38595931 0.40795846 0.41666632
 0.850843   1.32612427 0.43841292 0.39767239 0.42030025 0.39572955
 0.38723963 0.38954632 0.3743754  0.90333036 0.55337645 0.39516813
 0.41089677 0.39336254 0.40682752 0.39138472 0.37957189 0.39242101
 0.39028118 0.40189591 0.38461755 1.20677191 0.39080803 0.39920359
 0.39346887 0.39306844 0.39541222 0.39071044 0.42376415 0.38754574
 0.40724163 0.42394051 0.48134427 0.41908016 0.39382943 0.38847313
 0.44879363 0.40576626 0.42515539 0.40931242 0.40420493 0.42559831
 0.43063328 0.44530075 0.41465768 0.45211776 0.4455755  0.46025613
 0.46993129 0.42518599 0.44670749 0.43412969 0.47307115 0.41493455
 0.43156016 0.40776687 0.38652374 0.38891298 0.39151978 0.39131905
 0.43401818 0.58489743 0.47034403 0.40348558 0.42354566 0.42628171
 0.43187409 0.46491935 0.45623519 0.42397674 0.448268   0.49591549
 0.43836537 0.50412963 0.47595631 0.4337006  0.47234533 0.43734658
 0.4039768  0.42215775 0.40248408 0.41772748 0.40456568 0.39948369
 0.39173639 0.44174734 0.44908774 0.47339942 0.43286324 0.4510575
 0.44999574 0.48764473 0.42281639 0.45637983 0.43213847 0.42563425
 0.43005246 0.4146367 ]
SR: [0.09530619 0.06817751 0.16754128 0.09100798 0.06745583 0.163477
 0.17133949 0.12855848 0.14359597 0.13100671 0.10466572 0.5323461
 0.18986483 0.15012285 0.13122373 0.12621256 0.13790856 0.62644849
 0.13699925 0.16160896 0.1269568  0.09522221 0.10894932 0.12661931
 0.55018519 0.59674379 0.14414744 0.09608575 0.1424126  0.10681109
 0.0875839  0.08972464 0.10725478 0.60136693 0.27744529 0.11542479
 0.089517   0.0896075  0.11600821 0.09778944 0.08799567 0.10883326
 0.10868203 0.09811883 0.09847921 0.76409645 0.10732721 0.09522191
 0.10112817 0.08839436 0.09869844 0.09549444 0.12792644 0.09767649
 0.10410263 0.1059153  0.21941917 0.14281971 0.08407995 0.11206451
 0.12658126 0.1061805  0.12587413 0.10621344 0.11324679 0.1266337
 0.11660341 0.12141385 0.10262735 0.16946546 0.16498795 0.19743597
 0.21840995 0.13768645 0.18022653 0.15641806 0.17846759 0.1404347
 0.14796021 0.12486275 0.08151959 0.09006001 0.09254299 0.09147735
 0.11752367 0.26187498 0.13894628 0.10761304 0.09508418 0.09466145
 0.10083318 0.16141834 0.16728009 0.12940768 0.19017731 0.21081445
 0.16718201 0.21940181 0.2196328  0.15875261 0.19140253 0.13849994
 0.13003046 0.14838562 0.11112016 0.1358162  0.12284598 0.08175387
 0.0848208  0.14178299 0.17942362 0.21722281 0.16730942 0.18303824
 0.19168228 0.2010212  0.13910255 0.13285254 0.12970751 0.18826875
 0.15993979 0.13942069]

All values for metric: trabecular_thickness_std
HR: [0.05950306 0.02125471 0.08792543 0.03878623 0.02426223 0.11824167
 0.15119285 0.07777458 0.09922965 0.07459033 0.0502847  0.37661414
 0.15099144 0.08778863 0.07931325 0.0714975  0.1157973  0.2980118
 0.10670157 0.10351248 0.07736999 0.04788829 0.05853363 0.08223249
 0.31681517 0.39305219 0.08257    0.05498833 0.08446355 0.04610169
 0.04042726 0.0387213  0.05418422 0.25171455 0.20413089 0.062877
 0.04362622 0.0433216  0.06297315 0.04501105 0.0417595  0.06255337
 0.05686851 0.04660608 0.04568238 0.81501171 0.05012811 0.04509774
 0.04853112 0.03844427 0.04714617 0.04259292 0.07080413 0.04409661
 0.04586045 0.05165274 0.09724647 0.07111447 0.03389202 0.05357728
 0.05382455 0.04783633 0.05514222 0.04399336 0.06933041 0.0675985
 0.04684753 0.05656449 0.03734954 0.06027656 0.07404358 0.07466186
 0.07528341 0.06233199 0.06890325 0.06791477 0.06949081 0.10693561
 0.06471687 0.06357218 0.03698314 0.03928623 0.04108147 0.0403105
 0.04974482 0.24190976 0.05298623 0.05593066 0.04631882 0.04626309
 0.05815982 0.07787238 0.10678287 0.05979462 0.06548386 0.07445496
 0.06780102 0.07908908 0.07868366 0.05954978 0.07570109 0.05600615
 0.05978796 0.08497057 0.0538819  0.05838837 0.05511333 0.03752621
 0.04254381 0.05827799 0.07108696 0.07423702 0.05926514 0.06728578
 0.06875686 0.08016387 0.05753955 0.05698375 0.05717361 0.06229592
 0.08686663 0.05489378]
LR: [0.1881712  0.1375431  0.14820739 0.14904168 0.11276019 0.17649727
 0.32707559 0.14730677 0.13929004 0.17754001 0.13814411 0.68427528
 0.19495835 0.17428438 0.1302698  0.13725779 0.15502643 0.43864553
 0.15252228 0.16057408 0.12211694 0.10260238 0.12016586 0.13487911
 0.39390641 1.07008373 0.15282612 0.11234227 0.13702251 0.10124168
 0.1014077  0.11001797 0.10156633 0.29284201 0.32067504 0.12751271
 0.11519714 0.10256063 0.12519805 0.10590522 0.09114105 0.11938439
 0.10574067 0.10592841 0.12152678 0.91040695 0.11255439 0.11131525
 0.10468125 0.10450068 0.1019329  0.10083887 0.16614684 0.11195059
 0.14002209 0.1338967  0.18964366 0.16426383 0.13402584 0.11042977
 0.16992115 0.11342839 0.12589916 0.12247051 0.14445199 0.15067429
 0.14695397 0.15443837 0.12846425 0.13301335 0.15999703 0.14224114
 0.12557004 0.14080865 0.12218286 0.13401621 0.14738523 0.2000128
 0.13501904 0.11630767 0.11180655 0.11212721 0.11325011 0.10938883
 0.14131116 0.42362702 0.13269026 0.13468242 0.16273483 0.14927749
 0.26872196 0.18905732 0.21833946 0.14489539 0.12885384 0.18160398
 0.13974398 0.17380931 0.14243168 0.12533312 0.15297309 0.15005289
 0.11061553 0.1548299  0.11021724 0.11448103 0.11983665 0.12842771
 0.14864765 0.1440955  0.1607285  0.16400233 0.11875793 0.14657864
 0.144148   0.17491707 0.13813201 0.18348611 0.14014914 0.10572687
 0.14400759 0.11893631]
SR: [0.05792694 0.0296509  0.09025721 0.04200008 0.03028513 0.11548968
 0.14334921 0.07798921 0.09730713 0.07598046 0.05652019 0.48605167
 0.15297776 0.08780215 0.07937954 0.0727448  0.11042176 0.37667969
 0.09937368 0.1002845  0.07934651 0.05022303 0.06026775 0.07602359
 0.3694866  0.55779733 0.08742295 0.05465968 0.08523731 0.04951305
 0.04201537 0.04415422 0.0515462  0.27824072 0.23118485 0.06424365
 0.04399626 0.04334307 0.06332902 0.04572506 0.04180088 0.06770337
 0.05491172 0.04608506 0.04743318 0.82912829 0.05384369 0.0463219
 0.05155098 0.04129542 0.04733009 0.04561153 0.07076412 0.04571343
 0.05023785 0.05503037 0.10953707 0.0796796  0.03910294 0.06075853
 0.06222283 0.05259292 0.05899348 0.04894531 0.07156821 0.07015382
 0.05570629 0.0639864  0.04415384 0.06679558 0.08572773 0.08293514
 0.08341717 0.06438909 0.07444453 0.07111965 0.07780622 0.10281682
 0.06730455 0.06247889 0.03830144 0.04251467 0.04300875 0.04367686
 0.05541096 0.27222402 0.06185388 0.05802272 0.04999538 0.04936679
 0.05877394 0.09081073 0.12130837 0.06642441 0.07161594 0.08637557
 0.07306088 0.08971434 0.08784772 0.06475547 0.08271863 0.06191541
 0.06290384 0.08829854 0.05621028 0.06029226 0.05977905 0.03782279
 0.04750165 0.06728089 0.07903351 0.08726979 0.06716354 0.07606298
 0.07806678 0.09276051 0.063246   0.06410209 0.06068135 0.06791327
 0.08923269 0.05914747]

All values for metric: trabecular_spacing_mean
HR: [       nan        nan        nan        nan        nan        nan
 2.5212573         nan        nan        nan        nan 2.19020096
        nan 1.77351409        nan        nan        nan 2.08806193
        nan 1.47965067 1.32454878        nan        nan        nan
 1.73433192 1.6374004  1.46115313        nan 1.29480235        nan
        nan        nan        nan 3.22783973 1.62076985        nan
        nan        nan 1.42407954        nan        nan        nan
        nan        nan        nan 1.63513303        nan        nan
        nan        nan        nan        nan 1.18925316        nan
        nan 1.3582347  0.8511485  1.63020353        nan        nan
 1.08869008 1.25577531 1.13506668        nan        nan 1.04962944
 1.5053929  1.68652456 1.17404932 1.010662   1.07721217 0.7543721
 0.71876905 1.10143578 0.95138861 0.84993136 0.86042256        nan
 1.17926884 1.38046338        nan        nan        nan        nan
 1.22224173 1.41476612 2.29788296        nan        nan        nan
        nan 1.13502306 1.30604742 1.30990201 0.68711821 0.73310824
 0.79950252 0.71770651 0.71582458 0.75090422 0.89872742 1.06820203
 0.96005434 0.91514022 1.22978332 0.99703751 1.32286766        nan
        nan 1.87604488 0.69976821 0.64079112 0.74871796 0.68553592
 0.70159635 0.69761702 0.82380967 0.9446824  0.94853397 0.62078741
 0.81831526 0.79319788]
LR: [0.71958312 0.39749018 3.92341915 0.51765903 0.46565963 1.97177308
 1.77062728 1.85258141 0.92957629 1.20548863 1.29679606 3.23464714
 1.68073678 1.45334495 1.05888721 1.10325095 1.0238492  4.10056212
 1.12984858 1.25984995 1.05264929 0.87010726 0.9597806  1.13275582
 2.54717585 2.64189879 1.1805834  0.86006988 1.06146481 1.04022851
 0.78902277 0.80230839 0.85433834 7.13416519 1.74169154 1.0593874
 0.97231412 0.79519723 0.99772702 1.04447602 0.78135528 0.89837545
 0.85323306 0.84646442 1.0210039  3.60288648 1.02347384 0.78187349
 0.94931768 0.9008476  0.83494625 0.89469301 0.9233302  0.85600344
 0.91754292 0.8983161  0.93125087 1.19464218 0.9151728  1.01691447
 0.88822021 0.9524773  0.94884376 0.98907887 0.91896812 0.87848314
 1.04250696 1.11689616 0.81431396 1.15662846 1.0459504  0.79014806
 0.77600825 0.93963721 0.93855289 0.80141907 0.89553169 1.04684269
 1.0701572  1.04318836 0.78111618 0.96805426 1.00693404 0.97893327
 0.96131377 1.44381762 1.74024157 0.90216861 0.91917543 1.14989434
 0.92505569 1.0712739  1.1855941  0.96593752 0.7233445  0.8688861
 0.79632265 0.80612786 0.79497871 0.73530438 0.9681949  0.95242639
 0.82322848 0.83138738 0.83706519 0.8569531  0.9763815  0.87102474
 0.62995756 1.54622813 0.7444778  0.70251266 0.76343136 0.73234479
 0.70693885 0.7746552  0.76541763 0.8353743  0.82981975 0.61702408
 0.78478453 0.72936506]
SR: [       nan        nan        nan        nan        nan        nan
 2.40138851        nan        nan        nan        nan 2.07909224
        nan 1.64635635        nan        nan        nan 2.19670957
 1.35962367 1.3996571  1.213737          nan        nan 1.49851562
 1.61413793 1.60272997 1.32321107        nan 1.18498466        nan
        nan        nan 1.24207676 3.1159245  1.50655801        nan
        nan        nan 1.26905022        nan        nan        nan
 1.16427495 1.16323122        nan 1.60947692        nan 1.10288746
        nan        nan        nan        nan 1.11731562        nan
        nan 1.24831092 0.75221877 1.53120726        nan        nan
 0.98820208 1.20180498 1.02407112 1.41595524 1.25267484 0.95156474
 1.39548188 1.53112302 0.98639573 0.85643966 0.96535442 0.65157725
 0.63494723 0.9841084  0.84452658 0.7493998  0.75144816        nan
 1.06876547 1.19957386        nan        nan        nan        nan
 1.08848403 1.23006788 2.00930963 1.25561721        nan        nan
        nan 0.97605928 1.243868   1.08873197 0.58533225 0.65273378
 0.68918197 0.62683724 0.62813828 0.65671846 0.79385892 0.96646814
 0.86544203 0.82759683 1.11035926 0.88866956 1.22539605        nan
        nan 1.71291545 0.60503973 0.54783059 0.64155256 0.58322111
 0.60622091 0.61418715 0.73268535 0.84991963 0.84292445 0.52040976
 0.70189041 0.68642135]

All values for metric: trabecular_spacing_std
HR: [       nan        nan        nan        nan        nan        nan
 2.23135667        nan        nan        nan        nan 1.38543625
        nan 0.65367448        nan        nan        nan 1.13417791
        nan 0.41210035 0.29001844        nan        nan        nan
 0.82565996 0.75196639 0.49631149        nan 0.28568676        nan
        nan        nan        nan 1.62360849 0.81231466        nan
        nan        nan 0.46785257        nan        nan        nan
        nan        nan        nan 0.55790675        nan        nan
        nan        nan        nan        nan 0.43034152        nan
        nan 0.6082265  0.26741393 0.6737107         nan        nan
 0.45590459 0.42526589 0.46366215        nan        nan 0.34927503
 0.637119   0.73829582 0.51624433 0.67475892 0.42223177 0.2261419
 0.22649761 0.35438119 0.31677369 0.22156542 0.29124969        nan
 0.36195947 0.47250315        nan        nan        nan        nan
 0.48561551 1.01598829 1.69356994        nan        nan        nan
        nan 0.67018085 0.7714951  0.54010228 0.20047857 0.25488366
 0.19964039 0.23091185 0.23212225 0.20673432 0.30082215 0.32699823
 0.22859317 0.22065846 0.33850264 0.32056252 0.41869741        nan
        nan 1.21485626 0.18948679 0.20935526 0.23836271 0.20214657
 0.19286046 0.21562537 0.2435477  0.30904346 0.39568632 0.15780929
 0.22404118 0.19743416]
LR: [0.22168145 0.09435161 1.63719921 0.13042262 0.11985222 1.01375165
 1.22599893 0.79224422 0.26762429 0.37034535 0.60117351 1.55443858
 0.87823793 0.63775441 0.25298661 0.33019116 0.3311654  2.39889545
 0.32464924 0.33825735 0.2673227  0.24780668 0.25141581 0.38885057
 1.07109473 1.00027986 0.42460328 0.23700374 0.27006096 0.25902422
 0.21469277 0.21001897 0.24399063 3.92140608 0.820289   0.30618404
 0.28816679 0.22782613 0.29181736 0.24236999 0.20660981 0.25475103
 0.21678353 0.27198597 0.35544849 1.81868209 0.25254786 0.21795004
 0.26902989 0.23757852 0.25793604 0.25495629 0.31053798 0.24907412
 0.31323064 0.37148904 0.3256432  0.38810627 0.30513837 0.29364486
 0.36846029 0.33617796 0.39846415 0.32491233 0.26372822 0.30443082
 0.37964611 0.41858698 0.30505042 0.9995832  0.45177633 0.27505631
 0.31242515 0.3076511  0.34290667 0.24051488 0.34041612 0.32225368
 0.35770901 0.35776075 0.22747303 0.24883781 0.34768583 0.31806221
 0.36868493 0.93876996 1.18995345 0.25174521 0.37325191 0.43949738
 0.27507766 0.60945522 0.74332113 0.31994689 0.26301468 0.39223145
 0.23490074 0.27128093 0.29214998 0.24315511 0.35962546 0.32184117
 0.21371968 0.2351553  0.24367906 0.30270696 0.3238524  0.32861288
 0.19330287 0.91714723 0.23279795 0.25081383 0.28360174 0.2469545
 0.22165372 0.26494999 0.263252   0.2649062  0.32559695 0.18307229
 0.24316928 0.20883484]
SR: [       nan        nan        nan        nan        nan        nan
 2.09293271        nan        nan        nan        nan 1.33443759
        nan 0.62014136        nan        nan        nan 1.33511648
 0.32211231 0.42628284 0.29032058        nan        nan 0.57083549
 0.72933395 0.75217971 0.48426727        nan 0.30251543        nan
        nan        nan 0.4320218  1.57375205 0.64756306        nan
        nan        nan 0.39860475        nan        nan        nan
 0.29718334 0.36036726        nan 0.55051701        nan 0.31114536
        nan        nan        nan        nan 0.42223041        nan
        nan 0.66344184 0.2592159  0.60875729        nan        nan
 0.45188298 0.43654267 0.43611423 0.5581553  0.38181483 0.31346856
 0.57304685 0.65950347 0.38930711 0.54928271 0.39169769 0.21839841
 0.22844836 0.33531888 0.30985953 0.22326904 0.28815091        nan
 0.33909182 0.40250464        nan        nan        nan        nan
 0.44824655 0.88597412 1.55701316 0.41042066        nan        nan
        nan 0.5938625  0.89156961 0.39192115 0.18462098 0.2477038
 0.19209747 0.2136436  0.21978491 0.19505687 0.28277803 0.32961053
 0.22131994 0.2385703  0.3196759  0.31715408 0.39319242        nan
        nan 1.13559484 0.18775592 0.19482015 0.21731689 0.19065197
 0.19155869 0.21239624 0.22862208 0.31137212 0.38020028 0.14986184
 0.21852819 0.18583339]

All values for metric: trabecular_number
HR: [0.0930676  0.0060981  0.12180719 0.03072127 0.00994439 0.13650186
 0.321304   0.10085288 0.05745045 0.22722704 0.16053365 0.26276768
 0.15373627 0.26100334 0.14629081 0.25424288 0.09309732 0.30293631
 0.262491   0.30723783 0.35583366 0.17292296 0.24068287 0.28779455
 0.27248041 0.16677456 0.40100268 0.2006999  0.39503718 0.31701903
 0.19075613 0.18196092 0.34380393 0.25164655 0.28326713 0.25417749
 0.27354326 0.28492164 0.34067696 0.20766264 0.2332712  0.18705751
 0.32128997 0.35444343 0.15137691 0.08194931 0.24147385 0.35619112
 0.32263131 0.26233576 0.31332306 0.2561339  0.42783263 0.2590822
 0.30220632 0.43867214 0.81578397 0.29593362 0.1358801  0.29359656
 0.60061249 0.46249185 0.56656004 0.34023339 0.32706279 0.53140868
 0.39956472 0.35625737 0.54504365 0.92124985 0.61113032 1.02626262
 1.09845306 0.56182637 0.80854149 0.80134856 0.85661505 0.21186801
 0.55310994 0.40854053 0.15386855 0.20948991 0.18536888 0.20105588
 0.53155128 0.4624049  0.52305895 0.33328683 0.23060886 0.14535129
 0.04516934 0.67218435 0.52106801 0.46152719 1.156137   1.06800354
 0.89441867 1.06698478 1.09413942 0.94161783 0.850224   0.5731381
 0.61067482 0.61123785 0.38291902 0.65811244 0.37982574 0.06538436
 0.01950463 0.44509929 0.99659192 1.19390404 1.03615267 1.12264174
 1.09328394 1.06889882 0.78788794 0.68472477 0.73216179 1.23180825
 0.82256943 0.85827738]
LR: [0.59094654 1.14559436 0.15104025 0.85392043 0.99351233 0.25273516
 0.34073692 0.24582038 0.44573422 0.36582932 0.39339817 0.14520972
 0.31195639 0.3559131  0.41849774 0.44539936 0.44497577 0.1759827
 0.51995576 0.38936998 0.50173413 0.57772086 0.52023556 0.49676197
 0.17093458 0.06276968 0.54052954 0.60160775 0.52100158 0.50169989
 0.63514425 0.60864728 0.59255957 0.17794341 0.23980538 0.45987591
 0.60937866 0.67151223 0.56360189 0.47659444 0.66270529 0.55628995
 0.59022454 0.6571232  0.48137264 0.05028777 0.47051471 0.68235731
 0.58527    0.58605441 0.65243407 0.58971567 0.55885376 0.58725394
 0.57138501 0.6908515  0.61940693 0.37149916 0.52232211 0.49056927
 0.63333238 0.62044723 0.64698883 0.54099031 0.55207163 0.62342687
 0.53699717 0.52316192 0.74019577 0.7733497  0.56718329 0.78764161
 0.83534501 0.60507464 0.69414456 0.71549735 0.68604116 0.40609663
 0.55685462 0.54079531 0.63056036 0.52659444 0.52064136 0.53773825
 0.63939111 0.43499944 0.55655705 0.58897373 0.57643215 0.44688749
 0.42896858 0.62793258 0.56255233 0.58041618 0.87698267 0.75072091
 0.73957259 0.73523536 0.80211822 0.81301434 0.65841454 0.59555366
 0.6774777  0.62922204 0.63059292 0.70181144 0.54365492 0.55801386
 0.71336967 0.50720923 0.75158332 0.84187521 0.83542501 0.8301636
 0.84887831 0.7487264  0.75094585 0.64625549 0.72485568 0.967318
 0.74607097 0.79567816]
SR: [0.081962   0.00879065 0.13691033 0.03444257 0.01685221 0.15929076
 0.37566169 0.12033039 0.066058   0.26233436 0.1873634  0.23203905
 0.18368287 0.30555853 0.16716716 0.29446911 0.11376044 0.26938434
 0.33100032 0.35672952 0.40498047 0.20357626 0.27365459 0.34487186
 0.25687618 0.14009779 0.48793066 0.24599712 0.465243   0.35521183
 0.23254849 0.20365839 0.40455662 0.2384197  0.29167522 0.28438892
 0.35388181 0.36190895 0.40713512 0.22824157 0.287486   0.21447993
 0.39466007 0.44154253 0.15125647 0.08682068 0.27211702 0.46034433
 0.38400454 0.29197352 0.37621454 0.2933125  0.49474256 0.3172255
 0.36123912 0.54221359 0.90780564 0.32004194 0.14405078 0.32745335
 0.67363929 0.51552388 0.65627497 0.38852879 0.37138508 0.5968038
 0.44168563 0.40672781 0.66461215 1.02589986 0.68046598 1.1560847
 1.20245449 0.66643644 0.9162058  0.94242661 0.97784034 0.25662838
 0.63414524 0.4962338  0.20637626 0.25583864 0.22899514 0.2410774
 0.60835162 0.49584877 0.59574882 0.39687285 0.29904195 0.20287243
 0.06390849 0.75200258 0.56326607 0.55318394 1.29572608 1.14684284
 1.04514375 1.16025599 1.1775698  1.08436841 0.9558531  0.66257026
 0.70390851 0.70378057 0.45867351 0.77116711 0.43205006 0.1098992
 0.03189753 0.51421606 1.14214537 1.31336817 1.16758959 1.26723576
 1.22533384 1.15070848 0.89442307 0.76747331 0.8463388  1.41834444
 0.98007358 1.00135525]

All values for metric: position
HR: [[[2048 2304]
  [2560 2816]
  [2048 2304]]

 [[2048 2304]
  [2816 3072]
  [2048 2304]]

 [[2048 2304]
  [2816 3072]
  [2304 2560]]

 [[2304 2560]
  [2560 2816]
  [2048 2304]]

 [[2304 2560]
  [2816 3072]
  [2048 2304]]

 [[2304 2560]
  [2816 3072]
  [2304 2560]]

 [[2560 2816]
  [2304 2560]
  [1792 2048]]

 [[2560 2816]
  [2560 2816]
  [2048 2304]]

 [[2560 2816]
  [2816 3072]
  [2048 2304]]

 [[2560 2816]
  [2816 3072]
  [2304 2560]]

 [[2816 3072]
  [2304 2560]
  [1792 2048]]

 [[2816 3072]
  [2304 2560]
  [2048 2304]]

 [[2816 3072]
  [2560 2816]
  [1792 2048]]

 [[2816 3072]
  [2560 2816]
  [2048 2304]]

 [[2816 3072]
  [2816 3072]
  [2048 2304]]

 [[2816 3072]
  [2816 3072]
  [2304 2560]]

 [[3072 3328]
  [2304 2560]
  [1792 2048]]

 [[3072 3328]
  [2304 2560]
  [2048 2304]]

 [[3072 3328]
  [2560 2816]
  [1792 2048]]

 [[3072 3328]
  [2560 2816]
  [2048 2304]]

 [[3072 3328]
  [2560 2816]
  [2304 2560]]

 [[3072 3328]
  [2816 3072]
  [2048 2304]]

 [[3072 3328]
  [2816 3072]
  [2304 2560]]

 [[3328 3584]
  [2304 2560]
  [1792 2048]]

 [[3328 3584]
  [2304 2560]
  [2048 2304]]

 [[3328 3584]
  [2304 2560]
  [2304 2560]]

 [[3328 3584]
  [2560 2816]
  [1792 2048]]

 [[3328 3584]
  [2816 3072]
  [1792 2048]]

 [[3328 3584]
  [2560 2816]
  [2048 2304]]

 [[3328 3584]
  [2560 2816]
  [2304 2560]]

 [[3328 3584]
  [2816 3072]
  [2048 2304]]

 [[3328 3584]
  [2816 3072]
  [2304 2560]]

 [[3328 3584]
  [3072 3328]
  [2048 2304]]

 [[3584 3840]
  [2048 2304]
  [2048 2304]]

 [[3584 3840]
  [2304 2560]
  [2048 2304]]

 [[3584 3840]
  [2304 2560]
  [2304 2560]]

 [[3584 3840]
  [2560 2816]
  [1792 2048]]

 [[3584 3840]
  [2816 3072]
  [1792 2048]]

 [[3584 3840]
  [2560 2816]
  [2048 2304]]

 [[3584 3840]
  [2560 2816]
  [2304 2560]]

 [[3584 3840]
  [2816 3072]
  [2048 2304]]

 [[3584 3840]
  [2816 3072]
  [2304 2560]]

 [[3584 3840]
  [3072 3328]
  [2048 2304]]

 [[3584 3840]
  [3072 3328]
  [2304 2560]]

 [[3840 4096]
  [2048 2304]
  [2304 2560]]

 [[3840 4096]
  [2304 2560]
  [2048 2304]]

 [[3840 4096]
  [2304 2560]
  [2304 2560]]

 [[3840 4096]
  [2816 3072]
  [1792 2048]]

 [[3840 4096]
  [2560 2816]
  [2048 2304]]

 [[3840 4096]
  [2560 2816]
  [2304 2560]]

 [[3840 4096]
  [2816 3072]
  [2048 2304]]

 [[3840 4096]
  [2816 3072]
  [2304 2560]]

 [[3840 4096]
  [3072 3328]
  [1792 2048]]

 [[3840 4096]
  [3072 3328]
  [2048 2304]]

 [[3840 4096]
  [3072 3328]
  [2304 2560]]

 [[3840 4096]
  [3328 3584]
  [2304 2560]]

 [[4096 4352]
  [1536 1792]
  [2304 2560]]

 [[4096 4352]
  [1792 2048]
  [2304 2560]]

 [[4096 4352]
  [2048 2304]
  [2304 2560]]

 [[4096 4352]
  [2304 2560]
  [2304 2560]]

 [[4096 4352]
  [2816 3072]
  [1792 2048]]

 [[4096 4352]
  [2560 2816]
  [2304 2560]]

 [[4096 4352]
  [2816 3072]
  [2048 2304]]

 [[4096 4352]
  [2816 3072]
  [2304 2560]]

 [[4096 4352]
  [2560 2816]
  [2560 2816]]

 [[4096 4352]
  [3072 3328]
  [1792 2048]]

 [[4096 4352]
  [3072 3328]
  [2048 2304]]

 [[4096 4352]
  [3072 3328]
  [2304 2560]]

 [[4352 4608]
  [ 768 1024]
  [2304 2560]]

 [[4352 4608]
  [1024 1280]
  [2048 2304]]

 [[4352 4608]
  [1024 1280]
  [2304 2560]]

 [[4352 4608]
  [1280 1536]
  [2048 2304]]

 [[4352 4608]
  [1280 1536]
  [2304 2560]]

 [[4352 4608]
  [1024 1280]
  [2560 2816]]

 [[4352 4608]
  [1280 1536]
  [2560 2816]]

 [[4352 4608]
  [1536 1792]
  [2048 2304]]

 [[4352 4608]
  [1536 1792]
  [2304 2560]]

 [[4352 4608]
  [1792 2048]
  [2304 2560]]

 [[4352 4608]
  [1536 1792]
  [2560 2816]]

 [[4352 4608]
  [1792 2048]
  [2560 2816]]

 [[4352 4608]
  [2048 2304]
  [2304 2560]]

 [[4352 4608]
  [2304 2560]
  [2304 2560]]

 [[4352 4608]
  [2048 2304]
  [2560 2816]]

 [[4352 4608]
  [2304 2560]
  [2560 2816]]

 [[4352 4608]
  [2560 2816]
  [2304 2560]]

 [[4352 4608]
  [2816 3072]
  [2048 2304]]

 [[4352 4608]
  [2816 3072]
  [2304 2560]]

 [[4352 4608]
  [2560 2816]
  [2560 2816]]

 [[4352 4608]
  [3072 3328]
  [1792 2048]]

 [[4352 4608]
  [3072 3328]
  [2048 2304]]

 [[4352 4608]
  [3072 3328]
  [2304 2560]]

 [[4608 4864]
  [ 768 1024]
  [2048 2304]]

 [[4608 4864]
  [ 768 1024]
  [2304 2560]]

 [[4608 4864]
  [ 768 1024]
  [2560 2816]]

 [[4608 4864]
  [1024 1280]
  [2048 2304]]

 [[4608 4864]
  [1024 1280]
  [2304 2560]]

 [[4608 4864]
  [1280 1536]
  [2048 2304]]

 [[4608 4864]
  [1280 1536]
  [2304 2560]]

 [[4608 4864]
  [1024 1280]
  [2560 2816]]

 [[4608 4864]
  [1024 1280]
  [2816 3072]]

 [[4608 4864]
  [1280 1536]
  [2560 2816]]

 [[4608 4864]
  [1280 1536]
  [2816 3072]]

 [[4608 4864]
  [1536 1792]
  [2048 2304]]

 [[4608 4864]
  [1536 1792]
  [2304 2560]]

 [[4608 4864]
  [1792 2048]
  [2304 2560]]

 [[4608 4864]
  [1536 1792]
  [2560 2816]]

 [[4608 4864]
  [1792 2048]
  [2560 2816]]

 [[4608 4864]
  [3072 3328]
  [2048 2304]]

 [[4608 4864]
  [3072 3328]
  [2304 2560]]

 [[4864 5120]
  [ 768 1024]
  [2304 2560]]

 [[4864 5120]
  [1024 1280]
  [2048 2304]]

 [[4864 5120]
  [1024 1280]
  [2304 2560]]

 [[4864 5120]
  [1280 1536]
  [2048 2304]]

 [[4864 5120]
  [1280 1536]
  [2304 2560]]

 [[4864 5120]
  [1024 1280]
  [2560 2816]]

 [[4864 5120]
  [1280 1536]
  [2560 2816]]

 [[4864 5120]
  [1280 1536]
  [2816 3072]]

 [[4864 5120]
  [1536 1792]
  [2304 2560]]

 [[4864 5120]
  [1536 1792]
  [2560 2816]]

 [[5120 5376]
  [1024 1280]
  [2304 2560]]

 [[5120 5376]
  [1280 1536]
  [2304 2560]]

 [[5120 5376]
  [1280 1536]
  [2560 2816]]]
LR: [[[2048 2304]
  [2560 2816]
  [2048 2304]]

 [[2048 2304]
  [2816 3072]
  [2048 2304]]

 [[2048 2304]
  [2816 3072]
  [2304 2560]]

 [[2304 2560]
  [2560 2816]
  [2048 2304]]

 [[2304 2560]
  [2816 3072]
  [2048 2304]]

 [[2304 2560]
  [2816 3072]
  [2304 2560]]

 [[2560 2816]
  [2304 2560]
  [1792 2048]]

 [[2560 2816]
  [2560 2816]
  [2048 2304]]

 [[2560 2816]
  [2816 3072]
  [2048 2304]]

 [[2560 2816]
  [2816 3072]
  [2304 2560]]

 [[2816 3072]
  [2304 2560]
  [1792 2048]]

 [[2816 3072]
  [2304 2560]
  [2048 2304]]

 [[2816 3072]
  [2560 2816]
  [1792 2048]]

 [[2816 3072]
  [2560 2816]
  [2048 2304]]

 [[2816 3072]
  [2816 3072]
  [2048 2304]]

 [[2816 3072]
  [2816 3072]
  [2304 2560]]

 [[3072 3328]
  [2304 2560]
  [1792 2048]]

 [[3072 3328]
  [2304 2560]
  [2048 2304]]

 [[3072 3328]
  [2560 2816]
  [1792 2048]]

 [[3072 3328]
  [2560 2816]
  [2048 2304]]

 [[3072 3328]
  [2560 2816]
  [2304 2560]]

 [[3072 3328]
  [2816 3072]
  [2048 2304]]

 [[3072 3328]
  [2816 3072]
  [2304 2560]]

 [[3328 3584]
  [2304 2560]
  [1792 2048]]

 [[3328 3584]
  [2304 2560]
  [2048 2304]]

 [[3328 3584]
  [2304 2560]
  [2304 2560]]

 [[3328 3584]
  [2560 2816]
  [1792 2048]]

 [[3328 3584]
  [2816 3072]
  [1792 2048]]

 [[3328 3584]
  [2560 2816]
  [2048 2304]]

 [[3328 3584]
  [2560 2816]
  [2304 2560]]

 [[3328 3584]
  [2816 3072]
  [2048 2304]]

 [[3328 3584]
  [2816 3072]
  [2304 2560]]

 [[3328 3584]
  [3072 3328]
  [2048 2304]]

 [[3584 3840]
  [2048 2304]
  [2048 2304]]

 [[3584 3840]
  [2304 2560]
  [2048 2304]]

 [[3584 3840]
  [2304 2560]
  [2304 2560]]

 [[3584 3840]
  [2560 2816]
  [1792 2048]]

 [[3584 3840]
  [2816 3072]
  [1792 2048]]

 [[3584 3840]
  [2560 2816]
  [2048 2304]]

 [[3584 3840]
  [2560 2816]
  [2304 2560]]

 [[3584 3840]
  [2816 3072]
  [2048 2304]]

 [[3584 3840]
  [2816 3072]
  [2304 2560]]

 [[3584 3840]
  [3072 3328]
  [2048 2304]]

 [[3584 3840]
  [3072 3328]
  [2304 2560]]

 [[3840 4096]
  [2048 2304]
  [2304 2560]]

 [[3840 4096]
  [2304 2560]
  [2048 2304]]

 [[3840 4096]
  [2304 2560]
  [2304 2560]]

 [[3840 4096]
  [2816 3072]
  [1792 2048]]

 [[3840 4096]
  [2560 2816]
  [2048 2304]]

 [[3840 4096]
  [2560 2816]
  [2304 2560]]

 [[3840 4096]
  [2816 3072]
  [2048 2304]]

 [[3840 4096]
  [2816 3072]
  [2304 2560]]

 [[3840 4096]
  [3072 3328]
  [1792 2048]]

 [[3840 4096]
  [3072 3328]
  [2048 2304]]

 [[3840 4096]
  [3072 3328]
  [2304 2560]]

 [[3840 4096]
  [3328 3584]
  [2304 2560]]

 [[4096 4352]
  [1536 1792]
  [2304 2560]]

 [[4096 4352]
  [1792 2048]
  [2304 2560]]

 [[4096 4352]
  [2048 2304]
  [2304 2560]]

 [[4096 4352]
  [2304 2560]
  [2304 2560]]

 [[4096 4352]
  [2816 3072]
  [1792 2048]]

 [[4096 4352]
  [2560 2816]
  [2304 2560]]

 [[4096 4352]
  [2816 3072]
  [2048 2304]]

 [[4096 4352]
  [2816 3072]
  [2304 2560]]

 [[4096 4352]
  [2560 2816]
  [2560 2816]]

 [[4096 4352]
  [3072 3328]
  [1792 2048]]

 [[4096 4352]
  [3072 3328]
  [2048 2304]]

 [[4096 4352]
  [3072 3328]
  [2304 2560]]

 [[4352 4608]
  [ 768 1024]
  [2304 2560]]

 [[4352 4608]
  [1024 1280]
  [2048 2304]]

 [[4352 4608]
  [1024 1280]
  [2304 2560]]

 [[4352 4608]
  [1280 1536]
  [2048 2304]]

 [[4352 4608]
  [1280 1536]
  [2304 2560]]

 [[4352 4608]
  [1024 1280]
  [2560 2816]]

 [[4352 4608]
  [1280 1536]
  [2560 2816]]

 [[4352 4608]
  [1536 1792]
  [2048 2304]]

 [[4352 4608]
  [1536 1792]
  [2304 2560]]

 [[4352 4608]
  [1792 2048]
  [2304 2560]]

 [[4352 4608]
  [1536 1792]
  [2560 2816]]

 [[4352 4608]
  [1792 2048]
  [2560 2816]]

 [[4352 4608]
  [2048 2304]
  [2304 2560]]

 [[4352 4608]
  [2304 2560]
  [2304 2560]]

 [[4352 4608]
  [2048 2304]
  [2560 2816]]

 [[4352 4608]
  [2304 2560]
  [2560 2816]]

 [[4352 4608]
  [2560 2816]
  [2304 2560]]

 [[4352 4608]
  [2816 3072]
  [2048 2304]]

 [[4352 4608]
  [2816 3072]
  [2304 2560]]

 [[4352 4608]
  [2560 2816]
  [2560 2816]]

 [[4352 4608]
  [3072 3328]
  [1792 2048]]

 [[4352 4608]
  [3072 3328]
  [2048 2304]]

 [[4352 4608]
  [3072 3328]
  [2304 2560]]

 [[4608 4864]
  [ 768 1024]
  [2048 2304]]

 [[4608 4864]
  [ 768 1024]
  [2304 2560]]

 [[4608 4864]
  [ 768 1024]
  [2560 2816]]

 [[4608 4864]
  [1024 1280]
  [2048 2304]]

 [[4608 4864]
  [1024 1280]
  [2304 2560]]

 [[4608 4864]
  [1280 1536]
  [2048 2304]]

 [[4608 4864]
  [1280 1536]
  [2304 2560]]

 [[4608 4864]
  [1024 1280]
  [2560 2816]]

 [[4608 4864]
  [1024 1280]
  [2816 3072]]

 [[4608 4864]
  [1280 1536]
  [2560 2816]]

 [[4608 4864]
  [1280 1536]
  [2816 3072]]

 [[4608 4864]
  [1536 1792]
  [2048 2304]]

 [[4608 4864]
  [1536 1792]
  [2304 2560]]

 [[4608 4864]
  [1792 2048]
  [2304 2560]]

 [[4608 4864]
  [1536 1792]
  [2560 2816]]

 [[4608 4864]
  [1792 2048]
  [2560 2816]]

 [[4608 4864]
  [3072 3328]
  [2048 2304]]

 [[4608 4864]
  [3072 3328]
  [2304 2560]]

 [[4864 5120]
  [ 768 1024]
  [2304 2560]]

 [[4864 5120]
  [1024 1280]
  [2048 2304]]

 [[4864 5120]
  [1024 1280]
  [2304 2560]]

 [[4864 5120]
  [1280 1536]
  [2048 2304]]

 [[4864 5120]
  [1280 1536]
  [2304 2560]]

 [[4864 5120]
  [1024 1280]
  [2560 2816]]

 [[4864 5120]
  [1280 1536]
  [2560 2816]]

 [[4864 5120]
  [1280 1536]
  [2816 3072]]

 [[4864 5120]
  [1536 1792]
  [2304 2560]]

 [[4864 5120]
  [1536 1792]
  [2560 2816]]

 [[5120 5376]
  [1024 1280]
  [2304 2560]]

 [[5120 5376]
  [1280 1536]
  [2304 2560]]

 [[5120 5376]
  [1280 1536]
  [2560 2816]]]
SR: [[[2048 2304]
  [2560 2816]
  [2048 2304]]

 [[2048 2304]
  [2816 3072]
  [2048 2304]]

 [[2048 2304]
  [2816 3072]
  [2304 2560]]

 [[2304 2560]
  [2560 2816]
  [2048 2304]]

 [[2304 2560]
  [2816 3072]
  [2048 2304]]

 [[2304 2560]
  [2816 3072]
  [2304 2560]]

 [[2560 2816]
  [2304 2560]
  [1792 2048]]

 [[2560 2816]
  [2560 2816]
  [2048 2304]]

 [[2560 2816]
  [2816 3072]
  [2048 2304]]

 [[2560 2816]
  [2816 3072]
  [2304 2560]]

 [[2816 3072]
  [2304 2560]
  [1792 2048]]

 [[2816 3072]
  [2304 2560]
  [2048 2304]]

 [[2816 3072]
  [2560 2816]
  [1792 2048]]

 [[2816 3072]
  [2560 2816]
  [2048 2304]]

 [[2816 3072]
  [2816 3072]
  [2048 2304]]

 [[2816 3072]
  [2816 3072]
  [2304 2560]]

 [[3072 3328]
  [2304 2560]
  [1792 2048]]

 [[3072 3328]
  [2304 2560]
  [2048 2304]]

 [[3072 3328]
  [2560 2816]
  [1792 2048]]

 [[3072 3328]
  [2560 2816]
  [2048 2304]]

 [[3072 3328]
  [2560 2816]
  [2304 2560]]

 [[3072 3328]
  [2816 3072]
  [2048 2304]]

 [[3072 3328]
  [2816 3072]
  [2304 2560]]

 [[3328 3584]
  [2304 2560]
  [1792 2048]]

 [[3328 3584]
  [2304 2560]
  [2048 2304]]

 [[3328 3584]
  [2304 2560]
  [2304 2560]]

 [[3328 3584]
  [2560 2816]
  [1792 2048]]

 [[3328 3584]
  [2816 3072]
  [1792 2048]]

 [[3328 3584]
  [2560 2816]
  [2048 2304]]

 [[3328 3584]
  [2560 2816]
  [2304 2560]]

 [[3328 3584]
  [2816 3072]
  [2048 2304]]

 [[3328 3584]
  [2816 3072]
  [2304 2560]]

 [[3328 3584]
  [3072 3328]
  [2048 2304]]

 [[3584 3840]
  [2048 2304]
  [2048 2304]]

 [[3584 3840]
  [2304 2560]
  [2048 2304]]

 [[3584 3840]
  [2304 2560]
  [2304 2560]]

 [[3584 3840]
  [2560 2816]
  [1792 2048]]

 [[3584 3840]
  [2816 3072]
  [1792 2048]]

 [[3584 3840]
  [2560 2816]
  [2048 2304]]

 [[3584 3840]
  [2560 2816]
  [2304 2560]]

 [[3584 3840]
  [2816 3072]
  [2048 2304]]

 [[3584 3840]
  [2816 3072]
  [2304 2560]]

 [[3584 3840]
  [3072 3328]
  [2048 2304]]

 [[3584 3840]
  [3072 3328]
  [2304 2560]]

 [[3840 4096]
  [2048 2304]
  [2304 2560]]

 [[3840 4096]
  [2304 2560]
  [2048 2304]]

 [[3840 4096]
  [2304 2560]
  [2304 2560]]

 [[3840 4096]
  [2816 3072]
  [1792 2048]]

 [[3840 4096]
  [2560 2816]
  [2048 2304]]

 [[3840 4096]
  [2560 2816]
  [2304 2560]]

 [[3840 4096]
  [2816 3072]
  [2048 2304]]

 [[3840 4096]
  [2816 3072]
  [2304 2560]]

 [[3840 4096]
  [3072 3328]
  [1792 2048]]

 [[3840 4096]
  [3072 3328]
  [2048 2304]]

 [[3840 4096]
  [3072 3328]
  [2304 2560]]

 [[3840 4096]
  [3328 3584]
  [2304 2560]]

 [[4096 4352]
  [1536 1792]
  [2304 2560]]

 [[4096 4352]
  [1792 2048]
  [2304 2560]]

 [[4096 4352]
  [2048 2304]
  [2304 2560]]

 [[4096 4352]
  [2304 2560]
  [2304 2560]]

 [[4096 4352]
  [2816 3072]
  [1792 2048]]

 [[4096 4352]
  [2560 2816]
  [2304 2560]]

 [[4096 4352]
  [2816 3072]
  [2048 2304]]

 [[4096 4352]
  [2816 3072]
  [2304 2560]]

 [[4096 4352]
  [2560 2816]
  [2560 2816]]

 [[4096 4352]
  [3072 3328]
  [1792 2048]]

 [[4096 4352]
  [3072 3328]
  [2048 2304]]

 [[4096 4352]
  [3072 3328]
  [2304 2560]]

 [[4352 4608]
  [ 768 1024]
  [2304 2560]]

 [[4352 4608]
  [1024 1280]
  [2048 2304]]

 [[4352 4608]
  [1024 1280]
  [2304 2560]]

 [[4352 4608]
  [1280 1536]
  [2048 2304]]

 [[4352 4608]
  [1280 1536]
  [2304 2560]]

 [[4352 4608]
  [1024 1280]
  [2560 2816]]

 [[4352 4608]
  [1280 1536]
  [2560 2816]]

 [[4352 4608]
  [1536 1792]
  [2048 2304]]

 [[4352 4608]
  [1536 1792]
  [2304 2560]]

 [[4352 4608]
  [1792 2048]
  [2304 2560]]

 [[4352 4608]
  [1536 1792]
  [2560 2816]]

 [[4352 4608]
  [1792 2048]
  [2560 2816]]

 [[4352 4608]
  [2048 2304]
  [2304 2560]]

 [[4352 4608]
  [2304 2560]
  [2304 2560]]

 [[4352 4608]
  [2048 2304]
  [2560 2816]]

 [[4352 4608]
  [2304 2560]
  [2560 2816]]

 [[4352 4608]
  [2560 2816]
  [2304 2560]]

 [[4352 4608]
  [2816 3072]
  [2048 2304]]

 [[4352 4608]
  [2816 3072]
  [2304 2560]]

 [[4352 4608]
  [2560 2816]
  [2560 2816]]

 [[4352 4608]
  [3072 3328]
  [1792 2048]]

 [[4352 4608]
  [3072 3328]
  [2048 2304]]

 [[4352 4608]
  [3072 3328]
  [2304 2560]]

 [[4608 4864]
  [ 768 1024]
  [2048 2304]]

 [[4608 4864]
  [ 768 1024]
  [2304 2560]]

 [[4608 4864]
  [ 768 1024]
  [2560 2816]]

 [[4608 4864]
  [1024 1280]
  [2048 2304]]

 [[4608 4864]
  [1024 1280]
  [2304 2560]]

 [[4608 4864]
  [1280 1536]
  [2048 2304]]

 [[4608 4864]
  [1280 1536]
  [2304 2560]]

 [[4608 4864]
  [1024 1280]
  [2560 2816]]

 [[4608 4864]
  [1024 1280]
  [2816 3072]]

 [[4608 4864]
  [1280 1536]
  [2560 2816]]

 [[4608 4864]
  [1280 1536]
  [2816 3072]]

 [[4608 4864]
  [1536 1792]
  [2048 2304]]

 [[4608 4864]
  [1536 1792]
  [2304 2560]]

 [[4608 4864]
  [1792 2048]
  [2304 2560]]

 [[4608 4864]
  [1536 1792]
  [2560 2816]]

 [[4608 4864]
  [1792 2048]
  [2560 2816]]

 [[4608 4864]
  [3072 3328]
  [2048 2304]]

 [[4608 4864]
  [3072 3328]
  [2304 2560]]

 [[4864 5120]
  [ 768 1024]
  [2304 2560]]

 [[4864 5120]
  [1024 1280]
  [2048 2304]]

 [[4864 5120]
  [1024 1280]
  [2304 2560]]

 [[4864 5120]
  [1280 1536]
  [2048 2304]]

 [[4864 5120]
  [1280 1536]
  [2304 2560]]

 [[4864 5120]
  [1024 1280]
  [2560 2816]]

 [[4864 5120]
  [1280 1536]
  [2560 2816]]

 [[4864 5120]
  [1280 1536]
  [2816 3072]]

 [[4864 5120]
  [1536 1792]
  [2304 2560]]

 [[4864 5120]
  [1536 1792]
  [2560 2816]]

 [[5120 5376]
  [1024 1280]
  [2304 2560]]

 [[5120 5376]
  [1280 1536]
  [2304 2560]]

 [[5120 5376]
  [1280 1536]
  [2560 2816]]]

All values for metric: patch_idx
HR: [  0   1   2   3   4   5   6   7   8   9  10  11  12  13  14  15  16  17
  18  19  20  21  22  23  24  25  26  27  28  29  30  31  32  33  34  35
  36  37  38  39  40  41  42  43  44  45  46  47  48  49  50  51  52  53
  54  55  56  57  58  59  60  61  62  63  64  65  66  67  68  69  70  71
  72  73  74  75  76  77  78  79  80  81  82  83  84  85  86  87  88  89
  90  91  92  93  94  95  96  97  98  99 100 101 102 103 104 105 106 107
 108 109 110 111 112 113 114 115 116 117 118 119 120 121]
LR: [  0   1   2   3   4   5   6   7   8   9  10  11  12  13  14  15  16  17
  18  19  20  21  22  23  24  25  26  27  28  29  30  31  32  33  34  35
  36  37  38  39  40  41  42  43  44  45  46  47  48  49  50  51  52  53
  54  55  56  57  58  59  60  61  62  63  64  65  66  67  68  69  70  71
  72  73  74  75  76  77  78  79  80  81  82  83  84  85  86  87  88  89
  90  91  92  93  94  95  96  97  98  99 100 101 102 103 104 105 106 107
 108 109 110 111 112 113 114 115 116 117 118 119 120 121]
SR: [  0   1   2   3   4   5   6   7   8   9  10  11  12  13  14  15  16  17
  18  19  20  21  22  23  24  25  26  27  28  29  30  31  32  33  34  35
  36  37  38  39  40  41  42  43  44  45  46  47  48  49  50  51  52  53
  54  55  56  57  58  59  60  61  62  63  64  65  66  67  68  69  70  71
  72  73  74  75  76  77  78  79  80  81  82  83  84  85  86  87  88  89
  90  91  92  93  94  95  96  97  98  99 100 101 102 103 104 105 106 107
 108 109 110 111 112 113 114 115 116 117 118 119 120 121]
