Found 1 groups:
  - 2019_L
Found 1 groups:
  - 2019_L
Patch discarded for spacing: BV/TV too low (< 0.04)
Patch discarded for spacing: BV/TV too low (< 0.04)
Patch discarded for spacing: BV/TV too low (< 0.04)
Patch discarded for spacing: BV/TV too low (< 0.04)
Patch discarded for spacing: BV/TV too low (< 0.04)
Patch discarded for spacing: BV/TV too low (< 0.04)
Patch discarded for spacing: BV/TV too low (< 0.04)
Patch discarded for spacing: BV/TV too low (< 0.04)
Patch discarded for spacing: BV/TV too low (< 0.04)
Patch discarded for spacing: BV/TV too low (< 0.04)
Patch discarded for spacing: BV/TV too low (< 0.04)
Patch discarded for spacing: BV/TV too low (< 0.04)
Patch discarded for spacing: BV/TV too low (< 0.04)
Patch discarded for spacing: BV/TV too low (< 0.04)
Patch discarded for spacing: BV/TV too low (< 0.04)
Patch discarded for spacing: BV/TV too low (< 0.04)
Patch discarded for spacing: BV/TV too low (< 0.04)
Patch discarded for spacing: BV/TV too low (< 0.04)
Patch discarded for spacing: BV/TV too low (< 0.04)
Patch discarded for spacing: BV/TV too low (< 0.04)
Patch discarded for spacing: BV/TV too low (< 0.04)
Patch discarded for spacing: BV/TV too low (< 0.04)
Patch discarded for spacing: BV/TV too low (< 0.04)
Patch discarded for spacing: BV/TV too low (< 0.04)
Patch discarded for spacing: BV/TV too low (< 0.04)
Patch discarded for spacing: BV/TV too low (< 0.04)
Patch discarded for spacing: BV/TV too low (< 0.04)
Patch discarded for spacing: BV/TV too low (< 0.04)
Patch discarded for spacing: BV/TV too low (< 0.04)
Patch discarded for spacing: BV/TV too low (< 0.04)
Patch discarded for spacing: BV/TV too low (< 0.04)
Patch discarded for spacing: BV/TV too low (< 0.04)
Patch discarded for spacing: BV/TV too low (< 0.04)
Patch discarded for spacing: BV/TV too low (< 0.04)
Patch discarded for spacing: BV/TV too low (< 0.04)
Patch discarded for spacing: BV/TV too low (< 0.04)
Patch discarded for spacing: BV/TV too low (< 0.04)
Patch discarded for spacing: BV/TV too low (< 0.04)
Patch discarded for spacing: BV/TV too low (< 0.04)
Patch discarded for spacing: BV/TV too low (< 0.04)
Patch discarded for spacing: BV/TV too low (< 0.04)
Patch discarded for spacing: BV/TV too low (< 0.04)
Patch discarded for spacing: BV/TV too low (< 0.04)
Patch discarded for spacing: BV/TV too low (< 0.04)
Patch discarded for spacing: BV/TV too low (< 0.04)
Patch discarded for spacing: BV/TV too low (< 0.04)
Patch discarded for spacing: BV/TV too low (< 0.04)
Patch discarded for spacing: BV/TV too low (< 0.04)
Patch discarded for spacing: BV/TV too low (< 0.04)
Patch discarded for spacing: BV/TV too low (< 0.04)
Patch discarded for spacing: BV/TV too low (< 0.04)
Patch discarded for spacing: BV/TV too low (< 0.04)
Patch discarded for spacing: BV/TV too low (< 0.04)
Patch discarded for spacing: BV/TV too low (< 0.04)
Patch discarded for spacing: BV/TV too low (< 0.04)
Patch discarded for spacing: BV/TV too low (< 0.04)
Patch discarded for spacing: BV/TV too low (< 0.04)
Patch discarded for spacing: BV/TV too low (< 0.04)
Patch discarded for spacing: BV/TV too low (< 0.04)
Patch discarded for spacing: BV/TV too low (< 0.04)
Patch discarded for spacing: BV/TV too low (< 0.04)
Patch discarded for spacing: BV/TV too low (< 0.04)
Patch discarded for spacing: BV/TV too low (< 0.04)
Patch discarded for spacing: BV/TV too low (< 0.04)
Patch discarded for spacing: BV/TV too low (< 0.04)
Patch discarded for spacing: BV/TV too low (< 0.04)
Patch discarded for spacing: BV/TV too low (< 0.04)
Patch discarded for spacing: BV/TV too low (< 0.04)
Patch discarded for spacing: BV/TV too low (< 0.04)
Patch discarded for spacing: BV/TV too low (< 0.04)
Patch discarded for spacing: BV/TV too low (< 0.04)
Patch discarded for spacing: BV/TV too low (< 0.04)
Patch discarded for spacing: BV/TV too low (< 0.04)
Patch discarded for spacing: BV/TV too low (< 0.04)
Patch discarded for spacing: BV/TV too low (< 0.04)
Patch discarded for spacing: BV/TV too low (< 0.04)
Patch discarded for spacing: BV/TV too low (< 0.04)
Patch discarded for spacing: BV/TV too low (< 0.04)
Patch discarded for spacing: BV/TV too low (< 0.04)
Patch discarded for spacing: BV/TV too low (< 0.04)
Patch discarded for spacing: BV/TV too low (< 0.04)
Patch discarded for spacing: BV/TV too low (< 0.04)
Patch discarded for spacing: BV/TV too low (< 0.04)
Patch discarded for spacing: BV/TV too low (< 0.04)
Patch discarded for spacing: BV/TV too low (< 0.04)
Patch discarded for spacing: BV/TV too low (< 0.04)
Patch discarded for spacing: BV/TV too low (< 0.04)
Patch discarded for spacing: BV/TV too low (< 0.04)
Patch discarded for spacing: BV/TV too low (< 0.04)
Patch discarded for spacing: BV/TV too low (< 0.04)
Patch discarded for spacing: BV/TV too low (< 0.04)
Patch discarded for spacing: BV/TV too low (< 0.04)
Patch discarded for spacing: BV/TV too low (< 0.04)
Patch discarded for spacing: BV/TV too low (< 0.04)
Patch discarded for spacing: BV/TV too low (< 0.04)
Patch discarded for spacing: BV/TV too low (< 0.04)
Patch discarded for spacing: BV/TV too low (< 0.04)
Patch discarded for spacing: BV/TV too low (< 0.04)
Patch discarded for spacing: BV/TV too low (< 0.04)
Patch discarded for spacing: BV/TV too low (< 0.04)
Patch discarded for spacing: BV/TV too low (< 0.04)
Patch discarded for spacing: BV/TV too low (< 0.04)
Patch discarded for spacing: BV/TV too low (< 0.04)
Patch discarded for spacing: BV/TV too low (< 0.04)
Patch discarded for spacing: BV/TV too low (< 0.04)
Total patches attempted: 132
Total patches included: 122
Excluded (empty or mostly air, empty slices): 10
Excluded (metric computation failed): 0
Saved per-patch metrics to: stat_outputs/trabecular_metrics_ds4_200ep.csv

All values for metric: bone_volume_fraction
HR: [0.00838572 0.00033051 0.02025521 0.00263375 0.00066406 0.02327651
 0.05677426 0.01329267 0.00848597 0.03028578 0.01666129 0.11112636
 0.03004497 0.04051495 0.01938981 0.03331465 0.01337719 0.1560964
 0.0373019  0.05195415 0.04638857 0.01695156 0.02683449 0.03732908
 0.13051224 0.07721341 0.0587303  0.0201388  0.05830079 0.03423965
 0.0171051  0.01624072 0.03930175 0.1339016  0.07443202 0.03068829
 0.02532053 0.02707994 0.04099256 0.0203985  0.02149129 0.02018738
 0.03738219 0.03683823 0.01497674 0.0632633  0.02685803 0.035667
 0.03339255 0.02360719 0.03192693 0.02467459 0.05667263 0.02666414
 0.0319674  0.04874802 0.17629844 0.04142386 0.01148081 0.03312886
 0.0739302  0.04892457 0.07245415 0.03637493 0.03831029 0.06767559
 0.04479611 0.04266042 0.05583638 0.15223777 0.09920979 0.20079941
 0.23629308 0.07955837 0.14582419 0.1293366  0.15204507 0.031012
 0.082425   0.05205262 0.01241368 0.01946014 0.01679426 0.01802826
 0.06182623 0.113617   0.07063365 0.03650212 0.02262551 0.01405233
 0.00468808 0.10310119 0.08386272 0.06018472 0.21380997 0.21592098
 0.1522513  0.22599828 0.23147696 0.14878416 0.16015291 0.07900125
 0.08081496 0.09239733 0.04194146 0.08988935 0.0456661  0.00559026
 0.00174201 0.06159204 0.17714524 0.24964517 0.17037934 0.20114022
 0.20579529 0.20420796 0.10814142 0.09020907 0.09360689 0.23210275
 0.13487226 0.12174505]
LR: [0.20302224 0.44601673 0.05496025 0.31362623 0.39314485 0.08827406
 0.15338212 0.07135493 0.10612828 0.12681013 0.12457937 0.13898456
 0.12004983 0.12790668 0.12357873 0.13772148 0.13108206 0.17815429
 0.17878634 0.14447802 0.15498757 0.16258514 0.15801328 0.16784137
 0.15197116 0.1009379  0.20343405 0.18444079 0.18038023 0.15207106
 0.17948955 0.17058778 0.18336731 0.15567434 0.13109112 0.14109272
 0.18972105 0.21510077 0.18196851 0.13533938 0.19493854 0.15957594
 0.19166523 0.20885998 0.12864196 0.07926643 0.13677669 0.21848595
 0.18465996 0.169038   0.20057172 0.17445105 0.20696169 0.17920768
 0.1849466  0.23688287 0.26857686 0.13891232 0.14439362 0.14771938
 0.24775159 0.20458221 0.23502398 0.18032199 0.18860376 0.23250782
 0.19875628 0.18971205 0.2617054  0.29588354 0.21716928 0.31908166
 0.35012764 0.2210449  0.26488817 0.27006179 0.28379512 0.15590918
 0.20429641 0.18294871 0.17628837 0.15300858 0.14495176 0.15927809
 0.23180193 0.24093914 0.21181554 0.19773471 0.19969261 0.14620632
 0.13050824 0.25896418 0.22403669 0.2209031  0.34721541 0.33160728
 0.28211004 0.33458948 0.34430248 0.31387925 0.27481943 0.22233552
 0.23188293 0.23586166 0.20073491 0.24141467 0.18137962 0.1560238
 0.23357743 0.18965405 0.31093723 0.36514294 0.3194477  0.34058321
 0.33703285 0.33576035 0.27985227 0.26248598 0.27148271 0.36994517
 0.28335714 0.28758556]
SR: [0.00796974 0.00032347 0.02065742 0.00262499 0.00085992 0.0239135
 0.05867791 0.01391494 0.00922924 0.03173554 0.01757669 0.11301047
 0.03213227 0.04215223 0.02089024 0.03480101 0.01453733 0.15877002
 0.04065818 0.05386657 0.04795069 0.01889354 0.02862531 0.03981143
 0.13323683 0.0789029  0.06314617 0.0227533  0.06129283 0.03592014
 0.01921481 0.01747572 0.04165518 0.13628864 0.07664698 0.03155988
 0.02819371 0.0306198  0.04367    0.0217514  0.02415091 0.02227324
 0.04071808 0.04015112 0.01545125 0.06499666 0.02804506 0.04015416
 0.03581113 0.02510202 0.03506923 0.02766871 0.06058848 0.02977335
 0.03508532 0.05366361 0.18140507 0.04290253 0.01212299 0.03448188
 0.08003962 0.05165452 0.07744205 0.03937352 0.03975159 0.07226861
 0.0488627  0.04613918 0.06220102 0.15949595 0.10365999 0.2074241
 0.24282581 0.08498389 0.15150315 0.13415074 0.15701032 0.03328967
 0.08600658 0.05506182 0.01388711 0.02120882 0.01850277 0.02019459
 0.0651077  0.12032336 0.07531995 0.03900528 0.02575672 0.01647872
 0.00562316 0.11072147 0.0901674  0.06623811 0.22164786 0.22323841
 0.15681887 0.23292905 0.2404114  0.15754223 0.16589123 0.08360147
 0.08394068 0.09546071 0.044756   0.09397864 0.04816073 0.00700241
 0.00211    0.06668782 0.18376225 0.25859869 0.17568237 0.2077499
 0.21422791 0.21134955 0.11378044 0.09452945 0.09790665 0.24092597
 0.14032173 0.12716973]

All values for metric: trabecular_thickness_mean
HR: [0.09010352 0.05419844 0.1662891  0.08573051 0.06677687 0.17052154
 0.17669951 0.13180258 0.14770942 0.13328421 0.10378688 0.42290727
 0.19543191 0.15522769 0.1325429  0.13103472 0.14369039 0.51527794
 0.14210734 0.16910076 0.13036587 0.09802955 0.11149314 0.12970738
 0.47897842 0.46298071 0.14645863 0.10034285 0.14758305 0.10800503
 0.08967    0.08925387 0.11431444 0.53210185 0.26276263 0.12073566
 0.09256499 0.09504346 0.12032677 0.09822902 0.09213006 0.1079207
 0.1163503  0.10393262 0.09893675 0.77198085 0.11122543 0.10013445
 0.10350064 0.08998847 0.1018978  0.09633475 0.13246449 0.10291768
 0.10578006 0.11112631 0.21610922 0.13997685 0.0844922  0.11283803
 0.12309135 0.10578471 0.12788434 0.10691169 0.11713436 0.12735131
 0.11211227 0.11974606 0.10244387 0.16525134 0.16233818 0.19566084
 0.2151144  0.14160669 0.18035462 0.16139867 0.17749521 0.14637415
 0.149021   0.12741114 0.08067718 0.09289298 0.09059916 0.0896679
 0.11631282 0.24570891 0.13503956 0.10952165 0.09811204 0.09667841
 0.10378908 0.15338232 0.16094391 0.13040341 0.1849348  0.20217254
 0.17022375 0.21181022 0.21156076 0.15800907 0.18836555 0.13783981
 0.13233714 0.15116428 0.1095309  0.13658661 0.12022908 0.08549843
 0.08931238 0.13837821 0.17775103 0.20909986 0.16443459 0.17916689
 0.1882359  0.19104517 0.13725483 0.131745   0.12785001 0.18842442
 0.16396459 0.14184814]
LR: [0.27075255 0.2436446  0.35627319 0.24108279 0.24261315 0.33315868
 0.36505877 0.28404783 0.2720895  0.31109807 0.285828   0.77260455
 0.32758501 0.30744936 0.28729589 0.29979574 0.28551367 0.85220954
 0.30603299 0.31743293 0.29870036 0.27744544 0.2893093  0.29818662
 0.71561165 0.78471958 0.31800499 0.28273353 0.30831051 0.28502556
 0.27315824 0.27317278 0.2785831  0.78990623 0.4226485  0.28599444
 0.28466191 0.28490236 0.28821587 0.27630567 0.27435883 0.27999247
 0.2850972  0.28498175 0.27486356 0.91658483 0.28336471 0.28789028
 0.28196342 0.27592512 0.2826969  0.28016843 0.30445321 0.28115491
 0.28704493 0.29878399 0.36767151 0.30133231 0.27894323 0.28073563
 0.31419053 0.28806498 0.30887855 0.28995359 0.29135538 0.30523733
 0.30607277 0.30912812 0.29036992 0.32762607 0.32506333 0.34744996
 0.3660456  0.30972159 0.33593868 0.32581553 0.34975558 0.29885629
 0.31942947 0.29712294 0.26862384 0.27275272 0.27605021 0.2726499
 0.30445247 0.45736404 0.32833712 0.28967767 0.29463107 0.29357033
 0.28232068 0.32848885 0.32801713 0.30592245 0.33638965 0.36552125
 0.32642756 0.37646374 0.3617927  0.32228763 0.34910056 0.31283799
 0.30126153 0.31607114 0.28962359 0.3058695  0.29198083 0.27126484
 0.26069728 0.31596043 0.33566226 0.35960194 0.32583421 0.34030244
 0.34151698 0.36060106 0.30659273 0.31685917 0.3082825  0.33119994
 0.32118722 0.30404404]
SR: [0.09776701 0.06260107 0.17576491 0.09147594 0.06859556 0.17736506
 0.17936181 0.13354618 0.14614108 0.13728606 0.1070309  0.46927343
 0.19975748 0.15710878 0.13467726 0.13330355 0.1446868  0.56045234
 0.14302406 0.17101129 0.13557054 0.1009593  0.11484783 0.13214735
 0.50330853 0.53185265 0.14858487 0.10256706 0.15003177 0.11224298
 0.09152738 0.09246503 0.11568425 0.56704469 0.27000065 0.12386501
 0.09497263 0.09632657 0.12180139 0.10152198 0.09374855 0.11015714
 0.11735174 0.10494226 0.10321534 0.77523853 0.11519012 0.10156646
 0.10581715 0.09280317 0.10409978 0.09900816 0.13342844 0.10483453
 0.10847431 0.11099818 0.22322621 0.14479531 0.09035325 0.11783049
 0.12656215 0.10978961 0.13107574 0.11045834 0.12156272 0.12957951
 0.11574367 0.12307569 0.10402705 0.17022453 0.16590685 0.20125334
 0.2213042  0.14371901 0.18448886 0.16494296 0.18317014 0.14849462
 0.15316895 0.13055442 0.08378943 0.09576974 0.09548028 0.09291044
 0.12026652 0.26735925 0.13856531 0.11259388 0.10051768 0.0973093
 0.10391077 0.15736495 0.16396598 0.131497   0.18978503 0.20901113
 0.1744335  0.21958076 0.21731203 0.16189013 0.19422522 0.14116676
 0.13732393 0.15621463 0.11575267 0.14144124 0.12557958 0.08678227
 0.09253427 0.14135931 0.18174516 0.21473704 0.16930514 0.18483479
 0.19279239 0.19772066 0.14163089 0.13664037 0.13328372 0.1919941
 0.16658778 0.14488598]

All values for metric: trabecular_thickness_std
HR: [0.05950306 0.02125471 0.08792543 0.03878623 0.02426223 0.11824167
 0.15119285 0.07777458 0.09922965 0.07459033 0.0502847  0.37661414
 0.15099144 0.08778863 0.07931325 0.0714975  0.1157973  0.2980118
 0.10670157 0.10351248 0.07736999 0.04788829 0.05853363 0.08223249
 0.31681517 0.39305219 0.08257    0.05498833 0.08446355 0.04610169
 0.04042726 0.0387213  0.05418422 0.25171455 0.20413089 0.062877
 0.04362622 0.0433216  0.06297315 0.04501105 0.0417595  0.06255337
 0.05686851 0.04660608 0.04568238 0.81501171 0.05012811 0.04509774
 0.04853112 0.03844427 0.04714617 0.04259292 0.07080413 0.04409661
 0.04586045 0.05165274 0.09724647 0.07111447 0.03389202 0.05357728
 0.05382455 0.04783633 0.05514222 0.04399336 0.06933041 0.0675985
 0.04684753 0.05656449 0.03734954 0.06027656 0.07404358 0.07466186
 0.07528341 0.06233199 0.06890325 0.06791477 0.06949081 0.10693561
 0.06471687 0.06357218 0.03698314 0.03928623 0.04108147 0.0403105
 0.04974482 0.24190976 0.05298623 0.05593066 0.04631882 0.04626309
 0.05815982 0.07787238 0.10678287 0.05979462 0.06548386 0.07445496
 0.06780102 0.07908908 0.07868366 0.05954978 0.07570109 0.05600615
 0.05978796 0.08497057 0.0538819  0.05838837 0.05511333 0.03752621
 0.04254381 0.05827799 0.07108696 0.07423702 0.05926514 0.06728578
 0.06875686 0.08016387 0.05753955 0.05698375 0.05717361 0.06229592
 0.08686663 0.05489378]
LR: [0.14265424 0.10485799 0.12055012 0.11837496 0.09047527 0.15232829
 0.26612902 0.11125212 0.11151114 0.12205984 0.10170204 0.61454562
 0.17963814 0.1212475  0.10521555 0.1100778  0.12130307 0.42737246
 0.12298175 0.13170782 0.10271082 0.07950145 0.08897236 0.10925028
 0.39785585 0.66416095 0.12098261 0.08313994 0.11181147 0.075669
 0.07626111 0.0774514  0.08112984 0.29983399 0.27266545 0.09238465
 0.08138895 0.07530232 0.09084767 0.07769236 0.071108   0.09075594
 0.08226775 0.07654731 0.09037303 0.88775745 0.0881179  0.07894447
 0.07983553 0.07297984 0.07564319 0.07339232 0.11512652 0.08000887
 0.08883097 0.09802829 0.14238237 0.12107853 0.09533633 0.08744542
 0.10926885 0.08394208 0.09334593 0.08704878 0.10808743 0.10256609
 0.10141539 0.10159941 0.07983105 0.0885805  0.12183508 0.10747733
 0.1002436  0.09971779 0.09560695 0.10262942 0.10759855 0.1352928
 0.10292473 0.09334242 0.07499889 0.07576214 0.07992264 0.07591401
 0.09448599 0.40182942 0.09702339 0.09401499 0.09797075 0.1000509
 0.13234724 0.12916113 0.16641241 0.10681431 0.09403671 0.11854268
 0.10113549 0.12140645 0.10906745 0.08893321 0.11345805 0.1007499
 0.08999265 0.11937715 0.08420844 0.08799051 0.08704665 0.08417566
 0.11635097 0.10561287 0.11366196 0.11288073 0.08891508 0.10594238
 0.10362561 0.12628176 0.0928688  0.10904903 0.0969036  0.08219959
 0.11686204 0.08354254]
SR: [0.06098891 0.0262742  0.08973225 0.03742762 0.02707509 0.12158254
 0.14406872 0.07862873 0.09914196 0.07470957 0.05058199 0.45364294
 0.15984531 0.08806615 0.08010606 0.07169597 0.11644941 0.32274451
 0.1089066  0.10462284 0.08051674 0.05021856 0.05989663 0.08184461
 0.33229331 0.47838501 0.08584402 0.05535929 0.08548229 0.04738105
 0.04104181 0.04091323 0.05333127 0.26390186 0.2119478  0.06294682
 0.04460373 0.04354899 0.06333372 0.04533844 0.04225937 0.06460777
 0.05643768 0.04703545 0.04546502 0.82284303 0.05234253 0.04555699
 0.04992657 0.03953547 0.04730719 0.04420999 0.07134418 0.04509232
 0.04890808 0.05179385 0.10276849 0.07114428 0.03846753 0.05541356
 0.05517394 0.04843877 0.05603646 0.0460961  0.07059497 0.06826046
 0.04830093 0.05862501 0.03852937 0.06217871 0.07577473 0.07746749
 0.07782598 0.06351698 0.07102906 0.06818738 0.07182643 0.1073513
 0.06522251 0.06332306 0.03744177 0.04022037 0.04171634 0.04147618
 0.05078677 0.28152892 0.05356545 0.0572341  0.04781185 0.04576806
 0.05930105 0.08064621 0.10826967 0.06167381 0.06668166 0.07803685
 0.06956159 0.08331267 0.08077715 0.06114466 0.07821544 0.05683792
 0.06222421 0.08662128 0.05687992 0.05987838 0.05701683 0.03894562
 0.04278554 0.05970733 0.07321328 0.07766924 0.06067487 0.06958437
 0.07091374 0.08222684 0.05918952 0.05764999 0.05984726 0.06377513
 0.08782576 0.05528051]

All values for metric: trabecular_spacing_mean
HR: [       nan        nan        nan        nan        nan        nan
 2.5212573         nan        nan        nan        nan 2.19020096
        nan 1.77351409        nan        nan        nan 2.08806193
        nan 1.47965067 1.32454878        nan        nan        nan
 1.73433192 1.6374004  1.46115313        nan 1.29480235        nan
        nan        nan        nan 3.22783973 1.62076985        nan
        nan        nan 1.42407954        nan        nan        nan
        nan        nan        nan 1.63513303        nan        nan
        nan        nan        nan        nan 1.18925316        nan
        nan 1.3582347  0.8511485  1.63020353        nan        nan
 1.08869008 1.25577531 1.13506668        nan        nan 1.04962944
 1.5053929  1.68652456 1.17404932 1.010662   1.07721217 0.7543721
 0.71876905 1.10143578 0.95138861 0.84993136 0.86042256        nan
 1.17926884 1.38046338        nan        nan        nan        nan
 1.22224173 1.41476612 2.29788296        nan        nan        nan
        nan 1.13502306 1.30604742 1.30990201 0.68711821 0.73310824
 0.79950252 0.71770651 0.71582458 0.75090422 0.89872742 1.06820203
 0.96005434 0.91514022 1.22978332 0.99703751 1.32286766        nan
        nan 1.87604488 0.69976821 0.64079112 0.74871796 0.68553592
 0.70159635 0.69761702 0.82380967 0.9446824  0.94853397 0.62078741
 0.81831526 0.79319788]
LR: [0.60004711 0.24738401 4.07306453 0.33826445 0.28054503 1.98212336
 1.5539975  2.09741588 1.15781178 1.18306294 1.29554986 2.67605127
 1.51159401 1.3854098  1.1164965  1.15495735 1.08441347 2.8834805
 1.16785865 1.22001658 1.09431062 0.93672755 1.01405885 1.12184724
 2.12858296 1.85645833 1.15916822 0.87088907 1.07014342 1.08888036
 0.82171699 0.84994285 0.82415292 5.37285314 1.56220015 1.07182475
 1.01331613 0.80091249 1.00057786 1.1208538  0.80505864 0.95913978
 0.8327572  0.84123921 1.09889417 2.03761717 1.08544746 0.78874234
 0.95011826 0.95393738 0.84624555 0.90744219 0.86085728 0.86797641
 0.90360183 0.834063   0.87214501 1.06805643 1.04596082 1.02997707
 0.82855777 0.92195298 0.86368375 0.94351173 0.89286991 0.83268033
 0.98326191 1.05434926 0.75876784 0.96826399 0.93564613 0.75890796
 0.73777736 0.90786792 0.91507504 0.79094326 0.84848956 0.94938451
 1.0187906  0.99125371 0.83789195 1.02384882 1.08514725 0.99789419
 0.90244518 1.13795967 1.48657543 0.88856977 0.86445811 1.1927266
 1.03170161 0.92561941 1.01128952 0.85620045 0.69169802 0.77283866
 0.77471832 0.75958036 0.7387253  0.69209749 0.89591436 0.89751159
 0.80754019 0.80361736 0.85046907 0.83455469 0.95000186 0.95921192
 0.53393985 1.36503068 0.69333603 0.66444694 0.73010086 0.69049266
 0.69593947 0.71942978 0.7059529  0.76415379 0.76467555 0.60753405
 0.76084351 0.70636072]
SR: [       nan        nan        nan        nan        nan        nan
 2.47506149        nan        nan        nan        nan 2.25472507
        nan 1.73099946        nan        nan        nan 2.10786914
 1.48358695 1.44938635 1.31693176        nan        nan        nan
 1.73770127 1.67212984 1.42196244        nan 1.27503657        nan
        nan        nan 1.28952051 3.06534366 1.59807523        nan
        nan        nan 1.37716655        nan        nan        nan
 1.25283633 1.23752064        nan 1.60121665        nan 1.20209991
        nan        nan        nan        nan 1.15543462        nan
        nan 1.46061705 0.84797158 1.6012173         nan        nan
 1.0304316  1.24317994 1.08882206        nan        nan 1.01893248
 1.45659435 1.67043453 1.06450336 0.98273487 1.04914151 0.74600009
 0.70976515 1.05647745 0.93925498 0.84336913 0.86571291        nan
 1.17040431 1.35889522        nan        nan        nan        nan
 1.21509793 1.34044645 2.12956655        nan        nan        nan
        nan 1.06177807 1.30920156 1.18389843 0.67781036 0.72626593
 0.79529563 0.71342584 0.70115107 0.7342129  0.89054726 1.04702558
 0.94678815 0.91056498 1.18960708 0.97306874 1.30126544        nan
        nan 1.82546926 0.69146452 0.62477425 0.74378214 0.67928564
 0.69210459 0.68969267 0.8052331  0.93168827 0.93766125 0.60491682
 0.81051474 0.77929313]

All values for metric: trabecular_spacing_std
HR: [       nan        nan        nan        nan        nan        nan
 2.23135667        nan        nan        nan        nan 1.38543625
        nan 0.65367448        nan        nan        nan 1.13417791
        nan 0.41210035 0.29001844        nan        nan        nan
 0.82565996 0.75196639 0.49631149        nan 0.28568676        nan
        nan        nan        nan 1.62360849 0.81231466        nan
        nan        nan 0.46785257        nan        nan        nan
        nan        nan        nan 0.55790675        nan        nan
        nan        nan        nan        nan 0.43034152        nan
        nan 0.6082265  0.26741393 0.6737107         nan        nan
 0.45590459 0.42526589 0.46366215        nan        nan 0.34927503
 0.637119   0.73829582 0.51624433 0.67475892 0.42223177 0.2261419
 0.22649761 0.35438119 0.31677369 0.22156542 0.29124969        nan
 0.36195947 0.47250315        nan        nan        nan        nan
 0.48561551 1.01598829 1.69356994        nan        nan        nan
        nan 0.67018085 0.7714951  0.54010228 0.20047857 0.25488366
 0.19964039 0.23091185 0.23212225 0.20673432 0.30082215 0.32699823
 0.22859317 0.22065846 0.33850264 0.32056252 0.41869741        nan
        nan 1.21485626 0.18948679 0.20935526 0.23836271 0.20214657
 0.19286046 0.21562537 0.2435477  0.30904346 0.39568632 0.15780929
 0.22404118 0.19743416]
LR: [0.21958879 0.06078897 1.88494266 0.09302667 0.07295904 1.09903116
 1.13229424 0.95257332 0.32088262 0.31667824 0.59438465 1.49074291
 0.60956065 0.54893974 0.25611529 0.3242425  0.34102422 1.61400591
 0.3272258  0.30248783 0.25748383 0.24669817 0.25945347 0.36883252
 0.96877277 0.85663021 0.42623479 0.22507607 0.25715364 0.25956488
 0.19272038 0.19365374 0.20327386 3.02673103 0.82073999 0.27122694
 0.29500435 0.21296533 0.26475453 0.24059414 0.19749072 0.28561062
 0.19091293 0.23729799 0.33989605 0.84022935 0.26266548 0.19219121
 0.25352385 0.22603087 0.24817121 0.22947039 0.26244216 0.22918029
 0.27393028 0.3021098  0.27588287 0.30132872 0.36091533 0.24795285
 0.34438056 0.2818173  0.32254915 0.25572294 0.24162736 0.28262452
 0.35002607 0.38874429 0.25639964 0.67061469 0.31179755 0.23505467
 0.2428001  0.26390008 0.30979889 0.22030716 0.31311996 0.26686994
 0.31667099 0.31896627 0.23617839 0.2554797  0.34883392 0.32319393
 0.31264307 0.66489091 0.95844476 0.23470348 0.3153689  0.4939267
 0.33048771 0.47758174 0.51745589 0.25125986 0.2187185  0.27981764
 0.20364605 0.24768176 0.24247469 0.19505459 0.30214774 0.28123902
 0.18518124 0.20600758 0.23187312 0.2570761  0.28051943 0.36989556
 0.20247488 0.84699824 0.19910463 0.22237128 0.24457036 0.2125188
 0.20467227 0.22778658 0.20035468 0.21095198 0.26889362 0.16335499
 0.22483538 0.18015458]
SR: [       nan        nan        nan        nan        nan        nan
 2.23151555        nan        nan        nan        nan 1.45535247
        nan 0.6235601         nan        nan        nan 1.15311074
 0.34030189 0.38496677 0.27842899        nan        nan        nan
 0.83490419 0.8469725  0.47762501        nan 0.27724076        nan
        nan        nan 0.447358   1.57373718 0.78423613        nan
        nan        nan 0.43450341        nan        nan        nan
 0.32214862 0.3202338         nan 0.54144907        nan 0.33556041
        nan        nan        nan        nan 0.42283175        nan
        nan 0.93134506 0.26895921 0.59831036        nan        nan
 0.42422847 0.40429236 0.42466686        nan        nan 0.33791065
 0.609946   0.75640508 0.39602319 0.64640036 0.40210577 0.22561497
 0.22604978 0.32289732 0.30946368 0.22705551 0.30685567        nan
 0.36663005 0.46697605        nan        nan        nan        nan
 0.49033565 0.92964558 1.54423326        nan        nan        nan
        nan 0.58115856 0.88704026 0.42416676 0.19957743 0.250462
 0.20137574 0.22998071 0.22727033 0.20154042 0.29541501 0.32524247
 0.20673532 0.21965055 0.32684046 0.30540785 0.39336885        nan
        nan 1.19025123 0.19086676 0.19921082 0.23472198 0.20206841
 0.19861156 0.21057986 0.22736415 0.30881509 0.3888695  0.15535431
 0.22819664 0.1937791 ]

All values for metric: trabecular_number
HR: [0.0930676  0.0060981  0.12180719 0.03072127 0.00994439 0.13650186
 0.321304   0.10085288 0.05745045 0.22722704 0.16053365 0.26276768
 0.15373627 0.26100334 0.14629081 0.25424288 0.09309732 0.30293631
 0.262491   0.30723783 0.35583366 0.17292296 0.24068287 0.28779455
 0.27248041 0.16677456 0.40100268 0.2006999  0.39503718 0.31701903
 0.19075613 0.18196092 0.34380393 0.25164655 0.28326713 0.25417749
 0.27354326 0.28492164 0.34067696 0.20766264 0.2332712  0.18705751
 0.32128997 0.35444343 0.15137691 0.08194931 0.24147385 0.35619112
 0.32263131 0.26233576 0.31332306 0.2561339  0.42783263 0.2590822
 0.30220632 0.43867214 0.81578397 0.29593362 0.1358801  0.29359656
 0.60061249 0.46249185 0.56656004 0.34023339 0.32706279 0.53140868
 0.39956472 0.35625737 0.54504365 0.92124985 0.61113032 1.02626262
 1.09845306 0.56182637 0.80854149 0.80134856 0.85661505 0.21186801
 0.55310994 0.40854053 0.15386855 0.20948991 0.18536888 0.20105588
 0.53155128 0.4624049  0.52305895 0.33328683 0.23060886 0.14535129
 0.04516934 0.67218435 0.52106801 0.46152719 1.156137   1.06800354
 0.89441867 1.06698478 1.09413942 0.94161783 0.850224   0.5731381
 0.61067482 0.61123785 0.38291902 0.65811244 0.37982574 0.06538436
 0.01950463 0.44509929 0.99659192 1.19390404 1.03615267 1.12264174
 1.09328394 1.06889882 0.78788794 0.68472477 0.73216179 1.23180825
 0.82256943 0.85827738]
LR: [0.74984426 1.8306038  0.15426435 1.30090673 1.62045974 0.26496102
 0.42015734 0.25120743 0.39004914 0.40762109 0.43585432 0.17989094
 0.36646925 0.41602519 0.43014443 0.45938437 0.45910958 0.20904987
 0.58420609 0.45514503 0.51887307 0.58600761 0.54617423 0.56287359
 0.21236541 0.12862927 0.63971968 0.6523485  0.58506026 0.53353482
 0.65709001 0.62446844 0.65821404 0.19707952 0.31016582 0.49334077
 0.66647851 0.75499819 0.63136186 0.48981759 0.71052403 0.56992939
 0.67228031 0.73288896 0.46802116 0.08648019 0.48268779 0.75892092
 0.65490749 0.61262271 0.70949387 0.62266493 0.67978161 0.63739838
 0.64431236 0.79282316 0.73048049 0.46099378 0.51764519 0.52618681
 0.78853933 0.71019468 0.76089444 0.6218995  0.64733234 0.76172801
 0.64937589 0.61370038 0.90128273 0.90311354 0.66808301 0.91835286
 0.95651372 0.71368901 0.78850153 0.82887944 0.81140984 0.52168612
 0.63956656 0.61573405 0.65626479 0.56097911 0.52509201 0.58418542
 0.76137312 0.52679948 0.64511602 0.68260253 0.67777171 0.49802825
 0.46226951 0.78834999 0.68300303 0.72208856 1.03218221 0.90721752
 0.86423473 0.88876948 0.95165679 0.97391033 0.7872214  0.71070497
 0.7697064  0.74622967 0.69308897 0.78927342 0.62120385 0.57517148
 0.89597189 0.60024621 0.92633955 1.0154087  0.98039951 1.00082503
 0.98686998 0.93111305 0.91278183 0.8283995  0.88062963 1.1169844
 0.88221798 0.94586809]
SR: [0.08151765 0.00516723 0.1175287  0.02869595 0.01253603 0.13482646
 0.32714831 0.10419574 0.06315297 0.23116359 0.16422075 0.24082008
 0.16085639 0.26829962 0.15511332 0.26106587 0.10047451 0.28328907
 0.28427507 0.31498835 0.35369546 0.18714016 0.24924554 0.30126547
 0.26472197 0.14835481 0.42498389 0.22183826 0.40853233 0.32002128
 0.2099351  0.18899821 0.36007651 0.24034903 0.28387703 0.25479258
 0.29686145 0.31787492 0.3585345  0.21425314 0.25761368 0.20219518
 0.34697463 0.38260199 0.14969919 0.08384085 0.24346757 0.39534862
 0.33842459 0.27048666 0.33688088 0.27945893 0.45408969 0.28400331
 0.32344358 0.48346387 0.81265128 0.29629779 0.13417324 0.29263973
 0.63241355 0.47048639 0.59081908 0.35645582 0.32700477 0.5577163
 0.422163   0.37488458 0.59793125 0.93697397 0.62480835 1.03066168
 1.09724897 0.59131972 0.82120483 0.81331596 0.85718294 0.22418099
 0.56151448 0.42175375 0.16573817 0.2214564  0.19378631 0.21735545
 0.54136181 0.45004375 0.54356998 0.34642452 0.25624067 0.1693437
 0.05411529 0.70359678 0.5499153  0.5037233  1.16788904 1.06806947
 0.89901807 1.06078988 1.10629586 0.97314287 0.85411786 0.59221783
 0.61126043 0.61108689 0.38665196 0.66443594 0.38350768 0.08068945
 0.02280241 0.47176108 1.01109848 1.20425749 1.03766707 1.12397616
 1.11118452 1.06893003 0.80335894 0.69181201 0.73457318 1.2548613
 0.84232906 0.87772282]

All values for metric: position
HR: [[[2048 2304]
  [2560 2816]
  [2048 2304]]

 [[2048 2304]
  [2816 3072]
  [2048 2304]]

 [[2048 2304]
  [2816 3072]
  [2304 2560]]

 [[2304 2560]
  [2560 2816]
  [2048 2304]]

 [[2304 2560]
  [2816 3072]
  [2048 2304]]

 [[2304 2560]
  [2816 3072]
  [2304 2560]]

 [[2560 2816]
  [2304 2560]
  [1792 2048]]

 [[2560 2816]
  [2560 2816]
  [2048 2304]]

 [[2560 2816]
  [2816 3072]
  [2048 2304]]

 [[2560 2816]
  [2816 3072]
  [2304 2560]]

 [[2816 3072]
  [2304 2560]
  [1792 2048]]

 [[2816 3072]
  [2304 2560]
  [2048 2304]]

 [[2816 3072]
  [2560 2816]
  [1792 2048]]

 [[2816 3072]
  [2560 2816]
  [2048 2304]]

 [[2816 3072]
  [2816 3072]
  [2048 2304]]

 [[2816 3072]
  [2816 3072]
  [2304 2560]]

 [[3072 3328]
  [2304 2560]
  [1792 2048]]

 [[3072 3328]
  [2304 2560]
  [2048 2304]]

 [[3072 3328]
  [2560 2816]
  [1792 2048]]

 [[3072 3328]
  [2560 2816]
  [2048 2304]]

 [[3072 3328]
  [2560 2816]
  [2304 2560]]

 [[3072 3328]
  [2816 3072]
  [2048 2304]]

 [[3072 3328]
  [2816 3072]
  [2304 2560]]

 [[3328 3584]
  [2304 2560]
  [1792 2048]]

 [[3328 3584]
  [2304 2560]
  [2048 2304]]

 [[3328 3584]
  [2304 2560]
  [2304 2560]]

 [[3328 3584]
  [2560 2816]
  [1792 2048]]

 [[3328 3584]
  [2816 3072]
  [1792 2048]]

 [[3328 3584]
  [2560 2816]
  [2048 2304]]

 [[3328 3584]
  [2560 2816]
  [2304 2560]]

 [[3328 3584]
  [2816 3072]
  [2048 2304]]

 [[3328 3584]
  [2816 3072]
  [2304 2560]]

 [[3328 3584]
  [3072 3328]
  [2048 2304]]

 [[3584 3840]
  [2048 2304]
  [2048 2304]]

 [[3584 3840]
  [2304 2560]
  [2048 2304]]

 [[3584 3840]
  [2304 2560]
  [2304 2560]]

 [[3584 3840]
  [2560 2816]
  [1792 2048]]

 [[3584 3840]
  [2816 3072]
  [1792 2048]]

 [[3584 3840]
  [2560 2816]
  [2048 2304]]

 [[3584 3840]
  [2560 2816]
  [2304 2560]]

 [[3584 3840]
  [2816 3072]
  [2048 2304]]

 [[3584 3840]
  [2816 3072]
  [2304 2560]]

 [[3584 3840]
  [3072 3328]
  [2048 2304]]

 [[3584 3840]
  [3072 3328]
  [2304 2560]]

 [[3840 4096]
  [2048 2304]
  [2304 2560]]

 [[3840 4096]
  [2304 2560]
  [2048 2304]]

 [[3840 4096]
  [2304 2560]
  [2304 2560]]

 [[3840 4096]
  [2816 3072]
  [1792 2048]]

 [[3840 4096]
  [2560 2816]
  [2048 2304]]

 [[3840 4096]
  [2560 2816]
  [2304 2560]]

 [[3840 4096]
  [2816 3072]
  [2048 2304]]

 [[3840 4096]
  [2816 3072]
  [2304 2560]]

 [[3840 4096]
  [3072 3328]
  [1792 2048]]

 [[3840 4096]
  [3072 3328]
  [2048 2304]]

 [[3840 4096]
  [3072 3328]
  [2304 2560]]

 [[3840 4096]
  [3328 3584]
  [2304 2560]]

 [[4096 4352]
  [1536 1792]
  [2304 2560]]

 [[4096 4352]
  [1792 2048]
  [2304 2560]]

 [[4096 4352]
  [2048 2304]
  [2304 2560]]

 [[4096 4352]
  [2304 2560]
  [2304 2560]]

 [[4096 4352]
  [2816 3072]
  [1792 2048]]

 [[4096 4352]
  [2560 2816]
  [2304 2560]]

 [[4096 4352]
  [2816 3072]
  [2048 2304]]

 [[4096 4352]
  [2816 3072]
  [2304 2560]]

 [[4096 4352]
  [2560 2816]
  [2560 2816]]

 [[4096 4352]
  [3072 3328]
  [1792 2048]]

 [[4096 4352]
  [3072 3328]
  [2048 2304]]

 [[4096 4352]
  [3072 3328]
  [2304 2560]]

 [[4352 4608]
  [ 768 1024]
  [2304 2560]]

 [[4352 4608]
  [1024 1280]
  [2048 2304]]

 [[4352 4608]
  [1024 1280]
  [2304 2560]]

 [[4352 4608]
  [1280 1536]
  [2048 2304]]

 [[4352 4608]
  [1280 1536]
  [2304 2560]]

 [[4352 4608]
  [1024 1280]
  [2560 2816]]

 [[4352 4608]
  [1280 1536]
  [2560 2816]]

 [[4352 4608]
  [1536 1792]
  [2048 2304]]

 [[4352 4608]
  [1536 1792]
  [2304 2560]]

 [[4352 4608]
  [1792 2048]
  [2304 2560]]

 [[4352 4608]
  [1536 1792]
  [2560 2816]]

 [[4352 4608]
  [1792 2048]
  [2560 2816]]

 [[4352 4608]
  [2048 2304]
  [2304 2560]]

 [[4352 4608]
  [2304 2560]
  [2304 2560]]

 [[4352 4608]
  [2048 2304]
  [2560 2816]]

 [[4352 4608]
  [2304 2560]
  [2560 2816]]

 [[4352 4608]
  [2560 2816]
  [2304 2560]]

 [[4352 4608]
  [2816 3072]
  [2048 2304]]

 [[4352 4608]
  [2816 3072]
  [2304 2560]]

 [[4352 4608]
  [2560 2816]
  [2560 2816]]

 [[4352 4608]
  [3072 3328]
  [1792 2048]]

 [[4352 4608]
  [3072 3328]
  [2048 2304]]

 [[4352 4608]
  [3072 3328]
  [2304 2560]]

 [[4608 4864]
  [ 768 1024]
  [2048 2304]]

 [[4608 4864]
  [ 768 1024]
  [2304 2560]]

 [[4608 4864]
  [ 768 1024]
  [2560 2816]]

 [[4608 4864]
  [1024 1280]
  [2048 2304]]

 [[4608 4864]
  [1024 1280]
  [2304 2560]]

 [[4608 4864]
  [1280 1536]
  [2048 2304]]

 [[4608 4864]
  [1280 1536]
  [2304 2560]]

 [[4608 4864]
  [1024 1280]
  [2560 2816]]

 [[4608 4864]
  [1024 1280]
  [2816 3072]]

 [[4608 4864]
  [1280 1536]
  [2560 2816]]

 [[4608 4864]
  [1280 1536]
  [2816 3072]]

 [[4608 4864]
  [1536 1792]
  [2048 2304]]

 [[4608 4864]
  [1536 1792]
  [2304 2560]]

 [[4608 4864]
  [1792 2048]
  [2304 2560]]

 [[4608 4864]
  [1536 1792]
  [2560 2816]]

 [[4608 4864]
  [1792 2048]
  [2560 2816]]

 [[4608 4864]
  [3072 3328]
  [2048 2304]]

 [[4608 4864]
  [3072 3328]
  [2304 2560]]

 [[4864 5120]
  [ 768 1024]
  [2304 2560]]

 [[4864 5120]
  [1024 1280]
  [2048 2304]]

 [[4864 5120]
  [1024 1280]
  [2304 2560]]

 [[4864 5120]
  [1280 1536]
  [2048 2304]]

 [[4864 5120]
  [1280 1536]
  [2304 2560]]

 [[4864 5120]
  [1024 1280]
  [2560 2816]]

 [[4864 5120]
  [1280 1536]
  [2560 2816]]

 [[4864 5120]
  [1280 1536]
  [2816 3072]]

 [[4864 5120]
  [1536 1792]
  [2304 2560]]

 [[4864 5120]
  [1536 1792]
  [2560 2816]]

 [[5120 5376]
  [1024 1280]
  [2304 2560]]

 [[5120 5376]
  [1280 1536]
  [2304 2560]]

 [[5120 5376]
  [1280 1536]
  [2560 2816]]]
LR: [[[2048 2304]
  [2560 2816]
  [2048 2304]]

 [[2048 2304]
  [2816 3072]
  [2048 2304]]

 [[2048 2304]
  [2816 3072]
  [2304 2560]]

 [[2304 2560]
  [2560 2816]
  [2048 2304]]

 [[2304 2560]
  [2816 3072]
  [2048 2304]]

 [[2304 2560]
  [2816 3072]
  [2304 2560]]

 [[2560 2816]
  [2304 2560]
  [1792 2048]]

 [[2560 2816]
  [2560 2816]
  [2048 2304]]

 [[2560 2816]
  [2816 3072]
  [2048 2304]]

 [[2560 2816]
  [2816 3072]
  [2304 2560]]

 [[2816 3072]
  [2304 2560]
  [1792 2048]]

 [[2816 3072]
  [2304 2560]
  [2048 2304]]

 [[2816 3072]
  [2560 2816]
  [1792 2048]]

 [[2816 3072]
  [2560 2816]
  [2048 2304]]

 [[2816 3072]
  [2816 3072]
  [2048 2304]]

 [[2816 3072]
  [2816 3072]
  [2304 2560]]

 [[3072 3328]
  [2304 2560]
  [1792 2048]]

 [[3072 3328]
  [2304 2560]
  [2048 2304]]

 [[3072 3328]
  [2560 2816]
  [1792 2048]]

 [[3072 3328]
  [2560 2816]
  [2048 2304]]

 [[3072 3328]
  [2560 2816]
  [2304 2560]]

 [[3072 3328]
  [2816 3072]
  [2048 2304]]

 [[3072 3328]
  [2816 3072]
  [2304 2560]]

 [[3328 3584]
  [2304 2560]
  [1792 2048]]

 [[3328 3584]
  [2304 2560]
  [2048 2304]]

 [[3328 3584]
  [2304 2560]
  [2304 2560]]

 [[3328 3584]
  [2560 2816]
  [1792 2048]]

 [[3328 3584]
  [2816 3072]
  [1792 2048]]

 [[3328 3584]
  [2560 2816]
  [2048 2304]]

 [[3328 3584]
  [2560 2816]
  [2304 2560]]

 [[3328 3584]
  [2816 3072]
  [2048 2304]]

 [[3328 3584]
  [2816 3072]
  [2304 2560]]

 [[3328 3584]
  [3072 3328]
  [2048 2304]]

 [[3584 3840]
  [2048 2304]
  [2048 2304]]

 [[3584 3840]
  [2304 2560]
  [2048 2304]]

 [[3584 3840]
  [2304 2560]
  [2304 2560]]

 [[3584 3840]
  [2560 2816]
  [1792 2048]]

 [[3584 3840]
  [2816 3072]
  [1792 2048]]

 [[3584 3840]
  [2560 2816]
  [2048 2304]]

 [[3584 3840]
  [2560 2816]
  [2304 2560]]

 [[3584 3840]
  [2816 3072]
  [2048 2304]]

 [[3584 3840]
  [2816 3072]
  [2304 2560]]

 [[3584 3840]
  [3072 3328]
  [2048 2304]]

 [[3584 3840]
  [3072 3328]
  [2304 2560]]

 [[3840 4096]
  [2048 2304]
  [2304 2560]]

 [[3840 4096]
  [2304 2560]
  [2048 2304]]

 [[3840 4096]
  [2304 2560]
  [2304 2560]]

 [[3840 4096]
  [2816 3072]
  [1792 2048]]

 [[3840 4096]
  [2560 2816]
  [2048 2304]]

 [[3840 4096]
  [2560 2816]
  [2304 2560]]

 [[3840 4096]
  [2816 3072]
  [2048 2304]]

 [[3840 4096]
  [2816 3072]
  [2304 2560]]

 [[3840 4096]
  [3072 3328]
  [1792 2048]]

 [[3840 4096]
  [3072 3328]
  [2048 2304]]

 [[3840 4096]
  [3072 3328]
  [2304 2560]]

 [[3840 4096]
  [3328 3584]
  [2304 2560]]

 [[4096 4352]
  [1536 1792]
  [2304 2560]]

 [[4096 4352]
  [1792 2048]
  [2304 2560]]

 [[4096 4352]
  [2048 2304]
  [2304 2560]]

 [[4096 4352]
  [2304 2560]
  [2304 2560]]

 [[4096 4352]
  [2816 3072]
  [1792 2048]]

 [[4096 4352]
  [2560 2816]
  [2304 2560]]

 [[4096 4352]
  [2816 3072]
  [2048 2304]]

 [[4096 4352]
  [2816 3072]
  [2304 2560]]

 [[4096 4352]
  [2560 2816]
  [2560 2816]]

 [[4096 4352]
  [3072 3328]
  [1792 2048]]

 [[4096 4352]
  [3072 3328]
  [2048 2304]]

 [[4096 4352]
  [3072 3328]
  [2304 2560]]

 [[4352 4608]
  [ 768 1024]
  [2304 2560]]

 [[4352 4608]
  [1024 1280]
  [2048 2304]]

 [[4352 4608]
  [1024 1280]
  [2304 2560]]

 [[4352 4608]
  [1280 1536]
  [2048 2304]]

 [[4352 4608]
  [1280 1536]
  [2304 2560]]

 [[4352 4608]
  [1024 1280]
  [2560 2816]]

 [[4352 4608]
  [1280 1536]
  [2560 2816]]

 [[4352 4608]
  [1536 1792]
  [2048 2304]]

 [[4352 4608]
  [1536 1792]
  [2304 2560]]

 [[4352 4608]
  [1792 2048]
  [2304 2560]]

 [[4352 4608]
  [1536 1792]
  [2560 2816]]

 [[4352 4608]
  [1792 2048]
  [2560 2816]]

 [[4352 4608]
  [2048 2304]
  [2304 2560]]

 [[4352 4608]
  [2304 2560]
  [2304 2560]]

 [[4352 4608]
  [2048 2304]
  [2560 2816]]

 [[4352 4608]
  [2304 2560]
  [2560 2816]]

 [[4352 4608]
  [2560 2816]
  [2304 2560]]

 [[4352 4608]
  [2816 3072]
  [2048 2304]]

 [[4352 4608]
  [2816 3072]
  [2304 2560]]

 [[4352 4608]
  [2560 2816]
  [2560 2816]]

 [[4352 4608]
  [3072 3328]
  [1792 2048]]

 [[4352 4608]
  [3072 3328]
  [2048 2304]]

 [[4352 4608]
  [3072 3328]
  [2304 2560]]

 [[4608 4864]
  [ 768 1024]
  [2048 2304]]

 [[4608 4864]
  [ 768 1024]
  [2304 2560]]

 [[4608 4864]
  [ 768 1024]
  [2560 2816]]

 [[4608 4864]
  [1024 1280]
  [2048 2304]]

 [[4608 4864]
  [1024 1280]
  [2304 2560]]

 [[4608 4864]
  [1280 1536]
  [2048 2304]]

 [[4608 4864]
  [1280 1536]
  [2304 2560]]

 [[4608 4864]
  [1024 1280]
  [2560 2816]]

 [[4608 4864]
  [1024 1280]
  [2816 3072]]

 [[4608 4864]
  [1280 1536]
  [2560 2816]]

 [[4608 4864]
  [1280 1536]
  [2816 3072]]

 [[4608 4864]
  [1536 1792]
  [2048 2304]]

 [[4608 4864]
  [1536 1792]
  [2304 2560]]

 [[4608 4864]
  [1792 2048]
  [2304 2560]]

 [[4608 4864]
  [1536 1792]
  [2560 2816]]

 [[4608 4864]
  [1792 2048]
  [2560 2816]]

 [[4608 4864]
  [3072 3328]
  [2048 2304]]

 [[4608 4864]
  [3072 3328]
  [2304 2560]]

 [[4864 5120]
  [ 768 1024]
  [2304 2560]]

 [[4864 5120]
  [1024 1280]
  [2048 2304]]

 [[4864 5120]
  [1024 1280]
  [2304 2560]]

 [[4864 5120]
  [1280 1536]
  [2048 2304]]

 [[4864 5120]
  [1280 1536]
  [2304 2560]]

 [[4864 5120]
  [1024 1280]
  [2560 2816]]

 [[4864 5120]
  [1280 1536]
  [2560 2816]]

 [[4864 5120]
  [1280 1536]
  [2816 3072]]

 [[4864 5120]
  [1536 1792]
  [2304 2560]]

 [[4864 5120]
  [1536 1792]
  [2560 2816]]

 [[5120 5376]
  [1024 1280]
  [2304 2560]]

 [[5120 5376]
  [1280 1536]
  [2304 2560]]

 [[5120 5376]
  [1280 1536]
  [2560 2816]]]
SR: [[[2048 2304]
  [2560 2816]
  [2048 2304]]

 [[2048 2304]
  [2816 3072]
  [2048 2304]]

 [[2048 2304]
  [2816 3072]
  [2304 2560]]

 [[2304 2560]
  [2560 2816]
  [2048 2304]]

 [[2304 2560]
  [2816 3072]
  [2048 2304]]

 [[2304 2560]
  [2816 3072]
  [2304 2560]]

 [[2560 2816]
  [2304 2560]
  [1792 2048]]

 [[2560 2816]
  [2560 2816]
  [2048 2304]]

 [[2560 2816]
  [2816 3072]
  [2048 2304]]

 [[2560 2816]
  [2816 3072]
  [2304 2560]]

 [[2816 3072]
  [2304 2560]
  [1792 2048]]

 [[2816 3072]
  [2304 2560]
  [2048 2304]]

 [[2816 3072]
  [2560 2816]
  [1792 2048]]

 [[2816 3072]
  [2560 2816]
  [2048 2304]]

 [[2816 3072]
  [2816 3072]
  [2048 2304]]

 [[2816 3072]
  [2816 3072]
  [2304 2560]]

 [[3072 3328]
  [2304 2560]
  [1792 2048]]

 [[3072 3328]
  [2304 2560]
  [2048 2304]]

 [[3072 3328]
  [2560 2816]
  [1792 2048]]

 [[3072 3328]
  [2560 2816]
  [2048 2304]]

 [[3072 3328]
  [2560 2816]
  [2304 2560]]

 [[3072 3328]
  [2816 3072]
  [2048 2304]]

 [[3072 3328]
  [2816 3072]
  [2304 2560]]

 [[3328 3584]
  [2304 2560]
  [1792 2048]]

 [[3328 3584]
  [2304 2560]
  [2048 2304]]

 [[3328 3584]
  [2304 2560]
  [2304 2560]]

 [[3328 3584]
  [2560 2816]
  [1792 2048]]

 [[3328 3584]
  [2816 3072]
  [1792 2048]]

 [[3328 3584]
  [2560 2816]
  [2048 2304]]

 [[3328 3584]
  [2560 2816]
  [2304 2560]]

 [[3328 3584]
  [2816 3072]
  [2048 2304]]

 [[3328 3584]
  [2816 3072]
  [2304 2560]]

 [[3328 3584]
  [3072 3328]
  [2048 2304]]

 [[3584 3840]
  [2048 2304]
  [2048 2304]]

 [[3584 3840]
  [2304 2560]
  [2048 2304]]

 [[3584 3840]
  [2304 2560]
  [2304 2560]]

 [[3584 3840]
  [2560 2816]
  [1792 2048]]

 [[3584 3840]
  [2816 3072]
  [1792 2048]]

 [[3584 3840]
  [2560 2816]
  [2048 2304]]

 [[3584 3840]
  [2560 2816]
  [2304 2560]]

 [[3584 3840]
  [2816 3072]
  [2048 2304]]

 [[3584 3840]
  [2816 3072]
  [2304 2560]]

 [[3584 3840]
  [3072 3328]
  [2048 2304]]

 [[3584 3840]
  [3072 3328]
  [2304 2560]]

 [[3840 4096]
  [2048 2304]
  [2304 2560]]

 [[3840 4096]
  [2304 2560]
  [2048 2304]]

 [[3840 4096]
  [2304 2560]
  [2304 2560]]

 [[3840 4096]
  [2816 3072]
  [1792 2048]]

 [[3840 4096]
  [2560 2816]
  [2048 2304]]

 [[3840 4096]
  [2560 2816]
  [2304 2560]]

 [[3840 4096]
  [2816 3072]
  [2048 2304]]

 [[3840 4096]
  [2816 3072]
  [2304 2560]]

 [[3840 4096]
  [3072 3328]
  [1792 2048]]

 [[3840 4096]
  [3072 3328]
  [2048 2304]]

 [[3840 4096]
  [3072 3328]
  [2304 2560]]

 [[3840 4096]
  [3328 3584]
  [2304 2560]]

 [[4096 4352]
  [1536 1792]
  [2304 2560]]

 [[4096 4352]
  [1792 2048]
  [2304 2560]]

 [[4096 4352]
  [2048 2304]
  [2304 2560]]

 [[4096 4352]
  [2304 2560]
  [2304 2560]]

 [[4096 4352]
  [2816 3072]
  [1792 2048]]

 [[4096 4352]
  [2560 2816]
  [2304 2560]]

 [[4096 4352]
  [2816 3072]
  [2048 2304]]

 [[4096 4352]
  [2816 3072]
  [2304 2560]]

 [[4096 4352]
  [2560 2816]
  [2560 2816]]

 [[4096 4352]
  [3072 3328]
  [1792 2048]]

 [[4096 4352]
  [3072 3328]
  [2048 2304]]

 [[4096 4352]
  [3072 3328]
  [2304 2560]]

 [[4352 4608]
  [ 768 1024]
  [2304 2560]]

 [[4352 4608]
  [1024 1280]
  [2048 2304]]

 [[4352 4608]
  [1024 1280]
  [2304 2560]]

 [[4352 4608]
  [1280 1536]
  [2048 2304]]

 [[4352 4608]
  [1280 1536]
  [2304 2560]]

 [[4352 4608]
  [1024 1280]
  [2560 2816]]

 [[4352 4608]
  [1280 1536]
  [2560 2816]]

 [[4352 4608]
  [1536 1792]
  [2048 2304]]

 [[4352 4608]
  [1536 1792]
  [2304 2560]]

 [[4352 4608]
  [1792 2048]
  [2304 2560]]

 [[4352 4608]
  [1536 1792]
  [2560 2816]]

 [[4352 4608]
  [1792 2048]
  [2560 2816]]

 [[4352 4608]
  [2048 2304]
  [2304 2560]]

 [[4352 4608]
  [2304 2560]
  [2304 2560]]

 [[4352 4608]
  [2048 2304]
  [2560 2816]]

 [[4352 4608]
  [2304 2560]
  [2560 2816]]

 [[4352 4608]
  [2560 2816]
  [2304 2560]]

 [[4352 4608]
  [2816 3072]
  [2048 2304]]

 [[4352 4608]
  [2816 3072]
  [2304 2560]]

 [[4352 4608]
  [2560 2816]
  [2560 2816]]

 [[4352 4608]
  [3072 3328]
  [1792 2048]]

 [[4352 4608]
  [3072 3328]
  [2048 2304]]

 [[4352 4608]
  [3072 3328]
  [2304 2560]]

 [[4608 4864]
  [ 768 1024]
  [2048 2304]]

 [[4608 4864]
  [ 768 1024]
  [2304 2560]]

 [[4608 4864]
  [ 768 1024]
  [2560 2816]]

 [[4608 4864]
  [1024 1280]
  [2048 2304]]

 [[4608 4864]
  [1024 1280]
  [2304 2560]]

 [[4608 4864]
  [1280 1536]
  [2048 2304]]

 [[4608 4864]
  [1280 1536]
  [2304 2560]]

 [[4608 4864]
  [1024 1280]
  [2560 2816]]

 [[4608 4864]
  [1024 1280]
  [2816 3072]]

 [[4608 4864]
  [1280 1536]
  [2560 2816]]

 [[4608 4864]
  [1280 1536]
  [2816 3072]]

 [[4608 4864]
  [1536 1792]
  [2048 2304]]

 [[4608 4864]
  [1536 1792]
  [2304 2560]]

 [[4608 4864]
  [1792 2048]
  [2304 2560]]

 [[4608 4864]
  [1536 1792]
  [2560 2816]]

 [[4608 4864]
  [1792 2048]
  [2560 2816]]

 [[4608 4864]
  [3072 3328]
  [2048 2304]]

 [[4608 4864]
  [3072 3328]
  [2304 2560]]

 [[4864 5120]
  [ 768 1024]
  [2304 2560]]

 [[4864 5120]
  [1024 1280]
  [2048 2304]]

 [[4864 5120]
  [1024 1280]
  [2304 2560]]

 [[4864 5120]
  [1280 1536]
  [2048 2304]]

 [[4864 5120]
  [1280 1536]
  [2304 2560]]

 [[4864 5120]
  [1024 1280]
  [2560 2816]]

 [[4864 5120]
  [1280 1536]
  [2560 2816]]

 [[4864 5120]
  [1280 1536]
  [2816 3072]]

 [[4864 5120]
  [1536 1792]
  [2304 2560]]

 [[4864 5120]
  [1536 1792]
  [2560 2816]]

 [[5120 5376]
  [1024 1280]
  [2304 2560]]

 [[5120 5376]
  [1280 1536]
  [2304 2560]]

 [[5120 5376]
  [1280 1536]
  [2560 2816]]]

All values for metric: patch_idx
HR: [  0   1   2   3   4   5   6   7   8   9  10  11  12  13  14  15  16  17
  18  19  20  21  22  23  24  25  26  27  28  29  30  31  32  33  34  35
  36  37  38  39  40  41  42  43  44  45  46  47  48  49  50  51  52  53
  54  55  56  57  58  59  60  61  62  63  64  65  66  67  68  69  70  71
  72  73  74  75  76  77  78  79  80  81  82  83  84  85  86  87  88  89
  90  91  92  93  94  95  96  97  98  99 100 101 102 103 104 105 106 107
 108 109 110 111 112 113 114 115 116 117 118 119 120 121]
LR: [  0   1   2   3   4   5   6   7   8   9  10  11  12  13  14  15  16  17
  18  19  20  21  22  23  24  25  26  27  28  29  30  31  32  33  34  35
  36  37  38  39  40  41  42  43  44  45  46  47  48  49  50  51  52  53
  54  55  56  57  58  59  60  61  62  63  64  65  66  67  68  69  70  71
  72  73  74  75  76  77  78  79  80  81  82  83  84  85  86  87  88  89
  90  91  92  93  94  95  96  97  98  99 100 101 102 103 104 105 106 107
 108 109 110 111 112 113 114 115 116 117 118 119 120 121]
SR: [  0   1   2   3   4   5   6   7   8   9  10  11  12  13  14  15  16  17
  18  19  20  21  22  23  24  25  26  27  28  29  30  31  32  33  34  35
  36  37  38  39  40  41  42  43  44  45  46  47  48  49  50  51  52  53
  54  55  56  57  58  59  60  61  62  63  64  65  66  67  68  69  70  71
  72  73  74  75  76  77  78  79  80  81  82  83  84  85  86  87  88  89
  90  91  92  93  94  95  96  97  98  99 100 101 102 103 104 105 106 107
 108 109 110 111 112 113 114 115 116 117 118 119 120 121]
