Training Configuration:
{'cfg_dropout_prob': 0.1,
 'ds_factor': 4,
 'eval_batch_size': 8,
 'gradient_accumulation_steps': 1,
 'image_size': 128,
 'learning_rate': 0.0001,
 'lr_warmup_steps': 500,
 'mixed_precision': 'fp16',
 'num_epochs': 50,
 'output_dir': 'samples/supertrab-diffusion-sr-2d-v3-checkpoints',
 'save_model_epochs': 10,
 'seed': 0,
 'train_batch_size': 8}
Found 4 groups:
  - 1955_L
  - 1956_L
  - 1996_R
  - 2005_L
Found 1 groups:
  - 2007_L
Found 1 groups:
  - 2019_L
Input shape: torch.Size([1, 1, 128, 128])
Output shape: torch.Size([1, 1, 128, 128])
Starting Epoch 0...
Starting Epoch 1...
Starting Epoch 2...
Starting Epoch 3...
Starting Epoch 4...
Starting Epoch 5...
Starting Epoch 6...
Starting Epoch 7...
Starting Epoch 8...
Starting Epoch 9...
Starting Epoch 10...
Starting Epoch 11...
Starting Epoch 12...
Starting Epoch 13...
Starting Epoch 14...
Starting Epoch 15...
Starting Epoch 16...
Starting Epoch 17...
Starting Epoch 18...
Starting Epoch 19...
[1;34mwandb[0m: 
[1;34mwandb[0m: 🚀 View run [33msupertrab_ddpm_128px_ds4_50ep_v3[0m at: [34mhttps://wandb.ai/mwahlin-eth-z-rich/supertrab/runs/fq48v79i[0m
[1;34mwandb[0m: Find logs at: [1;35m../../../../../../usr/terminus/data-xrm-01/stamplab/users/mwahlin/2025/trab_master/supertrab/wandb/run-20250502_121103-fq48v79i/logs[0m
