The following values were not passed to `accelerate launch` and had defaults used instead:
	`--num_processes` was set to a value of `1`
	`--num_machines` was set to a value of `1`
	`--mixed_precision` was set to a value of `'no'`
	`--dynamo_backend` was set to a value of `'no'`
To avoid this warning pass in values for each of the problematic parameters or run `accelerate config`.
wandb: Using wandb-core as the SDK backend.  Please refer to https://wandb.me/wandb-core for more information.
wandb: Currently logged in as: mwahlin (mwahlin-eth-z-rich) to https://api.wandb.ai. Use `wandb login --relogin` to force relogin
wandb: Tracking run with wandb version 0.19.7
wandb: Run data is saved locally in /usr/terminus/data-xrm-01/stamplab/users/mwahlin/2025/trab_master/supertrab/wandb/run-20250429_152842-04apbzo7
wandb: Run `wandb offline` to turn off syncing.
wandb: Syncing run supertrab_ddpm_256px_ds8_100ep
wandb: ⭐️ View project at https://wandb.ai/mwahlin-eth-z-rich/supertrab
wandb: 🚀 View run at https://wandb.ai/mwahlin-eth-z-rich/supertrab/runs/04apbzo7
Traceback (most recent call last):
  File "/usr/terminus/data-xrm-01/stamplab/users/mwahlin/2025/trab_master/supertrab/SR-model/basic_2D_diffusion_SR.py", line 301, in <module>
    evaluate(config, "final_test", model, noise_scheduler, test_dataloader, device="cuda")
  File "/usr/terminus/data-xrm-01/stamplab/users/mwahlin/mamba/envs/ML_env/lib/python3.10/site-packages/torch/utils/_contextlib.py", line 116, in decorate_context
    return func(*args, **kwargs)
  File "/usr/terminus/data-xrm-01/stamplab/users/mwahlin/2025/trab_master/supertrab/SR-model/basic_2D_diffusion_SR.py", line 201, in evaluate
    final_image.save(os.path.join(save_dir, f"{epoch:04d}_ds{config.ds_factor}_size{config.image_size}.png"))
ValueError: Unknown format code 'd' for object of type 'str'
Traceback (most recent call last):
  File "/usr/terminus/data-xrm-01/stamplab/users/mwahlin/2025/trab_master/supertrab/SR-model/basic_2D_diffusion_SR.py", line 301, in <module>
    evaluate(config, "final_test", model, noise_scheduler, test_dataloader, device="cuda")
  File "/usr/terminus/data-xrm-01/stamplab/users/mwahlin/mamba/envs/ML_env/lib/python3.10/site-packages/torch/utils/_contextlib.py", line 116, in decorate_context
    return func(*args, **kwargs)
  File "/usr/terminus/data-xrm-01/stamplab/users/mwahlin/2025/trab_master/supertrab/SR-model/basic_2D_diffusion_SR.py", line 201, in evaluate
    final_image.save(os.path.join(save_dir, f"{epoch:04d}_ds{config.ds_factor}_size{config.image_size}.png"))
ValueError: Unknown format code 'd' for object of type 'str'
Traceback (most recent call last):
  File "/usr/terminus/data-xrm-01/stamplab/users/mwahlin/mamba/envs/ML_env/bin/accelerate", line 8, in <module>
    sys.exit(main())
  File "/usr/terminus/data-xrm-01/stamplab/users/mwahlin/mamba/envs/ML_env/lib/python3.10/site-packages/accelerate/commands/accelerate_cli.py", line 48, in main
    args.func(args)
  File "/usr/terminus/data-xrm-01/stamplab/users/mwahlin/mamba/envs/ML_env/lib/python3.10/site-packages/accelerate/commands/launch.py", line 1194, in launch_command
    simple_launcher(args)
  File "/usr/terminus/data-xrm-01/stamplab/users/mwahlin/mamba/envs/ML_env/lib/python3.10/site-packages/accelerate/commands/launch.py", line 780, in simple_launcher
    raise subprocess.CalledProcessError(returncode=process.returncode, cmd=cmd)
subprocess.CalledProcessError: Command '['/usr/terminus/data-xrm-01/stamplab/users/mwahlin/mamba/envs/ML_env/bin/python3.10', '/usr/terminus/data-xrm-01/stamplab/users/mwahlin/2025/trab_master/supertrab/SR-model/basic_2D_diffusion_SR.py']' returned non-zero exit status 1.
