Traceback (most recent call last):
  File "/usr/terminus/data-xrm-01/stamplab/users/mwahlin/2025/trab_master/supertrab/supertrab/sr_dataset_utils.py", line 163, in __iter__
    self._initialize()
  File "/usr/terminus/data-xrm-01/stamplab/users/mwahlin/mamba/envs/ML_env/lib/python3.10/site-packages/zarrdataset/_zarrdataset.py", line 521, in _initialize
    curr_img = ImageCollection(collection)
  File "/usr/terminus/data-xrm-01/stamplab/users/mwahlin/mamba/envs/ML_env/lib/python3.10/site-packages/zarrdataset/_imageloaders.py", line 522, in __init__
    self.collection = {
  File "/usr/terminus/data-xrm-01/stamplab/users/mwahlin/mamba/envs/ML_env/lib/python3.10/site-packages/zarrdataset/_imageloaders.py", line 523, in <dictcomp>
    mode: ImageLoader(spatial_axes=spatial_axes, mode=mode,
  File "/usr/terminus/data-xrm-01/stamplab/users/mwahlin/mamba/envs/ML_env/lib/python3.10/site-packages/zarrdataset/_imageloaders.py", line 457, in __init__
    self._store) = image2array(filename, data_group=data_group,
  File "/usr/terminus/data-xrm-01/stamplab/users/mwahlin/mamba/envs/ML_env/lib/python3.10/site-packages/zarrdataset/_imageloaders.py", line 78, in image2array
    arr = grp[data_group]
  File "/usr/terminus/data-xrm-01/stamplab/users/mwahlin/mamba/envs/ML_env/lib/python3.10/site-packages/zarr/hierarchy.py", line 511, in __getitem__
    raise KeyError(item)
KeyError: '2019_L/image/reassembled_HR'
Traceback (most recent call last):
  File "/usr/terminus/data-xrm-01/stamplab/users/mwahlin/2025/trab_master/supertrab/scripts/count_voxels.py", line 65, in <module>
    main()
  File "/usr/terminus/data-xrm-01/stamplab/users/mwahlin/2025/trab_master/supertrab/scripts/count_voxels.py", line 62, in main
    count_patches_for_part(zarr_path, None)
  File "/usr/terminus/data-xrm-01/stamplab/users/mwahlin/2025/trab_master/supertrab/scripts/count_voxels.py", line 53, in count_patches_for_part
    for batch in dataloader:
  File "/usr/terminus/data-xrm-01/stamplab/users/mwahlin/mamba/envs/ML_env/lib/python3.10/site-packages/torch/utils/data/dataloader.py", line 701, in __next__
    data = self._next_data()
  File "/usr/terminus/data-xrm-01/stamplab/users/mwahlin/mamba/envs/ML_env/lib/python3.10/site-packages/torch/utils/data/dataloader.py", line 757, in _next_data
    data = self._dataset_fetcher.fetch(index)  # may raise StopIteration
  File "/usr/terminus/data-xrm-01/stamplab/users/mwahlin/mamba/envs/ML_env/lib/python3.10/site-packages/torch/utils/data/_utils/fetch.py", line 33, in fetch
    data.append(next(self.dataset_iter))
  File "/usr/terminus/data-xrm-01/stamplab/users/mwahlin/2025/trab_master/supertrab/supertrab/sr_dataset_utils.py", line 163, in __iter__
    self._initialize()
  File "/usr/terminus/data-xrm-01/stamplab/users/mwahlin/mamba/envs/ML_env/lib/python3.10/site-packages/zarrdataset/_zarrdataset.py", line 521, in _initialize
    curr_img = ImageCollection(collection)
  File "/usr/terminus/data-xrm-01/stamplab/users/mwahlin/mamba/envs/ML_env/lib/python3.10/site-packages/zarrdataset/_imageloaders.py", line 522, in __init__
    self.collection = {
  File "/usr/terminus/data-xrm-01/stamplab/users/mwahlin/mamba/envs/ML_env/lib/python3.10/site-packages/zarrdataset/_imageloaders.py", line 523, in <dictcomp>
    mode: ImageLoader(spatial_axes=spatial_axes, mode=mode,
  File "/usr/terminus/data-xrm-01/stamplab/users/mwahlin/mamba/envs/ML_env/lib/python3.10/site-packages/zarrdataset/_imageloaders.py", line 457, in __init__
    self._store) = image2array(filename, data_group=data_group,
  File "/usr/terminus/data-xrm-01/stamplab/users/mwahlin/mamba/envs/ML_env/lib/python3.10/site-packages/zarrdataset/_imageloaders.py", line 78, in image2array
    arr = grp[data_group]
  File "/usr/terminus/data-xrm-01/stamplab/users/mwahlin/mamba/envs/ML_env/lib/python3.10/site-packages/zarr/hierarchy.py", line 511, in __getitem__
    raise KeyError(item)
KeyError: '2019_L/image/reassembled_HR'
