Original volume shape: (5670, 4608, 4608), chunks: (128, 512, 512)
cuda
Found 1 groups:
  - 2019_L
Starting inference over full volume...
8 patches processed
16 patches processed
24 patches processed
32 patches processed
40 patches processed
48 patches processed
56 patches processed
64 patches processed
72 patches processed
80 patches processed
88 patches processed
96 patches processed
104 patches processed
112 patches processed
120 patches processed
128 patches processed
136 patches processed
144 patches processed
152 patches processed
160 patches processed
168 patches processed
176 patches processed
184 patches processed
192 patches processed
200 patches processed
208 patches processed
216 patches processed
224 patches processed
232 patches processed
240 patches processed
248 patches processed
256 patches processed
264 patches processed
272 patches processed
280 patches processed
288 patches processed
296 patches processed
304 patches processed
312 patches processed
320 patches processed
328 patches processed
336 patches processed
344 patches processed
352 patches processed
360 patches processed
368 patches processed
376 patches processed
384 patches processed
392 patches processed
400 patches processed
408 patches processed
416 patches processed
424 patches processed
432 patches processed
440 patches processed
448 patches processed
456 patches processed
464 patches processed
472 patches processed
480 patches processed
488 patches processed
496 patches processed
504 patches processed
512 patches processed
520 patches processed
528 patches processed
536 patches processed
544 patches processed
552 patches processed
560 patches processed
568 patches processed
576 patches processed
584 patches processed
592 patches processed
600 patches processed
608 patches processed
616 patches processed
624 patches processed
632 patches processed
640 patches processed
648 patches processed
656 patches processed
664 patches processed
672 patches processed
680 patches processed
688 patches processed
696 patches processed
704 patches processed
712 patches processed
720 patches processed
728 patches processed
736 patches processed
744 patches processed
752 patches processed
760 patches processed
768 patches processed
776 patches processed
784 patches processed
792 patches processed
800 patches processed
808 patches processed
816 patches processed
824 patches processed
832 patches processed
840 patches processed
848 patches processed
856 patches processed
864 patches processed
872 patches processed
880 patches processed
888 patches processed
896 patches processed
904 patches processed
912 patches processed
920 patches processed
928 patches processed
936 patches processed
944 patches processed
952 patches processed
960 patches processed
968 patches processed
976 patches processed
984 patches processed
992 patches processed
1000 patches processed
1008 patches processed
1016 patches processed
1024 patches processed
1032 patches processed
1040 patches processed
1048 patches processed
1056 patches processed
1064 patches processed
1072 patches processed
1080 patches processed
1088 patches processed
1096 patches processed
1104 patches processed
1112 patches processed
1120 patches processed
1128 patches processed
1136 patches processed
1144 patches processed
1152 patches processed
1160 patches processed
1168 patches processed
1176 patches processed
1184 patches processed
1192 patches processed
1200 patches processed
1208 patches processed
1216 patches processed
1224 patches processed
1232 patches processed
1240 patches processed
1248 patches processed
1256 patches processed
1264 patches processed
1272 patches processed
1280 patches processed
1288 patches processed
1296 patches processed
1304 patches processed
1312 patches processed
1320 patches processed
1328 patches processed
1336 patches processed
1344 patches processed
1352 patches processed
1360 patches processed
1368 patches processed
1376 patches processed
1384 patches processed
1392 patches processed
1400 patches processed
1408 patches processed
1416 patches processed
1424 patches processed
1432 patches processed
1440 patches processed
1448 patches processed
1456 patches processed
1464 patches processed
1472 patches processed
1480 patches processed
1488 patches processed
1496 patches processed
1504 patches processed
1512 patches processed
1520 patches processed
1528 patches processed
1536 patches processed
1544 patches processed
1552 patches processed
1560 patches processed
1568 patches processed
1576 patches processed
1584 patches processed
1592 patches processed
1600 patches processed
1608 patches processed
1616 patches processed
1624 patches processed
1632 patches processed
1640 patches processed
1648 patches processed
1656 patches processed
1664 patches processed
1672 patches processed
1680 patches processed
1688 patches processed
1696 patches processed
1704 patches processed
1712 patches processed
1720 patches processed
1728 patches processed
1736 patches processed
1744 patches processed
1752 patches processed
1760 patches processed
1768 patches processed
1776 patches processed
1784 patches processed
1792 patches processed
1800 patches processed
1808 patches processed
1816 patches processed
1824 patches processed
1832 patches processed
1840 patches processed
1848 patches processed
1856 patches processed
1864 patches processed
1872 patches processed
1880 patches processed
1888 patches processed
1896 patches processed
1904 patches processed
1912 patches processed
1920 patches processed
1928 patches processed
1936 patches processed
1944 patches processed
1952 patches processed
1960 patches processed
1968 patches processed
1976 patches processed
1984 patches processed
1992 patches processed
2000 patches processed
2008 patches processed
2016 patches processed
2024 patches processed
2032 patches processed
2040 patches processed
2048 patches processed
2056 patches processed
2064 patches processed
2072 patches processed
2080 patches processed
2088 patches processed
2096 patches processed
2104 patches processed
2112 patches processed
2120 patches processed
2128 patches processed
2136 patches processed
2144 patches processed
2152 patches processed
2160 patches processed
2168 patches processed
2176 patches processed
2184 patches processed
2192 patches processed
2200 patches processed
2208 patches processed
2216 patches processed
2224 patches processed
2232 patches processed
2240 patches processed
2248 patches processed
2256 patches processed
2264 patches processed
2272 patches processed
2280 patches processed
2288 patches processed
2296 patches processed
2304 patches processed
2312 patches processed
2320 patches processed
2328 patches processed
2336 patches processed
2344 patches processed
2352 patches processed
2360 patches processed
2368 patches processed
2376 patches processed
2384 patches processed
2392 patches processed
2400 patches processed
2408 patches processed
2416 patches processed
2424 patches processed
2432 patches processed
2440 patches processed
2448 patches processed
2456 patches processed
2464 patches processed
2472 patches processed
2480 patches processed
2488 patches processed
2496 patches processed
2504 patches processed
2512 patches processed
2520 patches processed
2528 patches processed
2536 patches processed
2544 patches processed
2552 patches processed
2560 patches processed
2568 patches processed
2576 patches processed
2584 patches processed
2592 patches processed
2600 patches processed
2608 patches processed
2616 patches processed
2624 patches processed
2632 patches processed
2640 patches processed
2648 patches processed
2656 patches processed
2664 patches processed
2672 patches processed
2680 patches processed
2688 patches processed
2696 patches processed
2704 patches processed
2712 patches processed
2720 patches processed
2728 patches processed
2736 patches processed
2744 patches processed
2752 patches processed
2760 patches processed
2768 patches processed
2776 patches processed
2784 patches processed
2792 patches processed
2800 patches processed
2808 patches processed
2816 patches processed
2824 patches processed
2832 patches processed
2840 patches processed
2848 patches processed
2856 patches processed
2864 patches processed
2872 patches processed
2880 patches processed
2888 patches processed
2896 patches processed
2904 patches processed
2912 patches processed
2920 patches processed
2928 patches processed
2936 patches processed
2944 patches processed
2952 patches processed
2960 patches processed
2968 patches processed
2976 patches processed
2984 patches processed
2992 patches processed
3000 patches processed
3008 patches processed
3016 patches processed
3024 patches processed
3032 patches processed
3040 patches processed
3048 patches processed
3056 patches processed
3064 patches processed
3072 patches processed
3080 patches processed
3088 patches processed
3096 patches processed
3104 patches processed
3112 patches processed
3120 patches processed
3128 patches processed
3136 patches processed
3144 patches processed
3152 patches processed
3160 patches processed
3168 patches processed
3176 patches processed
3184 patches processed
3192 patches processed
3200 patches processed
3208 patches processed
3216 patches processed
3224 patches processed
3232 patches processed
3240 patches processed
3248 patches processed
3256 patches processed
3264 patches processed
3272 patches processed
3280 patches processed
3288 patches processed
3296 patches processed
3304 patches processed
3312 patches processed
3320 patches processed
3328 patches processed
3336 patches processed
3344 patches processed
3352 patches processed
3360 patches processed
3368 patches processed
3376 patches processed
3384 patches processed
3392 patches processed
3400 patches processed
3408 patches processed
3416 patches processed
3424 patches processed
3432 patches processed
3440 patches processed
3448 patches processed
3456 patches processed
3464 patches processed
3472 patches processed
3480 patches processed
3488 patches processed
3496 patches processed
3504 patches processed
3512 patches processed
3520 patches processed
3528 patches processed
3536 patches processed
3544 patches processed
3552 patches processed
3560 patches processed
3568 patches processed
3576 patches processed
3584 patches processed
3592 patches processed
3600 patches processed
3608 patches processed
3616 patches processed
3624 patches processed
3632 patches processed
3640 patches processed
3648 patches processed
3656 patches processed
3664 patches processed
3672 patches processed
3680 patches processed
3688 patches processed
3696 patches processed
3704 patches processed
3712 patches processed
3720 patches processed
3728 patches processed
3736 patches processed
3744 patches processed
3752 patches processed
3760 patches processed
3768 patches processed
3776 patches processed
3784 patches processed
3792 patches processed
3800 patches processed
3808 patches processed
3816 patches processed
3824 patches processed
3832 patches processed
3840 patches processed
3848 patches processed
3856 patches processed
3864 patches processed
3872 patches processed
3880 patches processed
3888 patches processed
3896 patches processed
3904 patches processed
3912 patches processed
3920 patches processed
3928 patches processed
3936 patches processed
3944 patches processed
3952 patches processed
3960 patches processed
3968 patches processed
3976 patches processed
3984 patches processed
3992 patches processed
4000 patches processed
4008 patches processed
4016 patches processed
4024 patches processed
4032 patches processed
4040 patches processed
4048 patches processed
4056 patches processed
4064 patches processed
4072 patches processed
4080 patches processed
4088 patches processed
4096 patches processed
4104 patches processed
4112 patches processed
4120 patches processed
4128 patches processed
4136 patches processed
4144 patches processed
4152 patches processed
4160 patches processed
4168 patches processed
4176 patches processed
4184 patches processed
4192 patches processed
4200 patches processed
4208 patches processed
4216 patches processed
4224 patches processed
4232 patches processed
4240 patches processed
4248 patches processed
4256 patches processed
4264 patches processed
4272 patches processed
4280 patches processed
4288 patches processed
4296 patches processed
4304 patches processed
4312 patches processed
4320 patches processed
4328 patches processed
4336 patches processed
4344 patches processed
4352 patches processed
4360 patches processed
4368 patches processed
4376 patches processed
4384 patches processed
4392 patches processed
4400 patches processed
4408 patches processed
4416 patches processed
4424 patches processed
4432 patches processed
4440 patches processed
4448 patches processed
4456 patches processed
4464 patches processed
4472 patches processed
4480 patches processed
4488 patches processed
4496 patches processed
4504 patches processed
4512 patches processed
4520 patches processed
4528 patches processed
4536 patches processed
4544 patches processed
4552 patches processed
4560 patches processed
4568 patches processed
4576 patches processed
4584 patches processed
4592 patches processed
4600 patches processed
4608 patches processed
4616 patches processed
4624 patches processed
4632 patches processed
4640 patches processed
4648 patches processed
4656 patches processed
4664 patches processed
4672 patches processed
4680 patches processed
4688 patches processed
4696 patches processed
4704 patches processed
4712 patches processed
4720 patches processed
4728 patches processed
4736 patches processed
4744 patches processed
4752 patches processed
4760 patches processed
4768 patches processed
4776 patches processed
4784 patches processed
4792 patches processed
4800 patches processed
4808 patches processed
4816 patches processed
4824 patches processed
4832 patches processed
4840 patches processed
4848 patches processed
4856 patches processed
4864 patches processed
4872 patches processed
4880 patches processed
4888 patches processed
4896 patches processed
4904 patches processed
4912 patches processed
4920 patches processed
4928 patches processed
4936 patches processed
4944 patches processed
4952 patches processed
4960 patches processed
4968 patches processed
4976 patches processed
4984 patches processed
4992 patches processed
5000 patches processed
5008 patches processed
5016 patches processed
5024 patches processed
5032 patches processed
5040 patches processed
5048 patches processed
5056 patches processed
5064 patches processed
5072 patches processed
5080 patches processed
5088 patches processed
5096 patches processed
5104 patches processed
5112 patches processed
5120 patches processed
5128 patches processed
5136 patches processed
5144 patches processed
5152 patches processed
5160 patches processed
5168 patches processed
5176 patches processed
5184 patches processed
5192 patches processed
5200 patches processed
5208 patches processed
5216 patches processed
5224 patches processed
5232 patches processed
5240 patches processed
5248 patches processed
5256 patches processed
5264 patches processed
5272 patches processed
5280 patches processed
5288 patches processed
5296 patches processed
5304 patches processed
5312 patches processed
5320 patches processed
5328 patches processed
5336 patches processed
5344 patches processed
5352 patches processed
5360 patches processed
5368 patches processed
5376 patches processed
5384 patches processed
5392 patches processed
5400 patches processed
5408 patches processed
5416 patches processed
5424 patches processed
5432 patches processed
5440 patches processed
5448 patches processed
5456 patches processed
5464 patches processed
5472 patches processed
5480 patches processed
5488 patches processed
5496 patches processed
5504 patches processed
5512 patches processed
5520 patches processed
5528 patches processed
5536 patches processed
5544 patches processed
5552 patches processed
5560 patches processed
5568 patches processed
5576 patches processed
5584 patches processed
5592 patches processed
5600 patches processed
5608 patches processed
5616 patches processed
5624 patches processed
5632 patches processed
5640 patches processed
5648 patches processed
5656 patches processed
5664 patches processed
5672 patches processed
5680 patches processed
5688 patches processed
5696 patches processed
5704 patches processed
5712 patches processed
5720 patches processed
5728 patches processed
5736 patches processed
5744 patches processed
5752 patches processed
5760 patches processed
5768 patches processed
5776 patches processed
5784 patches processed
5792 patches processed
5800 patches processed
5808 patches processed
5816 patches processed
5824 patches processed
5832 patches processed
5840 patches processed
5848 patches processed
5856 patches processed
5864 patches processed
5872 patches processed
5880 patches processed
5888 patches processed
5896 patches processed
5904 patches processed
5912 patches processed
5920 patches processed
5928 patches processed
5936 patches processed
5944 patches processed
5952 patches processed
5960 patches processed
5968 patches processed
5976 patches processed
5984 patches processed
5992 patches processed
6000 patches processed
6008 patches processed
6016 patches processed
6024 patches processed
6032 patches processed
6040 patches processed
6048 patches processed
6056 patches processed
6064 patches processed
6072 patches processed
6080 patches processed
6088 patches processed
6096 patches processed
6104 patches processed
6112 patches processed
6120 patches processed
6128 patches processed
6136 patches processed
6144 patches processed
6152 patches processed
6160 patches processed
6168 patches processed
6176 patches processed
6184 patches processed
6192 patches processed
6200 patches processed
6208 patches processed
6216 patches processed
6224 patches processed
6232 patches processed
6240 patches processed
6248 patches processed
6256 patches processed
6264 patches processed
6272 patches processed
6280 patches processed
6288 patches processed
6296 patches processed
6304 patches processed
6312 patches processed
6320 patches processed
6328 patches processed
6336 patches processed
6344 patches processed
6352 patches processed
6360 patches processed
6368 patches processed
6376 patches processed
6384 patches processed
6392 patches processed
6400 patches processed
6408 patches processed
6416 patches processed
6424 patches processed
6432 patches processed
6440 patches processed
6448 patches processed
6456 patches processed
6464 patches processed
6472 patches processed
6480 patches processed
6488 patches processed
6496 patches processed
6504 patches processed
6512 patches processed
6520 patches processed
6528 patches processed
6536 patches processed
6544 patches processed
6552 patches processed
6560 patches processed
6568 patches processed
6576 patches processed
6584 patches processed
6592 patches processed
6600 patches processed
6608 patches processed
6616 patches processed
6624 patches processed
6632 patches processed
6640 patches processed
6648 patches processed
6656 patches processed
6664 patches processed
6672 patches processed
6680 patches processed
6688 patches processed
6696 patches processed
6704 patches processed
6712 patches processed
6720 patches processed
6728 patches processed
6736 patches processed
6744 patches processed
6752 patches processed
6760 patches processed
6768 patches processed
6776 patches processed
6784 patches processed
6792 patches processed
6800 patches processed
6808 patches processed
6816 patches processed
6824 patches processed
6832 patches processed
6840 patches processed
6848 patches processed
6856 patches processed
6864 patches processed
6872 patches processed
6880 patches processed
6888 patches processed
6896 patches processed
6904 patches processed
6912 patches processed
6920 patches processed
6928 patches processed
6936 patches processed
6944 patches processed
6952 patches processed
6960 patches processed
6968 patches processed
6976 patches processed
6984 patches processed
6992 patches processed
7000 patches processed
7008 patches processed
7016 patches processed
7024 patches processed
7032 patches processed
7040 patches processed
7048 patches processed
7056 patches processed
7064 patches processed
7072 patches processed
7080 patches processed
7088 patches processed
7096 patches processed
7104 patches processed
7112 patches processed
7120 patches processed
7128 patches processed
7136 patches processed
7144 patches processed
7152 patches processed
7160 patches processed
7168 patches processed
7176 patches processed
7184 patches processed
7192 patches processed
7200 patches processed
7208 patches processed
7216 patches processed
7224 patches processed
7232 patches processed
7240 patches processed
7248 patches processed
7256 patches processed
7264 patches processed
7272 patches processed
7280 patches processed
7288 patches processed
7296 patches processed
7304 patches processed
7312 patches processed
7320 patches processed
7328 patches processed
7336 patches processed
7344 patches processed
7352 patches processed
7360 patches processed
7368 patches processed
7376 patches processed
7384 patches processed
7392 patches processed
7400 patches processed
7408 patches processed
7416 patches processed
7424 patches processed
7432 patches processed
7440 patches processed
7448 patches processed
7456 patches processed
7464 patches processed
7472 patches processed
7480 patches processed
7488 patches processed
7496 patches processed
7504 patches processed
7512 patches processed
7520 patches processed
7528 patches processed
7536 patches processed
7544 patches processed
7552 patches processed
7560 patches processed
7568 patches processed
7576 patches processed
7584 patches processed
7592 patches processed
7600 patches processed
7608 patches processed
7616 patches processed
7624 patches processed
7632 patches processed
7640 patches processed
7648 patches processed
7656 patches processed
7664 patches processed
7672 patches processed
7680 patches processed
7688 patches processed
7696 patches processed
7704 patches processed
7712 patches processed
7720 patches processed
7728 patches processed
7736 patches processed
7744 patches processed
7752 patches processed
7760 patches processed
7768 patches processed
7776 patches processed
7784 patches processed
7792 patches processed
7800 patches processed
7808 patches processed
7816 patches processed
7824 patches processed
7832 patches processed
7840 patches processed
7848 patches processed
7856 patches processed
7864 patches processed
7872 patches processed
7880 patches processed
7888 patches processed
7896 patches processed
7904 patches processed
7912 patches processed
7920 patches processed
7928 patches processed
7936 patches processed
7944 patches processed
7952 patches processed
7960 patches processed
7968 patches processed
7976 patches processed
7984 patches processed
7992 patches processed
8000 patches processed
8008 patches processed
8016 patches processed
8024 patches processed
8032 patches processed
8040 patches processed
8048 patches processed
8056 patches processed
8064 patches processed
8072 patches processed
8080 patches processed
8088 patches processed
8096 patches processed
8104 patches processed
8112 patches processed
8120 patches processed
8128 patches processed
8136 patches processed
8144 patches processed
8152 patches processed
8160 patches processed
8168 patches processed
8176 patches processed
8184 patches processed
8192 patches processed
8200 patches processed
8208 patches processed
8216 patches processed
8224 patches processed
8232 patches processed
8240 patches processed
8248 patches processed
8256 patches processed
8264 patches processed
8272 patches processed
8280 patches processed
8288 patches processed
8296 patches processed
8304 patches processed
8312 patches processed
8320 patches processed
8328 patches processed
8336 patches processed
8344 patches processed
8352 patches processed
8360 patches processed
8368 patches processed
8376 patches processed
8384 patches processed
8392 patches processed
8400 patches processed
8408 patches processed
8416 patches processed
8424 patches processed
8432 patches processed
8440 patches processed
8448 patches processed
8456 patches processed
8464 patches processed
8472 patches processed
8480 patches processed
8488 patches processed
8496 patches processed
8504 patches processed
8512 patches processed
8520 patches processed
8528 patches processed
8536 patches processed
8544 patches processed
8552 patches processed
8560 patches processed
8568 patches processed
8576 patches processed
8584 patches processed
8592 patches processed
8600 patches processed
8608 patches processed
8616 patches processed
8624 patches processed
8632 patches processed
8640 patches processed
8648 patches processed
8656 patches processed
8664 patches processed
8672 patches processed
8680 patches processed
8688 patches processed
8696 patches processed
8704 patches processed
8712 patches processed
8720 patches processed
8728 patches processed
8736 patches processed
8744 patches processed
8752 patches processed
8760 patches processed
8768 patches processed
8776 patches processed
8784 patches processed
8792 patches processed
8800 patches processed
8808 patches processed
8816 patches processed
8824 patches processed
8832 patches processed
8840 patches processed
8848 patches processed
8856 patches processed
8864 patches processed
8872 patches processed
8880 patches processed
8888 patches processed
8896 patches processed
8904 patches processed
8912 patches processed
8920 patches processed
8928 patches processed
8936 patches processed
8944 patches processed
8952 patches processed
8960 patches processed
8968 patches processed
8976 patches processed
8984 patches processed
8992 patches processed
9000 patches processed
9008 patches processed
9016 patches processed
9024 patches processed
9032 patches processed
9040 patches processed
9048 patches processed
9056 patches processed
9064 patches processed
9072 patches processed
9080 patches processed
9088 patches processed
9096 patches processed
9104 patches processed
9112 patches processed
9120 patches processed
9128 patches processed
9136 patches processed
9144 patches processed
9152 patches processed
9160 patches processed
9168 patches processed
9176 patches processed
9184 patches processed
9192 patches processed
9200 patches processed
9208 patches processed
9216 patches processed
9224 patches processed
9232 patches processed
9240 patches processed
9248 patches processed
9256 patches processed
9264 patches processed
9272 patches processed
9280 patches processed
9288 patches processed
9296 patches processed
9304 patches processed
9312 patches processed
9320 patches processed
9328 patches processed
9336 patches processed
9344 patches processed
9352 patches processed
9360 patches processed
9368 patches processed
9376 patches processed
9384 patches processed
9392 patches processed
9400 patches processed
9408 patches processed
9416 patches processed
9424 patches processed
9432 patches processed
9440 patches processed
9448 patches processed
9456 patches processed
9464 patches processed
9472 patches processed
9480 patches processed
9488 patches processed
9496 patches processed
9504 patches processed
9512 patches processed
9520 patches processed
9528 patches processed
9536 patches processed
9544 patches processed
9552 patches processed
9560 patches processed
9568 patches processed
9576 patches processed
9584 patches processed
9592 patches processed
9600 patches processed
9608 patches processed
9616 patches processed
9624 patches processed
9632 patches processed
9640 patches processed
9648 patches processed
9656 patches processed
9664 patches processed
9672 patches processed
9680 patches processed
9688 patches processed
9696 patches processed
9704 patches processed
9712 patches processed
9720 patches processed
9728 patches processed
9736 patches processed
9744 patches processed
9752 patches processed
9760 patches processed
9768 patches processed
9776 patches processed
9784 patches processed
9792 patches processed
9800 patches processed
9808 patches processed
9816 patches processed
9824 patches processed
9832 patches processed
9840 patches processed
9848 patches processed
9856 patches processed
9864 patches processed
9872 patches processed
9880 patches processed
9888 patches processed
9896 patches processed
9904 patches processed
9912 patches processed
9920 patches processed
9928 patches processed
9936 patches processed
9944 patches processed
9952 patches processed
9960 patches processed
9968 patches processed
9976 patches processed
9984 patches processed
9992 patches processed
10000 patches processed
10008 patches processed
10016 patches processed
10024 patches processed
10032 patches processed
10040 patches processed
10048 patches processed
10056 patches processed
10064 patches processed
10072 patches processed
10080 patches processed
10088 patches processed
10096 patches processed
10104 patches processed
10112 patches processed
10120 patches processed
10128 patches processed
10136 patches processed
10144 patches processed
10152 patches processed
10160 patches processed
10168 patches processed
10176 patches processed
10184 patches processed
10192 patches processed
10200 patches processed
10208 patches processed
10216 patches processed
10224 patches processed
10232 patches processed
10240 patches processed
10248 patches processed
10256 patches processed
10264 patches processed
10272 patches processed
10280 patches processed
10288 patches processed
10295 patches processed
10303 patches processed
10311 patches processed
10319 patches processed
10327 patches processed
10335 patches processed
10343 patches processed
10351 patches processed
10359 patches processed
10367 patches processed
10375 patches processed
10383 patches processed
10391 patches processed
10399 patches processed
10407 patches processed
10415 patches processed
10423 patches processed
10431 patches processed
10439 patches processed
10447 patches processed
10455 patches processed
10463 patches processed
10471 patches processed
10479 patches processed
10487 patches processed
10495 patches processed
10503 patches processed
10511 patches processed
10519 patches processed
10527 patches processed
10535 patches processed
10543 patches processed
10551 patches processed
10559 patches processed
10567 patches processed
10575 patches processed
10583 patches processed
10591 patches processed
10599 patches processed
10607 patches processed
10615 patches processed
10623 patches processed
10631 patches processed
10639 patches processed
10647 patches processed
10655 patches processed
10663 patches processed
10671 patches processed
10679 patches processed
10687 patches processed
10695 patches processed
10703 patches processed
10711 patches processed
10719 patches processed
10727 patches processed
10735 patches processed
10743 patches processed
10751 patches processed
10759 patches processed
10767 patches processed
10775 patches processed
10783 patches processed
10791 patches processed
10799 patches processed
10800 patches processed
10808 patches processed
10816 patches processed
10824 patches processed
10832 patches processed
10840 patches processed
10848 patches processed
10856 patches processed
10864 patches processed
10872 patches processed
10880 patches processed
10888 patches processed
10896 patches processed
10904 patches processed
10912 patches processed
10920 patches processed
10928 patches processed
10936 patches processed
10944 patches processed
10952 patches processed
10960 patches processed
10968 patches processed
10976 patches processed
10984 patches processed
10992 patches processed
11000 patches processed
11008 patches processed
11016 patches processed
11024 patches processed
11032 patches processed
11040 patches processed
11048 patches processed
11056 patches processed
11064 patches processed
11072 patches processed
11080 patches processed
11088 patches processed
11096 patches processed
11104 patches processed
11112 patches processed
11120 patches processed
11128 patches processed
11136 patches processed
11144 patches processed
11152 patches processed
11160 patches processed
11168 patches processed
11176 patches processed
11184 patches processed
11192 patches processed
11200 patches processed
11208 patches processed
11216 patches processed
11224 patches processed
11232 patches processed
11240 patches processed
11248 patches processed
11256 patches processed
11264 patches processed
11272 patches processed
11280 patches processed
11288 patches processed
11296 patches processed
11304 patches processed
11312 patches processed
11320 patches processed
11328 patches processed
11336 patches processed
11344 patches processed
11352 patches processed
11360 patches processed
11368 patches processed
11376 patches processed
11384 patches processed
11392 patches processed
11400 patches processed
11408 patches processed
11416 patches processed
11424 patches processed
11432 patches processed
11440 patches processed
11448 patches processed
11456 patches processed
11464 patches processed
11472 patches processed
11480 patches processed
11488 patches processed
11496 patches processed
11502 patches processed
11510 patches processed
11518 patches processed
11526 patches processed
11531 patches processed
11539 patches processed
11547 patches processed
11555 patches processed
11563 patches processed
11571 patches processed
11579 patches processed
11587 patches processed
11595 patches processed
11603 patches processed
11611 patches processed
11619 patches processed
11621 patches processed
11629 patches processed
11637 patches processed
11645 patches processed
11653 patches processed
11661 patches processed
11669 patches processed
11677 patches processed
11685 patches processed
11693 patches processed
11701 patches processed
11709 patches processed
11717 patches processed
11725 patches processed
11733 patches processed
11741 patches processed
11749 patches processed
11757 patches processed
11765 patches processed
11773 patches processed
11781 patches processed
11789 patches processed
11797 patches processed
11805 patches processed
11813 patches processed
11821 patches processed
11829 patches processed
11837 patches processed
11845 patches processed
11853 patches processed
11861 patches processed
11869 patches processed
11877 patches processed
11885 patches processed
11893 patches processed
11901 patches processed
11909 patches processed
11917 patches processed
11925 patches processed
11933 patches processed
11941 patches processed
11949 patches processed
11957 patches processed
11965 patches processed
11973 patches processed
11981 patches processed
11989 patches processed
11997 patches processed
12005 patches processed
12013 patches processed
12021 patches processed
12029 patches processed
12037 patches processed
12045 patches processed
12053 patches processed
12061 patches processed
12069 patches processed
12077 patches processed
12085 patches processed
12093 patches processed
12101 patches processed
12109 patches processed
12117 patches processed
12125 patches processed
12133 patches processed
12141 patches processed
12149 patches processed
12157 patches processed
12165 patches processed
12173 patches processed
12181 patches processed
12189 patches processed
12197 patches processed
12205 patches processed
12213 patches processed
12221 patches processed
12229 patches processed
12237 patches processed
12245 patches processed
12253 patches processed
12261 patches processed
12269 patches processed
12277 patches processed
12285 patches processed
12293 patches processed
12301 patches processed
12309 patches processed
12317 patches processed
12325 patches processed
12333 patches processed
12341 patches processed
12349 patches processed
12357 patches processed
12365 patches processed
12373 patches processed
12381 patches processed
12389 patches processed
12397 patches processed
12405 patches processed
12413 patches processed
12421 patches processed
12429 patches processed
12437 patches processed
12445 patches processed
12453 patches processed
12461 patches processed
12469 patches processed
12477 patches processed
12482 patches processed
12490 patches processed
12498 patches processed
12506 patches processed
12514 patches processed
12522 patches processed
12530 patches processed
12538 patches processed
12546 patches processed
12554 patches processed
12562 patches processed
12570 patches processed
12578 patches processed
12586 patches processed
12594 patches processed
12602 patches processed
12610 patches processed
12618 patches processed
12626 patches processed
12634 patches processed
12642 patches processed
12650 patches processed
12658 patches processed
12666 patches processed
12674 patches processed
12682 patches processed
12690 patches processed
12698 patches processed
12706 patches processed
12714 patches processed
12722 patches processed
12730 patches processed
12738 patches processed
12746 patches processed
12754 patches processed
12762 patches processed
12770 patches processed
12778 patches processed
12786 patches processed
12794 patches processed
12802 patches processed
12810 patches processed
12818 patches processed
12826 patches processed
12834 patches processed
12842 patches processed
12850 patches processed
12858 patches processed
12866 patches processed
12874 patches processed
12882 patches processed
12890 patches processed
12898 patches processed
12906 patches processed
12914 patches processed
12922 patches processed
12930 patches processed
12938 patches processed
12946 patches processed
12954 patches processed
12962 patches processed
12970 patches processed
12978 patches processed
12986 patches processed
12994 patches processed
13002 patches processed
13010 patches processed
13018 patches processed
13026 patches processed
13034 patches processed
13042 patches processed
13050 patches processed
13058 patches processed
13066 patches processed
13074 patches processed
13082 patches processed
13090 patches processed
13098 patches processed
13106 patches processed
13114 patches processed
13122 patches processed
13130 patches processed
13138 patches processed
13146 patches processed
13154 patches processed
13162 patches processed
13170 patches processed
13178 patches processed
13186 patches processed
13194 patches processed
13202 patches processed
13210 patches processed
13218 patches processed
13226 patches processed
13234 patches processed
13242 patches processed
13250 patches processed
13258 patches processed
13266 patches processed
13274 patches processed
13282 patches processed
13290 patches processed
13298 patches processed
13306 patches processed
13314 patches processed
13322 patches processed
13330 patches processed
13338 patches processed
13346 patches processed
13354 patches processed
13362 patches processed
13370 patches processed
13378 patches processed
13386 patches processed
13394 patches processed
13402 patches processed
13410 patches processed
13418 patches processed
13426 patches processed
13434 patches processed
13442 patches processed
13450 patches processed
13458 patches processed
13466 patches processed
13474 patches processed
13482 patches processed
13490 patches processed
13498 patches processed
13506 patches processed
13514 patches processed
13522 patches processed
13530 patches processed
13538 patches processed
13546 patches processed
13554 patches processed
13562 patches processed
13570 patches processed
13578 patches processed
13586 patches processed
13594 patches processed
13602 patches processed
13610 patches processed
13618 patches processed
13626 patches processed
13634 patches processed
13642 patches processed
13650 patches processed
13658 patches processed
13666 patches processed
13674 patches processed
13682 patches processed
13690 patches processed
13698 patches processed
13706 patches processed
13714 patches processed
13722 patches processed
13730 patches processed
13738 patches processed
13746 patches processed
13754 patches processed
13762 patches processed
13770 patches processed
13778 patches processed
13786 patches processed
13794 patches processed
13802 patches processed
13810 patches processed
13818 patches processed
13826 patches processed
13834 patches processed
13842 patches processed
13850 patches processed
13858 patches processed
13866 patches processed
13874 patches processed
13882 patches processed
13890 patches processed
13897 patches processed
13905 patches processed
13913 patches processed
13921 patches processed
13929 patches processed
13937 patches processed
13945 patches processed
13953 patches processed
13961 patches processed
13969 patches processed
13977 patches processed
13985 patches processed
13993 patches processed
14001 patches processed
14009 patches processed
14017 patches processed
14025 patches processed
14033 patches processed
14041 patches processed
14049 patches processed
14057 patches processed
14065 patches processed
14073 patches processed
14081 patches processed
14089 patches processed
14097 patches processed
14105 patches processed
14113 patches processed
14121 patches processed
14129 patches processed
14137 patches processed
14145 patches processed
14153 patches processed
14161 patches processed
14162 patches processed
14170 patches processed
14178 patches processed
14186 patches processed
14194 patches processed
14202 patches processed
14210 patches processed
14218 patches processed
14226 patches processed
14234 patches processed
14242 patches processed
14250 patches processed
14258 patches processed
14266 patches processed
14274 patches processed
14282 patches processed
14290 patches processed
14298 patches processed
14306 patches processed
14308 patches processed
14316 patches processed
14324 patches processed
14332 patches processed
14340 patches processed
14348 patches processed
14356 patches processed
14364 patches processed
14372 patches processed
14380 patches processed
14388 patches processed
14396 patches processed
14404 patches processed
14412 patches processed
14420 patches processed
14428 patches processed
14436 patches processed
14444 patches processed
14452 patches processed
14460 patches processed
14468 patches processed
14476 patches processed
14484 patches processed
14492 patches processed
14500 patches processed
14508 patches processed
14516 patches processed
14524 patches processed
14532 patches processed
14540 patches processed
14548 patches processed
14556 patches processed
14564 patches processed
14572 patches processed
14580 patches processed
14588 patches processed
14596 patches processed
14604 patches processed
14612 patches processed
14620 patches processed
14628 patches processed
14636 patches processed
14644 patches processed
14652 patches processed
14660 patches processed
14668 patches processed
14676 patches processed
14684 patches processed
14692 patches processed
14700 patches processed
14708 patches processed
14716 patches processed
14724 patches processed
14732 patches processed
14740 patches processed
14748 patches processed
14756 patches processed
14764 patches processed
14772 patches processed
14780 patches processed
14788 patches processed
14796 patches processed
14804 patches processed
14812 patches processed
14820 patches processed
14828 patches processed
14836 patches processed
14844 patches processed
14852 patches processed
14860 patches processed
14868 patches processed
14876 patches processed
14884 patches processed
14892 patches processed
14900 patches processed
14908 patches processed
14916 patches processed
14924 patches processed
14932 patches processed
14940 patches processed
14948 patches processed
14956 patches processed
14964 patches processed
14972 patches processed
14980 patches processed
14988 patches processed
14996 patches processed
15004 patches processed
15012 patches processed
15020 patches processed
15028 patches processed
15036 patches processed
15044 patches processed
15052 patches processed
15060 patches processed
15068 patches processed
15076 patches processed
15084 patches processed
15092 patches processed
15100 patches processed
15108 patches processed
15116 patches processed
15124 patches processed
15132 patches processed
15140 patches processed
15148 patches processed
15156 patches processed
15164 patches processed
15172 patches processed
15180 patches processed
15188 patches processed
15190 patches processed
15198 patches processed
15206 patches processed
15214 patches processed
15222 patches processed
15230 patches processed
15238 patches processed
15246 patches processed
15254 patches processed
15262 patches processed
15270 patches processed
15278 patches processed
15286 patches processed
15294 patches processed
15302 patches processed
15310 patches processed
15318 patches processed
15326 patches processed
15334 patches processed
15342 patches processed
15350 patches processed
15358 patches processed
15366 patches processed
15374 patches processed
15382 patches processed
15390 patches processed
15398 patches processed
15406 patches processed
15414 patches processed
15422 patches processed
15430 patches processed
15438 patches processed
15446 patches processed
15454 patches processed
15462 patches processed
15470 patches processed
15478 patches processed
15486 patches processed
15494 patches processed
15502 patches processed
15510 patches processed
15518 patches processed
15526 patches processed
15534 patches processed
15542 patches processed
15550 patches processed
15558 patches processed
15566 patches processed
15574 patches processed
15582 patches processed
15590 patches processed
15598 patches processed
15606 patches processed
15614 patches processed
15622 patches processed
15630 patches processed
15638 patches processed
15646 patches processed
15654 patches processed
15662 patches processed
15670 patches processed
15678 patches processed
15686 patches processed
15694 patches processed
15702 patches processed
15710 patches processed
15718 patches processed
15726 patches processed
15734 patches processed
15742 patches processed
15750 patches processed
15758 patches processed
15766 patches processed
15774 patches processed
15782 patches processed
15790 patches processed
15798 patches processed
15806 patches processed
15814 patches processed
15822 patches processed
15830 patches processed
15838 patches processed
15846 patches processed
15854 patches processed
15862 patches processed
15870 patches processed
15878 patches processed
15886 patches processed
15894 patches processed
15902 patches processed
15910 patches processed
15918 patches processed
15926 patches processed
15934 patches processed
15942 patches processed
15950 patches processed
15958 patches processed
15966 patches processed
15974 patches processed
15982 patches processed
15990 patches processed
15998 patches processed
16006 patches processed
16014 patches processed
16022 patches processed
16030 patches processed
16038 patches processed
16046 patches processed
16054 patches processed
16062 patches processed
16070 patches processed
16078 patches processed
16086 patches processed
16094 patches processed
16102 patches processed
16110 patches processed
16118 patches processed
16126 patches processed
16134 patches processed
16142 patches processed
16150 patches processed
16158 patches processed
16166 patches processed
16174 patches processed
16182 patches processed
16190 patches processed
16198 patches processed
16206 patches processed
16214 patches processed
16222 patches processed
16230 patches processed
16238 patches processed
16246 patches processed
16254 patches processed
16262 patches processed
16270 patches processed
16278 patches processed
16286 patches processed
16294 patches processed
16302 patches processed
16310 patches processed
16318 patches processed
16326 patches processed
16334 patches processed
16342 patches processed
16350 patches processed
16358 patches processed
16366 patches processed
16374 patches processed
16382 patches processed
16390 patches processed
16398 patches processed
16406 patches processed
16414 patches processed
16422 patches processed
16430 patches processed
16438 patches processed
16446 patches processed
16454 patches processed
16462 patches processed
16470 patches processed
16478 patches processed
16486 patches processed
16487 patches processed
16495 patches processed
16503 patches processed
16511 patches processed
16519 patches processed
16527 patches processed
16535 patches processed
16543 patches processed
16551 patches processed
16559 patches processed
16567 patches processed
16575 patches processed
16583 patches processed
16591 patches processed
16599 patches processed
16607 patches processed
16615 patches processed
16623 patches processed
16631 patches processed
16639 patches processed
16647 patches processed
16655 patches processed
16663 patches processed
16671 patches processed
16674 patches processed
16682 patches processed
16690 patches processed
16698 patches processed
16706 patches processed
16714 patches processed
16722 patches processed
16730 patches processed
16738 patches processed
16746 patches processed
16754 patches processed
16762 patches processed
16770 patches processed
16778 patches processed
16779 patches processed
16787 patches processed
16795 patches processed
16803 patches processed
16811 patches processed
16819 patches processed
16827 patches processed
16835 patches processed
16843 patches processed
16851 patches processed
16859 patches processed
16867 patches processed
16875 patches processed
16883 patches processed
16891 patches processed
16899 patches processed
16907 patches processed
16915 patches processed
16923 patches processed
16931 patches processed
16939 patches processed
16947 patches processed
16955 patches processed
16963 patches processed
16971 patches processed
16979 patches processed
16987 patches processed
16995 patches processed
17003 patches processed
17011 patches processed
17019 patches processed
17027 patches processed
17035 patches processed
17043 patches processed
17051 patches processed
17059 patches processed
17067 patches processed
17075 patches processed
17083 patches processed
17091 patches processed
17099 patches processed
17107 patches processed
17115 patches processed
17123 patches processed
17131 patches processed
17139 patches processed
17147 patches processed
17155 patches processed
17163 patches processed
17171 patches processed
17179 patches processed
17187 patches processed
17195 patches processed
17203 patches processed
17211 patches processed
17219 patches processed
17227 patches processed
17235 patches processed
17243 patches processed
17251 patches processed
17259 patches processed
17267 patches processed
17275 patches processed
17283 patches processed
17291 patches processed
17299 patches processed
17307 patches processed
17315 patches processed
17323 patches processed
17331 patches processed
17339 patches processed
17347 patches processed
17355 patches processed
17363 patches processed
17371 patches processed
17379 patches processed
17387 patches processed
17395 patches processed
17403 patches processed
17411 patches processed
17419 patches processed
17427 patches processed
17435 patches processed
17443 patches processed
17451 patches processed
17459 patches processed
17467 patches processed
17475 patches processed
17483 patches processed
17491 patches processed
17499 patches processed
17507 patches processed
17515 patches processed
17523 patches processed
17531 patches processed
17539 patches processed
17547 patches processed
17555 patches processed
17563 patches processed
17571 patches processed
17579 patches processed
17587 patches processed
17595 patches processed
17603 patches processed
17611 patches processed
17619 patches processed
17627 patches processed
17635 patches processed
17643 patches processed
17651 patches processed
17659 patches processed
17667 patches processed
17675 patches processed
17683 patches processed
17691 patches processed
17699 patches processed
17707 patches processed
17715 patches processed
17723 patches processed
17731 patches processed
17739 patches processed
17747 patches processed
17755 patches processed
17763 patches processed
17771 patches processed
17779 patches processed
17787 patches processed
17795 patches processed
17803 patches processed
17811 patches processed
17819 patches processed
17827 patches processed
17835 patches processed
17843 patches processed
17851 patches processed
17859 patches processed
17867 patches processed
17875 patches processed
17883 patches processed
17891 patches processed
17899 patches processed
17907 patches processed
17915 patches processed
17923 patches processed
17931 patches processed
17939 patches processed
17947 patches processed
17955 patches processed
17963 patches processed
17971 patches processed
17979 patches processed
17987 patches processed
17995 patches processed
18003 patches processed
18011 patches processed
18019 patches processed
18027 patches processed
18035 patches processed
18043 patches processed
18051 patches processed
18059 patches processed
18067 patches processed
18075 patches processed
18083 patches processed
18091 patches processed
18099 patches processed
18107 patches processed
18115 patches processed
18123 patches processed
18131 patches processed
18139 patches processed
18147 patches processed
18155 patches processed
18163 patches processed
18171 patches processed
18179 patches processed
18187 patches processed
18195 patches processed
18203 patches processed
18211 patches processed
18219 patches processed
18227 patches processed
18235 patches processed
18243 patches processed
18251 patches processed
18259 patches processed
18267 patches processed
18275 patches processed
18283 patches processed
18291 patches processed
18299 patches processed
18307 patches processed
18315 patches processed
18323 patches processed
18331 patches processed
18339 patches processed
18347 patches processed
18355 patches processed
18363 patches processed
18371 patches processed
18379 patches processed
18387 patches processed
18395 patches processed
18403 patches processed
18411 patches processed
18419 patches processed
18427 patches processed
18435 patches processed
18443 patches processed
18451 patches processed
18459 patches processed
18467 patches processed
18475 patches processed
18483 patches processed
18491 patches processed
18499 patches processed
18507 patches processed
18515 patches processed
18523 patches processed
18531 patches processed
18532 patches processed
18540 patches processed
18548 patches processed
18556 patches processed
18564 patches processed
18572 patches processed
18580 patches processed
18588 patches processed
18596 patches processed
18604 patches processed
18612 patches processed
18620 patches processed
18628 patches processed
18636 patches processed
18644 patches processed
18652 patches processed
18660 patches processed
18668 patches processed
18676 patches processed
18684 patches processed
18692 patches processed
18700 patches processed
18708 patches processed
18716 patches processed
18724 patches processed
18732 patches processed
18740 patches processed
18748 patches processed
18756 patches processed
18764 patches processed
18772 patches processed
18780 patches processed
18788 patches processed
18796 patches processed
18804 patches processed
18812 patches processed
18820 patches processed
18828 patches processed
18833 patches processed

Super-resolved volume saved at: 2019_L/sr_volume_256_4_test

Total patches super-resolved and written: 18833
