Found 1 groups:
  - 2019_L
Found 1 groups:
  - 2019_L
Total patches included: 122
Saved per-patch metrics to: stat_outputs/all_patch_metrics_ds4_otsu.csv

All values for metric: bone_volume_fraction
HR: [0.00838572 0.00033051 0.02025521 0.00263375 0.00066406 0.02327651
 0.05677426 0.01329267 0.00848597 0.03028578 0.01666129 0.11112636
 0.03004497 0.04051495 0.01938981 0.03331465 0.01337719 0.1560964
 0.0373019  0.05195415 0.04638857 0.01695156 0.02683449 0.03732908
 0.13051224 0.07721341 0.0587303  0.0201388  0.05830079 0.03423965
 0.0171051  0.01624072 0.03930175 0.1339016  0.07443202 0.03068829
 0.02532053 0.02707994 0.04099256 0.0203985  0.02149129 0.02018738
 0.03738219 0.03683823 0.01497674 0.0632633  0.02685803 0.035667
 0.03339255 0.02360719 0.03192693 0.02467459 0.05667263 0.02666414
 0.0319674  0.04874802 0.17629844 0.04142386 0.01148081 0.03312886
 0.0739302  0.04892457 0.07245415 0.03637493 0.03831029 0.06767559
 0.04479611 0.04266042 0.05583638 0.15223777 0.09920979 0.20079941
 0.23629308 0.07955837 0.14582419 0.1293366  0.15204507 0.031012
 0.082425   0.05205262 0.01241368 0.01946014 0.01679426 0.01802826
 0.06182623 0.113617   0.07063365 0.03650212 0.02262551 0.01405233
 0.00468808 0.10310119 0.08386272 0.06018472 0.21380997 0.21592098
 0.1522513  0.22599828 0.23147696 0.14878416 0.16015291 0.07900125
 0.08081496 0.09239733 0.04194146 0.08988935 0.0456661  0.00559026
 0.00174201 0.06159204 0.17714524 0.24964517 0.17037934 0.20114022
 0.20579529 0.20420796 0.10814142 0.09020907 0.09360689 0.23210275
 0.13487226 0.12174505]
LR: [0.20302224 0.44601661 0.05496025 0.31362647 0.39314473 0.08827406
 0.15338218 0.07135487 0.10612822 0.12681013 0.12457937 0.13898456
 0.12004983 0.12790668 0.12357867 0.13772166 0.13108206 0.17815429
 0.17878634 0.14447802 0.15498757 0.16258514 0.15801328 0.16784137
 0.15197116 0.1009379  0.20343405 0.18444085 0.18038028 0.152071
 0.17948955 0.17058778 0.18336731 0.15567434 0.13109112 0.14109278
 0.18972105 0.21510077 0.18196851 0.13533938 0.19493854 0.15957594
 0.19166523 0.20886004 0.1286419  0.07926643 0.13677669 0.21848595
 0.1846599  0.169038   0.20057166 0.17445105 0.20696169 0.1792078
 0.18494654 0.23688281 0.2685768  0.13891232 0.14439362 0.14771938
 0.24775147 0.20458221 0.23502398 0.18032205 0.18860376 0.23250782
 0.19875628 0.18971205 0.2617054  0.29588354 0.21716928 0.31908149
 0.35012764 0.2210449  0.26488817 0.27006179 0.28379524 0.15590918
 0.20429641 0.18294871 0.17628837 0.15300852 0.14495176 0.15927827
 0.23180193 0.2409392  0.21181554 0.19773459 0.19969249 0.14620632
 0.13050824 0.25896418 0.22403681 0.2209031  0.34721541 0.33160728
 0.28211004 0.33458948 0.34430248 0.31387925 0.27481943 0.22233552
 0.23188293 0.23586166 0.20073491 0.24141479 0.18137956 0.15602356
 0.23357725 0.18965405 0.31093723 0.36514294 0.31944758 0.34058326
 0.33703285 0.33576035 0.27985227 0.26248598 0.27148271 0.36994517
 0.28335702 0.28758556]
SR: [3.20973396e-02 1.68416679e-01 2.77225077e-01 3.27023268e-02
 3.66065502e-02 1.16246939e-02 4.64863777e-02 9.08738375e-03
 5.01935482e-02 6.35868311e-03 2.68437862e-02 1.25050128e-01
 9.34929848e-02 2.65882015e-02 2.11525559e-02 1.84216499e-02
 2.77062654e-02 1.80272758e-01 2.97045708e-02 7.09002614e-02
 1.00551844e-02 4.18104529e-02 1.51013732e-02 1.12843513e-02
 1.24489188e-01 5.76415658e-02 2.54237056e-02 5.79720736e-03
 2.08216310e-02 3.51053476e-03 1.32777095e-02 3.91144753e-02
 6.59799576e-03 2.18965769e-01 7.19693899e-02 1.00019574e-02
 2.80702114e-03 5.75423241e-04 9.94420052e-03 9.01502371e-03
 6.13510609e-03 6.06805086e-02 3.92657518e-03 2.79104710e-03
 1.18463039e-02 5.05705476e-02 5.43636084e-03 1.37627125e-03
 6.33484125e-03 2.40784883e-03 5.62447309e-03 4.88275290e-03
 1.10356808e-02 1.52063370e-03 5.14471531e-03 7.31170177e-03
 1.19958282e-01 1.95186734e-02 3.84378433e-03 4.45723534e-03
 1.42611265e-02 8.80962610e-03 1.75277591e-02 5.40804863e-03
 6.43217564e-03 6.42722845e-03 1.12501979e-02 1.17739439e-02
 4.08226252e-03 5.31175733e-02 4.10017967e-02 1.17700160e-01
 1.85674787e-01 2.70636678e-02 1.11972272e-01 4.32344079e-02
 8.14527869e-02 1.35579705e-02 9.22338963e-02 1.48945451e-02
 1.23202801e-04 1.61576271e-03 1.70183182e-03 7.16686249e-04
 1.34615302e-02 1.07154429e-01 9.66895223e-02 3.22151184e-03
 3.33130360e-03 5.88464737e-03 8.90355706e-02 3.62924933e-02
 3.16025019e-02 6.19043112e-02 6.16213679e-02 1.09131575e-01
 4.80726361e-02 1.55247688e-01 1.39765501e-01 5.30728698e-02
 1.01795137e-01 2.59601474e-02 1.00188255e-02 1.92957520e-02
 2.26771832e-03 2.39520073e-02 5.45400381e-03 3.11390162e-02
 3.04952860e-02 9.06524658e-02 5.93171120e-02 1.55406773e-01
 3.05408835e-02 7.89946318e-02 8.73012543e-02 9.50614810e-02
 2.25268602e-02 2.64802575e-02 1.35898590e-02 6.49174452e-02
 3.44227552e-02 2.36083865e-02]

All values for metric: trabecular_thickness_mean
HR: [0.09010352 0.05419844 0.1662891  0.08573051 0.06677687 0.17052154
 0.17669951 0.13180258 0.14770942 0.13328421 0.10378688 0.42290727
 0.19543191 0.15522769 0.1325429  0.13103472 0.14369039 0.51527794
 0.14210734 0.16910076 0.13036587 0.09802955 0.11149314 0.12970738
 0.47897842 0.46298071 0.14645863 0.10034285 0.14758305 0.10800503
 0.08967    0.08925387 0.11431444 0.53210185 0.26276263 0.12073566
 0.09256499 0.09504346 0.12032677 0.09822902 0.09213006 0.1079207
 0.1163503  0.10393262 0.09893675 0.77198085 0.11122543 0.10013445
 0.10350064 0.08998847 0.1018978  0.09633475 0.13246449 0.10291768
 0.10578006 0.11112631 0.21610922 0.13997685 0.0844922  0.11283803
 0.12309135 0.10578471 0.12788434 0.10691169 0.11713436 0.12735131
 0.11211227 0.11974606 0.10244387 0.16525134 0.16233818 0.19566084
 0.2151144  0.14160669 0.18035462 0.16139867 0.17749521 0.14637415
 0.149021   0.12741114 0.08067718 0.09289298 0.09059916 0.0896679
 0.11631282 0.24570891 0.13503956 0.10952165 0.09811204 0.09667841
 0.10378908 0.15338232 0.16094391 0.13040341 0.1849348  0.20217254
 0.17022375 0.21181022 0.21156076 0.15800907 0.18836555 0.13783981
 0.13233714 0.15116428 0.1095309  0.13658661 0.12022908 0.08549843
 0.08931238 0.13837821 0.17775103 0.20909986 0.16443459 0.17916689
 0.1882359  0.19104517 0.13725483 0.131745   0.12785001 0.18842442
 0.16396459 0.14184814]
LR: [0.27075255 0.24364462 0.35627319 0.24108268 0.24261536 0.33315868
 0.36505877 0.28404564 0.27208963 0.31109807 0.285828   0.77260455
 0.32758501 0.30744936 0.28729597 0.29979564 0.28551367 0.85220954
 0.30603299 0.31743293 0.29870036 0.27744544 0.2893093  0.29818662
 0.71561165 0.78471958 0.31800499 0.28273352 0.30831047 0.28502559
 0.27315824 0.27317278 0.2785831  0.78990623 0.4226485  0.28599443
 0.28466191 0.28490236 0.28821587 0.27630567 0.27435883 0.27999247
 0.2850972  0.28498168 0.27486358 0.91658483 0.28336471 0.28789028
 0.28196339 0.27592512 0.2826969  0.28016843 0.30445321 0.28115488
 0.28704495 0.29878402 0.36767152 0.30133231 0.27894323 0.28073563
 0.31419055 0.28806498 0.30887855 0.28995371 0.29135538 0.30523733
 0.30607277 0.30912812 0.29036992 0.32762607 0.32506333 0.34744999
 0.3660456  0.30972159 0.33593868 0.32581553 0.34975561 0.29885629
 0.31942947 0.29712294 0.26862384 0.27275273 0.27605021 0.27264978
 0.30445247 0.45736398 0.32833712 0.28967772 0.29463101 0.29357033
 0.28232068 0.32848885 0.32801708 0.30592245 0.33638965 0.36552125
 0.32642756 0.37646374 0.3617927  0.32228763 0.34910056 0.31283798
 0.30126153 0.31607114 0.28962359 0.30586946 0.2919808  0.27126501
 0.26069732 0.31596043 0.33566226 0.35960194 0.32583344 0.3403024
 0.34151698 0.36060106 0.30659273 0.31685917 0.3082825  0.33119994
 0.3211873  0.30404404]
SR: [0.08360903 0.11679646 0.20655894 0.07362564 0.07946096 0.11902721
 0.19664289 0.12673852 0.07916028 0.09742907 0.06459034 0.91917282
 0.15852852 0.22032312 0.08496973 0.08332783 0.08051011 0.98979954
 0.10302386 0.17476816 0.10052387 0.0712844  0.06796745 0.10381542
 0.71013103 1.35551541 0.11148186 0.06973375 0.12760057 0.06942352
 0.06011511 0.07002418 0.07515391 0.81495073 0.39559594 0.1525027
 0.06941153 0.05590011 0.10383248 0.06352336 0.0634675  0.09024158
 0.08737147 0.06580082 0.0607773  1.04300622 0.08916457 0.06230248
 0.07838051 0.05801809 0.0663354  0.05882212 0.09608247 0.06479289
 0.0866987  0.08392007 0.26079472 0.09739525 0.06238481 0.09546485
 0.09788451 0.0731422  0.07760915 0.06251914 0.08027849 0.09447394
 0.08569931 0.08950631 0.07541864 0.11203555 0.12350879 0.13952394
 0.16722757 0.11560877 0.13518601 0.09864585 0.12045509 0.28471568
 0.1222636  0.08938854 0.05547679 0.07473488 0.08810546 0.06798138
 0.07360629 0.44603032 0.1243638  0.08565717 0.07386379 0.06103334
 0.09000069 0.15615152 0.24386291 0.10348296 0.09448798 0.12481363
 0.10524355 0.23963926 0.15469971 0.10587705 0.16634952 0.09023793
 0.07378969 0.22273236 0.06661048 0.07726377 0.07601001 0.07969191
 0.08513183 0.11031673 0.13023144 0.1744063  0.08492118 0.10097717
 0.1147903  0.16280341 0.09415465 0.11550455 0.09042713 0.090872
 0.20574038 0.08486182]

All values for metric: trabecular_thickness_std
HR: [0.05950306 0.02125471 0.08792543 0.03878623 0.02426223 0.11824167
 0.15119285 0.07777458 0.09922965 0.07459033 0.0502847  0.37661414
 0.15099144 0.08778863 0.07931325 0.0714975  0.1157973  0.2980118
 0.10670157 0.10351248 0.07736999 0.04788829 0.05853363 0.08223249
 0.31681517 0.39305219 0.08257    0.05498833 0.08446355 0.04610169
 0.04042726 0.0387213  0.05418422 0.25171455 0.20413089 0.062877
 0.04362622 0.0433216  0.06297315 0.04501105 0.0417595  0.06255337
 0.05686851 0.04660608 0.04568238 0.81501171 0.05012811 0.04509774
 0.04853112 0.03844427 0.04714617 0.04259292 0.07080413 0.04409661
 0.04586045 0.05165274 0.09724647 0.07111447 0.03389202 0.05357728
 0.05382455 0.04783633 0.05514222 0.04399336 0.06933041 0.0675985
 0.04684753 0.05656449 0.03734954 0.06027656 0.07404358 0.07466186
 0.07528341 0.06233199 0.06890325 0.06791477 0.06949081 0.10693561
 0.06471687 0.06357218 0.03698314 0.03928623 0.04108147 0.0403105
 0.04974482 0.24190976 0.05298623 0.05593066 0.04631882 0.04626309
 0.05815982 0.07787238 0.10678287 0.05979462 0.06548386 0.07445496
 0.06780102 0.07908908 0.07868366 0.05954978 0.07570109 0.05600615
 0.05978796 0.08497057 0.0538819  0.05838837 0.05511333 0.03752621
 0.04254381 0.05827799 0.07108696 0.07423702 0.05926514 0.06728578
 0.06875686 0.08016387 0.05753955 0.05698375 0.05717361 0.06229592
 0.08686663 0.05489378]
LR: [0.14265424 0.104858   0.12055012 0.11837499 0.09047394 0.15232829
 0.26612897 0.11125407 0.11151104 0.12205984 0.10170204 0.61454562
 0.17963814 0.1212475  0.10521552 0.11007777 0.12130307 0.42737246
 0.12298175 0.13170782 0.10271082 0.07950145 0.08897236 0.10925028
 0.39785585 0.66416095 0.12098261 0.08313993 0.11181147 0.075669
 0.07626111 0.0774514  0.08112984 0.29983399 0.27266545 0.09238463
 0.08138895 0.07530232 0.09084767 0.07769236 0.071108   0.09075594
 0.08226775 0.07654742 0.09037305 0.88775745 0.0881179  0.07894447
 0.07983552 0.07297984 0.0756432  0.07339232 0.11512652 0.08000893
 0.08883097 0.09802828 0.14238238 0.12107853 0.09533633 0.08744542
 0.10926886 0.08394208 0.09334593 0.08704874 0.10808743 0.10256609
 0.10141539 0.10159941 0.07983105 0.0885805  0.12183508 0.10747736
 0.1002436  0.09971779 0.09560695 0.10262942 0.10759836 0.1352928
 0.10292473 0.09334242 0.07499889 0.07576216 0.07992264 0.0759141
 0.09448599 0.40182939 0.09702339 0.094015   0.09797075 0.1000509
 0.13234724 0.12916113 0.16641238 0.10681431 0.09403671 0.11854268
 0.10113549 0.12140645 0.10906745 0.08893321 0.11345805 0.1007499
 0.08999265 0.11937715 0.08420844 0.0879905  0.08704665 0.08417545
 0.116351   0.10561287 0.11366196 0.11288073 0.08891469 0.10594242
 0.10362561 0.12628176 0.0928688  0.10904903 0.0969036  0.08219959
 0.116862   0.08354254]
SR: [0.04420388 0.05356694 0.14719528 0.03838728 0.04637933 0.09706155
 0.24227442 0.10762625 0.04662021 0.06619199 0.03302991 0.59927049
 0.20150205 0.19825793 0.05255527 0.05115104 0.07719768 0.45803365
 0.10038588 0.18221975 0.08930086 0.03835785 0.03729578 0.05812135
 0.34963141 0.67592206 0.07446984 0.04113822 0.09347904 0.039636
 0.02943693 0.0361682  0.03994941 0.43911638 0.29954692 0.12611583
 0.03787456 0.02785276 0.07871665 0.03408683 0.03709164 0.05335976
 0.04677554 0.03119362 0.03173735 0.8662883  0.04834956 0.03035416
 0.04452655 0.0271624  0.03547825 0.03092704 0.06407995 0.03143332
 0.05706702 0.04988975 0.2345853  0.05302087 0.03458876 0.05185618
 0.09182899 0.03901538 0.04439669 0.02994085 0.04315835 0.06302187
 0.04505907 0.06175399 0.04049782 0.0856795  0.0873726  0.10617978
 0.12202898 0.09188571 0.0881887  0.06728259 0.07962789 0.18587983
 0.08935204 0.07884529 0.02688133 0.03938655 0.04950257 0.04086208
 0.03867083 0.56790999 0.0874466  0.05243201 0.04046034 0.03032514
 0.0519588  0.1523085  0.21924661 0.08503917 0.05530694 0.09861412
 0.07564768 0.21673341 0.12198463 0.07621044 0.13133811 0.0517546
 0.03819478 0.2485791  0.03639834 0.04154915 0.03979287 0.04000473
 0.04369553 0.07255657 0.09220103 0.15217398 0.04777836 0.06042032
 0.08202842 0.14547427 0.05904118 0.07870924 0.05958188 0.05211395
 0.24339421 0.0474211 ]

All values for metric: trabecular_spacing_mean
HR: [       nan        nan        nan        nan        nan        nan
 2.5212573         nan        nan        nan        nan 2.19020096
        nan 1.77351409        nan        nan        nan 2.08806193
        nan 1.47965067 1.32454878        nan        nan        nan
 1.73433192 1.6374004  1.46115313        nan 1.29480235        nan
        nan        nan        nan 3.22783973 1.62076985        nan
        nan        nan 1.42407954        nan        nan        nan
        nan        nan        nan 1.63513303        nan        nan
        nan        nan        nan        nan 1.18925316        nan
        nan 1.3582347  0.8511485  1.63020353        nan        nan
 1.08869008 1.25577531 1.13506668        nan        nan 1.04962944
 1.5053929  1.68652456 1.17404932 1.010662   1.07721217 0.7543721
 0.71876905 1.10143578 0.95138861 0.84993136 0.86042256        nan
 1.17926884 1.38046338        nan        nan        nan        nan
 1.22224173 1.41476612 2.29788296        nan        nan        nan
        nan 1.13502306 1.30604742 1.30990201 0.68711821 0.73310824
 0.79950252 0.71770651 0.71582458 0.75090422 0.89872742 1.06820203
 0.96005434 0.91514022 1.22978332 0.99703751 1.32286766        nan
        nan 1.87604488 0.69976821 0.64079112 0.74871796 0.68553592
 0.70159635 0.69761702 0.82380967 0.9446824  0.94853397 0.62078741
 0.81831526 0.79319788]
LR: [0.60004711 0.247384   4.07306453 0.33826446 0.28054506 1.98212336
 1.55399755 2.09741584 1.15781178 1.18306294 1.29554986 2.67605127
 1.51159401 1.3854098  1.11649651 1.15495749 1.08441347 2.8834805
 1.16785865 1.22001658 1.09431062 0.93672755 1.01405885 1.12184724
 2.12858296 1.85645833 1.15916822 0.87088908 1.07014342 1.08888037
 0.82171699 0.84994285 0.82415292 5.37285314 1.56220015 1.07182475
 1.01331613 0.80091249 1.00057786 1.1208538  0.80505864 0.95913978
 0.8327572  0.84123919 1.09889458 2.03761717 1.08544746 0.78874234
 0.95011825 0.95393738 0.84624552 0.90744219 0.86085728 0.8679764
 0.90360182 0.8340632  0.872145   1.06805643 1.04596082 1.02997707
 0.82855771 0.92195298 0.86368375 0.94351176 0.89286991 0.83268033
 0.98326191 1.05434926 0.75876784 0.96826399 0.93564613 0.758908
 0.73777736 0.90786792 0.91507504 0.79094326 0.84848954 0.94938451
 1.0187906  0.99125371 0.83789195 1.02384881 1.08514725 0.99789418
 0.90244518 1.1379597  1.48657543 0.88856992 0.86445802 1.1927266
 1.03170161 0.92561941 1.0112763  0.85620045 0.69169802 0.77283866
 0.77471832 0.75958036 0.7387253  0.69209749 0.89591436 0.89751153
 0.80754019 0.80361736 0.85046907 0.83455473 0.95000193 0.9592119
 0.53393986 1.36503068 0.69333603 0.66444694 0.73010076 0.69049248
 0.69593947 0.71942978 0.7059529  0.76415379 0.76467555 0.60753405
 0.76084351 0.70636072]
SR: [       nan 1.79281114 1.60013022        nan        nan        nan
 4.08963319        nan 2.66140625        nan        nan 4.95887119
 1.14416792        nan        nan        nan        nan 4.68714032
        nan 1.73591477        nan 1.86934984        nan        nan
 2.96198967 5.16771161        nan        nan        nan        nan
        nan        nan        nan 1.60611455 3.54899779        nan
        nan        nan        nan        nan        nan 1.97179607
        nan        nan        nan 4.79659383        nan        nan
        nan        nan        nan        nan        nan        nan
        nan        nan 1.9772932         nan        nan        nan
        nan        nan        nan        nan        nan        nan
        nan        nan        nan 2.79369039 5.13949272 1.39731614
 0.87477202        nan 1.29803669 2.96135566 2.27761832        nan
 1.42641826        nan        nan        nan        nan        nan
        nan 2.5054378  2.07011997        nan        nan        nan
 1.52948513        nan        nan 1.97592481 1.62024155 1.57070063
 2.04831853 1.31544248 1.06406977 2.30358067 1.84192827        nan
        nan        nan        nan        nan        nan        nan
        nan 2.26551622 2.54601275 1.06735488        nan 1.64548825
 1.29744562 2.24896198        nan        nan        nan 1.37469216
        nan        nan]

All values for metric: trabecular_spacing_std
HR: [       nan        nan        nan        nan        nan        nan
 2.23135667        nan        nan        nan        nan 1.38543625
        nan 0.65367448        nan        nan        nan 1.13417791
        nan 0.41210035 0.29001844        nan        nan        nan
 0.82565996 0.75196639 0.49631149        nan 0.28568676        nan
        nan        nan        nan 1.62360849 0.81231466        nan
        nan        nan 0.46785257        nan        nan        nan
        nan        nan        nan 0.55790675        nan        nan
        nan        nan        nan        nan 0.43034152        nan
        nan 0.6082265  0.26741393 0.6737107         nan        nan
 0.45590459 0.42526589 0.46366215        nan        nan 0.34927503
 0.637119   0.73829582 0.51624433 0.67475892 0.42223177 0.2261419
 0.22649761 0.35438119 0.31677369 0.22156542 0.29124969        nan
 0.36195947 0.47250315        nan        nan        nan        nan
 0.48561551 1.01598829 1.69356994        nan        nan        nan
        nan 0.67018085 0.7714951  0.54010228 0.20047857 0.25488366
 0.19964039 0.23091185 0.23212225 0.20673432 0.30082215 0.32699823
 0.22859317 0.22065846 0.33850264 0.32056252 0.41869741        nan
        nan 1.21485626 0.18948679 0.20935526 0.23836271 0.20214657
 0.19286046 0.21562537 0.2435477  0.30904346 0.39568632 0.15780929
 0.22404118 0.19743416]
LR: [0.21958879 0.06078896 1.88494266 0.09302668 0.07295905 1.09903116
 1.13229427 0.95257331 0.32088261 0.31667824 0.59438465 1.49074291
 0.60956065 0.54893974 0.25611528 0.3242424  0.34102422 1.61400591
 0.3272258  0.30248783 0.25748383 0.24669817 0.25945347 0.36883252
 0.96877277 0.85663021 0.42623479 0.22507607 0.25715365 0.25956487
 0.19272038 0.19365374 0.20327386 3.02673103 0.82073999 0.27122695
 0.29500435 0.21296533 0.26475453 0.24059414 0.19749072 0.28561062
 0.19091293 0.23729801 0.33989555 0.84022935 0.26266548 0.19219121
 0.25352384 0.22603087 0.24817122 0.22947039 0.26244216 0.22918029
 0.27393027 0.30210961 0.27588287 0.30132872 0.36091533 0.24795285
 0.34438058 0.2818173  0.32254915 0.25572294 0.24162736 0.28262452
 0.35002607 0.38874429 0.25639964 0.67061469 0.31179755 0.2350545
 0.2428001  0.26390008 0.30979889 0.22030716 0.31311998 0.26686994
 0.31667099 0.31896627 0.23617839 0.25547969 0.34883392 0.32319396
 0.31264307 0.66489093 0.95844476 0.23470361 0.31536896 0.4939267
 0.33048771 0.47758174 0.51745653 0.25125986 0.2187185  0.27981764
 0.20364605 0.24768176 0.24247469 0.19505459 0.30214774 0.28123901
 0.18518124 0.20600758 0.23187312 0.25707611 0.28051921 0.36989559
 0.20247487 0.84699824 0.19910463 0.22237128 0.24457045 0.21251874
 0.20467227 0.22778658 0.20035468 0.21095198 0.26889362 0.16335499
 0.22483537 0.18015458]
SR: [       nan 1.26646788 1.22110366        nan        nan        nan
 2.79481465        nan 1.71605622        nan        nan 2.31552356
 0.62058173        nan        nan        nan        nan 2.90506264
        nan 0.79624058        nan 0.86094692        nan        nan
 1.36973379 2.19911209        nan        nan        nan        nan
        nan        nan        nan 0.79407841 1.58947863        nan
        nan        nan        nan        nan        nan 1.18598817
        nan        nan        nan 2.24511715        nan        nan
        nan        nan        nan        nan        nan        nan
        nan        nan 1.8516904         nan        nan        nan
        nan        nan        nan        nan        nan        nan
        nan        nan        nan 2.05914889 3.26755089 0.9677932
 0.49832902        nan 0.68082847 2.0289497  1.53311268        nan
 0.69923278        nan        nan        nan        nan        nan
        nan 1.99315163 1.17500481        nan        nan        nan
 0.97286521        nan        nan 1.26550486 0.7942589  1.13480794
 0.84966097 0.75771251 0.56355748 1.24062378 1.13754906        nan
        nan        nan        nan        nan        nan        nan
        nan 1.60962192 1.42083006 0.62619003        nan 0.98788142
 0.54147694 1.67100145        nan        nan        nan 0.62042623
        nan        nan]

All values for metric: trabecular_number
HR: [0.0930676  0.0060981  0.12180719 0.03072127 0.00994439 0.13650186
 0.321304   0.10085288 0.05745045 0.22722704 0.16053365 0.26276768
 0.15373627 0.26100334 0.14629081 0.25424288 0.09309732 0.30293631
 0.262491   0.30723783 0.35583366 0.17292296 0.24068287 0.28779455
 0.27248041 0.16677456 0.40100268 0.2006999  0.39503718 0.31701903
 0.19075613 0.18196092 0.34380393 0.25164655 0.28326713 0.25417749
 0.27354326 0.28492164 0.34067696 0.20766264 0.2332712  0.18705751
 0.32128997 0.35444343 0.15137691 0.08194931 0.24147385 0.35619112
 0.32263131 0.26233576 0.31332306 0.2561339  0.42783263 0.2590822
 0.30220632 0.43867214 0.81578397 0.29593362 0.1358801  0.29359656
 0.60061249 0.46249185 0.56656004 0.34023339 0.32706279 0.53140868
 0.39956472 0.35625737 0.54504365 0.92124985 0.61113032 1.02626262
 1.09845306 0.56182637 0.80854149 0.80134856 0.85661505 0.21186801
 0.55310994 0.40854053 0.15386855 0.20948991 0.18536888 0.20105588
 0.53155128 0.4624049  0.52305895 0.33328683 0.23060886 0.14535129
 0.04516934 0.67218435 0.52106801 0.46152719 1.156137   1.06800354
 0.89441867 1.06698478 1.09413942 0.94161783 0.850224   0.5731381
 0.61067482 0.61123785 0.38291902 0.65811244 0.37982574 0.06538436
 0.01950463 0.44509929 0.99659192 1.19390404 1.03615267 1.12264174
 1.09328394 1.06889882 0.78788794 0.68472477 0.73216179 1.23180825
 0.82256943 0.85827738]
LR: [0.74984426 1.83060316 0.15426435 1.30090831 1.62044452 0.26496102
 0.4201575  0.25120915 0.39004874 0.40762109 0.43585432 0.17989094
 0.36646925 0.41602519 0.43014411 0.45938513 0.45910958 0.20904987
 0.58420609 0.45514503 0.51887307 0.58600761 0.54617423 0.56287359
 0.21236541 0.12862927 0.63971968 0.65234872 0.58506052 0.53353455
 0.65709001 0.62446844 0.65821404 0.19707952 0.31016582 0.49334099
 0.66647851 0.75499819 0.63136186 0.48981759 0.71052403 0.56992939
 0.67228031 0.73288936 0.46802092 0.08648019 0.48268779 0.75892092
 0.65490736 0.61262271 0.70949364 0.62266493 0.67978161 0.63739888
 0.6443121  0.79282288 0.7304803  0.46099378 0.51764519 0.52618681
 0.78853892 0.71019468 0.76089444 0.62189944 0.64733234 0.76172801
 0.64937589 0.61370038 0.90128273 0.90311354 0.66808301 0.91835227
 0.95651372 0.71368901 0.78850153 0.82887944 0.81141011 0.52168612
 0.63956656 0.61573405 0.65626479 0.56097889 0.52509201 0.58418633
 0.76137312 0.52679968 0.64511602 0.68260201 0.67777145 0.49802825
 0.46226951 0.78834999 0.6830035  0.72208856 1.03218221 0.90721752
 0.86423473 0.88876948 0.95165679 0.97391033 0.7872214  0.710705
 0.7697064  0.74622967 0.69308897 0.78927391 0.62120371 0.57517025
 0.89597105 0.60024621 0.92633955 1.0154087  0.98040145 1.00082533
 0.98686998 0.93111305 0.91278183 0.8283995  0.88062963 1.1169844
 0.8822174  0.94586809]
SR: [0.38389798 1.44196738 1.34211128 0.44417038 0.46068596 0.09766417
 0.2364     0.07170183 0.63407494 0.06526474 0.41560066 0.13604637
 0.58975499 0.12067822 0.24894225 0.22107439 0.344134   0.18213057
 0.28832711 0.40568179 0.10002783 0.58653021 0.22218538 0.10869629
 0.17530453 0.04252373 0.2280524  0.08313346 0.1631782  0.05056694
 0.2208714  0.55858528 0.08779311 0.2686859  0.18192652 0.06558545
 0.04044027 0.01029378 0.09577158 0.14191666 0.09666532 0.67242295
 0.04494116 0.0424166  0.19491331 0.04848538 0.06096997 0.02209015
 0.08082164 0.04150169 0.08478841 0.08300878 0.11485634 0.02346914
 0.05934017 0.08712697 0.45997205 0.20040683 0.06161411 0.04668981
 0.14569339 0.12044518 0.22584656 0.08650228 0.08012328 0.06803176
 0.13127524 0.13154317 0.05412803 0.47411355 0.33197473 0.84358397
 1.11031204 0.23409702 0.82828301 0.43827903 0.67620874 0.04761933
 0.75438557 0.16662701 0.0022208  0.02161993 0.01931585 0.01054239
 0.18288558 0.24024024 0.77747323 0.03760937 0.04510063 0.09641693
 0.98927657 0.23241845 0.12959126 0.5982078  0.6521609  0.87435625
 0.45677514 0.64783914 0.90346322 0.50126889 0.61193524 0.28768554
 0.13577541 0.08663201 0.03404447 0.31000309 0.07175375 0.39074248
 0.35821252 0.82174719 0.45547459 0.8910617  0.359638   0.78230187
 0.76052812 0.58390349 0.23925383 0.22925726 0.1502852  0.71438338
 0.16731161 0.27819798]

All values for metric: position
HR: [[[2048 2304]
  [2560 2816]
  [2048 2304]]

 [[2048 2304]
  [2816 3072]
  [2048 2304]]

 [[2048 2304]
  [2816 3072]
  [2304 2560]]

 [[2304 2560]
  [2560 2816]
  [2048 2304]]

 [[2304 2560]
  [2816 3072]
  [2048 2304]]

 [[2304 2560]
  [2816 3072]
  [2304 2560]]

 [[2560 2816]
  [2304 2560]
  [1792 2048]]

 [[2560 2816]
  [2560 2816]
  [2048 2304]]

 [[2560 2816]
  [2816 3072]
  [2048 2304]]

 [[2560 2816]
  [2816 3072]
  [2304 2560]]

 [[2816 3072]
  [2304 2560]
  [1792 2048]]

 [[2816 3072]
  [2304 2560]
  [2048 2304]]

 [[2816 3072]
  [2560 2816]
  [1792 2048]]

 [[2816 3072]
  [2560 2816]
  [2048 2304]]

 [[2816 3072]
  [2816 3072]
  [2048 2304]]

 [[2816 3072]
  [2816 3072]
  [2304 2560]]

 [[3072 3328]
  [2304 2560]
  [1792 2048]]

 [[3072 3328]
  [2304 2560]
  [2048 2304]]

 [[3072 3328]
  [2560 2816]
  [1792 2048]]

 [[3072 3328]
  [2560 2816]
  [2048 2304]]

 [[3072 3328]
  [2560 2816]
  [2304 2560]]

 [[3072 3328]
  [2816 3072]
  [2048 2304]]

 [[3072 3328]
  [2816 3072]
  [2304 2560]]

 [[3328 3584]
  [2304 2560]
  [1792 2048]]

 [[3328 3584]
  [2304 2560]
  [2048 2304]]

 [[3328 3584]
  [2304 2560]
  [2304 2560]]

 [[3328 3584]
  [2560 2816]
  [1792 2048]]

 [[3328 3584]
  [2816 3072]
  [1792 2048]]

 [[3328 3584]
  [2560 2816]
  [2048 2304]]

 [[3328 3584]
  [2560 2816]
  [2304 2560]]

 [[3328 3584]
  [2816 3072]
  [2048 2304]]

 [[3328 3584]
  [2816 3072]
  [2304 2560]]

 [[3328 3584]
  [3072 3328]
  [2048 2304]]

 [[3584 3840]
  [2048 2304]
  [2048 2304]]

 [[3584 3840]
  [2304 2560]
  [2048 2304]]

 [[3584 3840]
  [2304 2560]
  [2304 2560]]

 [[3584 3840]
  [2560 2816]
  [1792 2048]]

 [[3584 3840]
  [2816 3072]
  [1792 2048]]

 [[3584 3840]
  [2560 2816]
  [2048 2304]]

 [[3584 3840]
  [2560 2816]
  [2304 2560]]

 [[3584 3840]
  [2816 3072]
  [2048 2304]]

 [[3584 3840]
  [2816 3072]
  [2304 2560]]

 [[3584 3840]
  [3072 3328]
  [2048 2304]]

 [[3584 3840]
  [3072 3328]
  [2304 2560]]

 [[3840 4096]
  [2048 2304]
  [2304 2560]]

 [[3840 4096]
  [2304 2560]
  [2048 2304]]

 [[3840 4096]
  [2304 2560]
  [2304 2560]]

 [[3840 4096]
  [2816 3072]
  [1792 2048]]

 [[3840 4096]
  [2560 2816]
  [2048 2304]]

 [[3840 4096]
  [2560 2816]
  [2304 2560]]

 [[3840 4096]
  [2816 3072]
  [2048 2304]]

 [[3840 4096]
  [2816 3072]
  [2304 2560]]

 [[3840 4096]
  [3072 3328]
  [1792 2048]]

 [[3840 4096]
  [3072 3328]
  [2048 2304]]

 [[3840 4096]
  [3072 3328]
  [2304 2560]]

 [[3840 4096]
  [3328 3584]
  [2304 2560]]

 [[4096 4352]
  [1536 1792]
  [2304 2560]]

 [[4096 4352]
  [1792 2048]
  [2304 2560]]

 [[4096 4352]
  [2048 2304]
  [2304 2560]]

 [[4096 4352]
  [2304 2560]
  [2304 2560]]

 [[4096 4352]
  [2816 3072]
  [1792 2048]]

 [[4096 4352]
  [2560 2816]
  [2304 2560]]

 [[4096 4352]
  [2816 3072]
  [2048 2304]]

 [[4096 4352]
  [2816 3072]
  [2304 2560]]

 [[4096 4352]
  [2560 2816]
  [2560 2816]]

 [[4096 4352]
  [3072 3328]
  [1792 2048]]

 [[4096 4352]
  [3072 3328]
  [2048 2304]]

 [[4096 4352]
  [3072 3328]
  [2304 2560]]

 [[4352 4608]
  [ 768 1024]
  [2304 2560]]

 [[4352 4608]
  [1024 1280]
  [2048 2304]]

 [[4352 4608]
  [1024 1280]
  [2304 2560]]

 [[4352 4608]
  [1280 1536]
  [2048 2304]]

 [[4352 4608]
  [1280 1536]
  [2304 2560]]

 [[4352 4608]
  [1024 1280]
  [2560 2816]]

 [[4352 4608]
  [1280 1536]
  [2560 2816]]

 [[4352 4608]
  [1536 1792]
  [2048 2304]]

 [[4352 4608]
  [1536 1792]
  [2304 2560]]

 [[4352 4608]
  [1792 2048]
  [2304 2560]]

 [[4352 4608]
  [1536 1792]
  [2560 2816]]

 [[4352 4608]
  [1792 2048]
  [2560 2816]]

 [[4352 4608]
  [2048 2304]
  [2304 2560]]

 [[4352 4608]
  [2304 2560]
  [2304 2560]]

 [[4352 4608]
  [2048 2304]
  [2560 2816]]

 [[4352 4608]
  [2304 2560]
  [2560 2816]]

 [[4352 4608]
  [2560 2816]
  [2304 2560]]

 [[4352 4608]
  [2816 3072]
  [2048 2304]]

 [[4352 4608]
  [2816 3072]
  [2304 2560]]

 [[4352 4608]
  [2560 2816]
  [2560 2816]]

 [[4352 4608]
  [3072 3328]
  [1792 2048]]

 [[4352 4608]
  [3072 3328]
  [2048 2304]]

 [[4352 4608]
  [3072 3328]
  [2304 2560]]

 [[4608 4864]
  [ 768 1024]
  [2048 2304]]

 [[4608 4864]
  [ 768 1024]
  [2304 2560]]

 [[4608 4864]
  [ 768 1024]
  [2560 2816]]

 [[4608 4864]
  [1024 1280]
  [2048 2304]]

 [[4608 4864]
  [1024 1280]
  [2304 2560]]

 [[4608 4864]
  [1280 1536]
  [2048 2304]]

 [[4608 4864]
  [1280 1536]
  [2304 2560]]

 [[4608 4864]
  [1024 1280]
  [2560 2816]]

 [[4608 4864]
  [1024 1280]
  [2816 3072]]

 [[4608 4864]
  [1280 1536]
  [2560 2816]]

 [[4608 4864]
  [1280 1536]
  [2816 3072]]

 [[4608 4864]
  [1536 1792]
  [2048 2304]]

 [[4608 4864]
  [1536 1792]
  [2304 2560]]

 [[4608 4864]
  [1792 2048]
  [2304 2560]]

 [[4608 4864]
  [1536 1792]
  [2560 2816]]

 [[4608 4864]
  [1792 2048]
  [2560 2816]]

 [[4608 4864]
  [3072 3328]
  [2048 2304]]

 [[4608 4864]
  [3072 3328]
  [2304 2560]]

 [[4864 5120]
  [ 768 1024]
  [2304 2560]]

 [[4864 5120]
  [1024 1280]
  [2048 2304]]

 [[4864 5120]
  [1024 1280]
  [2304 2560]]

 [[4864 5120]
  [1280 1536]
  [2048 2304]]

 [[4864 5120]
  [1280 1536]
  [2304 2560]]

 [[4864 5120]
  [1024 1280]
  [2560 2816]]

 [[4864 5120]
  [1280 1536]
  [2560 2816]]

 [[4864 5120]
  [1280 1536]
  [2816 3072]]

 [[4864 5120]
  [1536 1792]
  [2304 2560]]

 [[4864 5120]
  [1536 1792]
  [2560 2816]]

 [[5120 5376]
  [1024 1280]
  [2304 2560]]

 [[5120 5376]
  [1280 1536]
  [2304 2560]]

 [[5120 5376]
  [1280 1536]
  [2560 2816]]]
LR: [[[2048 2304]
  [2560 2816]
  [2048 2304]]

 [[2048 2304]
  [2816 3072]
  [2048 2304]]

 [[2048 2304]
  [2816 3072]
  [2304 2560]]

 [[2304 2560]
  [2560 2816]
  [2048 2304]]

 [[2304 2560]
  [2816 3072]
  [2048 2304]]

 [[2304 2560]
  [2816 3072]
  [2304 2560]]

 [[2560 2816]
  [2304 2560]
  [1792 2048]]

 [[2560 2816]
  [2560 2816]
  [2048 2304]]

 [[2560 2816]
  [2816 3072]
  [2048 2304]]

 [[2560 2816]
  [2816 3072]
  [2304 2560]]

 [[2816 3072]
  [2304 2560]
  [1792 2048]]

 [[2816 3072]
  [2304 2560]
  [2048 2304]]

 [[2816 3072]
  [2560 2816]
  [1792 2048]]

 [[2816 3072]
  [2560 2816]
  [2048 2304]]

 [[2816 3072]
  [2816 3072]
  [2048 2304]]

 [[2816 3072]
  [2816 3072]
  [2304 2560]]

 [[3072 3328]
  [2304 2560]
  [1792 2048]]

 [[3072 3328]
  [2304 2560]
  [2048 2304]]

 [[3072 3328]
  [2560 2816]
  [1792 2048]]

 [[3072 3328]
  [2560 2816]
  [2048 2304]]

 [[3072 3328]
  [2560 2816]
  [2304 2560]]

 [[3072 3328]
  [2816 3072]
  [2048 2304]]

 [[3072 3328]
  [2816 3072]
  [2304 2560]]

 [[3328 3584]
  [2304 2560]
  [1792 2048]]

 [[3328 3584]
  [2304 2560]
  [2048 2304]]

 [[3328 3584]
  [2304 2560]
  [2304 2560]]

 [[3328 3584]
  [2560 2816]
  [1792 2048]]

 [[3328 3584]
  [2816 3072]
  [1792 2048]]

 [[3328 3584]
  [2560 2816]
  [2048 2304]]

 [[3328 3584]
  [2560 2816]
  [2304 2560]]

 [[3328 3584]
  [2816 3072]
  [2048 2304]]

 [[3328 3584]
  [2816 3072]
  [2304 2560]]

 [[3328 3584]
  [3072 3328]
  [2048 2304]]

 [[3584 3840]
  [2048 2304]
  [2048 2304]]

 [[3584 3840]
  [2304 2560]
  [2048 2304]]

 [[3584 3840]
  [2304 2560]
  [2304 2560]]

 [[3584 3840]
  [2560 2816]
  [1792 2048]]

 [[3584 3840]
  [2816 3072]
  [1792 2048]]

 [[3584 3840]
  [2560 2816]
  [2048 2304]]

 [[3584 3840]
  [2560 2816]
  [2304 2560]]

 [[3584 3840]
  [2816 3072]
  [2048 2304]]

 [[3584 3840]
  [2816 3072]
  [2304 2560]]

 [[3584 3840]
  [3072 3328]
  [2048 2304]]

 [[3584 3840]
  [3072 3328]
  [2304 2560]]

 [[3840 4096]
  [2048 2304]
  [2304 2560]]

 [[3840 4096]
  [2304 2560]
  [2048 2304]]

 [[3840 4096]
  [2304 2560]
  [2304 2560]]

 [[3840 4096]
  [2816 3072]
  [1792 2048]]

 [[3840 4096]
  [2560 2816]
  [2048 2304]]

 [[3840 4096]
  [2560 2816]
  [2304 2560]]

 [[3840 4096]
  [2816 3072]
  [2048 2304]]

 [[3840 4096]
  [2816 3072]
  [2304 2560]]

 [[3840 4096]
  [3072 3328]
  [1792 2048]]

 [[3840 4096]
  [3072 3328]
  [2048 2304]]

 [[3840 4096]
  [3072 3328]
  [2304 2560]]

 [[3840 4096]
  [3328 3584]
  [2304 2560]]

 [[4096 4352]
  [1536 1792]
  [2304 2560]]

 [[4096 4352]
  [1792 2048]
  [2304 2560]]

 [[4096 4352]
  [2048 2304]
  [2304 2560]]

 [[4096 4352]
  [2304 2560]
  [2304 2560]]

 [[4096 4352]
  [2816 3072]
  [1792 2048]]

 [[4096 4352]
  [2560 2816]
  [2304 2560]]

 [[4096 4352]
  [2816 3072]
  [2048 2304]]

 [[4096 4352]
  [2816 3072]
  [2304 2560]]

 [[4096 4352]
  [2560 2816]
  [2560 2816]]

 [[4096 4352]
  [3072 3328]
  [1792 2048]]

 [[4096 4352]
  [3072 3328]
  [2048 2304]]

 [[4096 4352]
  [3072 3328]
  [2304 2560]]

 [[4352 4608]
  [ 768 1024]
  [2304 2560]]

 [[4352 4608]
  [1024 1280]
  [2048 2304]]

 [[4352 4608]
  [1024 1280]
  [2304 2560]]

 [[4352 4608]
  [1280 1536]
  [2048 2304]]

 [[4352 4608]
  [1280 1536]
  [2304 2560]]

 [[4352 4608]
  [1024 1280]
  [2560 2816]]

 [[4352 4608]
  [1280 1536]
  [2560 2816]]

 [[4352 4608]
  [1536 1792]
  [2048 2304]]

 [[4352 4608]
  [1536 1792]
  [2304 2560]]

 [[4352 4608]
  [1792 2048]
  [2304 2560]]

 [[4352 4608]
  [1536 1792]
  [2560 2816]]

 [[4352 4608]
  [1792 2048]
  [2560 2816]]

 [[4352 4608]
  [2048 2304]
  [2304 2560]]

 [[4352 4608]
  [2304 2560]
  [2304 2560]]

 [[4352 4608]
  [2048 2304]
  [2560 2816]]

 [[4352 4608]
  [2304 2560]
  [2560 2816]]

 [[4352 4608]
  [2560 2816]
  [2304 2560]]

 [[4352 4608]
  [2816 3072]
  [2048 2304]]

 [[4352 4608]
  [2816 3072]
  [2304 2560]]

 [[4352 4608]
  [2560 2816]
  [2560 2816]]

 [[4352 4608]
  [3072 3328]
  [1792 2048]]

 [[4352 4608]
  [3072 3328]
  [2048 2304]]

 [[4352 4608]
  [3072 3328]
  [2304 2560]]

 [[4608 4864]
  [ 768 1024]
  [2048 2304]]

 [[4608 4864]
  [ 768 1024]
  [2304 2560]]

 [[4608 4864]
  [ 768 1024]
  [2560 2816]]

 [[4608 4864]
  [1024 1280]
  [2048 2304]]

 [[4608 4864]
  [1024 1280]
  [2304 2560]]

 [[4608 4864]
  [1280 1536]
  [2048 2304]]

 [[4608 4864]
  [1280 1536]
  [2304 2560]]

 [[4608 4864]
  [1024 1280]
  [2560 2816]]

 [[4608 4864]
  [1024 1280]
  [2816 3072]]

 [[4608 4864]
  [1280 1536]
  [2560 2816]]

 [[4608 4864]
  [1280 1536]
  [2816 3072]]

 [[4608 4864]
  [1536 1792]
  [2048 2304]]

 [[4608 4864]
  [1536 1792]
  [2304 2560]]

 [[4608 4864]
  [1792 2048]
  [2304 2560]]

 [[4608 4864]
  [1536 1792]
  [2560 2816]]

 [[4608 4864]
  [1792 2048]
  [2560 2816]]

 [[4608 4864]
  [3072 3328]
  [2048 2304]]

 [[4608 4864]
  [3072 3328]
  [2304 2560]]

 [[4864 5120]
  [ 768 1024]
  [2304 2560]]

 [[4864 5120]
  [1024 1280]
  [2048 2304]]

 [[4864 5120]
  [1024 1280]
  [2304 2560]]

 [[4864 5120]
  [1280 1536]
  [2048 2304]]

 [[4864 5120]
  [1280 1536]
  [2304 2560]]

 [[4864 5120]
  [1024 1280]
  [2560 2816]]

 [[4864 5120]
  [1280 1536]
  [2560 2816]]

 [[4864 5120]
  [1280 1536]
  [2816 3072]]

 [[4864 5120]
  [1536 1792]
  [2304 2560]]

 [[4864 5120]
  [1536 1792]
  [2560 2816]]

 [[5120 5376]
  [1024 1280]
  [2304 2560]]

 [[5120 5376]
  [1280 1536]
  [2304 2560]]

 [[5120 5376]
  [1280 1536]
  [2560 2816]]]
SR: [[[2048 2304]
  [2560 2816]
  [2048 2304]]

 [[2048 2304]
  [2816 3072]
  [2048 2304]]

 [[2048 2304]
  [2816 3072]
  [2304 2560]]

 [[2304 2560]
  [2560 2816]
  [2048 2304]]

 [[2304 2560]
  [2816 3072]
  [2048 2304]]

 [[2304 2560]
  [2816 3072]
  [2304 2560]]

 [[2560 2816]
  [2304 2560]
  [1792 2048]]

 [[2560 2816]
  [2560 2816]
  [2048 2304]]

 [[2560 2816]
  [2816 3072]
  [2048 2304]]

 [[2560 2816]
  [2816 3072]
  [2304 2560]]

 [[2816 3072]
  [2304 2560]
  [1792 2048]]

 [[2816 3072]
  [2304 2560]
  [2048 2304]]

 [[2816 3072]
  [2560 2816]
  [1792 2048]]

 [[2816 3072]
  [2560 2816]
  [2048 2304]]

 [[2816 3072]
  [2816 3072]
  [2048 2304]]

 [[2816 3072]
  [2816 3072]
  [2304 2560]]

 [[3072 3328]
  [2304 2560]
  [1792 2048]]

 [[3072 3328]
  [2304 2560]
  [2048 2304]]

 [[3072 3328]
  [2560 2816]
  [1792 2048]]

 [[3072 3328]
  [2560 2816]
  [2048 2304]]

 [[3072 3328]
  [2560 2816]
  [2304 2560]]

 [[3072 3328]
  [2816 3072]
  [2048 2304]]

 [[3072 3328]
  [2816 3072]
  [2304 2560]]

 [[3328 3584]
  [2304 2560]
  [1792 2048]]

 [[3328 3584]
  [2304 2560]
  [2048 2304]]

 [[3328 3584]
  [2304 2560]
  [2304 2560]]

 [[3328 3584]
  [2560 2816]
  [1792 2048]]

 [[3328 3584]
  [2816 3072]
  [1792 2048]]

 [[3328 3584]
  [2560 2816]
  [2048 2304]]

 [[3328 3584]
  [2560 2816]
  [2304 2560]]

 [[3328 3584]
  [2816 3072]
  [2048 2304]]

 [[3328 3584]
  [2816 3072]
  [2304 2560]]

 [[3328 3584]
  [3072 3328]
  [2048 2304]]

 [[3584 3840]
  [2048 2304]
  [2048 2304]]

 [[3584 3840]
  [2304 2560]
  [2048 2304]]

 [[3584 3840]
  [2304 2560]
  [2304 2560]]

 [[3584 3840]
  [2560 2816]
  [1792 2048]]

 [[3584 3840]
  [2816 3072]
  [1792 2048]]

 [[3584 3840]
  [2560 2816]
  [2048 2304]]

 [[3584 3840]
  [2560 2816]
  [2304 2560]]

 [[3584 3840]
  [2816 3072]
  [2048 2304]]

 [[3584 3840]
  [2816 3072]
  [2304 2560]]

 [[3584 3840]
  [3072 3328]
  [2048 2304]]

 [[3584 3840]
  [3072 3328]
  [2304 2560]]

 [[3840 4096]
  [2048 2304]
  [2304 2560]]

 [[3840 4096]
  [2304 2560]
  [2048 2304]]

 [[3840 4096]
  [2304 2560]
  [2304 2560]]

 [[3840 4096]
  [2816 3072]
  [1792 2048]]

 [[3840 4096]
  [2560 2816]
  [2048 2304]]

 [[3840 4096]
  [2560 2816]
  [2304 2560]]

 [[3840 4096]
  [2816 3072]
  [2048 2304]]

 [[3840 4096]
  [2816 3072]
  [2304 2560]]

 [[3840 4096]
  [3072 3328]
  [1792 2048]]

 [[3840 4096]
  [3072 3328]
  [2048 2304]]

 [[3840 4096]
  [3072 3328]
  [2304 2560]]

 [[3840 4096]
  [3328 3584]
  [2304 2560]]

 [[4096 4352]
  [1536 1792]
  [2304 2560]]

 [[4096 4352]
  [1792 2048]
  [2304 2560]]

 [[4096 4352]
  [2048 2304]
  [2304 2560]]

 [[4096 4352]
  [2304 2560]
  [2304 2560]]

 [[4096 4352]
  [2816 3072]
  [1792 2048]]

 [[4096 4352]
  [2560 2816]
  [2304 2560]]

 [[4096 4352]
  [2816 3072]
  [2048 2304]]

 [[4096 4352]
  [2816 3072]
  [2304 2560]]

 [[4096 4352]
  [2560 2816]
  [2560 2816]]

 [[4096 4352]
  [3072 3328]
  [1792 2048]]

 [[4096 4352]
  [3072 3328]
  [2048 2304]]

 [[4096 4352]
  [3072 3328]
  [2304 2560]]

 [[4352 4608]
  [ 768 1024]
  [2304 2560]]

 [[4352 4608]
  [1024 1280]
  [2048 2304]]

 [[4352 4608]
  [1024 1280]
  [2304 2560]]

 [[4352 4608]
  [1280 1536]
  [2048 2304]]

 [[4352 4608]
  [1280 1536]
  [2304 2560]]

 [[4352 4608]
  [1024 1280]
  [2560 2816]]

 [[4352 4608]
  [1280 1536]
  [2560 2816]]

 [[4352 4608]
  [1536 1792]
  [2048 2304]]

 [[4352 4608]
  [1536 1792]
  [2304 2560]]

 [[4352 4608]
  [1792 2048]
  [2304 2560]]

 [[4352 4608]
  [1536 1792]
  [2560 2816]]

 [[4352 4608]
  [1792 2048]
  [2560 2816]]

 [[4352 4608]
  [2048 2304]
  [2304 2560]]

 [[4352 4608]
  [2304 2560]
  [2304 2560]]

 [[4352 4608]
  [2048 2304]
  [2560 2816]]

 [[4352 4608]
  [2304 2560]
  [2560 2816]]

 [[4352 4608]
  [2560 2816]
  [2304 2560]]

 [[4352 4608]
  [2816 3072]
  [2048 2304]]

 [[4352 4608]
  [2816 3072]
  [2304 2560]]

 [[4352 4608]
  [2560 2816]
  [2560 2816]]

 [[4352 4608]
  [3072 3328]
  [1792 2048]]

 [[4352 4608]
  [3072 3328]
  [2048 2304]]

 [[4352 4608]
  [3072 3328]
  [2304 2560]]

 [[4608 4864]
  [ 768 1024]
  [2048 2304]]

 [[4608 4864]
  [ 768 1024]
  [2304 2560]]

 [[4608 4864]
  [ 768 1024]
  [2560 2816]]

 [[4608 4864]
  [1024 1280]
  [2048 2304]]

 [[4608 4864]
  [1024 1280]
  [2304 2560]]

 [[4608 4864]
  [1280 1536]
  [2048 2304]]

 [[4608 4864]
  [1280 1536]
  [2304 2560]]

 [[4608 4864]
  [1024 1280]
  [2560 2816]]

 [[4608 4864]
  [1024 1280]
  [2816 3072]]

 [[4608 4864]
  [1280 1536]
  [2560 2816]]

 [[4608 4864]
  [1280 1536]
  [2816 3072]]

 [[4608 4864]
  [1536 1792]
  [2048 2304]]

 [[4608 4864]
  [1536 1792]
  [2304 2560]]

 [[4608 4864]
  [1792 2048]
  [2304 2560]]

 [[4608 4864]
  [1536 1792]
  [2560 2816]]

 [[4608 4864]
  [1792 2048]
  [2560 2816]]

 [[4608 4864]
  [3072 3328]
  [2048 2304]]

 [[4608 4864]
  [3072 3328]
  [2304 2560]]

 [[4864 5120]
  [ 768 1024]
  [2304 2560]]

 [[4864 5120]
  [1024 1280]
  [2048 2304]]

 [[4864 5120]
  [1024 1280]
  [2304 2560]]

 [[4864 5120]
  [1280 1536]
  [2048 2304]]

 [[4864 5120]
  [1280 1536]
  [2304 2560]]

 [[4864 5120]
  [1024 1280]
  [2560 2816]]

 [[4864 5120]
  [1280 1536]
  [2560 2816]]

 [[4864 5120]
  [1280 1536]
  [2816 3072]]

 [[4864 5120]
  [1536 1792]
  [2304 2560]]

 [[4864 5120]
  [1536 1792]
  [2560 2816]]

 [[5120 5376]
  [1024 1280]
  [2304 2560]]

 [[5120 5376]
  [1280 1536]
  [2304 2560]]

 [[5120 5376]
  [1280 1536]
  [2560 2816]]]

All values for metric: patch_idx
HR: [  0   1   2   3   4   5   6   7   8   9  10  11  12  13  14  15  16  17
  18  19  20  21  22  23  24  25  26  27  28  29  30  31  32  33  34  35
  36  37  38  39  40  41  42  43  44  45  46  47  48  49  50  51  52  53
  54  55  56  57  58  59  60  61  62  63  64  65  66  67  68  69  70  71
  72  73  74  75  76  77  78  79  80  81  82  83  84  85  86  87  88  89
  90  91  92  93  94  95  96  97  98  99 100 101 102 103 104 105 106 107
 108 109 110 111 112 113 114 115 116 117 118 119 120 121]
LR: [  0   1   2   3   4   5   6   7   8   9  10  11  12  13  14  15  16  17
  18  19  20  21  22  23  24  25  26  27  28  29  30  31  32  33  34  35
  36  37  38  39  40  41  42  43  44  45  46  47  48  49  50  51  52  53
  54  55  56  57  58  59  60  61  62  63  64  65  66  67  68  69  70  71
  72  73  74  75  76  77  78  79  80  81  82  83  84  85  86  87  88  89
  90  91  92  93  94  95  96  97  98  99 100 101 102 103 104 105 106 107
 108 109 110 111 112 113 114 115 116 117 118 119 120 121]
SR: [  0   1   2   3   4   5   6   7   8   9  10  11  12  13  14  15  16  17
  18  19  20  21  22  23  24  25  26  27  28  29  30  31  32  33  34  35
  36  37  38  39  40  41  42  43  44  45  46  47  48  49  50  51  52  53
  54  55  56  57  58  59  60  61  62  63  64  65  66  67  68  69  70  71
  72  73  74  75  76  77  78  79  80  81  82  83  84  85  86  87  88  89
  90  91  92  93  94  95  96  97  98  99 100 101 102 103 104 105 106 107
 108 109 110 111 112 113 114 115 116 117 118 119 120 121]
