ds factor = 8, patch sixe = 256
Method: DDPS
Found 1 groups:
  - 2019_L
Dice LR-HR: 0.5988, SR-HR: 0.5647
Jaccard LR-HR: 0.4273, SR-HR: 0.3934
Dice LR-HR: 0.1040, SR-HR: 0.3508
Jaccard LR-HR: 0.0548, SR-HR: 0.2127
Dice LR-HR: 0.4844, SR-HR: 0.4847
Jaccard LR-HR: 0.3196, SR-HR: 0.3199
Dice LR-HR: 0.5392, SR-HR: 0.5087
Jaccard LR-HR: 0.3691, SR-HR: 0.3411
Dice LR-HR: 0.0000, SR-HR: 0.2321
Jaccard LR-HR: 0.0000, SR-HR: 0.1313
Dice LR-HR: 0.4645, SR-HR: 0.4377
Jaccard LR-HR: 0.3025, SR-HR: 0.2802
Dice LR-HR: 0.5812, SR-HR: 0.5552
Jaccard LR-HR: 0.4096, SR-HR: 0.3843
Dice LR-HR: 0.0000, SR-HR: 0.1022
Jaccard LR-HR: 0.0000, SR-HR: 0.0538
Dice LR-HR: 0.4378, SR-HR: 0.4321
Jaccard LR-HR: 0.2803, SR-HR: 0.2756
Dice LR-HR: 0.5737, SR-HR: 0.5457
Jaccard LR-HR: 0.4023, SR-HR: 0.3752
Dice LR-HR: 0.0000, SR-HR: 0.1944
Jaccard LR-HR: 0.0000, SR-HR: 0.1077
Dice LR-HR: 0.4756, SR-HR: 0.4815
Jaccard LR-HR: 0.3120, SR-HR: 0.3171
Dice LR-HR: 0.5397, SR-HR: 0.5139
Jaccard LR-HR: 0.3695, SR-HR: 0.3458
Dice LR-HR: 0.1282, SR-HR: 0.1344
Jaccard LR-HR: 0.0685, SR-HR: 0.0721
Dice LR-HR: 0.4960, SR-HR: 0.5052
Jaccard LR-HR: 0.3298, SR-HR: 0.3379
Dice LR-HR: 0.5408, SR-HR: 0.5112
Jaccard LR-HR: 0.3706, SR-HR: 0.3434
Dice LR-HR: 0.0926, SR-HR: 0.1716
Jaccard LR-HR: 0.0486, SR-HR: 0.0938
Dice LR-HR: 0.4740, SR-HR: 0.4601
Jaccard LR-HR: 0.3106, SR-HR: 0.2988
Dice LR-HR: 0.5602, SR-HR: 0.5403
Jaccard LR-HR: 0.3891, SR-HR: 0.3701
Dice LR-HR: 0.1548, SR-HR: 0.2720
Jaccard LR-HR: 0.0839, SR-HR: 0.1574
Dice LR-HR: 0.5333, SR-HR: 0.4748
Jaccard LR-HR: 0.3636, SR-HR: 0.3113
Dice LR-HR: 0.5245, SR-HR: 0.5058
Jaccard LR-HR: 0.3555, SR-HR: 0.3385
Dice LR-HR: 0.1135, SR-HR: 0.2866
Jaccard LR-HR: 0.0602, SR-HR: 0.1673
Dice LR-HR: 0.5110, SR-HR: 0.4794
Jaccard LR-HR: 0.3432, SR-HR: 0.3153
Total patches included: 24

--- Summary ---
Dice LR-HR: 0.3720 ± 0.2165
Dice SR-HR: 0.4060 ± 0.1438
Jaccard LR-HR: 0.2488 ± 0.1528
Jaccard SR-HR: 0.2643 ± 0.1066
