Original volume shape: (708, 4608, 4608), chunks: (128, 512, 512)
cuda
Found 1 groups:
  - 2019_L
Starting inference over full volume...
16 patches processed
32 patches processed
48 patches processed
64 patches processed
80 patches processed
96 patches processed
112 patches processed
128 patches processed
144 patches processed
160 patches processed
176 patches processed
192 patches processed
208 patches processed
224 patches processed
240 patches processed
256 patches processed
272 patches processed
288 patches processed
304 patches processed
320 patches processed
336 patches processed
352 patches processed
368 patches processed
384 patches processed
400 patches processed
412 patches processed
428 patches processed
444 patches processed
460 patches processed
476 patches processed
492 patches processed
508 patches processed
524 patches processed
531 patches processed

Super-resolved volume saved at: 2019_L/sr_volume_256_4/part_3

Total patches super-resolved and written: 531
