Training Configuration:
{'cfg_dropout_prob': 0.1,
 'ds_factor': 8,
 'eval_batch_size': 4,
 'gradient_accumulation_steps': 1,
 'image_size': 256,
 'learning_rate': 0.0001,
 'lr_warmup_steps': 500,
 'mixed_precision': 'fp16',
 'num_epochs': 150,
 'output_dir': 'samples/supertrab-diffusion-sr-2d-v5',
 'save_image_epochs': 10,
 'seed': 0,
 'train_batch_size': 4}
Continuing training from checkpoint, epoch 100. New total epochs: 150
Found 4 groups:
  - 1955_L
  - 1956_L
  - 1996_R
  - 2005_L
Found 1 groups:
  - 2007_L
Found 1 groups:
  - 2019_L
Starting Epoch 100...
Setting up [LPIPS] perceptual loss: trunk [vgg], v[0.1], spatial [off]
Loading model from: /usr/terminus/data-xrm-01/stamplab/users/mwahlin/mamba/envs/ML_env/lib/python3.10/site-packages/lpips/weights/v0.1/vgg.pth
Starting Epoch 101...
Setting up [LPIPS] perceptual loss: trunk [vgg], v[0.1], spatial [off]
Loading model from: /usr/terminus/data-xrm-01/stamplab/users/mwahlin/mamba/envs/ML_env/lib/python3.10/site-packages/lpips/weights/v0.1/vgg.pth
Starting Epoch 102...
Setting up [LPIPS] perceptual loss: trunk [vgg], v[0.1], spatial [off]
Loading model from: /usr/terminus/data-xrm-01/stamplab/users/mwahlin/mamba/envs/ML_env/lib/python3.10/site-packages/lpips/weights/v0.1/vgg.pth
Starting Epoch 103...
Setting up [LPIPS] perceptual loss: trunk [vgg], v[0.1], spatial [off]
Loading model from: /usr/terminus/data-xrm-01/stamplab/users/mwahlin/mamba/envs/ML_env/lib/python3.10/site-packages/lpips/weights/v0.1/vgg.pth
Starting Epoch 104...
Setting up [LPIPS] perceptual loss: trunk [vgg], v[0.1], spatial [off]
Loading model from: /usr/terminus/data-xrm-01/stamplab/users/mwahlin/mamba/envs/ML_env/lib/python3.10/site-packages/lpips/weights/v0.1/vgg.pth
Starting Epoch 105...
Setting up [LPIPS] perceptual loss: trunk [vgg], v[0.1], spatial [off]
Loading model from: /usr/terminus/data-xrm-01/stamplab/users/mwahlin/mamba/envs/ML_env/lib/python3.10/site-packages/lpips/weights/v0.1/vgg.pth
Starting Epoch 106...
Setting up [LPIPS] perceptual loss: trunk [vgg], v[0.1], spatial [off]
Loading model from: /usr/terminus/data-xrm-01/stamplab/users/mwahlin/mamba/envs/ML_env/lib/python3.10/site-packages/lpips/weights/v0.1/vgg.pth
Starting Epoch 107...
Setting up [LPIPS] perceptual loss: trunk [vgg], v[0.1], spatial [off]
Loading model from: /usr/terminus/data-xrm-01/stamplab/users/mwahlin/mamba/envs/ML_env/lib/python3.10/site-packages/lpips/weights/v0.1/vgg.pth
Starting Epoch 108...
Setting up [LPIPS] perceptual loss: trunk [vgg], v[0.1], spatial [off]
Loading model from: /usr/terminus/data-xrm-01/stamplab/users/mwahlin/mamba/envs/ML_env/lib/python3.10/site-packages/lpips/weights/v0.1/vgg.pth
Starting Epoch 109...
Setting up [LPIPS] perceptual loss: trunk [vgg], v[0.1], spatial [off]
Loading model from: /usr/terminus/data-xrm-01/stamplab/users/mwahlin/mamba/envs/ML_env/lib/python3.10/site-packages/lpips/weights/v0.1/vgg.pth
Starting Epoch 110...
Setting up [LPIPS] perceptual loss: trunk [vgg], v[0.1], spatial [off]
Loading model from: /usr/terminus/data-xrm-01/stamplab/users/mwahlin/mamba/envs/ML_env/lib/python3.10/site-packages/lpips/weights/v0.1/vgg.pth
Starting Epoch 111...
Setting up [LPIPS] perceptual loss: trunk [vgg], v[0.1], spatial [off]
Loading model from: /usr/terminus/data-xrm-01/stamplab/users/mwahlin/mamba/envs/ML_env/lib/python3.10/site-packages/lpips/weights/v0.1/vgg.pth
Starting Epoch 112...
Setting up [LPIPS] perceptual loss: trunk [vgg], v[0.1], spatial [off]
Loading model from: /usr/terminus/data-xrm-01/stamplab/users/mwahlin/mamba/envs/ML_env/lib/python3.10/site-packages/lpips/weights/v0.1/vgg.pth
Starting Epoch 113...
Setting up [LPIPS] perceptual loss: trunk [vgg], v[0.1], spatial [off]
Loading model from: /usr/terminus/data-xrm-01/stamplab/users/mwahlin/mamba/envs/ML_env/lib/python3.10/site-packages/lpips/weights/v0.1/vgg.pth
Starting Epoch 114...
Setting up [LPIPS] perceptual loss: trunk [vgg], v[0.1], spatial [off]
Loading model from: /usr/terminus/data-xrm-01/stamplab/users/mwahlin/mamba/envs/ML_env/lib/python3.10/site-packages/lpips/weights/v0.1/vgg.pth
Starting Epoch 115...
Setting up [LPIPS] perceptual loss: trunk [vgg], v[0.1], spatial [off]
Loading model from: /usr/terminus/data-xrm-01/stamplab/users/mwahlin/mamba/envs/ML_env/lib/python3.10/site-packages/lpips/weights/v0.1/vgg.pth
Starting Epoch 116...
Setting up [LPIPS] perceptual loss: trunk [vgg], v[0.1], spatial [off]
Loading model from: /usr/terminus/data-xrm-01/stamplab/users/mwahlin/mamba/envs/ML_env/lib/python3.10/site-packages/lpips/weights/v0.1/vgg.pth
Starting Epoch 117...
Setting up [LPIPS] perceptual loss: trunk [vgg], v[0.1], spatial [off]
Loading model from: /usr/terminus/data-xrm-01/stamplab/users/mwahlin/mamba/envs/ML_env/lib/python3.10/site-packages/lpips/weights/v0.1/vgg.pth
Starting Epoch 118...
Setting up [LPIPS] perceptual loss: trunk [vgg], v[0.1], spatial [off]
Loading model from: /usr/terminus/data-xrm-01/stamplab/users/mwahlin/mamba/envs/ML_env/lib/python3.10/site-packages/lpips/weights/v0.1/vgg.pth
Starting Epoch 119...
Setting up [LPIPS] perceptual loss: trunk [vgg], v[0.1], spatial [off]
Loading model from: /usr/terminus/data-xrm-01/stamplab/users/mwahlin/mamba/envs/ML_env/lib/python3.10/site-packages/lpips/weights/v0.1/vgg.pth
Starting Epoch 120...
Setting up [LPIPS] perceptual loss: trunk [vgg], v[0.1], spatial [off]
Loading model from: /usr/terminus/data-xrm-01/stamplab/users/mwahlin/mamba/envs/ML_env/lib/python3.10/site-packages/lpips/weights/v0.1/vgg.pth
Starting Epoch 121...
Setting up [LPIPS] perceptual loss: trunk [vgg], v[0.1], spatial [off]
Loading model from: /usr/terminus/data-xrm-01/stamplab/users/mwahlin/mamba/envs/ML_env/lib/python3.10/site-packages/lpips/weights/v0.1/vgg.pth
Starting Epoch 122...
Setting up [LPIPS] perceptual loss: trunk [vgg], v[0.1], spatial [off]
Loading model from: /usr/terminus/data-xrm-01/stamplab/users/mwahlin/mamba/envs/ML_env/lib/python3.10/site-packages/lpips/weights/v0.1/vgg.pth
Starting Epoch 123...
Setting up [LPIPS] perceptual loss: trunk [vgg], v[0.1], spatial [off]
Loading model from: /usr/terminus/data-xrm-01/stamplab/users/mwahlin/mamba/envs/ML_env/lib/python3.10/site-packages/lpips/weights/v0.1/vgg.pth
Starting Epoch 124...
Setting up [LPIPS] perceptual loss: trunk [vgg], v[0.1], spatial [off]
Loading model from: /usr/terminus/data-xrm-01/stamplab/users/mwahlin/mamba/envs/ML_env/lib/python3.10/site-packages/lpips/weights/v0.1/vgg.pth
Starting Epoch 125...
Setting up [LPIPS] perceptual loss: trunk [vgg], v[0.1], spatial [off]
Loading model from: /usr/terminus/data-xrm-01/stamplab/users/mwahlin/mamba/envs/ML_env/lib/python3.10/site-packages/lpips/weights/v0.1/vgg.pth
Starting Epoch 126...
Setting up [LPIPS] perceptual loss: trunk [vgg], v[0.1], spatial [off]
Loading model from: /usr/terminus/data-xrm-01/stamplab/users/mwahlin/mamba/envs/ML_env/lib/python3.10/site-packages/lpips/weights/v0.1/vgg.pth
Starting Epoch 127...
Setting up [LPIPS] perceptual loss: trunk [vgg], v[0.1], spatial [off]
Loading model from: /usr/terminus/data-xrm-01/stamplab/users/mwahlin/mamba/envs/ML_env/lib/python3.10/site-packages/lpips/weights/v0.1/vgg.pth
Starting Epoch 128...
Setting up [LPIPS] perceptual loss: trunk [vgg], v[0.1], spatial [off]
Loading model from: /usr/terminus/data-xrm-01/stamplab/users/mwahlin/mamba/envs/ML_env/lib/python3.10/site-packages/lpips/weights/v0.1/vgg.pth
Starting Epoch 129...
Setting up [LPIPS] perceptual loss: trunk [vgg], v[0.1], spatial [off]
Loading model from: /usr/terminus/data-xrm-01/stamplab/users/mwahlin/mamba/envs/ML_env/lib/python3.10/site-packages/lpips/weights/v0.1/vgg.pth
Starting Epoch 130...
Setting up [LPIPS] perceptual loss: trunk [vgg], v[0.1], spatial [off]
Loading model from: /usr/terminus/data-xrm-01/stamplab/users/mwahlin/mamba/envs/ML_env/lib/python3.10/site-packages/lpips/weights/v0.1/vgg.pth
Starting Epoch 131...
Setting up [LPIPS] perceptual loss: trunk [vgg], v[0.1], spatial [off]
Loading model from: /usr/terminus/data-xrm-01/stamplab/users/mwahlin/mamba/envs/ML_env/lib/python3.10/site-packages/lpips/weights/v0.1/vgg.pth
Starting Epoch 132...
Setting up [LPIPS] perceptual loss: trunk [vgg], v[0.1], spatial [off]
Loading model from: /usr/terminus/data-xrm-01/stamplab/users/mwahlin/mamba/envs/ML_env/lib/python3.10/site-packages/lpips/weights/v0.1/vgg.pth
Starting Epoch 133...
Setting up [LPIPS] perceptual loss: trunk [vgg], v[0.1], spatial [off]
Loading model from: /usr/terminus/data-xrm-01/stamplab/users/mwahlin/mamba/envs/ML_env/lib/python3.10/site-packages/lpips/weights/v0.1/vgg.pth
Starting Epoch 134...
Setting up [LPIPS] perceptual loss: trunk [vgg], v[0.1], spatial [off]
Loading model from: /usr/terminus/data-xrm-01/stamplab/users/mwahlin/mamba/envs/ML_env/lib/python3.10/site-packages/lpips/weights/v0.1/vgg.pth
Starting Epoch 135...
Setting up [LPIPS] perceptual loss: trunk [vgg], v[0.1], spatial [off]
Loading model from: /usr/terminus/data-xrm-01/stamplab/users/mwahlin/mamba/envs/ML_env/lib/python3.10/site-packages/lpips/weights/v0.1/vgg.pth
Starting Epoch 136...
Setting up [LPIPS] perceptual loss: trunk [vgg], v[0.1], spatial [off]
Loading model from: /usr/terminus/data-xrm-01/stamplab/users/mwahlin/mamba/envs/ML_env/lib/python3.10/site-packages/lpips/weights/v0.1/vgg.pth
Starting Epoch 137...
Setting up [LPIPS] perceptual loss: trunk [vgg], v[0.1], spatial [off]
Loading model from: /usr/terminus/data-xrm-01/stamplab/users/mwahlin/mamba/envs/ML_env/lib/python3.10/site-packages/lpips/weights/v0.1/vgg.pth
Starting Epoch 138...
Setting up [LPIPS] perceptual loss: trunk [vgg], v[0.1], spatial [off]
Loading model from: /usr/terminus/data-xrm-01/stamplab/users/mwahlin/mamba/envs/ML_env/lib/python3.10/site-packages/lpips/weights/v0.1/vgg.pth
Starting Epoch 139...
Setting up [LPIPS] perceptual loss: trunk [vgg], v[0.1], spatial [off]
Loading model from: /usr/terminus/data-xrm-01/stamplab/users/mwahlin/mamba/envs/ML_env/lib/python3.10/site-packages/lpips/weights/v0.1/vgg.pth
Starting Epoch 140...
Setting up [LPIPS] perceptual loss: trunk [vgg], v[0.1], spatial [off]
Loading model from: /usr/terminus/data-xrm-01/stamplab/users/mwahlin/mamba/envs/ML_env/lib/python3.10/site-packages/lpips/weights/v0.1/vgg.pth
Starting Epoch 141...
Setting up [LPIPS] perceptual loss: trunk [vgg], v[0.1], spatial [off]
Loading model from: /usr/terminus/data-xrm-01/stamplab/users/mwahlin/mamba/envs/ML_env/lib/python3.10/site-packages/lpips/weights/v0.1/vgg.pth
Starting Epoch 142...
Setting up [LPIPS] perceptual loss: trunk [vgg], v[0.1], spatial [off]
Loading model from: /usr/terminus/data-xrm-01/stamplab/users/mwahlin/mamba/envs/ML_env/lib/python3.10/site-packages/lpips/weights/v0.1/vgg.pth
Starting Epoch 143...
Setting up [LPIPS] perceptual loss: trunk [vgg], v[0.1], spatial [off]
Loading model from: /usr/terminus/data-xrm-01/stamplab/users/mwahlin/mamba/envs/ML_env/lib/python3.10/site-packages/lpips/weights/v0.1/vgg.pth
Starting Epoch 144...
Setting up [LPIPS] perceptual loss: trunk [vgg], v[0.1], spatial [off]
Loading model from: /usr/terminus/data-xrm-01/stamplab/users/mwahlin/mamba/envs/ML_env/lib/python3.10/site-packages/lpips/weights/v0.1/vgg.pth
Starting Epoch 145...
Setting up [LPIPS] perceptual loss: trunk [vgg], v[0.1], spatial [off]
Loading model from: /usr/terminus/data-xrm-01/stamplab/users/mwahlin/mamba/envs/ML_env/lib/python3.10/site-packages/lpips/weights/v0.1/vgg.pth
Starting Epoch 146...
Setting up [LPIPS] perceptual loss: trunk [vgg], v[0.1], spatial [off]
Loading model from: /usr/terminus/data-xrm-01/stamplab/users/mwahlin/mamba/envs/ML_env/lib/python3.10/site-packages/lpips/weights/v0.1/vgg.pth
Starting Epoch 147...
Setting up [LPIPS] perceptual loss: trunk [vgg], v[0.1], spatial [off]
Loading model from: /usr/terminus/data-xrm-01/stamplab/users/mwahlin/mamba/envs/ML_env/lib/python3.10/site-packages/lpips/weights/v0.1/vgg.pth
Starting Epoch 148...
Setting up [LPIPS] perceptual loss: trunk [vgg], v[0.1], spatial [off]
Loading model from: /usr/terminus/data-xrm-01/stamplab/users/mwahlin/mamba/envs/ML_env/lib/python3.10/site-packages/lpips/weights/v0.1/vgg.pth
Starting Epoch 149...
Setting up [LPIPS] perceptual loss: trunk [vgg], v[0.1], spatial [off]
Loading model from: /usr/terminus/data-xrm-01/stamplab/users/mwahlin/mamba/envs/ML_env/lib/python3.10/site-packages/lpips/weights/v0.1/vgg.pth
Setting up [LPIPS] perceptual loss: trunk [vgg], v[0.1], spatial [off]
Loading model from: /usr/terminus/data-xrm-01/stamplab/users/mwahlin/mamba/envs/ML_env/lib/python3.10/site-packages/lpips/weights/v0.1/vgg.pth
[1;34mwandb[0m: 
[1;34mwandb[0m: 🚀 View run [33msupertrab_ddpm_256px_ds8_150ep[0m at: [34mhttps://wandb.ai/mwahlin-eth-z-rich/supertrab/runs/pww5l40z[0m
[1;34mwandb[0m: Find logs at: [1;35m../../../../../../tmp/wandb/run-20250723_154440-pww5l40z/logs[0m
